X=[-3 -1  1  3], N=200, M=4, Sigma=0.75
start=-8, end=8
max_iter=10, stop_thres=0.0001
mode=3

iter 0
    given input distribution [0.37089202 0.10328638 0.16901408 0.35680751]
    optimal quantizer [-8.   -1.76 -0.08  1.92  8.  ]
    optimal input distribution [0.31945314 0.1712502  0.20291182 0.30638484]
    optimal I(X;Z) 1.367317218166309
    took 71.4651s
iter 1
    given input distribution [0.31945314 0.1712502  0.20291182 0.30638484]
    optimal quantizer [-8.   -1.92  0.    1.92  8.  ]
    optimal input distribution [0.30850004 0.19149996 0.19149996 0.30850004]
    optimal I(X;Z) 1.3714737942799402
    took 69.8526s
iter 2
    given input distribution [0.30850004 0.19149996 0.19149996 0.30850004]
    optimal quantizer [-8.   -1.92  0.    1.92  8.  ]
    optimal input distribution [0.30850004 0.19149996 0.19149996 0.30850004]
    optimal I(X;Z) 1.3714737942799402
    took 71.0239s
stopping criterion met