X=[-3 -1  1  3], N=200, M=4, Sigma=0.75
start=-8, end=8
max_iter=10, stop_thres=0.0001
mode=3

iter 0
    given input distribution [0.35135135 0.14594595 0.14054054 0.36216216]
    optimal quantizer [-8.   -1.84  0.    1.84  8.  ]
    optimal input distribution [0.31252885 0.18747115 0.18747115 0.31252885]
    optimal I(X;Z) 1.3698688844433295
    took 69.6504s
iter 1
    given input distribution [0.31252885 0.18747115 0.18747115 0.31252885]
    optimal quantizer [-8.   -1.92  0.    1.92  8.  ]
    optimal input distribution [0.30850004 0.19149996 0.19149996 0.30850004]
    optimal I(X;Z) 1.3714737942799402
    took 70.7498s
iter 2
    given input distribution [0.30850004 0.19149996 0.19149996 0.30850004]
    optimal quantizer [-8.   -1.92  0.    1.92  8.  ]
    optimal input distribution [0.30850004 0.19149996 0.19149996 0.30850004]
    optimal I(X;Z) 1.3714737942799402
    took 70.5870s
stopping criterion met