X=[-3 -1  1  3], N=200, M=4, Sigma=0.75
start=-8, end=8
max_iter=10, stop_thres=0.0001
mode=3

iter 0
    given input distribution [0.04761905 0.64285714 0.30952381 0.        ]
    optimal quantizer [-8.   -2.32  0.08  7.28  8.  ]
    optimal input distribution [3.25210144e-01 2.49084184e-01 1.34030362e-08 4.25705656e-01]
    optimal I(X;Z) 1.1694667170447821
    took 70.8847s
iter 1
    given input distribution [3.25210144e-01 2.49084184e-01 1.34030362e-08 4.25705656e-01]
    optimal quantizer [-8.   -2.32 -1.6   0.96  8.  ]
    optimal input distribution [3.11809547e-01 2.96841899e-01 6.95703545e-10 3.91348553e-01]
    optimal I(X;Z) 1.3238510597680908
    took 70.5847s
iter 2
    given input distribution [3.11809547e-01 2.96841899e-01 6.95703545e-10 3.91348553e-01]
    optimal quantizer [-8.   -2.4  -1.6   0.96  8.  ]
    optimal input distribution [3.10782759e-01 2.97923890e-01 7.73232919e-10 3.91293349e-01]
    optimal I(X;Z) 1.3240196390073855
    took 70.5805s
iter 3
    given input distribution [3.10782759e-01 2.97923890e-01 7.73232919e-10 3.91293349e-01]
    optimal quantizer [-8.   -2.4  -1.6   0.96  8.  ]
    optimal input distribution [3.10782759e-01 2.97923890e-01 7.73232919e-10 3.91293349e-01]
    optimal I(X;Z) 1.3240196390073855
    took 71.1138s
stopping criterion met