X=[-3 -1  1  3], N=200, M=4, Sigma=0.75
start=-8, end=8
max_iter=10, stop_thres=0.0001
mode=3

iter 0
    given input distribution [0.03703704 0.4382716  0.37654321 0.14814815]
    optimal quantizer [-8.   -2.32  0.    2.08  8.  ]
    optimal input distribution [0.28869959 0.20746195 0.19697833 0.30686013]
    optimal I(X;Z) 1.3411126161104514
    took 69.1687s
iter 1
    given input distribution [0.28869959 0.20746195 0.19697833 0.30686013]
    optimal quantizer [-8.   -1.92  0.    1.92  8.  ]
    optimal input distribution [0.30850004 0.19149996 0.19149996 0.30850004]
    optimal I(X;Z) 1.3714737942799402
    took 69.8919s
iter 2
    given input distribution [0.30850004 0.19149996 0.19149996 0.30850004]
    optimal quantizer [-8.   -1.92  0.    1.92  8.  ]
    optimal input distribution [0.30850004 0.19149996 0.19149996 0.30850004]
    optimal I(X;Z) 1.3714737942799402
    took 71.8834s
stopping criterion met