X=[-3 -1  1  3], N=200, M=4, Sigma=0.75
start=-8, end=8
max_iter=10, stop_thres=0.0001
mode=3

iter 0
    given input distribution [0.4079602  0.30348259 0.09950249 0.18905473]
    optimal quantizer [-8.   -1.92  0.16  1.84  8.  ]
    optimal input distribution [0.30514422 0.20427186 0.17262044 0.31796348]
    optimal I(X;Z) 1.3678137064755664
    took 67.4745s
iter 1
    given input distribution [0.30514422 0.20427186 0.17262044 0.31796348]
    optimal quantizer [-8.   -1.92  0.    1.92  8.  ]
    optimal input distribution [0.30850004 0.19149996 0.19149996 0.30850004]
    optimal I(X;Z) 1.3714737942799402
    took 68.2352s
iter 2
    given input distribution [0.30850004 0.19149996 0.19149996 0.30850004]
    optimal quantizer [-8.   -1.92  0.    1.92  8.  ]
    optimal input distribution [0.30850004 0.19149996 0.19149996 0.30850004]
    optimal I(X;Z) 1.3714737942799402
    took 67.9016s
stopping criterion met