X=[-3 -1  1  3], N=200, M=4, Sigma=0.75
start=-8, end=8
max_iter=10, stop_thres=0.0001
mode=3

iter 0
    given input distribution [0.18367347 0.30612245 0.44897959 0.06122449]
    optimal quantizer [-8.   -2.08 -0.08  2.24  8.  ]
    optimal input distribution [0.30781974 0.18982091 0.21237183 0.28998752]
    optimal I(X;Z) 1.3488567749873608
    took 73.1815s
iter 1
    given input distribution [0.30781974 0.18982091 0.21237183 0.28998752]
    optimal quantizer [-8.   -1.92  0.    1.92  8.  ]
    optimal input distribution [0.30850004 0.19149996 0.19149996 0.30850004]
    optimal I(X;Z) 1.3714737942799402
    took 72.3173s
iter 2
    given input distribution [0.30850004 0.19149996 0.19149996 0.30850004]
    optimal quantizer [-8.   -1.92  0.    1.92  8.  ]
    optimal input distribution [0.30850004 0.19149996 0.19149996 0.30850004]
    optimal I(X;Z) 1.3714737942799402
    took 72.0004s
stopping criterion met