X=[-3 -1  1  3], N=200, M=4, Sigma=0.75
start=-8, end=8
max_iter=10, stop_thres=0.0001
mode=3

iter 0
    given input distribution [0.14574899 0.40080972 0.34412955 0.10931174]
    optimal quantizer [-8.   -2.08  0.    2.16  8.  ]
    optimal input distribution [0.30290245 0.19747122 0.20260485 0.29702148]
    optimal I(X;Z) 1.3571008305360939
    took 69.4277s
iter 1
    given input distribution [0.30290245 0.19747122 0.20260485 0.29702148]
    optimal quantizer [-8.   -1.92  0.    1.92  8.  ]
    optimal input distribution [0.30850004 0.19149996 0.19149996 0.30850004]
    optimal I(X;Z) 1.3714737942799402
    took 68.5432s
iter 2
    given input distribution [0.30850004 0.19149996 0.19149996 0.30850004]
    optimal quantizer [-8.   -1.92  0.    1.92  8.  ]
    optimal input distribution [0.30850004 0.19149996 0.19149996 0.30850004]
    optimal I(X;Z) 1.3714737942799402
    took 68.8597s
stopping criterion met