X=[-3 -1  1  3], N=200, M=4, Sigma=0.75
start=-8, end=8
max_iter=10, stop_thres=0.0001
mode=3

iter 0
    given input distribution [0.07446809 0.37765957 0.42553191 0.12234043]
    optimal quantizer [-8.   -2.16  0.    2.16  8.  ]
    optimal input distribution [0.29850719 0.20149281 0.20149281 0.29850719]
    optimal I(X;Z) 1.3517594646910602
    took 68.0184s
iter 1
    given input distribution [0.29850719 0.20149281 0.20149281 0.29850719]
    optimal quantizer [-8.   -1.92  0.    1.92  8.  ]
    optimal input distribution [0.30850004 0.19149996 0.19149996 0.30850004]
    optimal I(X;Z) 1.3714737942799402
    took 67.6332s
iter 2
    given input distribution [0.30850004 0.19149996 0.19149996 0.30850004]
    optimal quantizer [-8.   -1.92  0.    1.92  8.  ]
    optimal input distribution [0.30850004 0.19149996 0.19149996 0.30850004]
    optimal I(X;Z) 1.3714737942799402
    took 68.4353s
stopping criterion met