X=[-3 -1  1  3], N=200, M=4, Sigma=0.75
start=-8, end=8
max_iter=10, stop_thres=0.0001
mode=3

iter 0
    given input distribution [0.42051282 0.0974359  0.02051282 0.46153846]
    optimal quantizer [-8.   -1.76  0.32  1.6   8.  ]
    optimal input distribution [0.31461773 0.20734489 0.14152893 0.33650845]
    optimal I(X;Z) 1.3434767508154453
    took 68.8488s
iter 1
    given input distribution [0.31461773 0.20734489 0.14152893 0.33650845]
    optimal quantizer [-8.   -1.92  0.08  1.84  8.  ]
    optimal input distribution [0.3063735  0.19957369 0.17888358 0.31516924]
    optimal I(X;Z) 1.3699490178878682
    took 69.0244s
iter 2
    given input distribution [0.3063735  0.19957369 0.17888358 0.31516924]
    optimal quantizer [-8.   -1.92  0.    1.92  8.  ]
    optimal input distribution [0.30850004 0.19149996 0.19149996 0.30850004]
    optimal I(X;Z) 1.3714737942799402
    took 68.8977s
iter 3
    given input distribution [0.30850004 0.19149996 0.19149996 0.30850004]
    optimal quantizer [-8.   -1.92  0.    1.92  8.  ]
    optimal input distribution [0.30850004 0.19149996 0.19149996 0.30850004]
    optimal I(X;Z) 1.3714737942799402
    took 69.1216s
stopping criterion met