X=[-3 -1  1  3], N=200, M=4, Sigma=0.75
start=-8, end=8
max_iter=10, stop_thres=0.0001
mode=3

iter 0
    given input distribution [0.27960526 0.30921053 0.20723684 0.20394737]
    optimal quantizer [-8.   -2.    0.08  2.    8.  ]
    optimal input distribution [0.30275941 0.20092256 0.18895546 0.30736257]
    optimal I(X;Z) 1.3682848465599184
    took 71.7460s
iter 1
    given input distribution [0.30275941 0.20092256 0.18895546 0.30736257]
    optimal quantizer [-8.   -1.92  0.    1.92  8.  ]
    optimal input distribution [0.30850004 0.19149996 0.19149996 0.30850004]
    optimal I(X;Z) 1.3714737942799402
    took 72.6133s
iter 2
    given input distribution [0.30850004 0.19149996 0.19149996 0.30850004]
    optimal quantizer [-8.   -1.92  0.    1.92  8.  ]
    optimal input distribution [0.30850004 0.19149996 0.19149996 0.30850004]
    optimal I(X;Z) 1.3714737942799402
    took 70.7832s
stopping criterion met