X=[-3 -1  1  3], N=200, M=4, Sigma=0.75
start=-8, end=8
max_iter=10, stop_thres=0.0001
mode=3

iter 0
    given input distribution [0.37596899 0.1124031  0.3372093  0.1744186 ]
    optimal quantizer [-8.   -1.76 -0.16  2.08  8.  ]
    optimal input distribution [0.32443122 0.16032034 0.21960427 0.29564417]
    optimal I(X;Z) 1.3606310364923067
    took 67.6127s
iter 1
    given input distribution [0.32443122 0.16032034 0.21960427 0.29564417]
    optimal quantizer [-8.   -1.84 -0.08  1.92  8.  ]
    optimal input distribution [0.31516924 0.17888358 0.19957369 0.3063735 ]
    optimal I(X;Z) 1.3699490178880471
    took 68.2872s
iter 2
    given input distribution [0.31516924 0.17888358 0.19957369 0.3063735 ]
    optimal quantizer [-8.   -1.92  0.    1.92  8.  ]
    optimal input distribution [0.30850004 0.19149996 0.19149996 0.30850004]
    optimal I(X;Z) 1.3714737942799402
    took 67.8231s
iter 3
    given input distribution [0.30850004 0.19149996 0.19149996 0.30850004]
    optimal quantizer [-8.   -1.92  0.    1.92  8.  ]
    optimal input distribution [0.30850004 0.19149996 0.19149996 0.30850004]
    optimal I(X;Z) 1.3714737942799402
    took 67.8128s
stopping criterion met