X=[-3 -1  1  3], N=200, M=4, Sigma=0.75
start=-8, end=8
max_iter=10, stop_thres=0.0001
mode=3

iter 0
    given input distribution [0.31690141 0.26760563 0.08450704 0.33098592]
    optimal quantizer [-8.   -2.    0.16  1.76  8.  ]
    optimal input distribution [0.30047777 0.21400096 0.16240622 0.32311505]
    optimal I(X;Z) 1.3639209269436106
    took 68.2147s
iter 1
    given input distribution [0.30047777 0.21400096 0.16240622 0.32311505]
    optimal quantizer [-8.   -1.92  0.08  1.92  8.  ]
    optimal input distribution [0.30668636 0.19682724 0.18563471 0.31085169]
    optimal I(X;Z) 1.3707796011797861
    took 67.1059s
iter 2
    given input distribution [0.30668636 0.19682724 0.18563471 0.31085169]
    optimal quantizer [-8.   -1.92  0.    1.92  8.  ]
    optimal input distribution [0.30850004 0.19149996 0.19149996 0.30850004]
    optimal I(X;Z) 1.3714737942799402
    took 67.2684s
iter 3
    given input distribution [0.30850004 0.19149996 0.19149996 0.30850004]
    optimal quantizer [-8.   -1.92  0.    1.92  8.  ]
    optimal input distribution [0.30850004 0.19149996 0.19149996 0.30850004]
    optimal I(X;Z) 1.3714737942799402
    took 66.9253s
stopping criterion met