X=[-3 -1  1  3], N=200, M=4, Sigma=0.75
start=-8, end=8
max_iter=10, stop_thres=0.0001
mode=3

iter 0
    given input distribution [0.38271605 0.0781893  0.41152263 0.12757202]
    optimal quantizer [-8.   -1.68 -0.24  2.16  8.  ]
    optimal input distribution [0.33399903 0.14294188 0.23308642 0.28997267]
    optimal I(X;Z) 1.3475336306241203
    took 68.2294s
iter 1
    given input distribution [0.33399903 0.14294188 0.23308642 0.28997267]
    optimal quantizer [-8.   -1.84 -0.08  1.92  8.  ]
    optimal input distribution [0.31516924 0.17888358 0.19957369 0.3063735 ]
    optimal I(X;Z) 1.3699490178880471
    took 68.6199s
iter 2
    given input distribution [0.31516924 0.17888358 0.19957369 0.3063735 ]
    optimal quantizer [-8.   -1.92  0.    1.92  8.  ]
    optimal input distribution [0.30850004 0.19149996 0.19149996 0.30850004]
    optimal I(X;Z) 1.3714737942799402
    took 68.8082s
iter 3
    given input distribution [0.30850004 0.19149996 0.19149996 0.30850004]
    optimal quantizer [-8.   -1.92  0.    1.92  8.  ]
    optimal input distribution [0.30850004 0.19149996 0.19149996 0.30850004]
    optimal I(X;Z) 1.3714737942799402
    took 67.2268s
stopping criterion met