X=[-3 -1  1  3], N=200, M=4, Sigma=0.75
start=-8, end=8
max_iter=10, stop_thres=0.0001
mode=3

iter 0
    given input distribution [0.43171806 0.40969163 0.07929515 0.07929515]
    optimal quantizer [-8.   -2.    0.16  1.92  8.  ]
    optimal input distribution [0.30068634 0.20810741 0.17652322 0.31468303]
    optimal I(X;Z) 1.3672711751208384
    took 70.5357s
iter 1
    given input distribution [0.30068634 0.20810741 0.17652322 0.31468303]
    optimal quantizer [-8.   -1.92  0.    1.92  8.  ]
    optimal input distribution [0.30850004 0.19149996 0.19149996 0.30850004]
    optimal I(X;Z) 1.3714737942799402
    took 70.6714s
iter 2
    given input distribution [0.30850004 0.19149996 0.19149996 0.30850004]
    optimal quantizer [-8.   -1.92  0.    1.92  8.  ]
    optimal input distribution [0.30850004 0.19149996 0.19149996 0.30850004]
    optimal I(X;Z) 1.3714737942799402
    took 70.7927s
stopping criterion met