X=[-3 -1  1  3], N=200, M=4, Sigma=0.75
start=-8, end=8
max_iter=10, stop_thres=0.0001
mode=3

iter 0
    given input distribution [0.29281768 0.37569061 0.08839779 0.24309392]
    optimal quantizer [-8.   -2.    0.24  1.84  8.  ]
    optimal input distribution [0.29957309 0.21525323 0.16284446 0.32232921]
    optimal I(X;Z) 1.362930727703322
    took 71.5818s
iter 1
    given input distribution [0.29957309 0.21525323 0.16284446 0.32232921]
    optimal quantizer [-8.   -1.92  0.08  1.92  8.  ]
    optimal input distribution [0.30668636 0.19682724 0.18563471 0.31085169]
    optimal I(X;Z) 1.3707796011797861
    took 71.1693s
iter 2
    given input distribution [0.30668636 0.19682724 0.18563471 0.31085169]
    optimal quantizer [-8.   -1.92  0.    1.92  8.  ]
    optimal input distribution [0.30850004 0.19149996 0.19149996 0.30850004]
    optimal I(X;Z) 1.3714737942799402
    took 70.9850s
iter 3
    given input distribution [0.30850004 0.19149996 0.19149996 0.30850004]
    optimal quantizer [-8.   -1.92  0.    1.92  8.  ]
    optimal input distribution [0.30850004 0.19149996 0.19149996 0.30850004]
    optimal I(X;Z) 1.3714737942799402
    took 71.2896s
stopping criterion met