X=[-3 -1  1  3], N=200, M=4, Sigma=0.75
start=-8, end=8
max_iter=10, stop_thres=0.0001
mode=3

iter 0
    given input distribution [0.0130719  0.33986928 0.21568627 0.43137255]
    optimal quantizer [-8.   -0.08  1.2   2.16  8.  ]
    optimal input distribution [4.10258846e-01 1.05911100e-09 2.39433638e-01 3.50307515e-01]
    optimal I(X;Z) 1.2229928640615635
    took 72.9365s
iter 1
    given input distribution [4.10258846e-01 1.05911100e-09 2.39433638e-01 3.50307515e-01]
    optimal quantizer [-8.   -0.96  1.52  2.32  8.  ]
    optimal input distribution [3.91485644e-01 1.05365622e-10 2.96042603e-01 3.12471753e-01]
    optimal I(X;Z) 1.3236051572982301
    took 73.6267s
iter 2
    given input distribution [3.91485644e-01 1.05365622e-10 2.96042603e-01 3.12471753e-01]
    optimal quantizer [-8.   -0.96  1.6   2.4   8.  ]
    optimal input distribution [3.91293348e-01 7.37677017e-10 2.97923890e-01 3.10782760e-01]
    optimal I(X;Z) 1.3240196390183032
    took 72.8150s
iter 3
    given input distribution [3.91293348e-01 7.37677017e-10 2.97923890e-01 3.10782760e-01]
    optimal quantizer [-8.   -0.96  1.6   2.4   8.  ]
    optimal input distribution [3.91293348e-01 7.37677017e-10 2.97923890e-01 3.10782760e-01]
    optimal I(X;Z) 1.3240196390183032
    took 72.7215s
stopping criterion met