X=[-3 -1  1  3], N=200, M=4, Sigma=0.75
start=-8, end=8
max_iter=10, stop_thres=0.0001
mode=3

iter 0
    given input distribution [0.44600939 0.33802817 0.02347418 0.19248826]
    optimal quantizer [-8.   -2.32 -1.52  1.04  8.  ]
    optimal input distribution [3.12243972e-01 2.97745301e-01 1.52603864e-09 3.90010724e-01]
    optimal I(X;Z) 1.323169265819661
    took 70.6653s
iter 1
    given input distribution [3.12243972e-01 2.97745301e-01 1.52603864e-09 3.90010724e-01]
    optimal quantizer [-8.   -2.4  -1.6   0.96  8.  ]
    optimal input distribution [3.10782759e-01 2.97923890e-01 7.73232919e-10 3.91293349e-01]
    optimal I(X;Z) 1.3240196390073855
    took 70.7868s
iter 2
    given input distribution [3.10782759e-01 2.97923890e-01 7.73232919e-10 3.91293349e-01]
    optimal quantizer [-8.   -2.4  -1.6   0.96  8.  ]
    optimal input distribution [3.10782759e-01 2.97923890e-01 7.73232919e-10 3.91293349e-01]
    optimal I(X;Z) 1.3240196390073855
    took 70.6491s
stopping criterion met