X=[-3 -1  1  3], N=200, M=4, Sigma=0.75
start=-8, end=8
max_iter=10, stop_thres=0.0001
mode=3

iter 0
    given input distribution [0.17142857 0.18571429 0.34761905 0.2952381 ]
    optimal quantizer [-8.   -2.   -0.08  2.    8.  ]
    optimal input distribution [0.30736257 0.18895546 0.20092256 0.30275941]
    optimal I(X;Z) 1.368284846559917
    took 68.3385s
iter 1
    given input distribution [0.30736257 0.18895546 0.20092256 0.30275941]
    optimal quantizer [-8.   -1.92  0.    1.92  8.  ]
    optimal input distribution [0.30850004 0.19149996 0.19149996 0.30850004]
    optimal I(X;Z) 1.3714737942799402
    took 68.2725s
iter 2
    given input distribution [0.30850004 0.19149996 0.19149996 0.30850004]
    optimal quantizer [-8.   -1.92  0.    1.92  8.  ]
    optimal input distribution [0.30850004 0.19149996 0.19149996 0.30850004]
    optimal I(X;Z) 1.3714737942799402
    took 68.6881s
stopping criterion met