X=[-3 -1  1  3], N=200, M=4, Sigma=0.75
start=-8, end=8
max_iter=10, stop_thres=0.0001
mode=3

iter 0
    given input distribution [0.19753086 0.46296296 0.33950617 0.        ]
    optimal quantizer [-8.   -2.08  0.    7.28  8.  ]
    optimal input distribution [3.45879195e-01 2.32239418e-01 1.09227938e-08 4.21881375e-01]
    optimal I(X;Z) 1.1739306140477246
    took 70.2706s
iter 1
    given input distribution [3.45879195e-01 2.32239418e-01 1.09227938e-08 4.21881375e-01]
    optimal quantizer [-8.   -2.32 -1.52  0.96  8.  ]
    optimal input distribution [3.12471753e-01 2.96042603e-01 1.05901400e-10 3.91485644e-01]
    optimal I(X;Z) 1.3236051572978922
    took 70.6834s
iter 2
    given input distribution [3.12471753e-01 2.96042603e-01 1.05901400e-10 3.91485644e-01]
    optimal quantizer [-8.   -2.4  -1.6   0.96  8.  ]
    optimal input distribution [3.10782759e-01 2.97923890e-01 7.73232919e-10 3.91293349e-01]
    optimal I(X;Z) 1.3240196390073855
    took 70.8522s
iter 3
    given input distribution [3.10782759e-01 2.97923890e-01 7.73232919e-10 3.91293349e-01]
    optimal quantizer [-8.   -2.4  -1.6   0.96  8.  ]
    optimal input distribution [3.10782759e-01 2.97923890e-01 7.73232919e-10 3.91293349e-01]
    optimal I(X;Z) 1.3240196390073855
    took 71.2041s
stopping criterion met