X=[-3 -1  1  3], N=200, M=4, Sigma=0.75
start=-8, end=8
max_iter=10, stop_thres=0.0001
mode=3

iter 0
    given input distribution [0.28292683 0.37560976 0.27804878 0.06341463]
    optimal quantizer [-8.   -2.    0.    2.16  8.  ]
    optimal input distribution [0.30735925 0.19242948 0.2043273  0.29588397]
    optimal I(X;Z) 1.360500581257702
    took 69.0535s
iter 1
    given input distribution [0.30735925 0.19242948 0.2043273  0.29588397]
    optimal quantizer [-8.   -1.92  0.    1.92  8.  ]
    optimal input distribution [0.30850004 0.19149996 0.19149996 0.30850004]
    optimal I(X;Z) 1.3714737942799402
    took 69.9528s
iter 2
    given input distribution [0.30850004 0.19149996 0.19149996 0.30850004]
    optimal quantizer [-8.   -1.92  0.    1.92  8.  ]
    optimal input distribution [0.30850004 0.19149996 0.19149996 0.30850004]
    optimal I(X;Z) 1.3714737942799402
    took 70.9436s
stopping criterion met