X=[-3 -1  1  3], N=200, M=4, Sigma=0.75
start=-8, end=8
max_iter=10, stop_thres=0.0001
mode=3

iter 0
    given input distribution [0.14893617 0.04255319 0.41843972 0.39007092]
    optimal quantizer [-8.   -1.68 -0.24  2.    8.  ]
    optimal input distribution [0.33072208 0.14701589 0.22223292 0.3000291 ]
    optimal I(X;Z) 1.356245248738503
    took 68.8777s
iter 1
    given input distribution [0.33072208 0.14701589 0.22223292 0.3000291 ]
    optimal quantizer [-8.   -1.84 -0.08  1.92  8.  ]
    optimal input distribution [0.31516924 0.17888358 0.19957369 0.3063735 ]
    optimal I(X;Z) 1.3699490178880471
    took 69.1844s
iter 2
    given input distribution [0.31516924 0.17888358 0.19957369 0.3063735 ]
    optimal quantizer [-8.   -1.92  0.    1.92  8.  ]
    optimal input distribution [0.30850004 0.19149996 0.19149996 0.30850004]
    optimal I(X;Z) 1.3714737942799402
    took 69.0177s
iter 3
    given input distribution [0.30850004 0.19149996 0.19149996 0.30850004]
    optimal quantizer [-8.   -1.92  0.    1.92  8.  ]
    optimal input distribution [0.30850004 0.19149996 0.19149996 0.30850004]
    optimal I(X;Z) 1.3714737942799402
    took 68.9524s
stopping criterion met