X=[-3 -1  1  3], N=200, M=4, Sigma=0.75
start=-8, end=8
max_iter=10, stop_thres=0.0001
mode=3

iter 0
    given input distribution [0.43925234 0.1588785  0.1588785  0.24299065]
    optimal quantizer [-8.   -1.84  0.    1.92  8.  ]
    optimal input distribution [0.31291091 0.1845842  0.19439135 0.30811353]
    optimal I(X;Z) 1.3707323532819815
    took 71.3408s
iter 1
    given input distribution [0.31291091 0.1845842  0.19439135 0.30811353]
    optimal quantizer [-8.   -1.92  0.    1.92  8.  ]
    optimal input distribution [0.30850004 0.19149996 0.19149996 0.30850004]
    optimal I(X;Z) 1.3714737942799402
    took 70.8195s
iter 2
    given input distribution [0.30850004 0.19149996 0.19149996 0.30850004]
    optimal quantizer [-8.   -1.92  0.    1.92  8.  ]
    optimal input distribution [0.30850004 0.19149996 0.19149996 0.30850004]
    optimal I(X;Z) 1.3714737942799402
    took 70.8616s
stopping criterion met