X=[-3 -1  1  3], N=200, M=4, Sigma=0.75
start=-8, end=8
max_iter=10, stop_thres=0.0001
mode=3

iter 0
    given input distribution [0.13194444 0.00694444 0.16666667 0.69444444]
    optimal quantizer [-8.   -1.04  1.36  2.16  8.  ]
    optimal input distribution [3.91411882e-01 2.79915754e-09 2.92959263e-01 3.15628851e-01]
    optimal I(X;Z) 1.318902463838597
    took 67.3661s
iter 1
    given input distribution [3.91411882e-01 2.79915754e-09 2.92959263e-01 3.15628851e-01]
    optimal quantizer [-8.   -0.96  1.6   2.4   8.  ]
    optimal input distribution [3.91293348e-01 7.37677017e-10 2.97923890e-01 3.10782760e-01]
    optimal I(X;Z) 1.3240196390183032
    took 67.2092s
iter 2
    given input distribution [3.91293348e-01 7.37677017e-10 2.97923890e-01 3.10782760e-01]
    optimal quantizer [-8.   -0.96  1.6   2.4   8.  ]
    optimal input distribution [3.91293348e-01 7.37677017e-10 2.97923890e-01 3.10782760e-01]
    optimal I(X;Z) 1.3240196390183032
    took 67.5728s
stopping criterion met