X=[-3 -1  1  3], N=200, M=4, Sigma=0.75
start=-8, end=8
max_iter=10, stop_thres=0.0001
mode=3

iter 0
    given input distribution [0.46808511 0.09929078 0.41843972 0.0141844 ]
    optimal quantizer [-8.   -1.76 -0.24  2.4   8.  ]
    optimal input distribution [0.3374377  0.14922926 0.23862641 0.27470664]
    optimal I(X;Z) 1.3235555545119806
    took 72.9188s
iter 1
    given input distribution [0.3374377  0.14922926 0.23862641 0.27470664]
    optimal quantizer [-8.   -1.84 -0.08  2.    8.  ]
    optimal input distribution [0.31599499 0.17641709 0.20581827 0.30176965]
    optimal I(X;Z) 1.3687328080076897
    took 73.5040s
iter 2
    given input distribution [0.31599499 0.17641709 0.20581827 0.30176965]
    optimal quantizer [-8.   -1.92  0.    1.92  8.  ]
    optimal input distribution [0.30850004 0.19149996 0.19149996 0.30850004]
    optimal I(X;Z) 1.3714737942799402
    took 73.5518s
iter 3
    given input distribution [0.30850004 0.19149996 0.19149996 0.30850004]
    optimal quantizer [-8.   -1.92  0.    1.92  8.  ]
    optimal input distribution [0.30850004 0.19149996 0.19149996 0.30850004]
    optimal I(X;Z) 1.3714737942799402
    took 73.1933s
stopping criterion met