X=[-3 -1  1  3], N=200, M=4, Sigma=0.75
start=-8, end=8
max_iter=10, stop_thres=0.0001
mode=3

iter 0
    given input distribution [0.10569106 0.40650407 0.38211382 0.10569106]
    optimal quantizer [-8.   -2.16  0.    2.16  8.  ]
    optimal input distribution [0.29850719 0.20149281 0.20149281 0.29850719]
    optimal I(X;Z) 1.3517594646910602
    took 68.2923s
iter 1
    given input distribution [0.29850719 0.20149281 0.20149281 0.29850719]
    optimal quantizer [-8.   -1.92  0.    1.92  8.  ]
    optimal input distribution [0.30850004 0.19149996 0.19149996 0.30850004]
    optimal I(X;Z) 1.3714737942799402
    took 69.3935s
iter 2
    given input distribution [0.30850004 0.19149996 0.19149996 0.30850004]
    optimal quantizer [-8.   -1.92  0.    1.92  8.  ]
    optimal input distribution [0.30850004 0.19149996 0.19149996 0.30850004]
    optimal I(X;Z) 1.3714737942799402
    took 68.4338s
stopping criterion met