X=[-3 -1  1  3], N=200, M=4, Sigma=0.75
start=-8, end=8
max_iter=10, stop_thres=0.0001
mode=3

iter 0
    given input distribution [0.17085427 0.44723618 0.35175879 0.03015075]
    optimal quantizer [-8.   -2.08  0.    2.24  8.  ]
    optimal input distribution [0.30472054 0.19695022 0.20558278 0.29274646]
    optimal I(X;Z) 1.3499613254225349
    took 71.5914s
iter 1
    given input distribution [0.30472054 0.19695022 0.20558278 0.29274646]
    optimal quantizer [-8.   -1.92  0.    1.92  8.  ]
    optimal input distribution [0.30850004 0.19149996 0.19149996 0.30850004]
    optimal I(X;Z) 1.3714737942799402
    took 71.9504s
iter 2
    given input distribution [0.30850004 0.19149996 0.19149996 0.30850004]
    optimal quantizer [-8.   -1.92  0.    1.92  8.  ]
    optimal input distribution [0.30850004 0.19149996 0.19149996 0.30850004]
    optimal I(X;Z) 1.3714737942799402
    took 71.6198s
stopping criterion met