X=[-3 -1  1  3], N=200, M=4, Sigma=0.75
start=-8, end=8
max_iter=10, stop_thres=0.0001
mode=3

iter 0
    given input distribution [0.27439024 0.40853659 0.25609756 0.06097561]
    optimal quantizer [-8.   -2.    0.08  2.16  8.  ]
    optimal input distribution [0.3051534  0.19845174 0.1975183  0.29887656]
    optimal I(X;Z) 1.3601465318006163
    took 68.9531s
iter 1
    given input distribution [0.3051534  0.19845174 0.1975183  0.29887656]
    optimal quantizer [-8.   -1.92  0.    1.92  8.  ]
    optimal input distribution [0.30850004 0.19149996 0.19149996 0.30850004]
    optimal I(X;Z) 1.3714737942799402
    took 69.0751s
iter 2
    given input distribution [0.30850004 0.19149996 0.19149996 0.30850004]
    optimal quantizer [-8.   -1.92  0.    1.92  8.  ]
    optimal input distribution [0.30850004 0.19149996 0.19149996 0.30850004]
    optimal I(X;Z) 1.3714737942799402
    took 68.5813s
stopping criterion met