X=[-3 -1  1  3], N=200, M=4, Sigma=0.75
start=-8, end=8
max_iter=10, stop_thres=0.0001
mode=3

iter 0
    given input distribution [0.29444444 0.20555556 0.42777778 0.07222222]
    optimal quantizer [-8.   -1.92 -0.16  2.24  8.  ]
    optimal input distribution [0.31974404 0.17196702 0.22205218 0.28623676]
    optimal I(X;Z) 1.3508267839219468
    took 68.5676s
iter 1
    given input distribution [0.31974404 0.17196702 0.22205218 0.28623676]
    optimal quantizer [-8.   -1.92 -0.08  1.92  8.  ]
    optimal input distribution [0.31085169 0.18563471 0.19682724 0.30668636]
    optimal I(X;Z) 1.3707796011798
    took 68.2539s
iter 2
    given input distribution [0.31085169 0.18563471 0.19682724 0.30668636]
    optimal quantizer [-8.   -1.92  0.    1.92  8.  ]
    optimal input distribution [0.30850004 0.19149996 0.19149996 0.30850004]
    optimal I(X;Z) 1.3714737942799402
    took 68.3662s
iter 3
    given input distribution [0.30850004 0.19149996 0.19149996 0.30850004]
    optimal quantizer [-8.   -1.92  0.    1.92  8.  ]
    optimal input distribution [0.30850004 0.19149996 0.19149996 0.30850004]
    optimal I(X;Z) 1.3714737942799402
    took 67.6353s
stopping criterion met