X=[-3 -1  1  3], N=200, M=4, Sigma=0.75
start=-8, end=8
max_iter=10, stop_thres=0.0001
mode=3

iter 0
    given input distribution [0.61417323 0.22047244 0.1023622  0.06299213]
    optimal quantizer [-8.   -1.84  0.08  2.    8.  ]
    optimal input distribution [0.31185622 0.18755413 0.19457756 0.30601209]
    optimal I(X;Z) 1.3691646686834116
    took 67.4506s
iter 1
    given input distribution [0.31185622 0.18755413 0.19457756 0.30601209]
    optimal quantizer [-8.   -1.92  0.    1.92  8.  ]
    optimal input distribution [0.30850004 0.19149996 0.19149996 0.30850004]
    optimal I(X;Z) 1.3714737942799402
    took 67.3964s
iter 2
    given input distribution [0.30850004 0.19149996 0.19149996 0.30850004]
    optimal quantizer [-8.   -1.92  0.    1.92  8.  ]
    optimal input distribution [0.30850004 0.19149996 0.19149996 0.30850004]
    optimal I(X;Z) 1.3714737942799402
    took 67.2211s
stopping criterion met