X=[-3 -1  1  3], N=200, M=4, Sigma=0.75
start=-8, end=8
max_iter=10, stop_thres=0.0001
mode=3

iter 0
    given input distribution [0.28783383 0.17210682 0.27893175 0.2611276 ]
    optimal quantizer [-8.   -1.92 -0.08  2.    8.  ]
    optimal input distribution [0.3116834  0.18315696 0.20306613 0.30209351]
    optimal I(X;Z) 1.3694569446609106
    took 67.7535s
iter 1
    given input distribution [0.3116834  0.18315696 0.20306613 0.30209351]
    optimal quantizer [-8.   -1.92  0.    1.92  8.  ]
    optimal input distribution [0.30850004 0.19149996 0.19149996 0.30850004]
    optimal I(X;Z) 1.3714737942799402
    took 67.8087s
iter 2
    given input distribution [0.30850004 0.19149996 0.19149996 0.30850004]
    optimal quantizer [-8.   -1.92  0.    1.92  8.  ]
    optimal input distribution [0.30850004 0.19149996 0.19149996 0.30850004]
    optimal I(X;Z) 1.3714737942799402
    took 68.0074s
stopping criterion met