X=[-3 -1  1  3], N=200, M=4, Sigma=0.75
start=-8, end=8
max_iter=10, stop_thres=0.0001
mode=3

iter 0
    given input distribution [0.15679443 0.32752613 0.32752613 0.18815331]
    optimal quantizer [-8.   -2.08  0.    2.08  8.  ]
    optimal input distribution [0.30142849 0.19857151 0.19857151 0.30142849]
    optimal I(X;Z) 1.3623825690746978
    took 70.5931s
iter 1
    given input distribution [0.30142849 0.19857151 0.19857151 0.30142849]
    optimal quantizer [-8.   -1.92  0.    1.92  8.  ]
    optimal input distribution [0.30850004 0.19149996 0.19149996 0.30850004]
    optimal I(X;Z) 1.3714737942799402
    took 71.0078s
iter 2
    given input distribution [0.30850004 0.19149996 0.19149996 0.30850004]
    optimal quantizer [-8.   -1.92  0.    1.92  8.  ]
    optimal input distribution [0.30850004 0.19149996 0.19149996 0.30850004]
    optimal I(X;Z) 1.3714737942799402
    took 70.2183s
stopping criterion met