X=[-3 -1  1  3], N=200, M=4, Sigma=0.75
start=-8, end=8
max_iter=10, stop_thres=0.0001
mode=3

iter 0
    given input distribution [0.03669725 0.3853211  0.20642202 0.37155963]
    optimal quantizer [-8.   -2.24  0.16  1.92  8.  ]
    optimal input distribution [0.28623676 0.22205218 0.17196702 0.31974404]
    optimal I(X;Z) 1.350826783921958
    took 67.8726s
iter 1
    given input distribution [0.28623676 0.22205218 0.17196702 0.31974404]
    optimal quantizer [-8.   -1.92  0.08  1.92  8.  ]
    optimal input distribution [0.30668636 0.19682724 0.18563471 0.31085169]
    optimal I(X;Z) 1.3707796011797861
    took 68.1060s
iter 2
    given input distribution [0.30668636 0.19682724 0.18563471 0.31085169]
    optimal quantizer [-8.   -1.92  0.    1.92  8.  ]
    optimal input distribution [0.30850004 0.19149996 0.19149996 0.30850004]
    optimal I(X;Z) 1.3714737942799402
    took 68.0954s
iter 3
    given input distribution [0.30850004 0.19149996 0.19149996 0.30850004]
    optimal quantizer [-8.   -1.92  0.    1.92  8.  ]
    optimal input distribution [0.30850004 0.19149996 0.19149996 0.30850004]
    optimal I(X;Z) 1.3714737942799402
    took 68.0461s
stopping criterion met