X=[-3 -1  1  3], N=200, M=4, Sigma=0.75
start=-8, end=8
max_iter=10, stop_thres=0.0001
mode=3

iter 0
    given input distribution [0.28389831 0.36440678 0.34322034 0.00847458]
    optimal quantizer [-8.   -2.08 -0.56  0.32  8.  ]
    optimal input distribution [3.27789239e-01 2.61323251e-01 2.87259911e-09 4.10887507e-01]
    optimal I(X;Z) 1.2459180675898787
    took 67.8446s
iter 1
    given input distribution [3.27789239e-01 2.61323251e-01 2.87259911e-09 4.10887507e-01]
    optimal quantizer [-8.   -2.32 -1.6   0.96  8.  ]
    optimal input distribution [3.11809547e-01 2.96841899e-01 6.95703545e-10 3.91348553e-01]
    optimal I(X;Z) 1.3238510597680908
    took 67.6939s
iter 2
    given input distribution [3.11809547e-01 2.96841899e-01 6.95703545e-10 3.91348553e-01]
    optimal quantizer [-8.   -2.4  -1.6   0.96  8.  ]
    optimal input distribution [3.10782759e-01 2.97923890e-01 7.73232919e-10 3.91293349e-01]
    optimal I(X;Z) 1.3240196390073855
    took 67.5868s
iter 3
    given input distribution [3.10782759e-01 2.97923890e-01 7.73232919e-10 3.91293349e-01]
    optimal quantizer [-8.   -2.4  -1.6   0.96  8.  ]
    optimal input distribution [3.10782759e-01 2.97923890e-01 7.73232919e-10 3.91293349e-01]
    optimal I(X;Z) 1.3240196390073855
    took 68.2015s
stopping criterion met