X=[-3 -1  1  3], N=200, M=4, Sigma=0.75
start=-8, end=8
max_iter=10, stop_thres=0.0001
mode=3

iter 0
    given input distribution [0.6984127  0.20634921 0.03968254 0.05555556]
    optimal quantizer [-8.   -2.16 -1.36  0.72  8.  ]
    optimal input distribution [3.19168048e-01 2.84012410e-01 4.44280684e-09 3.96819535e-01]
    optimal I(X;Z) 1.311917533652193
    took 68.9227s
iter 1
    given input distribution [3.19168048e-01 2.84012410e-01 4.44280684e-09 3.96819535e-01]
    optimal quantizer [-8.   -2.4  -1.6   0.96  8.  ]
    optimal input distribution [3.10782759e-01 2.97923890e-01 7.73232919e-10 3.91293349e-01]
    optimal I(X;Z) 1.3240196390073855
    took 68.8137s
iter 2
    given input distribution [3.10782759e-01 2.97923890e-01 7.73232919e-10 3.91293349e-01]
    optimal quantizer [-8.   -2.4  -1.6   0.96  8.  ]
    optimal input distribution [3.10782759e-01 2.97923890e-01 7.73232919e-10 3.91293349e-01]
    optimal I(X;Z) 1.3240196390073855
    took 69.2326s
stopping criterion met