X=[-3 -1  1  3], N=200, M=4, Sigma=0.75
start=-8, end=8
max_iter=10, stop_thres=0.0001
mode=3

iter 0
    given input distribution [0.29515419 0.20704846 0.3876652  0.11013216]
    optimal quantizer [-8.   -1.92 -0.08  2.16  8.  ]
    optimal input distribution [0.31446194 0.17999092 0.21275702 0.29279012]
    optimal I(X;Z) 1.3607862902914223
    took 69.4064s
iter 1
    given input distribution [0.31446194 0.17999092 0.21275702 0.29279012]
    optimal quantizer [-8.   -1.92  0.    1.92  8.  ]
    optimal input distribution [0.30850004 0.19149996 0.19149996 0.30850004]
    optimal I(X;Z) 1.3714737942799402
    took 68.9030s
iter 2
    given input distribution [0.30850004 0.19149996 0.19149996 0.30850004]
    optimal quantizer [-8.   -1.92  0.    1.92  8.  ]
    optimal input distribution [0.30850004 0.19149996 0.19149996 0.30850004]
    optimal I(X;Z) 1.3714737942799402
    took 68.8538s
stopping criterion met