X=[-3 -1  1  3], N=200, M=4, Sigma=0.75
start=-8, end=8
max_iter=10, stop_thres=0.0001
mode=3

iter 0
    given input distribution [0.12418301 0.09150327 0.18954248 0.59477124]
    optimal quantizer [-8.   -1.92 -0.08  1.84  8.  ]
    optimal input distribution [0.31037669 0.18872259 0.18971025 0.31119047]
    optimal I(X;Z) 1.3701389904829138
    took 68.0681s
iter 1
    given input distribution [0.31037669 0.18872259 0.18971025 0.31119047]
    optimal quantizer [-8.   -1.92  0.    1.92  8.  ]
    optimal input distribution [0.30850004 0.19149996 0.19149996 0.30850004]
    optimal I(X;Z) 1.3714737942799402
    took 68.9619s
iter 2
    given input distribution [0.30850004 0.19149996 0.19149996 0.30850004]
    optimal quantizer [-8.   -1.92  0.    1.92  8.  ]
    optimal input distribution [0.30850004 0.19149996 0.19149996 0.30850004]
    optimal I(X;Z) 1.3714737942799402
    took 68.5389s
stopping criterion met