X=[-3 -1  1  3], N=200, M=4, Sigma=0.75
start=-8, end=8
max_iter=10, stop_thres=0.0001
mode=3

iter 0
    given input distribution [0.21086262 0.25559105 0.25559105 0.27795527]
    optimal quantizer [-8. -2.  0.  2.  8.]
    optimal input distribution [0.3047802 0.1952198 0.1952198 0.3047802]
    optimal I(X;Z) 1.3689842965406318
    took 73.2306s
iter 1
    given input distribution [0.3047802 0.1952198 0.1952198 0.3047802]
    optimal quantizer [-8.   -1.92  0.    1.92  8.  ]
    optimal input distribution [0.30850004 0.19149996 0.19149996 0.30850004]
    optimal I(X;Z) 1.3714737942799402
    took 72.9633s
iter 2
    given input distribution [0.30850004 0.19149996 0.19149996 0.30850004]
    optimal quantizer [-8.   -1.92  0.    1.92  8.  ]
    optimal input distribution [0.30850004 0.19149996 0.19149996 0.30850004]
    optimal I(X;Z) 1.3714737942799402
    took 72.3358s
stopping criterion met