X=[-3 -1  1  3], N=200, M=4, Sigma=0.75
start=-8, end=8
max_iter=10, stop_thres=0.0001
mode=3

iter 0
    given input distribution [0.29850746 0.06716418 0.00746269 0.62686567]
    optimal quantizer [-8.   -2.16 -1.36  0.88  8.  ]
    optimal input distribution [3.16509833e-01 2.89281426e-01 4.60603840e-09 3.94208734e-01]
    optimal I(X;Z) 1.3182690265708756
    took 67.5131s
iter 1
    given input distribution [3.16509833e-01 2.89281426e-01 4.60603840e-09 3.94208734e-01]
    optimal quantizer [-8.   -2.4  -1.6   0.96  8.  ]
    optimal input distribution [3.10782759e-01 2.97923890e-01 7.73232919e-10 3.91293349e-01]
    optimal I(X;Z) 1.3240196390073855
    took 67.1195s
iter 2
    given input distribution [3.10782759e-01 2.97923890e-01 7.73232919e-10 3.91293349e-01]
    optimal quantizer [-8.   -2.4  -1.6   0.96  8.  ]
    optimal input distribution [3.10782759e-01 2.97923890e-01 7.73232919e-10 3.91293349e-01]
    optimal I(X;Z) 1.3240196390073855
    took 67.0748s
stopping criterion met