X=[-3 -1  1  3], N=200, M=4, Sigma=0.75
start=-8, end=8
max_iter=10, stop_thres=0.0001
mode=3

iter 0
    given input distribution [0.23367698 0.27147766 0.27147766 0.2233677 ]
    optimal quantizer [-8. -2.  0.  2.  8.]
    optimal input distribution [0.3047802 0.1952198 0.1952198 0.3047802]
    optimal I(X;Z) 1.3689842965406318
    took 68.1144s
iter 1
    given input distribution [0.3047802 0.1952198 0.1952198 0.3047802]
    optimal quantizer [-8.   -1.92  0.    1.92  8.  ]
    optimal input distribution [0.30850004 0.19149996 0.19149996 0.30850004]
    optimal I(X;Z) 1.3714737942799402
    took 67.9445s
iter 2
    given input distribution [0.30850004 0.19149996 0.19149996 0.30850004]
    optimal quantizer [-8.   -1.92  0.    1.92  8.  ]
    optimal input distribution [0.30850004 0.19149996 0.19149996 0.30850004]
    optimal I(X;Z) 1.3714737942799402
    took 69.0671s
stopping criterion met