X=[-3 -1  1  3], N=200, M=4, Sigma=0.75
start=-8, end=8
max_iter=10, stop_thres=0.0001
mode=3

iter 0
    given input distribution [0.09009009 0.35135135 0.19369369 0.36486486]
    optimal quantizer [-8.   -2.16  0.08  1.84  8.  ]
    optimal input distribution [0.29242113 0.21555219 0.1732445  0.31878217]
    optimal I(X;Z) 1.3602254110877294
    took 70.0421s
iter 1
    given input distribution [0.29242113 0.21555219 0.1732445  0.31878217]
    optimal quantizer [-8.   -1.92  0.08  1.92  8.  ]
    optimal input distribution [0.30668636 0.19682724 0.18563471 0.31085169]
    optimal I(X;Z) 1.3707796011797861
    took 70.4149s
iter 2
    given input distribution [0.30668636 0.19682724 0.18563471 0.31085169]
    optimal quantizer [-8.   -1.92  0.    1.92  8.  ]
    optimal input distribution [0.30850004 0.19149996 0.19149996 0.30850004]
    optimal I(X;Z) 1.3714737942799402
    took 69.4853s
iter 3
    given input distribution [0.30850004 0.19149996 0.19149996 0.30850004]
    optimal quantizer [-8.   -1.92  0.    1.92  8.  ]
    optimal input distribution [0.30850004 0.19149996 0.19149996 0.30850004]
    optimal I(X;Z) 1.3714737942799402
    took 68.9175s
stopping criterion met