X=[-3 -1  1  3], N=200, M=4, Sigma=0.75
start=-8, end=8
max_iter=10, stop_thres=0.0001
mode=3

iter 0
    given input distribution [0.42682927 0.         0.11585366 0.45731707]
    optimal quantizer [-8.   -0.88  1.44  2.24  8.  ]
    optimal input distribution [3.93371992e-01 2.59623334e-09 2.91843680e-01 3.14784324e-01]
    optimal I(X;Z) 1.3210313665326718
    took 69.0724s
iter 1
    given input distribution [3.93371992e-01 2.59623334e-09 2.91843680e-01 3.14784324e-01]
    optimal quantizer [-8.   -0.96  1.6   2.4   8.  ]
    optimal input distribution [3.91293348e-01 7.37677017e-10 2.97923890e-01 3.10782760e-01]
    optimal I(X;Z) 1.3240196390183032
    took 70.0552s
iter 2
    given input distribution [3.91293348e-01 7.37677017e-10 2.97923890e-01 3.10782760e-01]
    optimal quantizer [-8.   -0.96  1.6   2.4   8.  ]
    optimal input distribution [3.91293348e-01 7.37677017e-10 2.97923890e-01 3.10782760e-01]
    optimal I(X;Z) 1.3240196390183032
    took 68.7043s
stopping criterion met