X=[-3 -1  1  3], N=200, M=4, Sigma=0.75
start=-8, end=8
max_iter=10, stop_thres=0.0001
mode=3

iter 0
    given input distribution [0.38297872 0.04787234 0.09574468 0.47340426]
    optimal quantizer [-8.   -1.68 -0.08  1.76  8.  ]
    optimal input distribution [0.32312346 0.16947732 0.19177529 0.31562393]
    optimal I(X;Z) 1.3590194405740825
    took 69.0721s
iter 1
    given input distribution [0.32312346 0.16947732 0.19177529 0.31562393]
    optimal quantizer [-8.   -1.92  0.    1.92  8.  ]
    optimal input distribution [0.30850004 0.19149996 0.19149996 0.30850004]
    optimal I(X;Z) 1.3714737942799402
    took 68.6595s
iter 2
    given input distribution [0.30850004 0.19149996 0.19149996 0.30850004]
    optimal quantizer [-8.   -1.92  0.    1.92  8.  ]
    optimal input distribution [0.30850004 0.19149996 0.19149996 0.30850004]
    optimal I(X;Z) 1.3714737942799402
    took 68.9212s
stopping criterion met