X=[-3 -1  1  3], N=200, M=4, Sigma=0.75
start=-8, end=8
max_iter=10, stop_thres=0.0001
mode=3

iter 0
    given input distribution [0.3776824  0.27467811 0.21459227 0.13304721]
    optimal quantizer [-8.   -1.92  0.    2.    8.  ]
    optimal input distribution [0.30923871 0.18921163 0.1975177  0.30403196]
    optimal I(X;Z) 1.3702751483421922
    took 69.2869s
iter 1
    given input distribution [0.30923871 0.18921163 0.1975177  0.30403196]
    optimal quantizer [-8.   -1.92  0.    1.92  8.  ]
    optimal input distribution [0.30850004 0.19149996 0.19149996 0.30850004]
    optimal I(X;Z) 1.3714737942799402
    took 68.5955s
iter 2
    given input distribution [0.30850004 0.19149996 0.19149996 0.30850004]
    optimal quantizer [-8.   -1.92  0.    1.92  8.  ]
    optimal input distribution [0.30850004 0.19149996 0.19149996 0.30850004]
    optimal I(X;Z) 1.3714737942799402
    took 68.5478s
stopping criterion met