X=[-3 -1  1  3], N=200, M=4, Sigma=0.75
start=-8, end=8
max_iter=10, stop_thres=0.0001
mode=3

iter 0
    given input distribution [0.14285714 0.41474654 0.05529954 0.38709677]
    optimal quantizer [-8.   -2.16  0.32  1.68  8.  ]
    optimal input distribution [0.28935285 0.23776554 0.13476765 0.33811397]
    optimal I(X;Z) 1.3426318497268317
    took 69.8965s
iter 1
    given input distribution [0.28935285 0.23776554 0.13476765 0.33811397]
    optimal quantizer [-8.   -2.    0.08  1.84  8.  ]
    optimal input distribution [0.30176965 0.20581827 0.17641709 0.31599499]
    optimal I(X;Z) 1.3687328080076906
    took 69.7912s
iter 2
    given input distribution [0.30176965 0.20581827 0.17641709 0.31599499]
    optimal quantizer [-8.   -1.92  0.    1.92  8.  ]
    optimal input distribution [0.30850004 0.19149996 0.19149996 0.30850004]
    optimal I(X;Z) 1.3714737942799402
    took 68.8314s
iter 3
    given input distribution [0.30850004 0.19149996 0.19149996 0.30850004]
    optimal quantizer [-8.   -1.92  0.    1.92  8.  ]
    optimal input distribution [0.30850004 0.19149996 0.19149996 0.30850004]
    optimal I(X;Z) 1.3714737942799402
    took 69.3828s
stopping criterion met