X=[-3 -1  1  3], N=200, M=4, Sigma=0.75
start=-8, end=8
max_iter=10, stop_thres=0.0001
mode=3

iter 0
    given input distribution [0.32178218 0.14851485 0.2029703  0.32673267]
    optimal quantizer [-8.   -1.84 -0.08  1.92  8.  ]
    optimal input distribution [0.31516924 0.17888358 0.19957369 0.3063735 ]
    optimal I(X;Z) 1.3699490178880471
    took 68.3881s
iter 1
    given input distribution [0.31516924 0.17888358 0.19957369 0.3063735 ]
    optimal quantizer [-8.   -1.92  0.    1.92  8.  ]
    optimal input distribution [0.30850004 0.19149996 0.19149996 0.30850004]
    optimal I(X;Z) 1.3714737942799402
    took 68.9305s
iter 2
    given input distribution [0.30850004 0.19149996 0.19149996 0.30850004]
    optimal quantizer [-8.   -1.92  0.    1.92  8.  ]
    optimal input distribution [0.30850004 0.19149996 0.19149996 0.30850004]
    optimal I(X;Z) 1.3714737942799402
    took 67.8834s
stopping criterion met