X=[-3 -1  1  3], N=200, M=4, Sigma=0.75
start=-8, end=8
max_iter=10, stop_thres=0.0001
mode=3

iter 0
    given input distribution [0.36111111 0.         0.02777778 0.61111111]
    optimal quantizer [-8.   -0.72  1.2   2.    8.  ]
    optimal input distribution [3.99581333e-01 2.35320405e-09 2.77362625e-01 3.23056038e-01]
    optimal I(X;Z) 1.3025271130508014
    took 69.5439s
iter 1
    given input distribution [3.99581333e-01 2.35320405e-09 2.77362625e-01 3.23056038e-01]
    optimal quantizer [-8.   -0.96  1.6   2.4   8.  ]
    optimal input distribution [3.91293348e-01 7.37677017e-10 2.97923890e-01 3.10782760e-01]
    optimal I(X;Z) 1.3240196390183032
    took 69.0851s
iter 2
    given input distribution [3.91293348e-01 7.37677017e-10 2.97923890e-01 3.10782760e-01]
    optimal quantizer [-8.   -0.96  1.6   2.4   8.  ]
    optimal input distribution [3.91293348e-01 7.37677017e-10 2.97923890e-01 3.10782760e-01]
    optimal I(X;Z) 1.3240196390183032
    took 68.9283s
stopping criterion met