X=[-3 -1  1  3], N=200, M=4, Sigma=0.75
start=-8, end=8
max_iter=10, stop_thres=0.0001
mode=3

iter 0
    given input distribution [0.04878049 0.37398374 0.33333333 0.24390244]
    optimal quantizer [-8.   -2.24  0.    2.    8.  ]
    optimal input distribution [0.29158121 0.20733642 0.19190242 0.30917995]
    optimal I(X;Z) 1.3534159590750605
    took 68.2843s
iter 1
    given input distribution [0.29158121 0.20733642 0.19190242 0.30917995]
    optimal quantizer [-8.   -1.92  0.    1.92  8.  ]
    optimal input distribution [0.30850004 0.19149996 0.19149996 0.30850004]
    optimal I(X;Z) 1.3714737942799402
    took 69.1065s
iter 2
    given input distribution [0.30850004 0.19149996 0.19149996 0.30850004]
    optimal quantizer [-8.   -1.92  0.    1.92  8.  ]
    optimal input distribution [0.30850004 0.19149996 0.19149996 0.30850004]
    optimal I(X;Z) 1.3714737942799402
    took 68.0890s
stopping criterion met