X=[-3 -1  1  3], N=200, M=4, Sigma=0.75
start=-8, end=8
max_iter=10, stop_thres=0.0001
mode=3

iter 0
    given input distribution [0.19463087 0.         0.30201342 0.5033557 ]
    optimal quantizer [-8.   -1.04  1.52  2.32  8.  ]
    optimal input distribution [3.90010724e-01 1.52641943e-09 2.97745301e-01 3.12243972e-01]
    optimal I(X;Z) 1.3231692658194816
    took 70.8175s
iter 1
    given input distribution [3.90010724e-01 1.52641943e-09 2.97745301e-01 3.12243972e-01]
    optimal quantizer [-8.   -0.96  1.6   2.4   8.  ]
    optimal input distribution [3.91293348e-01 7.37677017e-10 2.97923890e-01 3.10782760e-01]
    optimal I(X;Z) 1.3240196390183032
    took 70.7111s
iter 2
    given input distribution [3.91293348e-01 7.37677017e-10 2.97923890e-01 3.10782760e-01]
    optimal quantizer [-8.   -0.96  1.6   2.4   8.  ]
    optimal input distribution [3.91293348e-01 7.37677017e-10 2.97923890e-01 3.10782760e-01]
    optimal I(X;Z) 1.3240196390183032
    took 70.6595s
stopping criterion met