X=[-3 -1  1  3], N=200, M=4, Sigma=0.75
start=-8, end=8
max_iter=10, stop_thres=0.0001
mode=3

iter 0
    given input distribution [0.10798122 0.3943662  0.22535211 0.27230047]
    optimal quantizer [-8.   -2.16  0.08  1.92  8.  ]
    optimal input distribution [0.29279012 0.21275702 0.17999092 0.31446194]
    optimal I(X;Z) 1.360786290291443
    took 69.1446s
iter 1
    given input distribution [0.29279012 0.21275702 0.17999092 0.31446194]
    optimal quantizer [-8.   -1.92  0.    1.92  8.  ]
    optimal input distribution [0.30850004 0.19149996 0.19149996 0.30850004]
    optimal I(X;Z) 1.3714737942799402
    took 69.0976s
iter 2
    given input distribution [0.30850004 0.19149996 0.19149996 0.30850004]
    optimal quantizer [-8.   -1.92  0.    1.92  8.  ]
    optimal input distribution [0.30850004 0.19149996 0.19149996 0.30850004]
    optimal I(X;Z) 1.3714737942799402
    took 69.5526s
stopping criterion met