X=[-3 -1  1  3], N=200, M=4, Sigma=0.75
start=-8, end=8
max_iter=10, stop_thres=0.0001
mode=3

iter 0
    given input distribution [0.6875    0.125     0.1328125 0.0546875]
    optimal quantizer [-8.   -1.76 -0.08  2.08  8.  ]
    optimal input distribution [0.32149486 0.16690112 0.21453341 0.29707062]
    optimal I(X;Z) 1.3630725049395944
    took 70.4027s
iter 1
    given input distribution [0.32149486 0.16690112 0.21453341 0.29707062]
    optimal quantizer [-8.   -1.92 -0.08  1.92  8.  ]
    optimal input distribution [0.31085169 0.18563471 0.19682724 0.30668636]
    optimal I(X;Z) 1.3707796011798
    took 69.5908s
iter 2
    given input distribution [0.31085169 0.18563471 0.19682724 0.30668636]
    optimal quantizer [-8.   -1.92  0.    1.92  8.  ]
    optimal input distribution [0.30850004 0.19149996 0.19149996 0.30850004]
    optimal I(X;Z) 1.3714737942799402
    took 69.9685s
iter 3
    given input distribution [0.30850004 0.19149996 0.19149996 0.30850004]
    optimal quantizer [-8.   -1.92  0.    1.92  8.  ]
    optimal input distribution [0.30850004 0.19149996 0.19149996 0.30850004]
    optimal I(X;Z) 1.3714737942799402
    took 69.8525s
stopping criterion met