X=[-3 -1  1  3], N=200, M=4, Sigma=0.75
start=-8, end=8
max_iter=10, stop_thres=0.0001
mode=3

iter 0
    given input distribution [0.20809249 0.54913295 0.10982659 0.13294798]
    optimal quantizer [-8.   -2.16  0.24  1.92  8.  ]
    optimal input distribution [0.28983612 0.2235009  0.16518492 0.32147806]
    optimal I(X;Z) 1.354483068781093
    took 70.5594s
iter 1
    given input distribution [0.28983612 0.2235009  0.16518492 0.32147806]
    optimal quantizer [-8.   -1.92  0.08  1.92  8.  ]
    optimal input distribution [0.30668636 0.19682724 0.18563471 0.31085169]
    optimal I(X;Z) 1.3707796011797861
    took 70.2988s
iter 2
    given input distribution [0.30668636 0.19682724 0.18563471 0.31085169]
    optimal quantizer [-8.   -1.92  0.    1.92  8.  ]
    optimal input distribution [0.30850004 0.19149996 0.19149996 0.30850004]
    optimal I(X;Z) 1.3714737942799402
    took 70.3924s
iter 3
    given input distribution [0.30850004 0.19149996 0.19149996 0.30850004]
    optimal quantizer [-8.   -1.92  0.    1.92  8.  ]
    optimal input distribution [0.30850004 0.19149996 0.19149996 0.30850004]
    optimal I(X;Z) 1.3714737942799402
    took 70.4104s
stopping criterion met