X=[-3 -1  1  3], N=200, M=4, Sigma=0.75
start=-8, end=8
max_iter=10, stop_thres=0.0001
mode=3

iter 0
    given input distribution [0.11612903 0.21290323 0.58064516 0.09032258]
    optimal quantizer [-8.   -2.   -0.16  2.24  8.  ]
    optimal input distribution [0.31558746 0.17753677 0.21999938 0.2868764 ]
    optimal I(X;Z) 1.349553714356154
    took 68.8625s
iter 1
    given input distribution [0.31558746 0.17753677 0.21999938 0.2868764 ]
    optimal quantizer [-8.   -1.92 -0.08  1.92  8.  ]
    optimal input distribution [0.31085169 0.18563471 0.19682724 0.30668636]
    optimal I(X;Z) 1.3707796011798
    took 68.8404s
iter 2
    given input distribution [0.31085169 0.18563471 0.19682724 0.30668636]
    optimal quantizer [-8.   -1.92  0.    1.92  8.  ]
    optimal input distribution [0.30850004 0.19149996 0.19149996 0.30850004]
    optimal I(X;Z) 1.3714737942799402
    took 68.7569s
iter 3
    given input distribution [0.30850004 0.19149996 0.19149996 0.30850004]
    optimal quantizer [-8.   -1.92  0.    1.92  8.  ]
    optimal input distribution [0.30850004 0.19149996 0.19149996 0.30850004]
    optimal I(X;Z) 1.3714737942799402
    took 68.9389s
stopping criterion met