X=[-3 -1  1  3], N=200, M=4, Sigma=0.75
start=-8, end=8
max_iter=10, stop_thres=0.0001
mode=3

iter 0
    given input distribution [0.66666667 0.23809524 0.03174603 0.06349206]
    optimal quantizer [-8.   -2.24 -1.44  0.88  8.  ]
    optimal input distribution [3.14784324e-01 2.91843681e-01 2.59802500e-09 3.93371991e-01]
    optimal I(X;Z) 1.3210313665314781
    took 70.8573s
iter 1
    given input distribution [3.14784324e-01 2.91843681e-01 2.59802500e-09 3.93371991e-01]
    optimal quantizer [-8.   -2.4  -1.6   0.96  8.  ]
    optimal input distribution [3.10782759e-01 2.97923890e-01 7.73232919e-10 3.91293349e-01]
    optimal I(X;Z) 1.3240196390073855
    took 71.0694s
iter 2
    given input distribution [3.10782759e-01 2.97923890e-01 7.73232919e-10 3.91293349e-01]
    optimal quantizer [-8.   -2.4  -1.6   0.96  8.  ]
    optimal input distribution [3.10782759e-01 2.97923890e-01 7.73232919e-10 3.91293349e-01]
    optimal I(X;Z) 1.3240196390073855
    took 71.0813s
stopping criterion met