X=[-3 -1  1  3], N=200, M=4, Sigma=0.75
start=-8, end=8
max_iter=10, stop_thres=0.0001
mode=3

iter 0
    given input distribution [0.29773463 0.09061489 0.29126214 0.32038835]
    optimal quantizer [-8.   -1.76 -0.16  2.    8.  ]
    optimal input distribution [0.32311505 0.16240622 0.21400096 0.30047777]
    optimal I(X;Z) 1.3639209269436865
    took 71.2914s
iter 1
    given input distribution [0.32311505 0.16240622 0.21400096 0.30047777]
    optimal quantizer [-8.   -1.92 -0.08  1.92  8.  ]
    optimal input distribution [0.31085169 0.18563471 0.19682724 0.30668636]
    optimal I(X;Z) 1.3707796011798
    took 71.6215s
iter 2
    given input distribution [0.31085169 0.18563471 0.19682724 0.30668636]
    optimal quantizer [-8.   -1.92  0.    1.92  8.  ]
    optimal input distribution [0.30850004 0.19149996 0.19149996 0.30850004]
    optimal I(X;Z) 1.3714737942799402
    took 71.6828s
iter 3
    given input distribution [0.30850004 0.19149996 0.19149996 0.30850004]
    optimal quantizer [-8.   -1.92  0.    1.92  8.  ]
    optimal input distribution [0.30850004 0.19149996 0.19149996 0.30850004]
    optimal I(X;Z) 1.3714737942799402
    took 70.5729s
stopping criterion met