X=[-3 -1  1  3], N=200, M=4, Sigma=0.75
start=-8, end=8
max_iter=10, stop_thres=0.0001
mode=3

iter 0
    given input distribution [0.06578947 0.46052632 0.06578947 0.40789474]
    optimal quantizer [-8.   -2.24  0.32  1.68  8.  ]
    optimal input distribution [0.28408739 0.24212827 0.13331113 0.3404732 ]
    optimal I(X;Z) 1.335048719591484
    took 73.4691s
iter 1
    given input distribution [0.28408739 0.24212827 0.13331113 0.3404732 ]
    optimal quantizer [-8.   -2.    0.08  1.84  8.  ]
    optimal input distribution [0.30176965 0.20581827 0.17641709 0.31599499]
    optimal I(X;Z) 1.3687328080076906
    took 73.1861s
iter 2
    given input distribution [0.30176965 0.20581827 0.17641709 0.31599499]
    optimal quantizer [-8.   -1.92  0.    1.92  8.  ]
    optimal input distribution [0.30850004 0.19149996 0.19149996 0.30850004]
    optimal I(X;Z) 1.3714737942799402
    took 73.6338s
iter 3
    given input distribution [0.30850004 0.19149996 0.19149996 0.30850004]
    optimal quantizer [-8.   -1.92  0.    1.92  8.  ]
    optimal input distribution [0.30850004 0.19149996 0.19149996 0.30850004]
    optimal I(X;Z) 1.3714737942799402
    took 71.2746s
stopping criterion met