X=[-3 -1  1  3], N=200, M=4, Sigma=0.75
start=-8, end=8
max_iter=10, stop_thres=0.0001
mode=3

iter 0
    given input distribution [0.33035714 0.30357143 0.32589286 0.04017857]
    optimal quantizer [-8.   -2.    0.    2.24  8.  ]
    optimal input distribution [0.30917995 0.19190242 0.20733642 0.29158121]
    optimal I(X;Z) 1.3534159590748627
    took 69.9097s
iter 1
    given input distribution [0.30917995 0.19190242 0.20733642 0.29158121]
    optimal quantizer [-8.   -1.92  0.    1.92  8.  ]
    optimal input distribution [0.30850004 0.19149996 0.19149996 0.30850004]
    optimal I(X;Z) 1.3714737942799402
    took 71.8648s
iter 2
    given input distribution [0.30850004 0.19149996 0.19149996 0.30850004]
    optimal quantizer [-8.   -1.92  0.    1.92  8.  ]
    optimal input distribution [0.30850004 0.19149996 0.19149996 0.30850004]
    optimal I(X;Z) 1.3714737942799402
    took 70.2230s
stopping criterion met