X=[-3 -1  1  3], N=200, M=4, Sigma=0.75
start=-8, end=8
max_iter=10, stop_thres=0.0001
mode=3

iter 0
    given input distribution [0.1884058  0.38405797 0.25362319 0.17391304]
    optimal quantizer [-8.   -2.08  0.08  2.    8.  ]
    optimal input distribution [0.29812211 0.20623739 0.18706851 0.30857199]
    optimal I(X;Z) 1.3648670984890536
    took 67.9132s
iter 1
    given input distribution [0.29812211 0.20623739 0.18706851 0.30857199]
    optimal quantizer [-8.   -1.92  0.    1.92  8.  ]
    optimal input distribution [0.30850004 0.19149996 0.19149996 0.30850004]
    optimal I(X;Z) 1.3714737942799402
    took 67.9799s
iter 2
    given input distribution [0.30850004 0.19149996 0.19149996 0.30850004]
    optimal quantizer [-8.   -1.92  0.    1.92  8.  ]
    optimal input distribution [0.30850004 0.19149996 0.19149996 0.30850004]
    optimal I(X;Z) 1.3714737942799402
    took 68.1099s
stopping criterion met