X=[-3 -1  1  3], N=200, M=4, Sigma=0.75
start=-8, end=8
max_iter=10, stop_thres=0.0001
mode=3

iter 0
    given input distribution [0.10714286 0.20833333 0.25595238 0.42857143]
    optimal quantizer [-8.   -2.08  0.    1.92  8.  ]
    optimal input distribution [0.29954387 0.20259097 0.18752045 0.3103447 ]
    optimal I(X;Z) 1.3670894344759958
    took 71.0551s
iter 1
    given input distribution [0.29954387 0.20259097 0.18752045 0.3103447 ]
    optimal quantizer [-8.   -1.92  0.    1.92  8.  ]
    optimal input distribution [0.30850004 0.19149996 0.19149996 0.30850004]
    optimal I(X;Z) 1.3714737942799402
    took 71.2964s
iter 2
    given input distribution [0.30850004 0.19149996 0.19149996 0.30850004]
    optimal quantizer [-8.   -1.92  0.    1.92  8.  ]
    optimal input distribution [0.30850004 0.19149996 0.19149996 0.30850004]
    optimal I(X;Z) 1.3714737942799402
    took 70.6482s
stopping criterion met