X=[-3 -1  1  3], N=200, M=4, Sigma=0.75
start=-8, end=8
max_iter=10, stop_thres=0.0001
mode=3

iter 0
    given input distribution [0.24657534 0.06164384 0.54109589 0.15068493]
    optimal quantizer [-8.   -1.68 -0.32  2.16  8.  ]
    optimal input distribution [0.33811397 0.13476765 0.23776554 0.28935285]
    optimal I(X;Z) 1.3426318497267924
    took 71.8231s
iter 1
    given input distribution [0.33811397 0.13476765 0.23776554 0.28935285]
    optimal quantizer [-8.   -1.84 -0.08  2.    8.  ]
    optimal input distribution [0.31599499 0.17641709 0.20581827 0.30176965]
    optimal I(X;Z) 1.3687328080076897
    took 71.5132s
iter 2
    given input distribution [0.31599499 0.17641709 0.20581827 0.30176965]
    optimal quantizer [-8.   -1.92  0.    1.92  8.  ]
    optimal input distribution [0.30850004 0.19149996 0.19149996 0.30850004]
    optimal I(X;Z) 1.3714737942799402
    took 71.5408s
iter 3
    given input distribution [0.30850004 0.19149996 0.19149996 0.30850004]
    optimal quantizer [-8.   -1.92  0.    1.92  8.  ]
    optimal input distribution [0.30850004 0.19149996 0.19149996 0.30850004]
    optimal I(X;Z) 1.3714737942799402
    took 71.9165s
stopping criterion met