X=[-3 -1  1  3], N=200, M=4, Sigma=0.75
start=-8, end=8
max_iter=10, stop_thres=0.0001
mode=3

iter 0
    given input distribution [0.36134454 0.3907563  0.24789916 0.        ]
    optimal quantizer [-8.   -2.    0.08  7.28  8.  ]
    optimal input distribution [3.43228547e-01 2.37241254e-01 1.10912183e-08 4.19530186e-01]
    optimal I(X;Z) 1.1925930750390243
    took 70.1394s
iter 1
    given input distribution [3.43228547e-01 2.37241254e-01 1.10912183e-08 4.19530186e-01]
    optimal quantizer [-8.   -2.32 -1.52  0.96  8.  ]
    optimal input distribution [3.12471753e-01 2.96042603e-01 1.05901400e-10 3.91485644e-01]
    optimal I(X;Z) 1.3236051572978922
    took 70.6506s
iter 2
    given input distribution [3.12471753e-01 2.96042603e-01 1.05901400e-10 3.91485644e-01]
    optimal quantizer [-8.   -2.4  -1.6   0.96  8.  ]
    optimal input distribution [3.10782759e-01 2.97923890e-01 7.73232919e-10 3.91293349e-01]
    optimal I(X;Z) 1.3240196390073855
    took 70.6161s
iter 3
    given input distribution [3.10782759e-01 2.97923890e-01 7.73232919e-10 3.91293349e-01]
    optimal quantizer [-8.   -2.4  -1.6   0.96  8.  ]
    optimal input distribution [3.10782759e-01 2.97923890e-01 7.73232919e-10 3.91293349e-01]
    optimal I(X;Z) 1.3240196390073855
    took 70.6145s
stopping criterion met