X=[-3 -1  1  3], N=200, M=4, Sigma=0.75
start=-8, end=8
max_iter=10, stop_thres=0.0001
mode=3

iter 0
    given input distribution [0.30337079 0.34456929 0.31835206 0.03370787]
    optimal quantizer [-8.   -2.    0.    2.24  8.  ]
    optimal input distribution [0.30917995 0.19190242 0.20733642 0.29158121]
    optimal I(X;Z) 1.3534159590748627
    took 68.5445s
iter 1
    given input distribution [0.30917995 0.19190242 0.20733642 0.29158121]
    optimal quantizer [-8.   -1.92  0.    1.92  8.  ]
    optimal input distribution [0.30850004 0.19149996 0.19149996 0.30850004]
    optimal I(X;Z) 1.3714737942799402
    took 68.8463s
iter 2
    given input distribution [0.30850004 0.19149996 0.19149996 0.30850004]
    optimal quantizer [-8.   -1.92  0.    1.92  8.  ]
    optimal input distribution [0.30850004 0.19149996 0.19149996 0.30850004]
    optimal I(X;Z) 1.3714737942799402
    took 68.5286s
stopping criterion met