X=[-3  0  3], N=200, M=3, Sigma=0.75
start=-8, end=8
max_iter=10, stop_thres=0.0001
mode=3

iter 0
    given input distribution [0.03921569 0.2254902  0.73529412]
    optimal quantizer [-8.   -1.76  1.36  8.  ]
    optimal input distribution [0.33448017 0.30856397 0.35695587]
    optimal I(X;Z) 1.3578040070534851
    took 36.5488s
iter 1
    given input distribution [0.33448017 0.30856397 0.35695587]
    optimal quantizer [-8.   -1.52  1.44  8.  ]
    optimal input distribution [0.34621311 0.30408528 0.34970161]
    optimal I(X;Z) 1.3779555636256577
    took 36.5290s
iter 2
    given input distribution [0.34621311 0.30408528 0.34970161]
    optimal quantizer [-8.   -1.52  1.44  8.  ]
    optimal input distribution [0.34621311 0.30408528 0.34970161]
    optimal I(X;Z) 1.3779555636256577
    took 36.5998s
stopping criterion met