X=[-3  0  3], N=200, M=3, Sigma=0.75
start=-8, end=8
max_iter=10, stop_thres=0.0001
mode=3

iter 0
    given input distribution [0.38686131 0.49635036 0.11678832]
    optimal quantizer [-8.   -1.52  1.68  8.  ]
    optimal input distribution [0.34753795 0.31503475 0.33742729]
    optimal I(X;Z) 1.3693086850248763
    took 36.4732s
iter 1
    given input distribution [0.34753795 0.31503475 0.33742729]
    optimal quantizer [-8.   -1.52  1.52  8.  ]
    optimal input distribution [0.34589802 0.30820397 0.34589802]
    optimal I(X;Z) 1.3779904800560274
    took 36.7151s
iter 2
    given input distribution [0.34589802 0.30820397 0.34589802]
    optimal quantizer [-8.   -1.52  1.52  8.  ]
    optimal input distribution [0.34589802 0.30820397 0.34589802]
    optimal I(X;Z) 1.3779904800560274
    took 36.6215s
stopping criterion met