X=[-3  0  3], N=200, M=3, Sigma=0.75
start=-8, end=8
max_iter=10, stop_thres=0.0001
mode=3

iter 0
    given input distribution [0.74590164 0.07377049 0.18032787]
    optimal quantizer [-8.   -1.2   1.36  8.  ]
    optimal input distribution [0.36058026 0.28061009 0.35880965]
    optimal I(X;Z) 1.3582618755056934
    took 35.6603s
iter 1
    given input distribution [0.36058026 0.28061009 0.35880965]
    optimal quantizer [-8.   -1.44  1.44  8.  ]
    optimal input distribution [0.34998891 0.30002217 0.34998891]
    optimal I(X;Z) 1.3779454284966124
    took 35.9009s
iter 2
    given input distribution [0.34998891 0.30002217 0.34998891]
    optimal quantizer [-8.   -1.44  1.44  8.  ]
    optimal input distribution [0.34998891 0.30002217 0.34998891]
    optimal I(X;Z) 1.3779454284966124
    took 36.0545s
stopping criterion met