X=[-3  0  3], N=200, M=3, Sigma=0.75
start=-8, end=8
max_iter=10, stop_thres=0.0001
mode=3

iter 0
    given input distribution [0.7394958  0.21848739 0.04201681]
    optimal quantizer [-8.   -1.36  1.68  8.  ]
    optimal input distribution [0.35495836 0.30605353 0.3389881 ]
    optimal I(X;Z) 1.3663227111899918
    took 36.8259s
iter 1
    given input distribution [0.35495836 0.30605353 0.3389881 ]
    optimal quantizer [-8.   -1.44  1.52  8.  ]
    optimal input distribution [0.34970161 0.30408528 0.34621311]
    optimal I(X;Z) 1.3779555636256637
    took 36.7669s
iter 2
    given input distribution [0.34970161 0.30408528 0.34621311]
    optimal quantizer [-8.   -1.44  1.52  8.  ]
    optimal input distribution [0.34970161 0.30408528 0.34621311]
    optimal I(X;Z) 1.3779555636256637
    took 37.5048s
stopping criterion met