X=[-3  0  3], N=200, M=3, Sigma=0.75
start=-8, end=8
max_iter=10, stop_thres=0.0001
mode=3

iter 0
    given input distribution [0.24       0.63333333 0.12666667]
    optimal quantizer [-8.   -1.6   1.68  8.  ]
    optimal input distribution [0.34336635 0.3188438  0.33778985]
    optimal I(X;Z) 1.3663548175102307
    took 36.9632s
iter 1
    given input distribution [0.34336635 0.3188438  0.33778985]
    optimal quantizer [-8.   -1.52  1.52  8.  ]
    optimal input distribution [0.34589802 0.30820397 0.34589802]
    optimal I(X;Z) 1.3779904800560274
    took 37.4355s
iter 2
    given input distribution [0.34589802 0.30820397 0.34589802]
    optimal quantizer [-8.   -1.52  1.52  8.  ]
    optimal input distribution [0.34589802 0.30820397 0.34589802]
    optimal I(X;Z) 1.3779904800560274
    took 37.5500s
stopping criterion met