X=[-3  0  3], N=200, M=3, Sigma=0.75
start=-8, end=8
max_iter=10, stop_thres=0.0001
mode=3

iter 0
    given input distribution [0.04371585 0.42622951 0.53005464]
    optimal quantizer [-8.   -1.76  1.44  8.  ]
    optimal input distribution [0.33325473 0.31337662 0.35336865]
    optimal I(X;Z) 1.3607465355672326
    took 36.6772s
iter 1
    given input distribution [0.33325473 0.31337662 0.35336865]
    optimal quantizer [-8.   -1.52  1.52  8.  ]
    optimal input distribution [0.34589802 0.30820397 0.34589802]
    optimal I(X;Z) 1.3779904800560274
    took 36.8413s
iter 2
    given input distribution [0.34589802 0.30820397 0.34589802]
    optimal quantizer [-8.   -1.52  1.52  8.  ]
    optimal input distribution [0.34589802 0.30820397 0.34589802]
    optimal I(X;Z) 1.3779904800560274
    took 37.0531s
stopping criterion met