X=[-3  0  3], N=200, M=3, Sigma=0.75
start=-8, end=8
max_iter=10, stop_thres=0.0001
mode=3

iter 0
    given input distribution [0.8  0.18 0.02]
    optimal quantizer [-8.   -1.28  1.76  8.  ]
    optimal input distribution [0.36022552 0.30330625 0.33646822]
    optimal I(X;Z) 1.351976225917263
    took 36.6868s
iter 1
    given input distribution [0.36022552 0.30330625 0.33646822]
    optimal quantizer [-8.   -1.44  1.52  8.  ]
    optimal input distribution [0.34970161 0.30408528 0.34621311]
    optimal I(X;Z) 1.3779555636256637
    took 36.7954s
iter 2
    given input distribution [0.34970161 0.30408528 0.34621311]
    optimal quantizer [-8.   -1.44  1.52  8.  ]
    optimal input distribution [0.34970161 0.30408528 0.34621311]
    optimal I(X;Z) 1.3779555636256637
    took 37.2001s
stopping criterion met