X=[-3  0  3], N=200, M=3, Sigma=0.75
start=-8, end=8
max_iter=10, stop_thres=0.0001
mode=3

iter 0
    given input distribution [0.50306748 0.37423313 0.12269939]
    optimal quantizer [-8.   -1.44  1.68  8.  ]
    optimal input distribution [0.35140457 0.31076925 0.33782617]
    optimal I(X;Z) 1.3692902588012537
    took 36.1072s
iter 1
    given input distribution [0.35140457 0.31076925 0.33782617]
    optimal quantizer [-8.   -1.52  1.52  8.  ]
    optimal input distribution [0.34589802 0.30820397 0.34589802]
    optimal I(X;Z) 1.3779904800560274
    took 36.0281s
iter 2
    given input distribution [0.34589802 0.30820397 0.34589802]
    optimal quantizer [-8.   -1.52  1.52  8.  ]
    optimal input distribution [0.34589802 0.30820397 0.34589802]
    optimal I(X;Z) 1.3779904800560274
    took 36.3153s
stopping criterion met