X=[-3  0  3], N=200, M=3, Sigma=0.75
start=-8, end=8
max_iter=10, stop_thres=0.0001
mode=3

iter 0
    given input distribution [0.47794118 0.22058824 0.30147059]
    optimal quantizer [-8.   -1.36  1.44  8.  ]
    optimal input distribution [0.35347155 0.29549144 0.351037  ]
    optimal I(X;Z) 1.3750445070016277
    took 36.2209s
iter 1
    given input distribution [0.35347155 0.29549144 0.351037  ]
    optimal quantizer [-8.   -1.44  1.44  8.  ]
    optimal input distribution [0.34998891 0.30002217 0.34998891]
    optimal I(X;Z) 1.3779454284966124
    took 35.9250s
iter 2
    given input distribution [0.34998891 0.30002217 0.34998891]
    optimal quantizer [-8.   -1.44  1.44  8.  ]
    optimal input distribution [0.34998891 0.30002217 0.34998891]
    optimal I(X;Z) 1.3779454284966124
    took 35.6516s
stopping criterion met