X=[-3  0  3], N=200, M=3, Sigma=0.75
start=-8, end=8
max_iter=10, stop_thres=0.0001
mode=3

iter 0
    given input distribution [0.12765957 0.23404255 0.63829787]
    optimal quantizer [-8.   -1.6   1.36  8.  ]
    optimal input distribution [0.34326552 0.30303281 0.35370167]
    optimal I(X;Z) 1.372089468482298
    took 37.4928s
iter 1
    given input distribution [0.34326552 0.30303281 0.35370167]
    optimal quantizer [-8.   -1.52  1.44  8.  ]
    optimal input distribution [0.34621311 0.30408528 0.34970161]
    optimal I(X;Z) 1.3779555636256577
    took 37.6650s
iter 2
    given input distribution [0.34621311 0.30408528 0.34970161]
    optimal quantizer [-8.   -1.52  1.44  8.  ]
    optimal input distribution [0.34621311 0.30408528 0.34970161]
    optimal I(X;Z) 1.3779555636256577
    took 37.4080s
stopping criterion met