X=[-3  0  3], N=200, M=3, Sigma=0.75
start=-8, end=8
max_iter=10, stop_thres=0.0001
mode=3

iter 0
    given input distribution [0.15044248 0.76106195 0.08849558]
    optimal quantizer [-8.   -1.68  1.76  8.  ]
    optimal input distribution [0.34074916 0.32508131 0.33416952]
    optimal I(X;Z) 1.3517210057636582
    took 36.5702s
iter 1
    given input distribution [0.34074916 0.32508131 0.33416952]
    optimal quantizer [-8.   -1.52  1.52  8.  ]
    optimal input distribution [0.34589802 0.30820397 0.34589802]
    optimal I(X;Z) 1.3779904800560274
    took 36.2579s
iter 2
    given input distribution [0.34589802 0.30820397 0.34589802]
    optimal quantizer [-8.   -1.52  1.52  8.  ]
    optimal input distribution [0.34589802 0.30820397 0.34589802]
    optimal I(X;Z) 1.3779904800560274
    took 36.5970s
stopping criterion met