X=[-3  0  3], N=200, M=3, Sigma=0.75
start=-8, end=8
max_iter=10, stop_thres=0.0001
mode=3

iter 0
    given input distribution [0.29032258 0.07258065 0.63709677]
    optimal quantizer [-8.   -1.28  1.2   8.  ]
    optimal input distribution [0.36199398 0.27562676 0.36237926]
    optimal I(X;Z) 1.3528518583743008
    took 37.1635s
iter 1
    given input distribution [0.36199398 0.27562676 0.36237926]
    optimal quantizer [-8.   -1.44  1.44  8.  ]
    optimal input distribution [0.34998891 0.30002217 0.34998891]
    optimal I(X;Z) 1.3779454284966124
    took 37.3986s
iter 2
    given input distribution [0.34998891 0.30002217 0.34998891]
    optimal quantizer [-8.   -1.44  1.44  8.  ]
    optimal input distribution [0.34998891 0.30002217 0.34998891]
    optimal I(X;Z) 1.3779454284966124
    took 37.3795s
stopping criterion met