X=[-3  0  3], N=200, M=3, Sigma=0.75
start=-8, end=8
max_iter=10, stop_thres=0.0001
mode=3

iter 0
    given input distribution [0.45539906 0.13615023 0.4084507 ]
    optimal quantizer [-8.   -1.36  1.36  8.  ]
    optimal input distribution [0.35450405 0.29099189 0.35450405]
    optimal I(X;Z) 1.3722086402530167
    took 37.4568s
iter 1
    given input distribution [0.35450405 0.29099189 0.35450405]
    optimal quantizer [-8.   -1.44  1.44  8.  ]
    optimal input distribution [0.34998891 0.30002217 0.34998891]
    optimal I(X;Z) 1.3779454284966124
    took 37.4076s
iter 2
    given input distribution [0.34998891 0.30002217 0.34998891]
    optimal quantizer [-8.   -1.44  1.44  8.  ]
    optimal input distribution [0.34998891 0.30002217 0.34998891]
    optimal I(X;Z) 1.3779454284966124
    took 37.9030s
stopping criterion met