X=[-3  0  3], N=200, M=3, Sigma=0.75
start=-8, end=8
max_iter=10, stop_thres=0.0001
mode=3

iter 0
    given input distribution [0.05839416 0.61313869 0.32846715]
    optimal quantizer [-8.   -1.84  1.6   8.  ]
    optimal input distribution [0.32818716 0.32396457 0.34784827]
    optimal I(X;Z) 1.3463677415677333
    took 36.1530s
iter 1
    given input distribution [0.32818716 0.32396457 0.34784827]
    optimal quantizer [-8.   -1.52  1.52  8.  ]
    optimal input distribution [0.34589802 0.30820397 0.34589802]
    optimal I(X;Z) 1.3779904800560274
    took 35.8397s
iter 2
    given input distribution [0.34589802 0.30820397 0.34589802]
    optimal quantizer [-8.   -1.52  1.52  8.  ]
    optimal input distribution [0.34589802 0.30820397 0.34589802]
    optimal I(X;Z) 1.3779904800560274
    took 36.0252s
stopping criterion met