X=[-3  0  3], N=200, M=3, Sigma=0.75
start=-8, end=8
max_iter=10, stop_thres=0.0001
mode=3

iter 0
    given input distribution [0.28104575 0.45098039 0.26797386]
    optimal quantizer [-8.  -1.6  1.6  8. ]
    optimal input distribution [0.34220896 0.31558208 0.34220896]
    optimal I(X;Z) 1.3721830041403051
    took 36.8994s
iter 1
    given input distribution [0.34220896 0.31558208 0.34220896]
    optimal quantizer [-8.   -1.52  1.52  8.  ]
    optimal input distribution [0.34589802 0.30820397 0.34589802]
    optimal I(X;Z) 1.3779904800560274
    took 36.9303s
iter 2
    given input distribution [0.34589802 0.30820397 0.34589802]
    optimal quantizer [-8.   -1.52  1.52  8.  ]
    optimal input distribution [0.34589802 0.30820397 0.34589802]
    optimal I(X;Z) 1.3779904800560274
    took 36.4699s
stopping criterion met