X=[-3  0  3], N=200, M=3, Sigma=0.75
start=-8, end=8
max_iter=10, stop_thres=0.0001
mode=3

iter 0
    given input distribution [0.71186441 0.25423729 0.03389831]
    optimal quantizer [-8.   -1.36  1.76  8.  ]
    optimal input distribution [0.35695587 0.30856397 0.33448017]
    optimal I(X;Z) 1.357804007053438
    took 35.8254s
iter 1
    given input distribution [0.35695587 0.30856397 0.33448017]
    optimal quantizer [-8.   -1.44  1.52  8.  ]
    optimal input distribution [0.34970161 0.30408528 0.34621311]
    optimal I(X;Z) 1.3779555636256637
    took 35.9769s
iter 2
    given input distribution [0.34970161 0.30408528 0.34621311]
    optimal quantizer [-8.   -1.44  1.52  8.  ]
    optimal input distribution [0.34970161 0.30408528 0.34621311]
    optimal I(X;Z) 1.3779555636256637
    took 36.3680s
stopping criterion met