X=[-3  0  3], N=200, M=3, Sigma=0.75
start=-8, end=8
max_iter=10, stop_thres=0.0001
mode=3

iter 0
    given input distribution [0.65546218 0.23529412 0.1092437 ]
    optimal quantizer [-8.   -1.36  1.6   8.  ]
    optimal input distribution [0.35370167 0.30303281 0.34326552]
    optimal I(X;Z) 1.372089468482304
    took 37.4367s
iter 1
    given input distribution [0.35370167 0.30303281 0.34326552]
    optimal quantizer [-8.   -1.44  1.52  8.  ]
    optimal input distribution [0.34970161 0.30408528 0.34621311]
    optimal I(X;Z) 1.3779555636256637
    took 37.6200s
iter 2
    given input distribution [0.34970161 0.30408528 0.34621311]
    optimal quantizer [-8.   -1.44  1.52  8.  ]
    optimal input distribution [0.34970161 0.30408528 0.34621311]
    optimal I(X;Z) 1.3779555636256637
    took 37.8827s
stopping criterion met