X=[-3  0  3], N=200, M=3, Sigma=0.75
start=-8, end=8
max_iter=10, stop_thres=0.0001
mode=3

iter 0
    given input distribution [0.11111111 0.77777778 0.11111111]
    optimal quantizer [-8.   -1.76  1.76  8.  ]
    optimal input distribution [0.33596719 0.32806563 0.33596719]
    optimal I(X;Z) 1.342865956546385
    took 37.0333s
iter 1
    given input distribution [0.33596719 0.32806563 0.33596719]
    optimal quantizer [-8.   -1.52  1.52  8.  ]
    optimal input distribution [0.34589802 0.30820397 0.34589802]
    optimal I(X;Z) 1.3779904800560274
    took 37.3392s
iter 2
    given input distribution [0.34589802 0.30820397 0.34589802]
    optimal quantizer [-8.   -1.52  1.52  8.  ]
    optimal input distribution [0.34589802 0.30820397 0.34589802]
    optimal I(X;Z) 1.3779904800560274
    took 37.3239s
stopping criterion met