X=[-3  0  3], N=200, M=3, Sigma=0.75
start=-8, end=8
max_iter=10, stop_thres=0.0001
mode=3

iter 0
    given input distribution [0.39189189 0.         0.60810811]
    optimal quantizer [-8.   -0.32  0.24  8.  ]
    optimal input distribution [0.4811064 0.039212  0.4796816]
    optimal I(X;Z) 1.0153868166523454
    took 36.3543s
iter 1
    given input distribution [0.4811064 0.039212  0.4796816]
    optimal quantizer [-8.  -1.2  1.2  8. ]
    optimal input distribution [0.36492128 0.27015745 0.36492128]
    optimal I(X;Z) 1.3448039459975365
    took 36.6714s
iter 2
    given input distribution [0.36492128 0.27015745 0.36492128]
    optimal quantizer [-8.   -1.44  1.44  8.  ]
    optimal input distribution [0.34998891 0.30002217 0.34998891]
    optimal I(X;Z) 1.3779454284966124
    took 36.4552s
iter 3
    given input distribution [0.34998891 0.30002217 0.34998891]
    optimal quantizer [-8.   -1.44  1.44  8.  ]
    optimal input distribution [0.34998891 0.30002217 0.34998891]
    optimal I(X;Z) 1.3779454284966124
    took 36.5102s
stopping criterion met