X=[-3  0  3], N=200, M=3, Sigma=0.75
start=-8, end=8
max_iter=10, stop_thres=0.0001
mode=3

iter 0
    given input distribution [0.43181818 0.02272727 0.54545455]
    optimal quantizer [-8.   -1.12  1.04  8.  ]
    optimal input distribution [0.37486567 0.25173248 0.37340185]
    optimal I(X;Z) 1.3113786499385351
    took 37.1937s
iter 1
    given input distribution [0.37486567 0.25173248 0.37340185]
    optimal quantizer [-8.   -1.44  1.44  8.  ]
    optimal input distribution [0.34998891 0.30002217 0.34998891]
    optimal I(X;Z) 1.3779454284966124
    took 37.0319s
iter 2
    given input distribution [0.34998891 0.30002217 0.34998891]
    optimal quantizer [-8.   -1.44  1.44  8.  ]
    optimal input distribution [0.34998891 0.30002217 0.34998891]
    optimal I(X;Z) 1.3779454284966124
    took 36.9386s
stopping criterion met