X=[-3  0  3], N=200, M=3, Sigma=0.75
start=-8, end=8
max_iter=10, stop_thres=0.0001
mode=3

iter 0
    given input distribution [0.58024691 0.20987654 0.20987654]
    optimal quantizer [-8.   -1.36  1.52  8.  ]
    optimal input distribution [0.3532033  0.29950908 0.34728762]
    optimal I(X;Z) 1.375010030067865
    took 36.5796s
iter 1
    given input distribution [0.3532033  0.29950908 0.34728762]
    optimal quantizer [-8.   -1.44  1.44  8.  ]
    optimal input distribution [0.34998891 0.30002217 0.34998891]
    optimal I(X;Z) 1.3779454284966124
    took 36.1880s
iter 2
    given input distribution [0.34998891 0.30002217 0.34998891]
    optimal quantizer [-8.   -1.44  1.44  8.  ]
    optimal input distribution [0.34998891 0.30002217 0.34998891]
    optimal I(X;Z) 1.3779454284966124
    took 36.7838s
stopping criterion met