X=[-3  0  3], N=200, M=3, Sigma=0.75
start=-8, end=8
max_iter=10, stop_thres=0.0001
mode=3

iter 0
    given input distribution [0.92857143 0.         0.07142857]
    optimal quantizer [-8.   -0.08  0.48  8.  ]
    optimal input distribution [0.47682869 0.03931629 0.48385502]
    optimal I(X;Z) 1.0145429951455827
    took 36.1682s
iter 1
    given input distribution [0.47682869 0.03931629 0.48385502]
    optimal quantizer [-8.  -1.2  1.2  8. ]
    optimal input distribution [0.36492128 0.27015745 0.36492128]
    optimal I(X;Z) 1.3448039459975365
    took 36.7459s
iter 2
    given input distribution [0.36492128 0.27015745 0.36492128]
    optimal quantizer [-8.   -1.44  1.44  8.  ]
    optimal input distribution [0.34998891 0.30002217 0.34998891]
    optimal I(X;Z) 1.3779454284966124
    took 36.4086s
iter 3
    given input distribution [0.34998891 0.30002217 0.34998891]
    optimal quantizer [-8.   -1.44  1.44  8.  ]
    optimal input distribution [0.34998891 0.30002217 0.34998891]
    optimal I(X;Z) 1.3779454284966124
    took 35.9277s
stopping criterion met