X=[-3  0  3], N=200, M=3, Sigma=0.75
start=-8, end=8
max_iter=10, stop_thres=0.0001
mode=3

iter 0
    given input distribution [0.195 0.365 0.44 ]
    optimal quantizer [-8.   -1.6   1.44  8.  ]
    optimal input distribution [0.34215346 0.3076702  0.35017633]
    optimal I(X;Z) 1.3750576494855027
    took 36.1534s
iter 1
    given input distribution [0.34215346 0.3076702  0.35017633]
    optimal quantizer [-8.   -1.52  1.52  8.  ]
    optimal input distribution [0.34589802 0.30820397 0.34589802]
    optimal I(X;Z) 1.3779904800560274
    took 36.1920s
iter 2
    given input distribution [0.34589802 0.30820397 0.34589802]
    optimal quantizer [-8.   -1.52  1.52  8.  ]
    optimal input distribution [0.34589802 0.30820397 0.34589802]
    optimal I(X;Z) 1.3779904800560274
    took 36.4232s
stopping criterion met