X=[-3  0  3], N=200, M=3, Sigma=0.75
start=-8, end=8
max_iter=10, stop_thres=0.0001
mode=3

iter 0
    given input distribution [0.04347826 0.51449275 0.44202899]
    optimal quantizer [-8.   -1.84  1.52  8.  ]
    optimal input distribution [0.32794256 0.3199577  0.35209973]
    optimal I(X;Z) 1.349477012316342
    took 35.1639s
iter 1
    given input distribution [0.32794256 0.3199577  0.35209973]
    optimal quantizer [-8.   -1.52  1.52  8.  ]
    optimal input distribution [0.34589802 0.30820397 0.34589802]
    optimal I(X;Z) 1.3779904800560274
    took 35.5040s
iter 2
    given input distribution [0.34589802 0.30820397 0.34589802]
    optimal quantizer [-8.   -1.52  1.52  8.  ]
    optimal input distribution [0.34589802 0.30820397 0.34589802]
    optimal I(X;Z) 1.3779904800560274
    took 35.7576s
stopping criterion met