X=[-3  0  3], N=200, M=3, Sigma=0.75
start=-8, end=8
max_iter=10, stop_thres=0.0001
mode=3

iter 0
    given input distribution [0.43165468 0.49640288 0.07194245]
    optimal quantizer [-8.   -1.52  1.76  8.  ]
    optimal input distribution [0.34946597 0.31773624 0.33279779]
    optimal I(X;Z) 1.3607211380853947
    took 37.5707s
iter 1
    given input distribution [0.34946597 0.31773624 0.33279779]
    optimal quantizer [-8.   -1.52  1.52  8.  ]
    optimal input distribution [0.34589802 0.30820397 0.34589802]
    optimal I(X;Z) 1.3779904800560274
    took 37.4550s
iter 2
    given input distribution [0.34589802 0.30820397 0.34589802]
    optimal quantizer [-8.   -1.52  1.52  8.  ]
    optimal input distribution [0.34589802 0.30820397 0.34589802]
    optimal I(X;Z) 1.3779904800560274
    took 37.5418s
stopping criterion met