X=[-3  0  3], N=200, M=3, Sigma=0.75
start=-8, end=8
max_iter=10, stop_thres=0.0001
mode=3

iter 0
    given input distribution [0.1741573  0.4494382  0.37640449]
    optimal quantizer [-8.   -1.6   1.52  8.  ]
    optimal input distribution [0.34180147 0.31185592 0.34634261]
    optimal I(X;Z) 1.3750958040540984
    took 36.4825s
iter 1
    given input distribution [0.34180147 0.31185592 0.34634261]
    optimal quantizer [-8.   -1.52  1.52  8.  ]
    optimal input distribution [0.34589802 0.30820397 0.34589802]
    optimal I(X;Z) 1.3779904800560274
    took 37.5802s
iter 2
    given input distribution [0.34589802 0.30820397 0.34589802]
    optimal quantizer [-8.   -1.52  1.52  8.  ]
    optimal input distribution [0.34589802 0.30820397 0.34589802]
    optimal I(X;Z) 1.3779904800560274
    took 36.6116s
stopping criterion met