X=[-3  0  3], N=200, M=3, Sigma=0.75
start=-8, end=8
max_iter=10, stop_thres=0.0001
mode=3

iter 0
    given input distribution [0.1483871  0.54193548 0.30967742]
    optimal quantizer [-8.   -1.68  1.6   8.  ]
    optimal input distribution [0.33778985 0.3188438  0.34336634]
    optimal I(X;Z) 1.3663548173426316
    took 36.4778s
iter 1
    given input distribution [0.33778985 0.3188438  0.34336634]
    optimal quantizer [-8.   -1.52  1.52  8.  ]
    optimal input distribution [0.34589802 0.30820397 0.34589802]
    optimal I(X;Z) 1.3779904800560274
    took 36.3687s
iter 2
    given input distribution [0.34589802 0.30820397 0.34589802]
    optimal quantizer [-8.   -1.52  1.52  8.  ]
    optimal input distribution [0.34589802 0.30820397 0.34589802]
    optimal I(X;Z) 1.3779904800560274
    took 36.5046s
stopping criterion met