X=[-3  0  3], N=200, M=3, Sigma=0.75
start=-8, end=8
max_iter=10, stop_thres=0.0001
mode=3

iter 0
    given input distribution [0.72727273 0.1322314  0.14049587]
    optimal quantizer [-8.   -1.28  1.52  8.  ]
    optimal input distribution [0.35640028 0.29448774 0.34911198]
    optimal I(X;Z) 1.3692284279083677
    took 36.4300s
iter 1
    given input distribution [0.35640028 0.29448774 0.34911198]
    optimal quantizer [-8.   -1.44  1.44  8.  ]
    optimal input distribution [0.34998891 0.30002217 0.34998891]
    optimal I(X;Z) 1.3779454284966124
    took 36.6109s
iter 2
    given input distribution [0.34998891 0.30002217 0.34998891]
    optimal quantizer [-8.   -1.44  1.44  8.  ]
    optimal input distribution [0.34998891 0.30002217 0.34998891]
    optimal I(X;Z) 1.3779454284966124
    took 36.8339s
stopping criterion met