X=[-3  0  3], N=200, M=3, Sigma=0.75
start=-8, end=8
max_iter=10, stop_thres=0.0001
mode=3

iter 0
    given input distribution [0.20143885 0.68345324 0.11510791]
    optimal quantizer [-8.   -1.68  1.76  8.  ]
    optimal input distribution [0.34074916 0.32508131 0.33416952]
    optimal I(X;Z) 1.3517210057636582
    took 37.3383s
iter 1
    given input distribution [0.34074916 0.32508131 0.33416952]
    optimal quantizer [-8.   -1.52  1.52  8.  ]
    optimal input distribution [0.34589802 0.30820397 0.34589802]
    optimal I(X;Z) 1.3779904800560274
    took 37.1715s
iter 2
    given input distribution [0.34589802 0.30820397 0.34589802]
    optimal quantizer [-8.   -1.52  1.52  8.  ]
    optimal input distribution [0.34589802 0.30820397 0.34589802]
    optimal I(X;Z) 1.3779904800560274
    took 36.6133s
stopping criterion met