X=[-3  0  3], N=200, M=3, Sigma=0.75
start=-8, end=8
max_iter=10, stop_thres=0.0001
mode=3

iter 0
    given input distribution [0.02298851 0.59770115 0.37931034]
    optimal quantizer [-8.   -1.92  1.52  8.  ]
    optimal input distribution [0.3228992  0.32169729 0.35540351]
    optimal I(X;Z) 1.3357672985040394
    took 35.4905s
iter 1
    given input distribution [0.3228992  0.32169729 0.35540351]
    optimal quantizer [-8.   -1.52  1.52  8.  ]
    optimal input distribution [0.34589802 0.30820397 0.34589802]
    optimal I(X;Z) 1.3779904800560274
    took 35.7799s
iter 2
    given input distribution [0.34589802 0.30820397 0.34589802]
    optimal quantizer [-8.   -1.52  1.52  8.  ]
    optimal input distribution [0.34589802 0.30820397 0.34589802]
    optimal I(X;Z) 1.3779904800560274
    took 36.6398s
stopping criterion met