X=[-3  0  3], N=200, M=3, Sigma=0.75
start=-8, end=8
max_iter=10, stop_thres=0.0001
mode=3

iter 0
    given input distribution [0.78095238 0.18095238 0.03809524]
    optimal quantizer [-8.   -1.28  1.68  8.  ]
    optimal input distribution [0.35819683 0.30089741 0.34090575]
    optimal I(X;Z) 1.3604856007380979
    took 36.3876s
iter 1
    given input distribution [0.35819683 0.30089741 0.34090575]
    optimal quantizer [-8.   -1.44  1.52  8.  ]
    optimal input distribution [0.34970161 0.30408528 0.34621311]
    optimal I(X;Z) 1.3779555636256637
    took 36.4871s
iter 2
    given input distribution [0.34970161 0.30408528 0.34621311]
    optimal quantizer [-8.   -1.44  1.52  8.  ]
    optimal input distribution [0.34970161 0.30408528 0.34621311]
    optimal I(X;Z) 1.3779555636256637
    took 37.3524s
stopping criterion met