X=[-3  0  3], N=200, M=3, Sigma=0.75
start=-8, end=8
max_iter=10, stop_thres=0.0001
mode=3

iter 0
    given input distribution [0.13709677 0.64516129 0.21774194]
    optimal quantizer [-8.   -1.68  1.68  8.  ]
    optimal input distribution [0.33890348 0.32219304 0.33890348]
    optimal I(X;Z) 1.3604624323915928
    took 35.5527s
iter 1
    given input distribution [0.33890348 0.32219304 0.33890348]
    optimal quantizer [-8.   -1.52  1.52  8.  ]
    optimal input distribution [0.34589802 0.30820397 0.34589802]
    optimal I(X;Z) 1.3779904800560274
    took 35.7480s
iter 2
    given input distribution [0.34589802 0.30820397 0.34589802]
    optimal quantizer [-8.   -1.52  1.52  8.  ]
    optimal input distribution [0.34589802 0.30820397 0.34589802]
    optimal I(X;Z) 1.3779904800560274
    took 36.5752s
stopping criterion met