X=[-4 -2  0  2  4], N=50, M=5, Sigma=1
start=-8, end=8
max_iter=10, stop_thres=0.0001
mode=3

iter 0
    given input distribution [0.16460905 0.07407407 0.12757202 0.40740741 0.22633745]
    optimal quantizer [-8.   -2.56 -0.64  0.96  3.2   8.  ]
    optimal input distribution [0.32047234 0.06702049 0.21061173 0.10711084 0.29478459]
    optimal I(X;Z) 1.3752754235667841
    took 1.6148s
iter 1
    given input distribution [0.32047234 0.06702049 0.21061173 0.10711084 0.29478459]
    optimal quantizer [-8.   -2.56 -1.28  1.28  2.88  8.  ]
    optimal input distribution [0.34365457 0.00711515 0.2895616  0.03197944 0.32768923]
    optimal I(X;Z) 1.4166287760266214
    took 1.6905s
iter 2
    given input distribution [0.34365457 0.00711515 0.2895616  0.03197944 0.32768923]
    optimal quantizer [-8.   -2.56 -1.6   1.28  2.56  8.  ]
    optimal input distribution [3.43873534e-01 2.29882685e-08 3.13264269e-01 1.39711849e-07
 3.42862031e-01]
    optimal I(X;Z) 1.4295063304967717
    took 1.6488s
iter 3
    given input distribution [3.43873534e-01 2.29882685e-08 3.13264269e-01 1.39711849e-07
 3.42862031e-01]
    optimal quantizer [-8.   -2.56 -1.6   1.6   2.56  8.  ]
    optimal input distribution [3.42621805e-01 1.25490714e-08 3.14756363e-01 1.25490714e-08
 3.42621805e-01]
    optimal I(X;Z) 1.4336032955322393
    took 1.6941s
iter 4
    given input distribution [3.42621805e-01 1.25490714e-08 3.14756363e-01 1.25490714e-08
 3.42621805e-01]
    optimal quantizer [-8.   -2.56 -1.6   1.6   2.56  8.  ]
    optimal input distribution [3.42621805e-01 1.25490714e-08 3.14756363e-01 1.25490714e-08
 3.42621805e-01]
    optimal I(X;Z) 1.4336032955322393
    took 1.6173s
stopping criterion met