X=[-4 -2  0  2  4], N=50, M=5, Sigma=1
start=-8, end=8
max_iter=10, stop_thres=0.0001
mode=3

iter 0
    given input distribution [0.30952381 0.         0.02380952 0.52380952 0.14285714]
    optimal quantizer [-8.   -1.6   0.32  2.56  3.84  8.  ]
    optimal input distribution [3.62506314e-01 6.09179062e-10 2.37169107e-01 9.45212324e-02
 3.05803346e-01]
    optimal I(X;Z) 1.3671393373296927
    took 1.6073s
iter 1
    given input distribution [3.62506314e-01 6.09179062e-10 2.37169107e-01 9.45212324e-02
 3.05803346e-01]
    optimal quantizer [-8.   -1.92  0.64  1.92  3.2   8.  ]
    optimal input distribution [3.43445406e-01 3.67328550e-09 2.75147397e-01 6.20627394e-02
 3.19344451e-01]
    optimal I(X;Z) 1.4164140128806995
    took 1.5998s
iter 2
    given input distribution [3.43445406e-01 3.67328550e-09 2.75147397e-01 6.20627394e-02
 3.19344451e-01]
    optimal quantizer [-8.   -2.56 -1.6   1.28  2.56  8.  ]
    optimal input distribution [3.43873534e-01 2.29882685e-08 3.13264269e-01 1.39711849e-07
 3.42862031e-01]
    optimal I(X;Z) 1.4295063304967717
    took 1.6407s
iter 3
    given input distribution [3.43873534e-01 2.29882685e-08 3.13264269e-01 1.39711849e-07
 3.42862031e-01]
    optimal quantizer [-8.   -2.56 -1.6   1.6   2.56  8.  ]
    optimal input distribution [3.42621805e-01 1.25490714e-08 3.14756363e-01 1.25490714e-08
 3.42621805e-01]
    optimal I(X;Z) 1.4336032955322393
    took 1.6304s
iter 4
    given input distribution [3.42621805e-01 1.25490714e-08 3.14756363e-01 1.25490714e-08
 3.42621805e-01]
    optimal quantizer [-8.   -2.56 -1.6   1.6   2.56  8.  ]
    optimal input distribution [3.42621805e-01 1.25490714e-08 3.14756363e-01 1.25490714e-08
 3.42621805e-01]
    optimal I(X;Z) 1.4336032955322393
    took 1.6134s
stopping criterion met