X=[-4 -2  0  2  4], N=50, M=5, Sigma=1
start=-8, end=8
max_iter=10, stop_thres=0.0001
mode=3

iter 0
    given input distribution [0.43165468 0.49640288 0.07194245 0.         0.        ]
    optimal quantizer [-8.   -3.84 -2.88 -1.92 -0.32  8.  ]
    optimal input distribution [3.29680171e-01 2.35318774e-01 2.08229328e-09 1.30125217e-08
 4.35001039e-01]
    optimal I(X;Z) 1.1648157296675095
    took 1.6938s
iter 1
    given input distribution [3.29680171e-01 2.35318774e-01 2.08229328e-09 1.30125217e-08
 4.35001039e-01]
    optimal quantizer [-8.   -3.84 -2.88 -1.92  0.96  8.  ]
    optimal input distribution [3.44602563e-01 7.43674615e-02 2.10569672e-01 1.77365059e-09
 3.70460300e-01]
    optimal I(X;Z) 1.289663798562586
    took 1.6526s
iter 2
    given input distribution [3.44602563e-01 7.43674615e-02 2.10569672e-01 1.77365059e-09
 3.70460300e-01]
    optimal quantizer [-8.   -3.2  -1.92 -0.64  1.92  8.  ]
    optimal input distribution [3.19344451e-01 6.20627394e-02 2.75147397e-01 3.67318522e-09
 3.43445406e-01]
    optimal I(X;Z) 1.4164140128807463
    took 1.6638s
iter 3
    given input distribution [3.19344451e-01 6.20627394e-02 2.75147397e-01 3.67318522e-09
 3.43445406e-01]
    optimal quantizer [-8.   -2.56 -1.28  1.6   2.56  8.  ]
    optimal input distribution [3.42862031e-01 1.39710730e-07 3.13264269e-01 2.29880628e-08
 3.43873534e-01]
    optimal I(X;Z) 1.4295063304968418
    took 1.6596s
iter 4
    given input distribution [3.42862031e-01 1.39710730e-07 3.13264269e-01 2.29880628e-08
 3.43873534e-01]
    optimal quantizer [-8.   -2.56 -1.6   1.6   2.56  8.  ]
    optimal input distribution [3.42621805e-01 1.25490714e-08 3.14756363e-01 1.25490714e-08
 3.42621805e-01]
    optimal I(X;Z) 1.4336032955322393
    took 1.6464s
iter 5
    given input distribution [3.42621805e-01 1.25490714e-08 3.14756363e-01 1.25490714e-08
 3.42621805e-01]
    optimal quantizer [-8.   -2.56 -1.6   1.6   2.56  8.  ]
    optimal input distribution [3.42621805e-01 1.25490714e-08 3.14756363e-01 1.25490714e-08
 3.42621805e-01]
    optimal I(X;Z) 1.4336032955322393
    took 1.6546s
stopping criterion met