X=[-4 -2  0  2  4], N=50, M=5, Sigma=1
start=-8, end=8
max_iter=10, stop_thres=0.0001
mode=3

iter 0
    given input distribution [0.07692308 0.23076923 0.25641026 0.31623932 0.11965812]
    optimal quantizer [-8.   -2.88 -0.96  0.96  3.2   8.  ]
    optimal input distribution [0.3083392  0.09300349 0.19683138 0.10659204 0.29523389]
    optimal I(X;Z) 1.3781990577342245
    took 1.5821s
iter 1
    given input distribution [0.3083392  0.09300349 0.19683138 0.10659204 0.29523389]
    optimal quantizer [-8.   -2.56 -0.96  1.28  2.88  8.  ]
    optimal input distribution [0.33051874 0.03015638 0.27054987 0.04420349 0.32457151]
    optimal I(X;Z) 1.4094039813503556
    took 1.5818s
iter 2
    given input distribution [0.33051874 0.03015638 0.27054987 0.04420349 0.32457151]
    optimal quantizer [-8.   -2.56 -1.28  1.28  2.56  8.  ]
    optimal input distribution [3.44098935e-01 9.26741731e-07 3.11800274e-01 9.26741731e-07
 3.44098935e-01]
    optimal I(X;Z) 1.4251612901352058
    took 1.5742s
iter 3
    given input distribution [3.44098935e-01 9.26741731e-07 3.11800274e-01 9.26741731e-07
 3.44098935e-01]
    optimal quantizer [-8.   -2.56 -1.6   1.6   2.56  8.  ]
    optimal input distribution [3.42621805e-01 1.25490714e-08 3.14756363e-01 1.25490714e-08
 3.42621805e-01]
    optimal I(X;Z) 1.4336032955322393
    took 1.6000s
iter 4
    given input distribution [3.42621805e-01 1.25490714e-08 3.14756363e-01 1.25490714e-08
 3.42621805e-01]
    optimal quantizer [-8.   -2.56 -1.6   1.6   2.56  8.  ]
    optimal input distribution [3.42621805e-01 1.25490714e-08 3.14756363e-01 1.25490714e-08
 3.42621805e-01]
    optimal I(X;Z) 1.4336032955322393
    took 1.5882s
stopping criterion met