X=[-4 -2  0  2  4], N=50, M=5, Sigma=1
start=-8, end=8
max_iter=10, stop_thres=0.0001
mode=3

iter 0
    given input distribution [0.31921824 0.3029316  0.05863192 0.05863192 0.26058632]
    optimal quantizer [-8.   -3.2  -1.6   0.32  2.56  8.  ]
    optimal input distribution [0.33060919 0.04435237 0.28210803 0.01272631 0.33020409]
    optimal I(X;Z) 1.3893262599653324
    took 1.6040s
iter 1
    given input distribution [0.33060919 0.04435237 0.28210803 0.01272631 0.33020409]
    optimal quantizer [-8.   -2.56 -1.28  1.6   2.56  8.  ]
    optimal input distribution [3.42862031e-01 1.39710730e-07 3.13264269e-01 2.29880628e-08
 3.43873534e-01]
    optimal I(X;Z) 1.4295063304968418
    took 1.5917s
iter 2
    given input distribution [3.42862031e-01 1.39710730e-07 3.13264269e-01 2.29880628e-08
 3.43873534e-01]
    optimal quantizer [-8.   -2.56 -1.6   1.6   2.56  8.  ]
    optimal input distribution [3.42621805e-01 1.25490714e-08 3.14756363e-01 1.25490714e-08
 3.42621805e-01]
    optimal I(X;Z) 1.4336032955322393
    took 1.5982s
iter 3
    given input distribution [3.42621805e-01 1.25490714e-08 3.14756363e-01 1.25490714e-08
 3.42621805e-01]
    optimal quantizer [-8.   -2.56 -1.6   1.6   2.56  8.  ]
    optimal input distribution [3.42621805e-01 1.25490714e-08 3.14756363e-01 1.25490714e-08
 3.42621805e-01]
    optimal I(X;Z) 1.4336032955322393
    took 1.5947s
stopping criterion met