X=[-4 -2  0  2  4], N=50, M=5, Sigma=1
start=-8, end=8
max_iter=10, stop_thres=0.0001
mode=3

iter 0
    given input distribution [0.06614786 0.31128405 0.10505837 0.21011673 0.307393  ]
    optimal quantizer [-8.   -3.2  -0.64  0.96  2.88  8.  ]
    optimal input distribution [0.28184135 0.13375066 0.16557658 0.11336906 0.30546235]
    optimal I(X;Z) 1.3622166841859924
    took 1.6211s
iter 1
    given input distribution [0.28184135 0.13375066 0.16557658 0.11336906 0.30546235]
    optimal quantizer [-8.   -2.88 -0.96  1.28  2.88  8.  ]
    optimal input distribution [0.31085937 0.06891174 0.24188815 0.05510779 0.32323294]
    optimal I(X;Z) 1.399651032459458
    took 1.6228s
iter 2
    given input distribution [0.31085937 0.06891174 0.24188815 0.05510779 0.32323294]
    optimal quantizer [-8.   -2.56 -1.28  1.28  2.56  8.  ]
    optimal input distribution [3.44098935e-01 9.26741731e-07 3.11800274e-01 9.26741731e-07
 3.44098935e-01]
    optimal I(X;Z) 1.4251612901352058
    took 1.6105s
iter 3
    given input distribution [3.44098935e-01 9.26741731e-07 3.11800274e-01 9.26741731e-07
 3.44098935e-01]
    optimal quantizer [-8.   -2.56 -1.6   1.6   2.56  8.  ]
    optimal input distribution [3.42621805e-01 1.25490714e-08 3.14756363e-01 1.25490714e-08
 3.42621805e-01]
    optimal I(X;Z) 1.4336032955322393
    took 1.6475s
iter 4
    given input distribution [3.42621805e-01 1.25490714e-08 3.14756363e-01 1.25490714e-08
 3.42621805e-01]
    optimal quantizer [-8.   -2.56 -1.6   1.6   2.56  8.  ]
    optimal input distribution [3.42621805e-01 1.25490714e-08 3.14756363e-01 1.25490714e-08
 3.42621805e-01]
    optimal I(X;Z) 1.4336032955322393
    took 1.6347s
stopping criterion met