X=[-4 -2  0  2  4], N=50, M=5, Sigma=1
start=-8, end=8
max_iter=10, stop_thres=0.0001
mode=3

iter 0
    given input distribution [0.43125 0.05625 0.      0.29375 0.21875]
    optimal quantizer [-8.   -2.56 -0.32  2.56  3.52  8.  ]
    optimal input distribution [3.43646150e-01 4.16151734e-08 3.24512373e-01 4.73369815e-08
 3.31841387e-01]
    optimal I(X;Z) 1.345290107645899
    took 1.6249s
iter 1
    given input distribution [3.43646150e-01 4.16151734e-08 3.24512373e-01 4.73369815e-08
 3.31841387e-01]
    optimal quantizer [-8.   -2.56 -1.6   1.6   2.56  8.  ]
    optimal input distribution [3.42621805e-01 1.25490714e-08 3.14756363e-01 1.25490714e-08
 3.42621805e-01]
    optimal I(X;Z) 1.4336032955322393
    took 1.6319s
iter 2
    given input distribution [3.42621805e-01 1.25490714e-08 3.14756363e-01 1.25490714e-08
 3.42621805e-01]
    optimal quantizer [-8.   -2.56 -1.6   1.6   2.56  8.  ]
    optimal input distribution [3.42621805e-01 1.25490714e-08 3.14756363e-01 1.25490714e-08
 3.42621805e-01]
    optimal I(X;Z) 1.4336032955322393
    took 1.6254s
stopping criterion met