X=[-4 -2  0  2  4], N=50, M=5, Sigma=1
start=-8, end=8
max_iter=10, stop_thres=0.0001
mode=3

iter 0
    given input distribution [0.18041237 0.13402062 0.07731959 0.48453608 0.12371134]
    optimal quantizer [-8.   -2.88 -0.64  0.96  3.2   8.  ]
    optimal input distribution [0.29790494 0.11406872 0.17204942 0.12360424 0.29237268]
    optimal I(X;Z) 1.3667338403720495
    took 1.6719s
iter 1
    given input distribution [0.29790494 0.11406872 0.17204942 0.12360424 0.29237268]
    optimal quantizer [-8.   -2.88 -1.28  0.96  2.88  8.  ]
    optimal input distribution [0.32323294 0.05510779 0.24188815 0.06891174 0.31085937]
    optimal I(X;Z) 1.3996510324594587
    took 1.6917s
iter 2
    given input distribution [0.32323294 0.05510779 0.24188815 0.06891174 0.31085937]
    optimal quantizer [-8.   -2.56 -1.28  1.28  2.56  8.  ]
    optimal input distribution [3.44098935e-01 9.26741731e-07 3.11800274e-01 9.26741731e-07
 3.44098935e-01]
    optimal I(X;Z) 1.4251612901352058
    took 1.6486s
iter 3
    given input distribution [3.44098935e-01 9.26741731e-07 3.11800274e-01 9.26741731e-07
 3.44098935e-01]
    optimal quantizer [-8.   -2.56 -1.6   1.6   2.56  8.  ]
    optimal input distribution [3.42621805e-01 1.25490714e-08 3.14756363e-01 1.25490714e-08
 3.42621805e-01]
    optimal I(X;Z) 1.4336032955322393
    took 1.6909s
iter 4
    given input distribution [3.42621805e-01 1.25490714e-08 3.14756363e-01 1.25490714e-08
 3.42621805e-01]
    optimal quantizer [-8.   -2.56 -1.6   1.6   2.56  8.  ]
    optimal input distribution [3.42621805e-01 1.25490714e-08 3.14756363e-01 1.25490714e-08
 3.42621805e-01]
    optimal I(X;Z) 1.4336032955322393
    took 1.6151s
stopping criterion met