X=[-4 -2  0  2  4], N=50, M=5, Sigma=1
start=-8, end=8
max_iter=10, stop_thres=0.0001
mode=3

iter 0
    given input distribution [0.25698324 0.07821229 0.25139665 0.27653631 0.13687151]
    optimal quantizer [-8.   -2.56 -0.96  0.96  2.88  8.  ]
    optimal input distribution [0.32770975 0.04474236 0.24615369 0.07175798 0.30963622]
    optimal I(X;Z) 1.3985484304510325
    took 1.6900s
iter 1
    given input distribution [0.32770975 0.04474236 0.24615369 0.07175798 0.30963622]
    optimal quantizer [-8.   -2.56 -1.28  1.28  2.56  8.  ]
    optimal input distribution [3.44098935e-01 9.26741731e-07 3.11800274e-01 9.26741731e-07
 3.44098935e-01]
    optimal I(X;Z) 1.4251612901352058
    took 1.7199s
iter 2
    given input distribution [3.44098935e-01 9.26741731e-07 3.11800274e-01 9.26741731e-07
 3.44098935e-01]
    optimal quantizer [-8.   -2.56 -1.6   1.6   2.56  8.  ]
    optimal input distribution [3.42621805e-01 1.25490714e-08 3.14756363e-01 1.25490714e-08
 3.42621805e-01]
    optimal I(X;Z) 1.4336032955322393
    took 1.6551s
iter 3
    given input distribution [3.42621805e-01 1.25490714e-08 3.14756363e-01 1.25490714e-08
 3.42621805e-01]
    optimal quantizer [-8.   -2.56 -1.6   1.6   2.56  8.  ]
    optimal input distribution [3.42621805e-01 1.25490714e-08 3.14756363e-01 1.25490714e-08
 3.42621805e-01]
    optimal I(X;Z) 1.4336032955322393
    took 1.6627s
stopping criterion met