X=[-4 -2  0  2  4], N=50, M=5, Sigma=1
start=-8, end=8
max_iter=10, stop_thres=0.0001
mode=3

iter 0
    given input distribution [0.3255814  0.         0.08837209 0.34883721 0.2372093 ]
    optimal quantizer [-8.   -1.6   0.64  2.24  3.52  8.  ]
    optimal input distribution [3.54097599e-01 1.03466586e-09 2.49173925e-01 8.29590852e-02
 3.13769389e-01]
    optimal I(X;Z) 1.3942392121329612
    took 1.5836s
iter 1
    given input distribution [3.54097599e-01 1.03466586e-09 2.49173925e-01 8.29590852e-02
 3.13769389e-01]
    optimal quantizer [-8.   -1.92  0.64  1.92  3.2   8.  ]
    optimal input distribution [3.43445406e-01 3.67328550e-09 2.75147397e-01 6.20627394e-02
 3.19344451e-01]
    optimal I(X;Z) 1.4164140128806995
    took 1.6373s
iter 2
    given input distribution [3.43445406e-01 3.67328550e-09 2.75147397e-01 6.20627394e-02
 3.19344451e-01]
    optimal quantizer [-8.   -2.56 -1.6   1.28  2.56  8.  ]
    optimal input distribution [3.43873534e-01 2.29882685e-08 3.13264269e-01 1.39711849e-07
 3.42862031e-01]
    optimal I(X;Z) 1.4295063304967717
    took 1.5901s
iter 3
    given input distribution [3.43873534e-01 2.29882685e-08 3.13264269e-01 1.39711849e-07
 3.42862031e-01]
    optimal quantizer [-8.   -2.56 -1.6   1.6   2.56  8.  ]
    optimal input distribution [3.42621805e-01 1.25490714e-08 3.14756363e-01 1.25490714e-08
 3.42621805e-01]
    optimal I(X;Z) 1.4336032955322393
    took 1.5670s
iter 4
    given input distribution [3.42621805e-01 1.25490714e-08 3.14756363e-01 1.25490714e-08
 3.42621805e-01]
    optimal quantizer [-8.   -2.56 -1.6   1.6   2.56  8.  ]
    optimal input distribution [3.42621805e-01 1.25490714e-08 3.14756363e-01 1.25490714e-08
 3.42621805e-01]
    optimal I(X;Z) 1.4336032955322393
    took 1.5609s
stopping criterion met