X=[-4 -2  0  2  4], N=50, M=5, Sigma=1
start=-8, end=8
max_iter=10, stop_thres=0.0001
mode=3

iter 0
    given input distribution [0.36046512 0.07364341 0.3875969  0.12015504 0.05813953]
    optimal quantizer [-8.   -2.56 -1.28  0.96  2.56  8.  ]
    optimal input distribution [0.34187928 0.01037447 0.29526192 0.02037205 0.33211228]
    optimal I(X;Z) 1.4162363043444643
    took 1.6586s
iter 1
    given input distribution [0.34187928 0.01037447 0.29526192 0.02037205 0.33211228]
    optimal quantizer [-8.   -2.56 -1.6   1.6   2.56  8.  ]
    optimal input distribution [3.42621805e-01 1.25490714e-08 3.14756363e-01 1.25490714e-08
 3.42621805e-01]
    optimal I(X;Z) 1.4336032955322393
    took 1.6623s
iter 2
    given input distribution [3.42621805e-01 1.25490714e-08 3.14756363e-01 1.25490714e-08
 3.42621805e-01]
    optimal quantizer [-8.   -2.56 -1.6   1.6   2.56  8.  ]
    optimal input distribution [3.42621805e-01 1.25490714e-08 3.14756363e-01 1.25490714e-08
 3.42621805e-01]
    optimal I(X;Z) 1.4336032955322393
    took 1.6034s
stopping criterion met