X=[-4 -2  0  2  4], N=50, M=5, Sigma=1
start=-8, end=8
max_iter=10, stop_thres=0.0001
mode=3

iter 0
    given input distribution [0.37696335 0.04712042 0.09424084 0.46596859 0.01570681]
    optimal quantizer [-8.   -2.56 -1.28  0.32  1.6   8.  ]
    optimal input distribution [3.36497403e-01 3.68684273e-02 2.71038232e-01 1.85813672e-09
 3.55595935e-01]
    optimal I(X;Z) 1.3910869859381183
    took 1.5984s
iter 1
    given input distribution [3.36497403e-01 3.68684273e-02 2.71038232e-01 1.85813672e-09
 3.55595935e-01]
    optimal quantizer [-8.   -2.56 -1.28  1.6   2.56  8.  ]
    optimal input distribution [3.42862031e-01 1.39710730e-07 3.13264269e-01 2.29880628e-08
 3.43873534e-01]
    optimal I(X;Z) 1.4295063304968418
    took 1.5880s
iter 2
    given input distribution [3.42862031e-01 1.39710730e-07 3.13264269e-01 2.29880628e-08
 3.43873534e-01]
    optimal quantizer [-8.   -2.56 -1.6   1.6   2.56  8.  ]
    optimal input distribution [3.42621805e-01 1.25490714e-08 3.14756363e-01 1.25490714e-08
 3.42621805e-01]
    optimal I(X;Z) 1.4336032955322393
    took 1.5761s
iter 3
    given input distribution [3.42621805e-01 1.25490714e-08 3.14756363e-01 1.25490714e-08
 3.42621805e-01]
    optimal quantizer [-8.   -2.56 -1.6   1.6   2.56  8.  ]
    optimal input distribution [3.42621805e-01 1.25490714e-08 3.14756363e-01 1.25490714e-08
 3.42621805e-01]
    optimal I(X;Z) 1.4336032955322393
    took 1.5732s
stopping criterion met