X=[-4 -2  0  2  4], N=50, M=5, Sigma=1
start=-8, end=8
max_iter=10, stop_thres=0.0001
mode=3

iter 0
    given input distribution [0.0130719  0.33986928 0.21568627 0.43137255 0.        ]
    optimal quantizer [-8.   -1.92 -0.64  0.32  1.28  8.  ]
    optimal input distribution [3.71773104e-01 5.21477261e-09 2.63765993e-01 1.99329076e-09
 3.64460895e-01]
    optimal I(X;Z) 1.3348704857399931
    took 1.6591s
iter 1
    given input distribution [3.71773104e-01 5.21477261e-09 2.63765993e-01 1.99329076e-09
 3.64460895e-01]
    optimal quantizer [-8.   -2.56 -1.6   1.6   2.56  8.  ]
    optimal input distribution [3.42621805e-01 1.25490714e-08 3.14756363e-01 1.25490714e-08
 3.42621805e-01]
    optimal I(X;Z) 1.4336032955322393
    took 1.6620s
iter 2
    given input distribution [3.42621805e-01 1.25490714e-08 3.14756363e-01 1.25490714e-08
 3.42621805e-01]
    optimal quantizer [-8.   -2.56 -1.6   1.6   2.56  8.  ]
    optimal input distribution [3.42621805e-01 1.25490714e-08 3.14756363e-01 1.25490714e-08
 3.42621805e-01]
    optimal I(X;Z) 1.4336032955322393
    took 1.6820s
stopping criterion met