X=[-4 -2  0  2  4], N=50, M=5, Sigma=1
start=-8, end=8
max_iter=10, stop_thres=0.0001
mode=3

iter 0
    given input distribution [0.41904762 0.12380952 0.02380952 0.03333333 0.4       ]
    optimal quantizer [-8.   -3.2  -1.92  0.32  2.24  8.  ]
    optimal input distribution [3.43671957e-01 2.52609962e-03 3.13344104e-01 4.79314357e-09
 3.40457834e-01]
    optimal I(X;Z) 1.4093315725012814
    took 1.5826s
iter 1
    given input distribution [3.43671957e-01 2.52609962e-03 3.13344104e-01 4.79314357e-09
 3.40457834e-01]
    optimal quantizer [-8.   -2.56 -1.6   1.6   2.56  8.  ]
    optimal input distribution [3.42621805e-01 1.25490714e-08 3.14756363e-01 1.25490714e-08
 3.42621805e-01]
    optimal I(X;Z) 1.4336032955322393
    took 1.5818s
iter 2
    given input distribution [3.42621805e-01 1.25490714e-08 3.14756363e-01 1.25490714e-08
 3.42621805e-01]
    optimal quantizer [-8.   -2.56 -1.6   1.6   2.56  8.  ]
    optimal input distribution [3.42621805e-01 1.25490714e-08 3.14756363e-01 1.25490714e-08
 3.42621805e-01]
    optimal I(X;Z) 1.4336032955322393
    took 1.5670s
stopping criterion met