X=[-4 -2  0  2  4], N=50, M=5, Sigma=1
start=-8, end=8
max_iter=10, stop_thres=0.0001
mode=3

iter 0
    given input distribution [0.1125   0.309375 0.265625 0.084375 0.228125]
    optimal quantizer [-8.   -3.2  -0.96  0.96  2.56  8.  ]
    optimal input distribution [0.29676307 0.09550617 0.22499119 0.05502109 0.32771847]
    optimal I(X;Z) 1.383907703466059
    took 1.6286s
iter 1
    given input distribution [0.29676307 0.09550617 0.22499119 0.05502109 0.32771847]
    optimal quantizer [-8.   -2.88 -1.28  1.28  2.56  8.  ]
    optimal input distribution [0.32768923 0.03197944 0.2895616  0.00711515 0.34365457]
    optimal I(X;Z) 1.4166287760266223
    took 1.5970s
iter 2
    given input distribution [0.32768923 0.03197944 0.2895616  0.00711515 0.34365457]
    optimal quantizer [-8.   -2.56 -1.28  1.6   2.56  8.  ]
    optimal input distribution [3.42862031e-01 1.39710730e-07 3.13264269e-01 2.29880628e-08
 3.43873534e-01]
    optimal I(X;Z) 1.4295063304968418
    took 1.6143s
iter 3
    given input distribution [3.42862031e-01 1.39710730e-07 3.13264269e-01 2.29880628e-08
 3.43873534e-01]
    optimal quantizer [-8.   -2.56 -1.6   1.6   2.56  8.  ]
    optimal input distribution [3.42621805e-01 1.25490714e-08 3.14756363e-01 1.25490714e-08
 3.42621805e-01]
    optimal I(X;Z) 1.4336032955322393
    took 1.6529s
iter 4
    given input distribution [3.42621805e-01 1.25490714e-08 3.14756363e-01 1.25490714e-08
 3.42621805e-01]
    optimal quantizer [-8.   -2.56 -1.6   1.6   2.56  8.  ]
    optimal input distribution [3.42621805e-01 1.25490714e-08 3.14756363e-01 1.25490714e-08
 3.42621805e-01]
    optimal I(X;Z) 1.4336032955322393
    took 1.6035s
stopping criterion met