X=[-4 -2  0  2  4], N=50, M=5, Sigma=1
start=-8, end=8
max_iter=10, stop_thres=0.0001
mode=3

iter 0
    given input distribution [0.18644068 0.32542373 0.23728814 0.22372881 0.02711864]
    optimal quantizer [-8.   -3.2  -1.28  0.    1.6   8.  ]
    optimal input distribution [3.06193649e-01 9.38174545e-02 2.40308270e-01 2.18438738e-09
 3.59680623e-01]
    optimal I(X;Z) 1.3799303496176454
    took 1.6194s
iter 1
    given input distribution [3.06193649e-01 9.38174545e-02 2.40308270e-01 2.18438738e-09
 3.59680623e-01]
    optimal quantizer [-8.   -3.2  -1.92 -0.64  1.92  8.  ]
    optimal input distribution [3.19344451e-01 6.20627394e-02 2.75147397e-01 3.67318522e-09
 3.43445406e-01]
    optimal I(X;Z) 1.4164140128807463
    took 1.6209s
iter 2
    given input distribution [3.19344451e-01 6.20627394e-02 2.75147397e-01 3.67318522e-09
 3.43445406e-01]
    optimal quantizer [-8.   -2.56 -1.28  1.6   2.56  8.  ]
    optimal input distribution [3.42862031e-01 1.39710730e-07 3.13264269e-01 2.29880628e-08
 3.43873534e-01]
    optimal I(X;Z) 1.4295063304968418
    took 1.5997s
iter 3
    given input distribution [3.42862031e-01 1.39710730e-07 3.13264269e-01 2.29880628e-08
 3.43873534e-01]
    optimal quantizer [-8.   -2.56 -1.6   1.6   2.56  8.  ]
    optimal input distribution [3.42621805e-01 1.25490714e-08 3.14756363e-01 1.25490714e-08
 3.42621805e-01]
    optimal I(X;Z) 1.4336032955322393
    took 1.6015s
iter 4
    given input distribution [3.42621805e-01 1.25490714e-08 3.14756363e-01 1.25490714e-08
 3.42621805e-01]
    optimal quantizer [-8.   -2.56 -1.6   1.6   2.56  8.  ]
    optimal input distribution [3.42621805e-01 1.25490714e-08 3.14756363e-01 1.25490714e-08
 3.42621805e-01]
    optimal I(X;Z) 1.4336032955322393
    took 1.6295s
stopping criterion met