X=[-4 -2  0  2  4], N=50, M=5, Sigma=1
start=-8, end=8
max_iter=10, stop_thres=0.0001
mode=3

iter 0
    given input distribution [0.32413793 0.27931034 0.0862069  0.14137931 0.16896552]
    optimal quantizer [-8.   -2.88 -0.96  0.64  2.88  8.  ]
    optimal input distribution [0.30584246 0.09937866 0.19386027 0.10275197 0.29816664]
    optimal I(X;Z) 1.3780649494635644
    took 1.6499s
iter 1
    given input distribution [0.30584246 0.09937866 0.19386027 0.10275197 0.29816664]
    optimal quantizer [-8.   -2.56 -0.96  1.28  2.88  8.  ]
    optimal input distribution [0.33051874 0.03015638 0.27054987 0.04420349 0.32457151]
    optimal I(X;Z) 1.4094039813503556
    took 1.6411s
iter 2
    given input distribution [0.33051874 0.03015638 0.27054987 0.04420349 0.32457151]
    optimal quantizer [-8.   -2.56 -1.28  1.28  2.56  8.  ]
    optimal input distribution [3.44098935e-01 9.26741731e-07 3.11800274e-01 9.26741731e-07
 3.44098935e-01]
    optimal I(X;Z) 1.4251612901352058
    took 1.6662s
iter 3
    given input distribution [3.44098935e-01 9.26741731e-07 3.11800274e-01 9.26741731e-07
 3.44098935e-01]
    optimal quantizer [-8.   -2.56 -1.6   1.6   2.56  8.  ]
    optimal input distribution [3.42621805e-01 1.25490714e-08 3.14756363e-01 1.25490714e-08
 3.42621805e-01]
    optimal I(X;Z) 1.4336032955322393
    took 1.6832s
iter 4
    given input distribution [3.42621805e-01 1.25490714e-08 3.14756363e-01 1.25490714e-08
 3.42621805e-01]
    optimal quantizer [-8.   -2.56 -1.6   1.6   2.56  8.  ]
    optimal input distribution [3.42621805e-01 1.25490714e-08 3.14756363e-01 1.25490714e-08
 3.42621805e-01]
    optimal I(X;Z) 1.4336032955322393
    took 1.7197s
stopping criterion met