X=[-4 -2  0  2  4], N=50, M=5, Sigma=1
start=-8, end=8
max_iter=10, stop_thres=0.0001
mode=3

iter 0
    given input distribution [0.30483271 0.19702602 0.19330855 0.2936803  0.01115242]
    optimal quantizer [-8.   -3.2  -1.6   0.    1.28  8.  ]
    optimal input distribution [3.20105348e-01 9.19937949e-02 2.24676133e-01 4.11916317e-09
 3.63224718e-01]
    optimal I(X;Z) 1.3532286192141396
    took 1.6433s
iter 1
    given input distribution [3.20105348e-01 9.19937949e-02 2.24676133e-01 4.11916317e-09
 3.63224718e-01]
    optimal quantizer [-8.   -3.2  -1.92 -0.64  1.92  8.  ]
    optimal input distribution [3.19344451e-01 6.20627394e-02 2.75147397e-01 3.67318522e-09
 3.43445406e-01]
    optimal I(X;Z) 1.4164140128807463
    took 1.7181s
iter 2
    given input distribution [3.19344451e-01 6.20627394e-02 2.75147397e-01 3.67318522e-09
 3.43445406e-01]
    optimal quantizer [-8.   -2.56 -1.28  1.6   2.56  8.  ]
    optimal input distribution [3.42862031e-01 1.39710730e-07 3.13264269e-01 2.29880628e-08
 3.43873534e-01]
    optimal I(X;Z) 1.4295063304968418
    took 1.7291s
iter 3
    given input distribution [3.42862031e-01 1.39710730e-07 3.13264269e-01 2.29880628e-08
 3.43873534e-01]
    optimal quantizer [-8.   -2.56 -1.6   1.6   2.56  8.  ]
    optimal input distribution [3.42621805e-01 1.25490714e-08 3.14756363e-01 1.25490714e-08
 3.42621805e-01]
    optimal I(X;Z) 1.4336032955322393
    took 1.7562s
iter 4
    given input distribution [3.42621805e-01 1.25490714e-08 3.14756363e-01 1.25490714e-08
 3.42621805e-01]
    optimal quantizer [-8.   -2.56 -1.6   1.6   2.56  8.  ]
    optimal input distribution [3.42621805e-01 1.25490714e-08 3.14756363e-01 1.25490714e-08
 3.42621805e-01]
    optimal I(X;Z) 1.4336032955322393
    took 1.7528s
stopping criterion met