X=[-4 -2  0  2  4], N=200, M=5, Sigma=3.0
start=-8, end=8
max_iter=10, stop_thres=0.0001
mode=3

iter 0
    given input distribution [0.22823529 0.13647059 0.22117647 0.20705882 0.20705882]
    optimal quantizer [-8.   -3.84 -1.28  1.04  3.68  8.  ]
    optimal input distribution [4.99735870e-01 2.97272030e-09 2.05760637e-09 2.98139672e-09
 5.00264121e-01]
    optimal I(X;Z) 0.5708111519046772
    took 109.6652s
iter 1
    given input distribution [4.99735870e-01 2.97272030e-09 2.05760637e-09 2.98139672e-09
 5.00264121e-01]
    optimal quantizer [-8.   -2.96 -0.88  0.88  2.96  8.  ]
    optimal input distribution [4.99999995e-01 3.50708045e-09 2.30368620e-09 3.50708045e-09
 4.99999995e-01]
    optimal I(X;Z) 0.5739913866836899
    took 109.4795s
iter 2
    given input distribution [4.99999995e-01 3.50708045e-09 2.30368620e-09 3.50708045e-09
 4.99999995e-01]
    optimal quantizer [-8.   -2.96 -0.88  0.88  2.96  8.  ]
    optimal input distribution [4.99999995e-01 3.50708045e-09 2.30368620e-09 3.50708045e-09
 4.99999995e-01]
    optimal I(X;Z) 0.5739913866836899
    took 109.5350s
stopping criterion met