X=[-4 -2  0  2  4], N=200, M=5, Sigma=3.0
start=-8, end=8
max_iter=10, stop_thres=0.0001
mode=3

iter 0
    given input distribution [0.05699482 0.37305699 0.10362694 0.08290155 0.38341969]
    optimal quantizer [-8.   -2.96 -0.48  1.6   3.92  8.  ]
    optimal input distribution [5.01336431e-01 3.82306608e-09 2.71477131e-09 3.81589790e-09
 4.98663558e-01]
    optimal I(X;Z) 0.5719937216276196
    took 107.0690s
iter 1
    given input distribution [5.01336431e-01 3.82306608e-09 2.71477131e-09 3.81589790e-09
 4.98663558e-01]
    optimal quantizer [-8.   -2.96 -0.88  0.88  2.96  8.  ]
    optimal input distribution [4.99999995e-01 3.50708045e-09 2.30368620e-09 3.50708045e-09
 4.99999995e-01]
    optimal I(X;Z) 0.5739913866836899
    took 106.7214s
iter 2
    given input distribution [4.99999995e-01 3.50708045e-09 2.30368620e-09 3.50708045e-09
 4.99999995e-01]
    optimal quantizer [-8.   -2.96 -0.88  0.88  2.96  8.  ]
    optimal input distribution [4.99999995e-01 3.50708045e-09 2.30368620e-09 3.50708045e-09
 4.99999995e-01]
    optimal I(X;Z) 0.5739913866836899
    took 106.6705s
stopping criterion met