X=[-4 -2  0  2  4], N=200, M=5, Sigma=3.0
start=-8, end=8
max_iter=10, stop_thres=0.0001
mode=3

iter 0
    given input distribution [0.09251101 0.02643172 0.25991189 0.24229075 0.37885463]
    optimal quantizer [-8.   -3.76 -1.12  1.36  4.    8.  ]
    optimal input distribution [5.00130789e-01 5.87744655e-09 3.91684563e-09 5.88307655e-09
 4.99869194e-01]
    optimal I(X;Z) 0.5696818025232835
    took 118.2238s
iter 1
    given input distribution [5.00130789e-01 5.87744655e-09 3.91684563e-09 5.88307655e-09
 4.99869194e-01]
    optimal quantizer [-8.   -2.96 -0.88  0.88  2.96  8.  ]
    optimal input distribution [4.99999995e-01 3.50708045e-09 2.30368620e-09 3.50708045e-09
 4.99999995e-01]
    optimal I(X;Z) 0.5739913866836899
    took 117.5301s
iter 2
    given input distribution [4.99999995e-01 3.50708045e-09 2.30368620e-09 3.50708045e-09
 4.99999995e-01]
    optimal quantizer [-8.   -2.96 -0.88  0.88  2.96  8.  ]
    optimal input distribution [4.99999995e-01 3.50708045e-09 2.30368620e-09 3.50708045e-09
 4.99999995e-01]
    optimal I(X;Z) 0.5739913866836899
    took 117.1298s
stopping criterion met