X=[-4 -2  0  2  4], N=200, M=5, Sigma=3.0
start=-8, end=8
max_iter=10, stop_thres=0.0001
mode=3

iter 0
    given input distribution [0.43165468 0.49640288 0.07194245 0.         0.        ]
    optimal quantizer [-8.   -5.04 -2.8  -0.64  1.92  8.  ]
    optimal input distribution [4.95495531e-01 2.88575425e-09 1.89304398e-09 2.96542751e-09
 5.04504461e-01]
    optimal I(X;Z) 0.5654578475658736
    took 111.1313s
iter 1
    given input distribution [4.95495531e-01 2.88575425e-09 1.89304398e-09 2.96542751e-09
 5.04504461e-01]
    optimal quantizer [-8.   -2.96 -0.88  0.88  2.96  8.  ]
    optimal input distribution [4.99999995e-01 3.50708045e-09 2.30368620e-09 3.50708045e-09
 4.99999995e-01]
    optimal I(X;Z) 0.5739913866836899
    took 112.6445s
iter 2
    given input distribution [4.99999995e-01 3.50708045e-09 2.30368620e-09 3.50708045e-09
 4.99999995e-01]
    optimal quantizer [-8.   -2.96 -0.88  0.88  2.96  8.  ]
    optimal input distribution [4.99999995e-01 3.50708045e-09 2.30368620e-09 3.50708045e-09
 4.99999995e-01]
    optimal I(X;Z) 0.5739913866836899
    took 111.9335s
stopping criterion met