X=[-4 -2  0  2  4], N=200, M=5, Sigma=3.0
start=-8, end=8
max_iter=10, stop_thres=0.0001
mode=3

iter 0
    given input distribution [0.35344828 0.08189655 0.01724138 0.38793103 0.15948276]
    optimal quantizer [-8.   -3.76 -1.44  0.64  3.2   8.  ]
    optimal input distribution [4.98971661e-01 3.77809701e-09 2.69612840e-09 3.79414043e-09
 5.01028328e-01]
    optimal I(X;Z) 0.5721478923577905
    took 118.4997s
iter 1
    given input distribution [4.98971661e-01 3.77809701e-09 2.69612840e-09 3.79414043e-09
 5.01028328e-01]
    optimal quantizer [-8.   -2.96 -0.88  0.88  2.96  8.  ]
    optimal input distribution [4.99999995e-01 3.50708045e-09 2.30368620e-09 3.50708045e-09
 4.99999995e-01]
    optimal I(X;Z) 0.5739913866836899
    took 119.8164s
iter 2
    given input distribution [4.99999995e-01 3.50708045e-09 2.30368620e-09 3.50708045e-09
 4.99999995e-01]
    optimal quantizer [-8.   -2.96 -0.88  0.88  2.96  8.  ]
    optimal input distribution [4.99999995e-01 3.50708045e-09 2.30368620e-09 3.50708045e-09
 4.99999995e-01]
    optimal I(X;Z) 0.5739913866836899
    took 118.6176s
stopping criterion met