X=[-4 -2  0  2  4], N=200, M=5, Sigma=3.0
start=-8, end=8
max_iter=10, stop_thres=0.0001
mode=3

iter 0
    given input distribution [0.32550336 0.09731544 0.29194631 0.15100671 0.13422819]
    optimal quantizer [-8.   -3.92 -1.36  0.96  3.6   8.  ]
    optimal input distribution [4.99614951e-01 4.01895929e-09 2.85199984e-09 4.02532752e-09
 5.00385037e-01]
    optimal I(X;Z) 0.5707639472034143
    took 109.0468s
iter 1
    given input distribution [4.99614951e-01 4.01895929e-09 2.85199984e-09 4.02532752e-09
 5.00385037e-01]
    optimal quantizer [-8.   -2.96 -0.88  0.88  2.96  8.  ]
    optimal input distribution [4.99999995e-01 3.50708045e-09 2.30368620e-09 3.50708045e-09
 4.99999995e-01]
    optimal I(X;Z) 0.5739913866836899
    took 108.9701s
iter 2
    given input distribution [4.99999995e-01 3.50708045e-09 2.30368620e-09 3.50708045e-09
 4.99999995e-01]
    optimal quantizer [-8.   -2.96 -0.88  0.88  2.96  8.  ]
    optimal input distribution [4.99999995e-01 3.50708045e-09 2.30368620e-09 3.50708045e-09
 4.99999995e-01]
    optimal I(X;Z) 0.5739913866836899
    took 108.7620s
stopping criterion met