X=[-4 -2  0  2  4], N=200, M=5, Sigma=3.0
start=-8, end=8
max_iter=10, stop_thres=0.0001
mode=3

iter 0
    given input distribution [0.20496894 0.2484472  0.2484472  0.27018634 0.02795031]
    optimal quantizer [-8.   -4.08 -1.6   0.64  3.28  8.  ]
    optimal input distribution [4.99015264e-01 3.81268129e-09 2.71789469e-09 3.81974619e-09
 5.00984725e-01]
    optimal I(X;Z) 0.57093958892355
    took 114.2180s
iter 1
    given input distribution [4.99015264e-01 3.81268129e-09 2.71789469e-09 3.81974619e-09
 5.00984725e-01]
    optimal quantizer [-8.   -2.96 -0.88  0.88  2.96  8.  ]
    optimal input distribution [4.99999995e-01 3.50708045e-09 2.30368620e-09 3.50708045e-09
 4.99999995e-01]
    optimal I(X;Z) 0.5739913866836899
    took 114.0010s
iter 2
    given input distribution [4.99999995e-01 3.50708045e-09 2.30368620e-09 3.50708045e-09
 4.99999995e-01]
    optimal quantizer [-8.   -2.96 -0.88  0.88  2.96  8.  ]
    optimal input distribution [4.99999995e-01 3.50708045e-09 2.30368620e-09 3.50708045e-09
 4.99999995e-01]
    optimal I(X;Z) 0.5739913866836899
    took 114.4782s
stopping criterion met