X=[-4 -2  0  2  4], N=200, M=5, Sigma=3.0
start=-8, end=8
max_iter=10, stop_thres=0.0001
mode=3

iter 0
    given input distribution [0.08       0.30769231 0.28923077 0.08       0.24307692]
    optimal quantizer [-8.   -3.36 -0.64  1.68  4.08  8.  ]
    optimal input distribution [5.01107504e-01 5.07223585e-09 3.32893865e-09 5.00947519e-09
 4.98892482e-01]
    optimal I(X;Z) 0.5703811694459517
    took 111.7777s
iter 1
    given input distribution [5.01107504e-01 5.07223585e-09 3.32893865e-09 5.00947519e-09
 4.98892482e-01]
    optimal quantizer [-8.   -2.96 -0.88  0.88  2.96  8.  ]
    optimal input distribution [4.99999995e-01 3.50708045e-09 2.30368620e-09 3.50708045e-09
 4.99999995e-01]
    optimal I(X;Z) 0.5739913866836899
    took 112.2315s
iter 2
    given input distribution [4.99999995e-01 3.50708045e-09 2.30368620e-09 3.50708045e-09
 4.99999995e-01]
    optimal quantizer [-8.   -2.96 -0.88  0.88  2.96  8.  ]
    optimal input distribution [4.99999995e-01 3.50708045e-09 2.30368620e-09 3.50708045e-09
 4.99999995e-01]
    optimal I(X;Z) 0.5739913866836899
    took 113.4111s
stopping criterion met