X=[-4 -2  0  2  4], N=200, M=5, Sigma=3.0
start=-8, end=8
max_iter=10, stop_thres=0.0001
mode=3

iter 0
    given input distribution [0.19367589 0.03952569 0.25296443 0.39525692 0.11857708]
    optimal quantizer [-8.   -4.08 -1.6   0.72  3.52  8.  ]
    optimal input distribution [4.98972336e-01 4.02631427e-09 2.86632796e-09 4.06756880e-09
 5.01027652e-01]
    optimal I(X;Z) 0.5701067361737167
    took 108.6729s
iter 1
    given input distribution [4.98972336e-01 4.02631427e-09 2.86632796e-09 4.06756880e-09
 5.01027652e-01]
    optimal quantizer [-8.   -2.96 -0.88  0.88  2.96  8.  ]
    optimal input distribution [4.99999995e-01 3.50708045e-09 2.30368620e-09 3.50708045e-09
 4.99999995e-01]
    optimal I(X;Z) 0.5739913866836899
    took 109.5802s
iter 2
    given input distribution [4.99999995e-01 3.50708045e-09 2.30368620e-09 3.50708045e-09
 4.99999995e-01]
    optimal quantizer [-8.   -2.96 -0.88  0.88  2.96  8.  ]
    optimal input distribution [4.99999995e-01 3.50708045e-09 2.30368620e-09 3.50708045e-09
 4.99999995e-01]
    optimal I(X;Z) 0.5739913866836899
    took 108.6109s
stopping criterion met