X=[-4 -2  0  2  4], N=200, M=5, Sigma=3.0
start=-8, end=8
max_iter=10, stop_thres=0.0001
mode=3

iter 0
    given input distribution [0.095 0.005 0.12  0.5   0.28 ]
    optimal quantizer [-8.   -4.   -1.52  0.96  3.84  8.  ]
    optimal input distribution [4.99218294e-01 3.24871982e-09 2.19339620e-09 3.29806607e-09
 5.00781696e-01]
    optimal I(X;Z) 0.5691502492638973
    took 111.7393s
iter 1
    given input distribution [4.99218294e-01 3.24871982e-09 2.19339620e-09 3.29806607e-09
 5.00781696e-01]
    optimal quantizer [-8.   -2.96 -0.88  0.88  2.96  8.  ]
    optimal input distribution [4.99999995e-01 3.50708045e-09 2.30368620e-09 3.50708045e-09
 4.99999995e-01]
    optimal I(X;Z) 0.5739913866836899
    took 111.4541s
iter 2
    given input distribution [4.99999995e-01 3.50708045e-09 2.30368620e-09 3.50708045e-09
 4.99999995e-01]
    optimal quantizer [-8.   -2.96 -0.88  0.88  2.96  8.  ]
    optimal input distribution [4.99999995e-01 3.50708045e-09 2.30368620e-09 3.50708045e-09
 4.99999995e-01]
    optimal I(X;Z) 0.5739913866836899
    took 110.6924s
stopping criterion met