X=[-4 -2  0  2  4], N=200, M=5, Sigma=3.0
start=-8, end=8
max_iter=10, stop_thres=0.0001
mode=3

iter 0
    given input distribution [0.02371542 0.28063241 0.24110672 0.09486166 0.35968379]
    optimal quantizer [-8.   -2.88 -0.32  1.84  4.16  8.  ]
    optimal input distribution [5.01704193e-01 5.63074780e-09 3.68590764e-09 5.55374482e-09
 4.98295791e-01]
    optimal I(X;Z) 0.5709915993954389
    took 114.9403s
iter 1
    given input distribution [5.01704193e-01 5.63074780e-09 3.68590764e-09 5.55374482e-09
 4.98295791e-01]
    optimal quantizer [-8.   -2.96 -0.88  0.88  2.96  8.  ]
    optimal input distribution [4.99999995e-01 3.50708045e-09 2.30368620e-09 3.50708045e-09
 4.99999995e-01]
    optimal I(X;Z) 0.5739913866836899
    took 115.6689s
iter 2
    given input distribution [4.99999995e-01 3.50708045e-09 2.30368620e-09 3.50708045e-09
 4.99999995e-01]
    optimal quantizer [-8.   -2.96 -0.88  0.88  2.96  8.  ]
    optimal input distribution [4.99999995e-01 3.50708045e-09 2.30368620e-09 3.50708045e-09
 4.99999995e-01]
    optimal I(X;Z) 0.5739913866836899
    took 113.6054s
stopping criterion met