X=[-4 -2  0  2  4], N=200, M=5, Sigma=3.0
start=-8, end=8
max_iter=10, stop_thres=0.0001
mode=3

iter 0
    given input distribution [0.26380368 0.28527607 0.1809816  0.         0.26993865]
    optimal quantizer [-8.   -3.6  -0.88  1.36  3.76  8.  ]
    optimal input distribution [5.00723129e-01 3.47701575e-09 2.30329501e-09 3.43063216e-09
 4.99276861e-01]
    optimal I(X;Z) 0.5711843507333381
    took 115.7397s
iter 1
    given input distribution [5.00723129e-01 3.47701575e-09 2.30329501e-09 3.43063216e-09
 4.99276861e-01]
    optimal quantizer [-8.   -2.96 -0.88  0.88  2.96  8.  ]
    optimal input distribution [4.99999995e-01 3.50708045e-09 2.30368620e-09 3.50708045e-09
 4.99999995e-01]
    optimal I(X;Z) 0.5739913866836899
    took 115.4973s
iter 2
    given input distribution [4.99999995e-01 3.50708045e-09 2.30368620e-09 3.50708045e-09
 4.99999995e-01]
    optimal quantizer [-8.   -2.96 -0.88  0.88  2.96  8.  ]
    optimal input distribution [4.99999995e-01 3.50708045e-09 2.30368620e-09 3.50708045e-09
 4.99999995e-01]
    optimal I(X;Z) 0.5739913866836899
    took 114.7223s
stopping criterion met