X=[-4 -2  0  2  4], N=200, M=5, Sigma=3.0
start=-8, end=8
max_iter=10, stop_thres=0.0001
mode=3

iter 0
    given input distribution [0.1618705  0.20143885 0.02877698 0.33453237 0.27338129]
    optimal quantizer [-8.   -3.6  -1.12  1.04  3.6   8.  ]
    optimal input distribution [4.99852086e-01 1.08926652e-10 6.20252867e-11 1.09381049e-10
 5.00147913e-01]
    optimal I(X;Z) 0.571946049720776
    took 108.7543s
iter 1
    given input distribution [4.99852086e-01 1.08926652e-10 6.20252867e-11 1.09381049e-10
 5.00147913e-01]
    optimal quantizer [-8.   -2.96 -0.88  0.88  2.96  8.  ]
    optimal input distribution [4.99999995e-01 3.50708045e-09 2.30368620e-09 3.50708045e-09
 4.99999995e-01]
    optimal I(X;Z) 0.5739913866836899
    took 107.9739s
iter 2
    given input distribution [4.99999995e-01 3.50708045e-09 2.30368620e-09 3.50708045e-09
 4.99999995e-01]
    optimal quantizer [-8.   -2.96 -0.88  0.88  2.96  8.  ]
    optimal input distribution [4.99999995e-01 3.50708045e-09 2.30368620e-09 3.50708045e-09
 4.99999995e-01]
    optimal I(X;Z) 0.5739913866836899
    took 108.0640s
stopping criterion met