X=[-4 -2  0  2  4], N=200, M=5, Sigma=3.0
start=-8, end=8
max_iter=10, stop_thres=0.0001
mode=3

iter 0
    given input distribution [0.10843373 0.18072289 0.26506024 0.03614458 0.40963855]
    optimal quantizer [-8.   -3.44 -0.8   1.44  3.92  8.  ]
    optimal input distribution [5.00703161e-01 4.05138664e-09 2.86387785e-09 4.03632635e-09
 4.99296827e-01]
    optimal I(X;Z) 0.5711891328950682
    took 117.4763s
iter 1
    given input distribution [5.00703161e-01 4.05138664e-09 2.86387785e-09 4.03632635e-09
 4.99296827e-01]
    optimal quantizer [-8.   -2.96 -0.88  0.88  2.96  8.  ]
    optimal input distribution [4.99999995e-01 3.50708045e-09 2.30368620e-09 3.50708045e-09
 4.99999995e-01]
    optimal I(X;Z) 0.5739913866836899
    took 116.1619s
iter 2
    given input distribution [4.99999995e-01 3.50708045e-09 2.30368620e-09 3.50708045e-09
 4.99999995e-01]
    optimal quantizer [-8.   -2.96 -0.88  0.88  2.96  8.  ]
    optimal input distribution [4.99999995e-01 3.50708045e-09 2.30368620e-09 3.50708045e-09
 4.99999995e-01]
    optimal I(X;Z) 0.5739913866836899
    took 117.4742s
stopping criterion met