X=[-4 -2  0  2  4], N=200, M=5, Sigma=3.0
start=-8, end=8
max_iter=10, stop_thres=0.0001
mode=3

iter 0
    given input distribution [0.17910448 0.47263682 0.09452736 0.11442786 0.13930348]
    optimal quantizer [-8.   -3.6  -0.88  1.44  3.84  8.  ]
    optimal input distribution [5.00736815e-01 4.07558728e-09 2.87529997e-09 4.03516806e-09
 4.99263174e-01]
    optimal I(X;Z) 0.5707599773567598
    took 110.1119s
iter 1
    given input distribution [5.00736815e-01 4.07558728e-09 2.87529997e-09 4.03516806e-09
 4.99263174e-01]
    optimal quantizer [-8.   -2.96 -0.88  0.88  2.96  8.  ]
    optimal input distribution [4.99999995e-01 3.50708045e-09 2.30368620e-09 3.50708045e-09
 4.99999995e-01]
    optimal I(X;Z) 0.5739913866836899
    took 110.1433s
iter 2
    given input distribution [4.99999995e-01 3.50708045e-09 2.30368620e-09 3.50708045e-09
 4.99999995e-01]
    optimal quantizer [-8.   -2.96 -0.88  0.88  2.96  8.  ]
    optimal input distribution [4.99999995e-01 3.50708045e-09 2.30368620e-09 3.50708045e-09
 4.99999995e-01]
    optimal I(X;Z) 0.5739913866836899
    took 110.1399s
stopping criterion met