X=[-4 -2  0  2  4], N=200, M=5, Sigma=3.0
start=-8, end=8
max_iter=10, stop_thres=0.0001
mode=3

iter 0
    given input distribution [0.3640553  0.10138249 0.16589862 0.35023041 0.01843318]
    optimal quantizer [-8.   -4.08 -1.76  0.32  2.8   8.  ]
    optimal input distribution [4.98282354e-01 2.41897654e-09 1.66145054e-09 2.42881625e-09
 5.01717639e-01]
    optimal I(X;Z) 0.5715191781530948
    took 114.4930s
iter 1
    given input distribution [4.98282354e-01 2.41897654e-09 1.66145054e-09 2.42881625e-09
 5.01717639e-01]
    optimal quantizer [-8.   -2.96 -0.88  0.88  2.96  8.  ]
    optimal input distribution [4.99999995e-01 3.50708045e-09 2.30368620e-09 3.50708045e-09
 4.99999995e-01]
    optimal I(X;Z) 0.5739913866836899
    took 114.2015s
iter 2
    given input distribution [4.99999995e-01 3.50708045e-09 2.30368620e-09 3.50708045e-09
 4.99999995e-01]
    optimal quantizer [-8.   -2.96 -0.88  0.88  2.96  8.  ]
    optimal input distribution [4.99999995e-01 3.50708045e-09 2.30368620e-09 3.50708045e-09
 4.99999995e-01]
    optimal I(X;Z) 0.5739913866836899
    took 115.1055s
stopping criterion met