X=[-4 -2  0  2  4], N=200, M=5, Sigma=3.0
start=-8, end=8
max_iter=10, stop_thres=0.0001
mode=3

iter 0
    given input distribution [0.0625   0.24375  0.134375 0.253125 0.30625 ]
    optimal quantizer [-8.   -3.36 -0.8   1.44  3.92  8.  ]
    optimal input distribution [5.00623704e-01 4.10911713e-09 2.91000945e-09 4.10993709e-09
 4.99376284e-01]
    optimal I(X;Z) 0.571414310939089
    took 110.8836s
iter 1
    given input distribution [5.00623704e-01 4.10911713e-09 2.91000945e-09 4.10993709e-09
 4.99376284e-01]
    optimal quantizer [-8.   -2.96 -0.88  0.88  2.96  8.  ]
    optimal input distribution [4.99999995e-01 3.50708045e-09 2.30368620e-09 3.50708045e-09
 4.99999995e-01]
    optimal I(X;Z) 0.5739913866836899
    took 109.9170s
iter 2
    given input distribution [4.99999995e-01 3.50708045e-09 2.30368620e-09 3.50708045e-09
 4.99999995e-01]
    optimal quantizer [-8.   -2.96 -0.88  0.88  2.96  8.  ]
    optimal input distribution [4.99999995e-01 3.50708045e-09 2.30368620e-09 3.50708045e-09
 4.99999995e-01]
    optimal I(X;Z) 0.5739913866836899
    took 110.3226s
stopping criterion met