X=[-4 -2  0  2  4], N=200, M=5, Sigma=3.0
start=-8, end=8
max_iter=10, stop_thres=0.0001
mode=3

iter 0
    given input distribution [0.06614786 0.31128405 0.10505837 0.21011673 0.307393  ]
    optimal quantizer [-8.   -3.28 -0.72  1.44  3.84  8.  ]
    optimal input distribution [5.00825178e-01 4.07001687e-09 2.88075812e-09 4.06062827e-09
 4.99174811e-01]
    optimal I(X;Z) 0.5718250189274006
    took 110.5760s
iter 1
    given input distribution [5.00825178e-01 4.07001687e-09 2.88075812e-09 4.06062827e-09
 4.99174811e-01]
    optimal quantizer [-8.   -2.96 -0.88  0.88  2.96  8.  ]
    optimal input distribution [4.99999995e-01 3.50708045e-09 2.30368620e-09 3.50708045e-09
 4.99999995e-01]
    optimal I(X;Z) 0.5739913866836899
    took 111.0927s
iter 2
    given input distribution [4.99999995e-01 3.50708045e-09 2.30368620e-09 3.50708045e-09
 4.99999995e-01]
    optimal quantizer [-8.   -2.96 -0.88  0.88  2.96  8.  ]
    optimal input distribution [4.99999995e-01 3.50708045e-09 2.30368620e-09 3.50708045e-09
 4.99999995e-01]
    optimal I(X;Z) 0.5739913866836899
    took 111.0485s
stopping criterion met