X=[-4 -2  0  2  4], N=200, M=5, Sigma=3.0
start=-8, end=8
max_iter=10, stop_thres=0.0001
mode=3

iter 0
    given input distribution [0.18041237 0.13402062 0.07731959 0.48453608 0.12371134]
    optimal quantizer [-8.   -3.92 -1.52  0.72  3.36  8.  ]
    optimal input distribution [4.99095209e-01 4.00346576e-09 2.84655110e-09 4.02455934e-09
 5.00904780e-01]
    optimal I(X;Z) 0.5712180832382328
    took 118.1690s
iter 1
    given input distribution [4.99095209e-01 4.00346576e-09 2.84655110e-09 4.02455934e-09
 5.00904780e-01]
    optimal quantizer [-8.   -2.96 -0.88  0.88  2.96  8.  ]
    optimal input distribution [4.99999995e-01 3.50708045e-09 2.30368620e-09 3.50708045e-09
 4.99999995e-01]
    optimal I(X;Z) 0.5739913866836899
    took 116.2844s
iter 2
    given input distribution [4.99999995e-01 3.50708045e-09 2.30368620e-09 3.50708045e-09
 4.99999995e-01]
    optimal quantizer [-8.   -2.96 -0.88  0.88  2.96  8.  ]
    optimal input distribution [4.99999995e-01 3.50708045e-09 2.30368620e-09 3.50708045e-09
 4.99999995e-01]
    optimal I(X;Z) 0.5739913866836899
    took 115.5670s
stopping criterion met