X=[-4 -2  0  2  4], N=200, M=5, Sigma=3.0
start=-8, end=8
max_iter=10, stop_thres=0.0001
mode=3

iter 0
    given input distribution [0.60689655 0.11034483 0.11724138 0.04827586 0.11724138]
    optimal quantizer [-8.   -3.6  -1.04  1.2   3.6   8.  ]
    optimal input distribution [5.00270339e-01 7.68967121e-09 5.33334754e-09 7.64448424e-09
 4.99729639e-01]
    optimal I(X;Z) 0.5717593885852712
    took 111.0069s
iter 1
    given input distribution [5.00270339e-01 7.68967121e-09 5.33334754e-09 7.64448424e-09
 4.99729639e-01]
    optimal quantizer [-8.   -2.96 -0.88  0.88  2.96  8.  ]
    optimal input distribution [4.99999995e-01 3.50708045e-09 2.30368620e-09 3.50708045e-09
 4.99999995e-01]
    optimal I(X;Z) 0.5739913866836899
    took 110.4362s
iter 2
    given input distribution [4.99999995e-01 3.50708045e-09 2.30368620e-09 3.50708045e-09
 4.99999995e-01]
    optimal quantizer [-8.   -2.96 -0.88  0.88  2.96  8.  ]
    optimal input distribution [4.99999995e-01 3.50708045e-09 2.30368620e-09 3.50708045e-09
 4.99999995e-01]
    optimal I(X;Z) 0.5739913866836899
    took 110.4569s
stopping criterion met