X=[-4 -2  0  2  4], N=200, M=5, Sigma=3.0
start=-8, end=8
max_iter=10, stop_thres=0.0001
mode=3

iter 0
    given input distribution [0.30833333 0.28333333 0.30416667 0.0375     0.06666667]
    optimal quantizer [-8.   -4.08 -1.52  0.96  3.68  8.  ]
    optimal input distribution [4.99515237e-01 2.73370679e-09 1.82998800e-09 2.74760835e-09
 5.00484756e-01]
    optimal I(X;Z) 0.5695320912287487
    took 110.7656s
iter 1
    given input distribution [4.99515237e-01 2.73370679e-09 1.82998800e-09 2.74760835e-09
 5.00484756e-01]
    optimal quantizer [-8.   -2.96 -0.88  0.88  2.96  8.  ]
    optimal input distribution [4.99999995e-01 3.50708045e-09 2.30368620e-09 3.50708045e-09
 4.99999995e-01]
    optimal I(X;Z) 0.5739913866836899
    took 110.6506s
iter 2
    given input distribution [4.99999995e-01 3.50708045e-09 2.30368620e-09 3.50708045e-09
 4.99999995e-01]
    optimal quantizer [-8.   -2.96 -0.88  0.88  2.96  8.  ]
    optimal input distribution [4.99999995e-01 3.50708045e-09 2.30368620e-09 3.50708045e-09
 4.99999995e-01]
    optimal I(X;Z) 0.5739913866836899
    took 110.9642s
stopping criterion met