X=[-4 -2  0  2  4], N=200, M=5, Sigma=3.0
start=-8, end=8
max_iter=10, stop_thres=0.0001
mode=3

iter 0
    given input distribution [0.0130719  0.33986928 0.21568627 0.43137255 0.        ]
    optimal quantizer [-8.   -3.6  -1.2   0.96  3.36  8.  ]
    optimal input distribution [4.99763277e-01 1.52698206e-09 1.00694439e-09 1.52620870e-09
 5.00236719e-01]
    optimal I(X;Z) 0.572430684104055
    took 112.3842s
iter 1
    given input distribution [4.99763277e-01 1.52698206e-09 1.00694439e-09 1.52620870e-09
 5.00236719e-01]
    optimal quantizer [-8.   -2.96 -0.88  0.88  2.96  8.  ]
    optimal input distribution [4.99999995e-01 3.50708045e-09 2.30368620e-09 3.50708045e-09
 4.99999995e-01]
    optimal I(X;Z) 0.5739913866836899
    took 112.2574s
iter 2
    given input distribution [4.99999995e-01 3.50708045e-09 2.30368620e-09 3.50708045e-09
 4.99999995e-01]
    optimal quantizer [-8.   -2.96 -0.88  0.88  2.96  8.  ]
    optimal input distribution [4.99999995e-01 3.50708045e-09 2.30368620e-09 3.50708045e-09
 4.99999995e-01]
    optimal I(X;Z) 0.5739913866836899
    took 112.6764s
stopping criterion met