X=[-4 -2  0  2  4], N=200, M=5, Sigma=3.0
start=-8, end=8
max_iter=10, stop_thres=0.0001
mode=3

iter 0
    given input distribution [0.30555556 0.06481481 0.27314815 0.00925926 0.34722222]
    optimal quantizer [-8.   -3.6  -1.04  1.2   3.68  8.  ]
    optimal input distribution [5.00208953e-01 7.67692866e-09 5.33248240e-09 7.65421247e-09
 4.99791025e-01]
    optimal I(X;Z) 0.5716015426224028
    took 112.2680s
iter 1
    given input distribution [5.00208953e-01 7.67692866e-09 5.33248240e-09 7.65421247e-09
 4.99791025e-01]
    optimal quantizer [-8.   -2.96 -0.88  0.88  2.96  8.  ]
    optimal input distribution [4.99999995e-01 3.50708045e-09 2.30368620e-09 3.50708045e-09
 4.99999995e-01]
    optimal I(X;Z) 0.5739913866836899
    took 110.6566s
iter 2
    given input distribution [4.99999995e-01 3.50708045e-09 2.30368620e-09 3.50708045e-09
 4.99999995e-01]
    optimal quantizer [-8.   -2.96 -0.88  0.88  2.96  8.  ]
    optimal input distribution [4.99999995e-01 3.50708045e-09 2.30368620e-09 3.50708045e-09
 4.99999995e-01]
    optimal I(X;Z) 0.5739913866836899
    took 111.7034s
stopping criterion met