X=[-4 -2  0  2  4], N=200, M=5, Sigma=3.0
start=-8, end=8
max_iter=10, stop_thres=0.0001
mode=3

iter 0
    given input distribution [0.12669683 0.42986425 0.07239819 0.14027149 0.23076923]
    optimal quantizer [-8.   -3.36 -0.72  1.44  3.84  8.  ]
    optimal input distribution [5.00901643e-01 4.02063211e-09 2.84078540e-09 3.99499892e-09
 4.99098345e-01]
    optimal I(X;Z) 0.5715962530032159
    took 111.6944s
iter 1
    given input distribution [5.00901643e-01 4.02063211e-09 2.84078540e-09 3.99499892e-09
 4.99098345e-01]
    optimal quantizer [-8.   -2.96 -0.88  0.88  2.96  8.  ]
    optimal input distribution [4.99999995e-01 3.50708045e-09 2.30368620e-09 3.50708045e-09
 4.99999995e-01]
    optimal I(X;Z) 0.5739913866836899
    took 112.1322s
iter 2
    given input distribution [4.99999995e-01 3.50708045e-09 2.30368620e-09 3.50708045e-09
 4.99999995e-01]
    optimal quantizer [-8.   -2.96 -0.88  0.88  2.96  8.  ]
    optimal input distribution [4.99999995e-01 3.50708045e-09 2.30368620e-09 3.50708045e-09
 4.99999995e-01]
    optimal I(X;Z) 0.5739913866836899
    took 111.7414s
stopping criterion met