X=[-4 -2  0  2  4], N=200, M=5, Sigma=3.0
start=-8, end=8
max_iter=10, stop_thres=0.0001
mode=3

iter 0
    given input distribution [0.32423208 0.24573379 0.01706485 0.13993174 0.27303754]
    optimal quantizer [-8.   -3.44 -0.96  1.12  3.52  8.  ]
    optimal input distribution [5.00228587e-01 1.88735947e-09 1.28432748e-09 1.88125013e-09
 4.99771408e-01]
    optimal I(X;Z) 0.5725632111252787
    took 123.3994s
iter 1
    given input distribution [5.00228587e-01 1.88735947e-09 1.28432748e-09 1.88125013e-09
 4.99771408e-01]
    optimal quantizer [-8.   -2.96 -0.88  0.88  2.96  8.  ]
    optimal input distribution [4.99999995e-01 3.50708045e-09 2.30368620e-09 3.50708045e-09
 4.99999995e-01]
    optimal I(X;Z) 0.5739913866836899
    took 121.9921s
iter 2
    given input distribution [4.99999995e-01 3.50708045e-09 2.30368620e-09 3.50708045e-09
 4.99999995e-01]
    optimal quantizer [-8.   -2.96 -0.88  0.88  2.96  8.  ]
    optimal input distribution [4.99999995e-01 3.50708045e-09 2.30368620e-09 3.50708045e-09
 4.99999995e-01]
    optimal I(X;Z) 0.5739913866836899
    took 120.2088s
stopping criterion met