X=[-4 -2  0  2  4], N=200, M=5, Sigma=3.0
start=-8, end=8
max_iter=10, stop_thres=0.0001
mode=3

iter 0
    given input distribution [0.21895425 0.15359477 0.2875817  0.08169935 0.25816993]
    optimal quantizer [-8.   -3.76 -1.12  1.28  3.84  8.  ]
    optimal input distribution [5.00187160e-01 3.49922797e-09 2.41193325e-09 3.48952037e-09
 4.99812830e-01]
    optimal I(X;Z) 0.5703834212231302
    took 109.3182s
iter 1
    given input distribution [5.00187160e-01 3.49922797e-09 2.41193325e-09 3.48952037e-09
 4.99812830e-01]
    optimal quantizer [-8.   -2.96 -0.88  0.88  2.96  8.  ]
    optimal input distribution [4.99999995e-01 3.50708045e-09 2.30368620e-09 3.50708045e-09
 4.99999995e-01]
    optimal I(X;Z) 0.5739913866836899
    took 108.9277s
iter 2
    given input distribution [4.99999995e-01 3.50708045e-09 2.30368620e-09 3.50708045e-09
 4.99999995e-01]
    optimal quantizer [-8.   -2.96 -0.88  0.88  2.96  8.  ]
    optimal input distribution [4.99999995e-01 3.50708045e-09 2.30368620e-09 3.50708045e-09
 4.99999995e-01]
    optimal I(X;Z) 0.5739913866836899
    took 109.5595s
stopping criterion met