X=[-4 -2  0  2  4], N=200, M=5, Sigma=3.0
start=-8, end=8
max_iter=10, stop_thres=0.0001
mode=3

iter 0
    given input distribution [0.10404624 0.19075145 0.52023121 0.08092486 0.10404624]
    optimal quantizer [-8.   -3.92 -1.2   1.36  4.08  8.  ]
    optimal input distribution [5.00072356e-01 4.01297261e-09 2.67251027e-09 4.01572019e-09
 4.99927632e-01]
    optimal I(X;Z) 0.5687156905095772
    took 108.9762s
iter 1
    given input distribution [5.00072356e-01 4.01297261e-09 2.67251027e-09 4.01572019e-09
 4.99927632e-01]
    optimal quantizer [-8.   -2.96 -0.88  0.88  2.96  8.  ]
    optimal input distribution [4.99999995e-01 3.50708045e-09 2.30368620e-09 3.50708045e-09
 4.99999995e-01]
    optimal I(X;Z) 0.5739913866836899
    took 108.8367s
iter 2
    given input distribution [4.99999995e-01 3.50708045e-09 2.30368620e-09 3.50708045e-09
 4.99999995e-01]
    optimal quantizer [-8.   -2.96 -0.88  0.88  2.96  8.  ]
    optimal input distribution [4.99999995e-01 3.50708045e-09 2.30368620e-09 3.50708045e-09
 4.99999995e-01]
    optimal I(X;Z) 0.5739913866836899
    took 107.2233s
stopping criterion met