X=[-4 -2  0  2  4], N=200, M=5, Sigma=3.0
start=-8, end=8
max_iter=10, stop_thres=0.0001
mode=3

iter 0
    given input distribution [0.11242604 0.08284024 0.17159763 0.53846154 0.09467456]
    optimal quantizer [-8.   -4.08 -1.68  0.64  3.44  8.  ]
    optimal input distribution [4.98786968e-01 3.96865545e-09 2.83096445e-09 4.01516239e-09
 5.01213020e-01]
    optimal I(X;Z) 0.5700895735097207
    took 112.8931s
iter 1
    given input distribution [4.98786968e-01 3.96865545e-09 2.83096445e-09 4.01516239e-09
 5.01213020e-01]
    optimal quantizer [-8.   -2.96 -0.88  0.88  2.96  8.  ]
    optimal input distribution [4.99999995e-01 3.50708045e-09 2.30368620e-09 3.50708045e-09
 4.99999995e-01]
    optimal I(X;Z) 0.5739913866836899
    took 112.1124s
iter 2
    given input distribution [4.99999995e-01 3.50708045e-09 2.30368620e-09 3.50708045e-09
 4.99999995e-01]
    optimal quantizer [-8.   -2.96 -0.88  0.88  2.96  8.  ]
    optimal input distribution [4.99999995e-01 3.50708045e-09 2.30368620e-09 3.50708045e-09
 4.99999995e-01]
    optimal I(X;Z) 0.5739913866836899
    took 112.4958s
stopping criterion met