X=[-4 -2  0  2  4], N=200, M=5, Sigma=3.0
start=-8, end=8
max_iter=10, stop_thres=0.0001
mode=3

iter 0
    given input distribution [0.1125   0.309375 0.265625 0.084375 0.228125]
    optimal quantizer [-8.   -3.52 -0.8   1.52  4.    8.  ]
    optimal input distribution [5.00796482e-01 4.05283363e-09 2.86240382e-09 4.02598728e-09
 4.99203507e-01]
    optimal I(X;Z) 0.5705126942291359
    took 112.7367s
iter 1
    given input distribution [5.00796482e-01 4.05283363e-09 2.86240382e-09 4.02598728e-09
 4.99203507e-01]
    optimal quantizer [-8.   -2.96 -0.88  0.88  2.96  8.  ]
    optimal input distribution [4.99999995e-01 3.50708045e-09 2.30368620e-09 3.50708045e-09
 4.99999995e-01]
    optimal I(X;Z) 0.5739913866836899
    took 112.6311s
iter 2
    given input distribution [4.99999995e-01 3.50708045e-09 2.30368620e-09 3.50708045e-09
 4.99999995e-01]
    optimal quantizer [-8.   -2.96 -0.88  0.88  2.96  8.  ]
    optimal input distribution [4.99999995e-01 3.50708045e-09 2.30368620e-09 3.50708045e-09
 4.99999995e-01]
    optimal I(X;Z) 0.5739913866836899
    took 112.3101s
stopping criterion met