X=[-4 -2  0  2  4], N=200, M=5, Sigma=3.0
start=-8, end=8
max_iter=10, stop_thres=0.0001
mode=3

iter 0
    given input distribution [0.37696335 0.04712042 0.09424084 0.46596859 0.01570681]
    optimal quantizer [-8.   -4.08 -1.84  0.16  2.56  8.  ]
    optimal input distribution [4.97767887e-01 3.62121245e-09 2.55753910e-09 3.63558196e-09
 5.02232102e-01]
    optimal I(X;Z) 0.5714283468263623
    took 111.7302s
iter 1
    given input distribution [4.97767887e-01 3.62121245e-09 2.55753910e-09 3.63558196e-09
 5.02232102e-01]
    optimal quantizer [-8.   -2.96 -0.88  0.88  2.96  8.  ]
    optimal input distribution [4.99999995e-01 3.50708045e-09 2.30368620e-09 3.50708045e-09
 4.99999995e-01]
    optimal I(X;Z) 0.5739913866836899
    took 111.3002s
iter 2
    given input distribution [4.99999995e-01 3.50708045e-09 2.30368620e-09 3.50708045e-09
 4.99999995e-01]
    optimal quantizer [-8.   -2.96 -0.88  0.88  2.96  8.  ]
    optimal input distribution [4.99999995e-01 3.50708045e-09 2.30368620e-09 3.50708045e-09
 4.99999995e-01]
    optimal I(X;Z) 0.5739913866836899
    took 112.3712s
stopping criterion met