X=[-4 -2  0  2  4], N=200, M=5, Sigma=3.0
start=-8, end=8
max_iter=10, stop_thres=0.0001
mode=3

iter 0
    given input distribution [0.12264151 0.22955975 0.27672956 0.16352201 0.20754717]
    optimal quantizer [-8.   -3.68 -1.04  1.36  3.92  8.  ]
    optimal input distribution [5.00291091e-01 2.41937346e-09 1.60245465e-09 2.41251548e-09
 4.99708902e-01]
    optimal I(X;Z) 0.5703492315411802
    took 117.5164s
iter 1
    given input distribution [5.00291091e-01 2.41937346e-09 1.60245465e-09 2.41251548e-09
 4.99708902e-01]
    optimal quantizer [-8.   -2.96 -0.88  0.88  2.96  8.  ]
    optimal input distribution [4.99999995e-01 3.50708045e-09 2.30368620e-09 3.50708045e-09
 4.99999995e-01]
    optimal I(X;Z) 0.5739913866836899
    took 119.5875s
iter 2
    given input distribution [4.99999995e-01 3.50708045e-09 2.30368620e-09 3.50708045e-09
 4.99999995e-01]
    optimal quantizer [-8.   -2.96 -0.88  0.88  2.96  8.  ]
    optimal input distribution [4.99999995e-01 3.50708045e-09 2.30368620e-09 3.50708045e-09
 4.99999995e-01]
    optimal I(X;Z) 0.5739913866836899
    took 118.6398s
stopping criterion met