X=[-4 -2  0  2  4], N=200, M=5, Sigma=3.0
start=-8, end=8
max_iter=10, stop_thres=0.0001
mode=3

iter 0
    given input distribution [0.26368159 0.05970149 0.23383085 0.12437811 0.31840796]
    optimal quantizer [-8.   -3.68 -1.2   1.12  3.68  8.  ]
    optimal input distribution [4.99867128e-01 7.65743376e-09 5.33998564e-09 7.67996082e-09
 5.00132850e-01]
    optimal I(X;Z) 0.5712211994939658
    took 113.7192s
iter 1
    given input distribution [4.99867128e-01 7.65743376e-09 5.33998564e-09 7.67996082e-09
 5.00132850e-01]
    optimal quantizer [-8.   -2.96 -0.88  0.88  2.96  8.  ]
    optimal input distribution [4.99999995e-01 3.50708045e-09 2.30368620e-09 3.50708045e-09
 4.99999995e-01]
    optimal I(X;Z) 0.5739913866836899
    took 113.4078s
iter 2
    given input distribution [4.99999995e-01 3.50708045e-09 2.30368620e-09 3.50708045e-09
 4.99999995e-01]
    optimal quantizer [-8.   -2.96 -0.88  0.88  2.96  8.  ]
    optimal input distribution [4.99999995e-01 3.50708045e-09 2.30368620e-09 3.50708045e-09
 4.99999995e-01]
    optimal I(X;Z) 0.5739913866836899
    took 113.9467s
stopping criterion met