X=[-4 -2  0  2  4], N=200, M=5, Sigma=3.0
start=-8, end=8
max_iter=10, stop_thres=0.0001
mode=3

iter 0
    given input distribution [0.20555556 0.11111111 0.18888889 0.49444444 0.        ]
    optimal quantizer [-8.   -4.24 -2.    0.16  2.64  8.  ]
    optimal input distribution [4.97887896e-01 2.42175421e-09 1.60567000e-09 2.46058539e-09
 5.02112097e-01]
    optimal I(X;Z) 0.5706715302556411
    took 109.9934s
iter 1
    given input distribution [4.97887896e-01 2.42175421e-09 1.60567000e-09 2.46058539e-09
 5.02112097e-01]
    optimal quantizer [-8.   -2.96 -0.88  0.88  2.96  8.  ]
    optimal input distribution [4.99999995e-01 3.50708045e-09 2.30368620e-09 3.50708045e-09
 4.99999995e-01]
    optimal I(X;Z) 0.5739913866836899
    took 109.1772s
iter 2
    given input distribution [4.99999995e-01 3.50708045e-09 2.30368620e-09 3.50708045e-09
 4.99999995e-01]
    optimal quantizer [-8.   -2.96 -0.88  0.88  2.96  8.  ]
    optimal input distribution [4.99999995e-01 3.50708045e-09 2.30368620e-09 3.50708045e-09
 4.99999995e-01]
    optimal I(X;Z) 0.5739913866836899
    took 109.2628s
stopping criterion met