X=[-4 -2  0  2  4], N=200, M=5, Sigma=3.0
start=-8, end=8
max_iter=10, stop_thres=0.0001
mode=3

iter 0
    given input distribution [0.19931271 0.26460481 0.19587629 0.04467354 0.29553265]
    optimal quantizer [-8.   -3.52 -0.88  1.36  3.76  8.  ]
    optimal input distribution [5.00628015e-01 2.62537628e-09 1.74365891e-09 2.60116079e-09
 4.99371978e-01]
    optimal I(X;Z) 0.5714298925910115
    took 111.1961s
iter 1
    given input distribution [5.00628015e-01 2.62537628e-09 1.74365891e-09 2.60116079e-09
 4.99371978e-01]
    optimal quantizer [-8.   -2.96 -0.88  0.88  2.96  8.  ]
    optimal input distribution [4.99999995e-01 3.50708045e-09 2.30368620e-09 3.50708045e-09
 4.99999995e-01]
    optimal I(X;Z) 0.5739913866836899
    took 110.7788s
iter 2
    given input distribution [4.99999995e-01 3.50708045e-09 2.30368620e-09 3.50708045e-09
 4.99999995e-01]
    optimal quantizer [-8.   -2.96 -0.88  0.88  2.96  8.  ]
    optimal input distribution [4.99999995e-01 3.50708045e-09 2.30368620e-09 3.50708045e-09
 4.99999995e-01]
    optimal I(X;Z) 0.5739913866836899
    took 110.9587s
stopping criterion met