X=[-4 -2  0  2  4], N=200, M=5, Sigma=3.0
start=-8, end=8
max_iter=10, stop_thres=0.0001
mode=3

iter 0
    given input distribution [0.17757009 0.11214953 0.14953271 0.27102804 0.28971963]
    optimal quantizer [-8.   -3.68 -1.2   1.04  3.68  8.  ]
    optimal input distribution [4.99707367e-01 7.64442138e-09 5.33381887e-09 7.69389183e-09
 5.00292611e-01]
    optimal I(X;Z) 0.5713911292818714
    took 112.7793s
iter 1
    given input distribution [4.99707367e-01 7.64442138e-09 5.33381887e-09 7.69389183e-09
 5.00292611e-01]
    optimal quantizer [-8.   -2.96 -0.88  0.88  2.96  8.  ]
    optimal input distribution [4.99999995e-01 3.50708045e-09 2.30368620e-09 3.50708045e-09
 4.99999995e-01]
    optimal I(X;Z) 0.5739913866836899
    took 112.2285s
iter 2
    given input distribution [4.99999995e-01 3.50708045e-09 2.30368620e-09 3.50708045e-09
 4.99999995e-01]
    optimal quantizer [-8.   -2.96 -0.88  0.88  2.96  8.  ]
    optimal input distribution [4.99999995e-01 3.50708045e-09 2.30368620e-09 3.50708045e-09
 4.99999995e-01]
    optimal I(X;Z) 0.5739913866836899
    took 112.4762s
stopping criterion met