X=[-4 -2  0  2  4], N=200, M=5, Sigma=3.0
start=-8, end=8
max_iter=10, stop_thres=0.0001
mode=3

iter 0
    given input distribution [0.11184211 0.19078947 0.13815789 0.         0.55921053]
    optimal quantizer [-8.   -3.28 -0.8   1.28  3.6   8.  ]
    optimal input distribution [5.00622037e-01 3.93728331e-09 2.79550029e-09 3.92787129e-09
 4.99377952e-01]
    optimal I(X;Z) 0.5725805238398145
    took 113.2867s
iter 1
    given input distribution [5.00622037e-01 3.93728331e-09 2.79550029e-09 3.92787129e-09
 4.99377952e-01]
    optimal quantizer [-8.   -2.96 -0.88  0.88  2.96  8.  ]
    optimal input distribution [4.99999995e-01 3.50708045e-09 2.30368620e-09 3.50708045e-09
 4.99999995e-01]
    optimal I(X;Z) 0.5739913866836899
    took 112.7057s
iter 2
    given input distribution [4.99999995e-01 3.50708045e-09 2.30368620e-09 3.50708045e-09
 4.99999995e-01]
    optimal quantizer [-8.   -2.96 -0.88  0.88  2.96  8.  ]
    optimal input distribution [4.99999995e-01 3.50708045e-09 2.30368620e-09 3.50708045e-09
 4.99999995e-01]
    optimal I(X;Z) 0.5739913866836899
    took 112.9856s
stopping criterion met