X=[-4 -2  0  2  4], N=200, M=5, Sigma=3.0
start=-8, end=8
max_iter=10, stop_thres=0.0001
mode=3

iter 0
    given input distribution [0.24460432 0.30935252 0.11510791 0.28057554 0.05035971]
    optimal quantizer [-8.   -3.92 -1.44  0.8   3.36  8.  ]
    optimal input distribution [4.99376284e-01 4.11029592e-09 2.91047606e-09 4.10947551e-09
 5.00623704e-01]
    optimal I(X;Z) 0.5714143109379901
    took 115.4678s
iter 1
    given input distribution [4.99376284e-01 4.11029592e-09 2.91047606e-09 4.10947551e-09
 5.00623704e-01]
    optimal quantizer [-8.   -2.96 -0.88  0.88  2.96  8.  ]
    optimal input distribution [4.99999995e-01 3.50708045e-09 2.30368620e-09 3.50708045e-09
 4.99999995e-01]
    optimal I(X;Z) 0.5739913866836899
    took 116.2641s
iter 2
    given input distribution [4.99999995e-01 3.50708045e-09 2.30368620e-09 3.50708045e-09
 4.99999995e-01]
    optimal quantizer [-8.   -2.96 -0.88  0.88  2.96  8.  ]
    optimal input distribution [4.99999995e-01 3.50708045e-09 2.30368620e-09 3.50708045e-09
 4.99999995e-01]
    optimal I(X;Z) 0.5739913866836899
    took 115.0274s
stopping criterion met