X=[-4 -2  0  2  4], N=200, M=5, Sigma=3.0
start=-8, end=8
max_iter=10, stop_thres=0.0001
mode=3

iter 0
    given input distribution [0.15662651 0.31927711 0.21084337 0.14457831 0.1686747 ]
    optimal quantizer [-8.   -3.68 -1.04  1.28  3.84  8.  ]
    optimal input distribution [5.00264112e-01 1.58413128e-09 1.04873962e-09 1.57936705e-09
 4.99735883e-01]
    optimal I(X;Z) 0.5708111527259747
    took 111.7017s
iter 1
    given input distribution [5.00264112e-01 1.58413128e-09 1.04873962e-09 1.57936705e-09
 4.99735883e-01]
    optimal quantizer [-8.   -2.96 -0.88  0.88  2.96  8.  ]
    optimal input distribution [4.99999995e-01 3.50708045e-09 2.30368620e-09 3.50708045e-09
 4.99999995e-01]
    optimal I(X;Z) 0.5739913866836899
    took 111.0428s
iter 2
    given input distribution [4.99999995e-01 3.50708045e-09 2.30368620e-09 3.50708045e-09
 4.99999995e-01]
    optimal quantizer [-8.   -2.96 -0.88  0.88  2.96  8.  ]
    optimal input distribution [4.99999995e-01 3.50708045e-09 2.30368620e-09 3.50708045e-09
 4.99999995e-01]
    optimal I(X;Z) 0.5739913866836899
    took 110.6379s
stopping criterion met