X=[-4 -2  0  2  4], N=200, M=5, Sigma=3.0
start=-8, end=8
max_iter=10, stop_thres=0.0001
mode=3

iter 0
    given input distribution [0.1277533  0.         0.19823789 0.33039648 0.34361233]
    optimal quantizer [-8.   -3.84 -1.28  1.12  3.84  8.  ]
    optimal input distribution [4.99718036e-01 3.48365601e-09 2.41211833e-09 3.50608891e-09
 5.00281954e-01]
    optimal I(X;Z) 0.5701595124627159
    took 112.5410s
iter 1
    given input distribution [4.99718036e-01 3.48365601e-09 2.41211833e-09 3.50608891e-09
 5.00281954e-01]
    optimal quantizer [-8.   -2.96 -0.88  0.88  2.96  8.  ]
    optimal input distribution [4.99999995e-01 3.50708045e-09 2.30368620e-09 3.50708045e-09
 4.99999995e-01]
    optimal I(X;Z) 0.5739913866836899
    took 110.0422s
iter 2
    given input distribution [4.99999995e-01 3.50708045e-09 2.30368620e-09 3.50708045e-09
 4.99999995e-01]
    optimal quantizer [-8.   -2.96 -0.88  0.88  2.96  8.  ]
    optimal input distribution [4.99999995e-01 3.50708045e-09 2.30368620e-09 3.50708045e-09
 4.99999995e-01]
    optimal I(X;Z) 0.5739913866836899
    took 110.3628s
stopping criterion met