X=[-4 -2  0  2  4], N=200, M=5, Sigma=3.0
start=-8, end=8
max_iter=10, stop_thres=0.0001
mode=3

iter 0
    given input distribution [0.37168142 0.13274336 0.01769912 0.03539823 0.44247788]
    optimal quantizer [-8.   -3.2  -0.88  1.04  3.28  8.  ]
    optimal input distribution [5.00239911e-01 6.06274379e-09 3.96626001e-09 6.04584173e-09
 4.99760071e-01]
    optimal I(X;Z) 0.5735027667375767
    took 117.6671s
iter 1
    given input distribution [5.00239911e-01 6.06274379e-09 3.96626001e-09 6.04584173e-09
 4.99760071e-01]
    optimal quantizer [-8.   -2.96 -0.88  0.88  2.96  8.  ]
    optimal input distribution [4.99999995e-01 3.50708045e-09 2.30368620e-09 3.50708045e-09
 4.99999995e-01]
    optimal I(X;Z) 0.5739913866836899
    took 116.0947s
iter 2
    given input distribution [4.99999995e-01 3.50708045e-09 2.30368620e-09 3.50708045e-09
 4.99999995e-01]
    optimal quantizer [-8.   -2.96 -0.88  0.88  2.96  8.  ]
    optimal input distribution [4.99999995e-01 3.50708045e-09 2.30368620e-09 3.50708045e-09
 4.99999995e-01]
    optimal I(X;Z) 0.5739913866836899
    took 115.8221s
stopping criterion met