X=[-4 -2  0  2  4], N=200, M=5, Sigma=3.0
start=-8, end=8
max_iter=10, stop_thres=0.0001
mode=3

iter 0
    given input distribution [0.3539823  0.32300885 0.01327434 0.19469027 0.11504425]
    optimal quantizer [-8.   -3.6  -1.04  1.12  3.52  8.  ]
    optimal input distribution [5.00207822e-01 3.36170689e-09 2.23096194e-09 3.33941563e-09
 4.99792169e-01]
    optimal I(X;Z) 0.5721068131735327
    took 110.2550s
iter 1
    given input distribution [5.00207822e-01 3.36170689e-09 2.23096194e-09 3.33941563e-09
 4.99792169e-01]
    optimal quantizer [-8.   -2.96 -0.88  0.88  2.96  8.  ]
    optimal input distribution [4.99999995e-01 3.50708045e-09 2.30368620e-09 3.50708045e-09
 4.99999995e-01]
    optimal I(X;Z) 0.5739913866836899
    took 109.8602s
iter 2
    given input distribution [4.99999995e-01 3.50708045e-09 2.30368620e-09 3.50708045e-09
 4.99999995e-01]
    optimal quantizer [-8.   -2.96 -0.88  0.88  2.96  8.  ]
    optimal input distribution [4.99999995e-01 3.50708045e-09 2.30368620e-09 3.50708045e-09
 4.99999995e-01]
    optimal I(X;Z) 0.5739913866836899
    took 109.5999s
stopping criterion met