X=[-4 -2  0  2  4], N=200, M=5, Sigma=3.0
start=-8, end=8
max_iter=10, stop_thres=0.0001
mode=3

iter 0
    given input distribution [0.28671329 0.21328671 0.06993007 0.13286713 0.2972028 ]
    optimal quantizer [-8.   -3.52 -1.04  1.12  3.52  8.  ]
    optimal input distribution [5.00136673e-01 1.54579491e-09 1.03196963e-09 1.54089780e-09
 4.99863323e-01]
    optimal I(X;Z) 0.5722944379760198
    took 112.8205s
iter 1
    given input distribution [5.00136673e-01 1.54579491e-09 1.03196963e-09 1.54089780e-09
 4.99863323e-01]
    optimal quantizer [-8.   -2.96 -0.88  0.88  2.96  8.  ]
    optimal input distribution [4.99999995e-01 3.50708045e-09 2.30368620e-09 3.50708045e-09
 4.99999995e-01]
    optimal I(X;Z) 0.5739913866836899
    took 113.4194s
iter 2
    given input distribution [4.99999995e-01 3.50708045e-09 2.30368620e-09 3.50708045e-09
 4.99999995e-01]
    optimal quantizer [-8.   -2.96 -0.88  0.88  2.96  8.  ]
    optimal input distribution [4.99999995e-01 3.50708045e-09 2.30368620e-09 3.50708045e-09
 4.99999995e-01]
    optimal I(X;Z) 0.5739913866836899
    took 112.4403s
stopping criterion met