X=[-4 -2  0  2  4], N=200, M=5, Sigma=3.0
start=-8, end=8
max_iter=10, stop_thres=0.0001
mode=3

iter 0
    given input distribution [0.17716535 0.26377953 0.16535433 0.03937008 0.35433071]
    optimal quantizer [-8.   -3.44 -0.8   1.36  3.76  8.  ]
    optimal input distribution [5.00748716e-01 4.05203554e-09 2.85899653e-09 4.02298248e-09
 4.99251272e-01]
    optimal I(X;Z) 0.5717087820047542
    took 112.1700s
iter 1
    given input distribution [5.00748716e-01 4.05203554e-09 2.85899653e-09 4.02298248e-09
 4.99251272e-01]
    optimal quantizer [-8.   -2.96 -0.88  0.88  2.96  8.  ]
    optimal input distribution [4.99999995e-01 3.50708045e-09 2.30368620e-09 3.50708045e-09
 4.99999995e-01]
    optimal I(X;Z) 0.5739913866836899
    took 112.5021s
iter 2
    given input distribution [4.99999995e-01 3.50708045e-09 2.30368620e-09 3.50708045e-09
 4.99999995e-01]
    optimal quantizer [-8.   -2.96 -0.88  0.88  2.96  8.  ]
    optimal input distribution [4.99999995e-01 3.50708045e-09 2.30368620e-09 3.50708045e-09
 4.99999995e-01]
    optimal I(X;Z) 0.5739913866836899
    took 111.9886s
stopping criterion met