X=[-4 -2  0  2  4], N=200, M=5, Sigma=3.0
start=-8, end=8
max_iter=10, stop_thres=0.0001
mode=3

iter 0
    given input distribution [0.25449102 0.28143713 0.18862275 0.18562874 0.08982036]
    optimal quantizer [-8.   -3.84 -1.28  1.04  3.6   8.  ]
    optimal input distribution [4.99819626e-01 4.78892084e-09 3.35010690e-09 4.78306055e-09
 5.00180360e-01]
    optimal I(X;Z) 0.5710215730034263
    took 118.6742s
iter 1
    given input distribution [4.99819626e-01 4.78892084e-09 3.35010690e-09 4.78306055e-09
 5.00180360e-01]
    optimal quantizer [-8.   -2.96 -0.88  0.88  2.96  8.  ]
    optimal input distribution [4.99999995e-01 3.50708045e-09 2.30368620e-09 3.50708045e-09
 4.99999995e-01]
    optimal I(X;Z) 0.5739913866836899
    took 118.1726s
iter 2
    given input distribution [4.99999995e-01 3.50708045e-09 2.30368620e-09 3.50708045e-09
 4.99999995e-01]
    optimal quantizer [-8.   -2.96 -0.88  0.88  2.96  8.  ]
    optimal input distribution [4.99999995e-01 3.50708045e-09 2.30368620e-09 3.50708045e-09
 4.99999995e-01]
    optimal I(X;Z) 0.5739913866836899
    took 119.2526s
stopping criterion met