X=[-4 -2  0  2  4], N=200, M=5, Sigma=3.0
start=-8, end=8
max_iter=10, stop_thres=0.0001
mode=3

iter 0
    given input distribution [0.25490196 0.10588235 0.10196078 0.2627451  0.2745098 ]
    optimal quantizer [-8.   -3.68 -1.28  0.96  3.52  8.  ]
    optimal input distribution [4.99591880e-01 3.27559533e-09 2.19734975e-09 3.29504911e-09
 5.00408111e-01]
    optimal I(X;Z) 0.5717168758639581
    took 115.8483s
iter 1
    given input distribution [4.99591880e-01 3.27559533e-09 2.19734975e-09 3.29504911e-09
 5.00408111e-01]
    optimal quantizer [-8.   -2.96 -0.88  0.88  2.96  8.  ]
    optimal input distribution [4.99999995e-01 3.50708045e-09 2.30368620e-09 3.50708045e-09
 4.99999995e-01]
    optimal I(X;Z) 0.5739913866836899
    took 116.0181s
iter 2
    given input distribution [4.99999995e-01 3.50708045e-09 2.30368620e-09 3.50708045e-09
 4.99999995e-01]
    optimal quantizer [-8.   -2.96 -0.88  0.88  2.96  8.  ]
    optimal input distribution [4.99999995e-01 3.50708045e-09 2.30368620e-09 3.50708045e-09
 4.99999995e-01]
    optimal I(X;Z) 0.5739913866836899
    took 115.5062s
stopping criterion met