X=[-4 -2  0  2  4], N=200, M=5, Sigma=3.0
start=-8, end=8
max_iter=10, stop_thres=0.0001
mode=3

iter 0
    given input distribution [0.23684211 0.26900585 0.24853801 0.02631579 0.21929825]
    optimal quantizer [-8.   -3.68 -0.96  1.36  3.84  8.  ]
    optimal input distribution [5.00553083e-01 1.60386010e-09 1.05664850e-09 1.58800841e-09
 4.99446912e-01]
    optimal I(X;Z) 0.5706937272401915
    took 110.2289s
iter 1
    given input distribution [5.00553083e-01 1.60386010e-09 1.05664850e-09 1.58800841e-09
 4.99446912e-01]
    optimal quantizer [-8.   -2.96 -0.88  0.88  2.96  8.  ]
    optimal input distribution [4.99999995e-01 3.50708045e-09 2.30368620e-09 3.50708045e-09
 4.99999995e-01]
    optimal I(X;Z) 0.5739913866836899
    took 109.0423s
iter 2
    given input distribution [4.99999995e-01 3.50708045e-09 2.30368620e-09 3.50708045e-09
 4.99999995e-01]
    optimal quantizer [-8.   -2.96 -0.88  0.88  2.96  8.  ]
    optimal input distribution [4.99999995e-01 3.50708045e-09 2.30368620e-09 3.50708045e-09
 4.99999995e-01]
    optimal I(X;Z) 0.5739913866836899
    took 109.5123s
stopping criterion met