X=[-4 -2  0  2  4], N=200, M=5, Sigma=3.0
start=-8, end=8
max_iter=10, stop_thres=0.0001
mode=3

iter 0
    given input distribution [0.40265487 0.03982301 0.09734513 0.16814159 0.2920354 ]
    optimal quantizer [-8.   -3.52 -1.12  0.96  3.44  8.  ]
    optimal input distribution [4.99771408e-01 1.88127587e-09 1.28435914e-09 1.88738518e-09
 5.00228587e-01]
    optimal I(X;Z) 0.5725632111252072
    took 109.8007s
iter 1
    given input distribution [4.99771408e-01 1.88127587e-09 1.28435914e-09 1.88738518e-09
 5.00228587e-01]
    optimal quantizer [-8.   -2.96 -0.88  0.88  2.96  8.  ]
    optimal input distribution [4.99999995e-01 3.50708045e-09 2.30368620e-09 3.50708045e-09
 4.99999995e-01]
    optimal I(X;Z) 0.5739913866836899
    took 109.6350s
iter 2
    given input distribution [4.99999995e-01 3.50708045e-09 2.30368620e-09 3.50708045e-09
 4.99999995e-01]
    optimal quantizer [-8.   -2.96 -0.88  0.88  2.96  8.  ]
    optimal input distribution [4.99999995e-01 3.50708045e-09 2.30368620e-09 3.50708045e-09
 4.99999995e-01]
    optimal I(X;Z) 0.5739913866836899
    took 108.2133s
stopping criterion met