X=[-4 -2  0  2  4], N=200, M=5, Sigma=3.0
start=-8, end=8
max_iter=10, stop_thres=0.0001
mode=3

iter 0
    given input distribution [0.0923913  0.4673913  0.05434783 0.03804348 0.34782609]
    optimal quantizer [-8.   -2.96 -0.4   1.68  3.92  8.  ]
    optimal input distribution [5.01602067e-01 7.56029760e-09 5.16935428e-09 7.49110352e-09
 4.98397912e-01]
    optimal I(X;Z) 0.5716835472751693
    took 110.8903s
iter 1
    given input distribution [5.01602067e-01 7.56029760e-09 5.16935428e-09 7.49110352e-09
 4.98397912e-01]
    optimal quantizer [-8.   -2.96 -0.88  0.88  2.96  8.  ]
    optimal input distribution [4.99999995e-01 3.50708045e-09 2.30368620e-09 3.50708045e-09
 4.99999995e-01]
    optimal I(X;Z) 0.5739913866836899
    took 110.1518s
iter 2
    given input distribution [4.99999995e-01 3.50708045e-09 2.30368620e-09 3.50708045e-09
 4.99999995e-01]
    optimal quantizer [-8.   -2.96 -0.88  0.88  2.96  8.  ]
    optimal input distribution [4.99999995e-01 3.50708045e-09 2.30368620e-09 3.50708045e-09
 4.99999995e-01]
    optimal I(X;Z) 0.5739913866836899
    took 110.6099s
stopping criterion met