X=[-4 -2  0  2  4], N=200, M=5, Sigma=3.0
start=-8, end=8
max_iter=10, stop_thres=0.0001
mode=3

iter 0
    given input distribution [0.25698324 0.07821229 0.25139665 0.27653631 0.13687151]
    optimal quantizer [-8.   -3.92 -1.44  0.88  3.6   8.  ]
    optimal input distribution [4.99325780e-01 4.02207874e-09 2.86206360e-09 4.05200113e-09
 5.00674208e-01]
    optimal I(X;Z) 0.5706134840122359
    took 114.4088s
iter 1
    given input distribution [4.99325780e-01 4.02207874e-09 2.86206360e-09 4.05200113e-09
 5.00674208e-01]
    optimal quantizer [-8.   -2.96 -0.88  0.88  2.96  8.  ]
    optimal input distribution [4.99999995e-01 3.50708045e-09 2.30368620e-09 3.50708045e-09
 4.99999995e-01]
    optimal I(X;Z) 0.5739913866836899
    took 113.6887s
iter 2
    given input distribution [4.99999995e-01 3.50708045e-09 2.30368620e-09 3.50708045e-09
 4.99999995e-01]
    optimal quantizer [-8.   -2.96 -0.88  0.88  2.96  8.  ]
    optimal input distribution [4.99999995e-01 3.50708045e-09 2.30368620e-09 3.50708045e-09
 4.99999995e-01]
    optimal I(X;Z) 0.5739913866836899
    took 112.7966s
stopping criterion met