X=[-4 -2  0  2  4], N=200, M=5, Sigma=3.0
start=-8, end=8
max_iter=10, stop_thres=0.0001
mode=3

iter 0
    given input distribution [0.3255814  0.         0.08837209 0.34883721 0.2372093 ]
    optimal quantizer [-8.   -3.76 -1.44  0.72  3.36  8.  ]
    optimal input distribution [4.99045563e-01 3.98015334e-09 2.83377354e-09 4.01498570e-09
 5.00954426e-01]
    optimal I(X;Z) 0.5717249482513076
    took 111.8337s
iter 1
    given input distribution [4.99045563e-01 3.98015334e-09 2.83377354e-09 4.01498570e-09
 5.00954426e-01]
    optimal quantizer [-8.   -2.96 -0.88  0.88  2.96  8.  ]
    optimal input distribution [4.99999995e-01 3.50708045e-09 2.30368620e-09 3.50708045e-09
 4.99999995e-01]
    optimal I(X;Z) 0.5739913866836899
    took 112.4881s
iter 2
    given input distribution [4.99999995e-01 3.50708045e-09 2.30368620e-09 3.50708045e-09
 4.99999995e-01]
    optimal quantizer [-8.   -2.96 -0.88  0.88  2.96  8.  ]
    optimal input distribution [4.99999995e-01 3.50708045e-09 2.30368620e-09 3.50708045e-09
 4.99999995e-01]
    optimal I(X;Z) 0.5739913866836899
    took 111.4242s
stopping criterion met