X=[-4 -2  0  2  4], N=200, M=5, Sigma=3.0
start=-8, end=8
max_iter=10, stop_thres=0.0001
mode=3

iter 0
    given input distribution [0.25835866 0.17325228 0.21276596 0.24924012 0.10638298]
    optimal quantizer [-8.   -3.92 -1.44  0.88  3.52  8.  ]
    optimal input distribution [4.99420996e-01 4.02469659e-09 2.85822936e-09 4.03868251e-09
 5.00578992e-01]
    optimal I(X;Z) 0.5708590423454019
    took 112.7258s
iter 1
    given input distribution [4.99420996e-01 4.02469659e-09 2.85822936e-09 4.03868251e-09
 5.00578992e-01]
    optimal quantizer [-8.   -2.96 -0.88  0.88  2.96  8.  ]
    optimal input distribution [4.99999995e-01 3.50708045e-09 2.30368620e-09 3.50708045e-09
 4.99999995e-01]
    optimal I(X;Z) 0.5739913866836899
    took 112.4773s
iter 2
    given input distribution [4.99999995e-01 3.50708045e-09 2.30368620e-09 3.50708045e-09
 4.99999995e-01]
    optimal quantizer [-8.   -2.96 -0.88  0.88  2.96  8.  ]
    optimal input distribution [4.99999995e-01 3.50708045e-09 2.30368620e-09 3.50708045e-09
 4.99999995e-01]
    optimal I(X;Z) 0.5739913866836899
    took 110.8906s
stopping criterion met