X=[-4 -2  0  2  4], N=200, M=5, Sigma=3.0
start=-8, end=8
max_iter=10, stop_thres=0.0001
mode=3

iter 0
    given input distribution [0.03053435 0.32061069 0.17175573 0.30916031 0.16793893]
    optimal quantizer [-8.   -3.28 -0.72  1.52  4.    8.  ]
    optimal input distribution [5.00766173e-01 2.35105788e-09 1.65752217e-09 2.35352999e-09
 4.99233820e-01]
    optimal I(X;Z) 0.5713048036143435
    took 108.4458s
iter 1
    given input distribution [5.00766173e-01 2.35105788e-09 1.65752217e-09 2.35352999e-09
 4.99233820e-01]
    optimal quantizer [-8.   -2.96 -0.88  0.88  2.96  8.  ]
    optimal input distribution [4.99999995e-01 3.50708045e-09 2.30368620e-09 3.50708045e-09
 4.99999995e-01]
    optimal I(X;Z) 0.5739913866836899
    took 109.4646s
iter 2
    given input distribution [4.99999995e-01 3.50708045e-09 2.30368620e-09 3.50708045e-09
 4.99999995e-01]
    optimal quantizer [-8.   -2.96 -0.88  0.88  2.96  8.  ]
    optimal input distribution [4.99999995e-01 3.50708045e-09 2.30368620e-09 3.50708045e-09
 4.99999995e-01]
    optimal I(X;Z) 0.5739913866836899
    took 107.8806s
stopping criterion met