X=[-4 -2  0  2  4], N=200, M=5, Sigma=3.0
start=-8, end=8
max_iter=10, stop_thres=0.0001
mode=3

iter 0
    given input distribution [0.06060606 0.30735931 0.34632035 0.0995671  0.18614719]
    optimal quantizer [-8.   -3.44 -0.72  1.68  4.16  8.  ]
    optimal input distribution [5.00887658e-01 1.47092977e-09 9.78449544e-10 1.45973181e-09
 4.99112338e-01]
    optimal I(X;Z) 0.5699112701845146
    took 108.1497s
iter 1
    given input distribution [5.00887658e-01 1.47092977e-09 9.78449544e-10 1.45973181e-09
 4.99112338e-01]
    optimal quantizer [-8.   -2.96 -0.88  0.88  2.96  8.  ]
    optimal input distribution [4.99999995e-01 3.50708045e-09 2.30368620e-09 3.50708045e-09
 4.99999995e-01]
    optimal I(X;Z) 0.5739913866836899
    took 106.9019s
iter 2
    given input distribution [4.99999995e-01 3.50708045e-09 2.30368620e-09 3.50708045e-09
 4.99999995e-01]
    optimal quantizer [-8.   -2.96 -0.88  0.88  2.96  8.  ]
    optimal input distribution [4.99999995e-01 3.50708045e-09 2.30368620e-09 3.50708045e-09
 4.99999995e-01]
    optimal I(X;Z) 0.5739913866836899
    took 106.8997s
stopping criterion met