X=[-4 -2  0  2  4], N=200, M=5, Sigma=3.0
start=-8, end=8
max_iter=10, stop_thres=0.0001
mode=3

iter 0
    given input distribution [0.04672897 0.3271028  0.04672897 0.28971963 0.28971963]
    optimal quantizer [-8.   -3.2  -0.72  1.44  3.84  8.  ]
    optimal input distribution [5.00765291e-01 3.95647948e-09 2.81227029e-09 3.96373670e-09
 4.99234697e-01]
    optimal I(X;Z) 0.5720228059400232
    took 111.5060s
iter 1
    given input distribution [5.00765291e-01 3.95647948e-09 2.81227029e-09 3.96373670e-09
 4.99234697e-01]
    optimal quantizer [-8.   -2.96 -0.88  0.88  2.96  8.  ]
    optimal input distribution [4.99999995e-01 3.50708045e-09 2.30368620e-09 3.50708045e-09
 4.99999995e-01]
    optimal I(X;Z) 0.5739913866836899
    took 113.6172s
iter 2
    given input distribution [4.99999995e-01 3.50708045e-09 2.30368620e-09 3.50708045e-09
 4.99999995e-01]
    optimal quantizer [-8.   -2.96 -0.88  0.88  2.96  8.  ]
    optimal input distribution [4.99999995e-01 3.50708045e-09 2.30368620e-09 3.50708045e-09
 4.99999995e-01]
    optimal I(X;Z) 0.5739913866836899
    took 116.0718s
stopping criterion met