X=[-4 -2  0  2  4], N=200, M=5, Sigma=3.0
start=-8, end=8
max_iter=10, stop_thres=0.0001
mode=3

iter 0
    given input distribution [0.35135135 0.12612613 0.05855856 0.03603604 0.42792793]
    optimal quantizer [-8.   -3.36 -0.96  1.04  3.36  8.  ]
    optimal input distribution [5.00137943e-01 6.68713475e-09 4.38211598e-09 6.66594907e-09
 4.99862037e-01]
    optimal I(X;Z) 0.5731008012774739
    took 113.1975s
iter 1
    given input distribution [5.00137943e-01 6.68713475e-09 4.38211598e-09 6.66594907e-09
 4.99862037e-01]
    optimal quantizer [-8.   -2.96 -0.88  0.88  2.96  8.  ]
    optimal input distribution [4.99999995e-01 3.50708045e-09 2.30368620e-09 3.50708045e-09
 4.99999995e-01]
    optimal I(X;Z) 0.5739913866836899
    took 110.2399s
iter 2
    given input distribution [4.99999995e-01 3.50708045e-09 2.30368620e-09 3.50708045e-09
 4.99999995e-01]
    optimal quantizer [-8.   -2.96 -0.88  0.88  2.96  8.  ]
    optimal input distribution [4.99999995e-01 3.50708045e-09 2.30368620e-09 3.50708045e-09
 4.99999995e-01]
    optimal I(X;Z) 0.5739913866836899
    took 110.1418s
stopping criterion met