X=[-4 -2  0  2  4], N=200, M=5, Sigma=3.0
start=-8, end=8
max_iter=10, stop_thres=0.0001
mode=3

iter 0
    given input distribution [0.16037736 0.41981132 0.33018868 0.02830189 0.06132075]
    optimal quantizer [-8.   -4.08 -1.36  1.2   3.92  8.  ]
    optimal input distribution [4.99927632e-01 4.01571130e-09 2.67249916e-09 4.01296371e-09
 5.00072356e-01]
    optimal I(X;Z) 0.5687156905096036
    took 113.8797s
iter 1
    given input distribution [4.99927632e-01 4.01571130e-09 2.67249916e-09 4.01296371e-09
 5.00072356e-01]
    optimal quantizer [-8.   -2.96 -0.88  0.88  2.96  8.  ]
    optimal input distribution [4.99999995e-01 3.50708045e-09 2.30368620e-09 3.50708045e-09
 4.99999995e-01]
    optimal I(X;Z) 0.5739913866836899
    took 114.6186s
iter 2
    given input distribution [4.99999995e-01 3.50708045e-09 2.30368620e-09 3.50708045e-09
 4.99999995e-01]
    optimal quantizer [-8.   -2.96 -0.88  0.88  2.96  8.  ]
    optimal input distribution [4.99999995e-01 3.50708045e-09 2.30368620e-09 3.50708045e-09
 4.99999995e-01]
    optimal I(X;Z) 0.5739913866836899
    took 114.9437s
stopping criterion met