X=[-4 -2  0  2  4], N=200, M=5, Sigma=3.0
start=-8, end=8
max_iter=10, stop_thres=0.0001
mode=3

iter 0
    given input distribution [0.14675768 0.23549488 0.13993174 0.2662116  0.2116041 ]
    optimal quantizer [-8.   -3.68 -1.12  1.2   3.76  8.  ]
    optimal input distribution [5.00059970e-01 7.65807386e-09 5.33270139e-09 7.65950293e-09
 4.99940008e-01]
    optimal I(X;Z) 0.5710423751432256
    took 108.0716s
iter 1
    given input distribution [5.00059970e-01 7.65807386e-09 5.33270139e-09 7.65950293e-09
 4.99940008e-01]
    optimal quantizer [-8.   -2.96 -0.88  0.88  2.96  8.  ]
    optimal input distribution [4.99999995e-01 3.50708045e-09 2.30368620e-09 3.50708045e-09
 4.99999995e-01]
    optimal I(X;Z) 0.5739913866836899
    took 108.4070s
iter 2
    given input distribution [4.99999995e-01 3.50708045e-09 2.30368620e-09 3.50708045e-09
 4.99999995e-01]
    optimal quantizer [-8.   -2.96 -0.88  0.88  2.96  8.  ]
    optimal input distribution [4.99999995e-01 3.50708045e-09 2.30368620e-09 3.50708045e-09
 4.99999995e-01]
    optimal I(X;Z) 0.5739913866836899
    took 107.4712s
stopping criterion met