X=[-4 -2  0  2  4], N=200, M=5, Sigma=3.0
start=-8, end=8
max_iter=10, stop_thres=0.0001
mode=3

iter 0
    given input distribution [0.10299003 0.29900332 0.03986711 0.27906977 0.27906977]
    optimal quantizer [-8.   -3.36 -0.88  1.28  3.76  8.  ]
    optimal input distribution [5.00385790e-01 4.08230430e-09 2.89412997e-09 4.09116359e-09
 4.99614198e-01]
    optimal I(X;Z) 0.5720568761636557
    took 111.0962s
iter 1
    given input distribution [5.00385790e-01 4.08230430e-09 2.89412997e-09 4.09116359e-09
 4.99614198e-01]
    optimal quantizer [-8.   -2.96 -0.88  0.88  2.96  8.  ]
    optimal input distribution [4.99999995e-01 3.50708045e-09 2.30368620e-09 3.50708045e-09
 4.99999995e-01]
    optimal I(X;Z) 0.5739913866836899
    took 111.8398s
iter 2
    given input distribution [4.99999995e-01 3.50708045e-09 2.30368620e-09 3.50708045e-09
 4.99999995e-01]
    optimal quantizer [-8.   -2.96 -0.88  0.88  2.96  8.  ]
    optimal input distribution [4.99999995e-01 3.50708045e-09 2.30368620e-09 3.50708045e-09
 4.99999995e-01]
    optimal I(X;Z) 0.5739913866836899
    took 111.9254s
stopping criterion met