X=[-4 -2  0  2  4], N=200, M=5, Sigma=0.75
start=-8, end=8
max_iter=10, stop_thres=0.0001
mode=3

iter 0
    given input distribution [0.25449102 0.28143713 0.18862275 0.18562874 0.08982036]
    optimal quantizer [-8.   -3.04 -0.96  0.96  3.04  8.  ]
    optimal input distribution [0.24924764 0.16373931 0.17402611 0.16373931 0.24924764]
    optimal I(X;Z) 1.6429486350687332
    took 115.6544s
iter 1
    given input distribution [0.24924764 0.16373931 0.17402611 0.16373931 0.24924764]
    optimal quantizer [-8.   -2.96 -1.04  1.04  2.96  8.  ]
    optimal input distribution [0.25465419 0.15188494 0.18692174 0.15188494 0.25465419]
    optimal I(X;Z) 1.6487458924042844
    took 117.4894s
iter 2
    given input distribution [0.25465419 0.15188494 0.18692174 0.15188494 0.25465419]
    optimal quantizer [-8.   -2.88 -1.04  1.04  2.88  8.  ]
    optimal input distribution [0.25826699 0.14613733 0.19119137 0.14613733 0.25826699]
    optimal I(X;Z) 1.6496586404320022
    took 117.0704s
iter 3
    given input distribution [0.25826699 0.14613733 0.19119137 0.14613733 0.25826699]
    optimal quantizer [-8.   -2.88 -1.04  1.04  2.88  8.  ]
    optimal input distribution [0.25826699 0.14613733 0.19119137 0.14613733 0.25826699]
    optimal I(X;Z) 1.6496586404320022
    took 117.7646s
stopping criterion met