X=[-4 -2  0  2  4], N=200, M=5, Sigma=0.75
start=-8, end=8
max_iter=10, stop_thres=0.0001
mode=3

iter 0
    given input distribution [0.04672897 0.3271028  0.04672897 0.28971963 0.28971963]
    optimal quantizer [-8.   -3.28 -0.64  0.72  2.96  8.  ]
    optimal input distribution [0.23304339 0.19673166 0.13111361 0.18429329 0.25481805]
    optimal I(X;Z) 1.6024883562791392
    took 111.7702s
iter 1
    given input distribution [0.23304339 0.19673166 0.13111361 0.18429329 0.25481805]
    optimal quantizer [-8.   -2.96 -0.96  0.96  2.96  8.  ]
    optimal input distribution [0.25278432 0.15840909 0.17761317 0.15840909 0.25278432]
    optimal I(X;Z) 1.647118279707636
    took 111.5753s
iter 2
    given input distribution [0.25278432 0.15840909 0.17761317 0.15840909 0.25278432]
    optimal quantizer [-8.   -2.88 -1.04  1.04  2.88  8.  ]
    optimal input distribution [0.25826699 0.14613733 0.19119137 0.14613733 0.25826699]
    optimal I(X;Z) 1.6496586404320022
    took 112.4643s
iter 3
    given input distribution [0.25826699 0.14613733 0.19119137 0.14613733 0.25826699]
    optimal quantizer [-8.   -2.88 -1.04  1.04  2.88  8.  ]
    optimal input distribution [0.25826699 0.14613733 0.19119137 0.14613733 0.25826699]
    optimal I(X;Z) 1.6496586404320022
    took 113.1742s
stopping criterion met