X=[-4 -2  0  2  4], N=200, M=5, Sigma=0.75
start=-8, end=8
max_iter=10, stop_thres=0.0001
mode=3

iter 0
    given input distribution [0.17757009 0.11214953 0.14953271 0.27102804 0.28971963]
    optimal quantizer [-8.   -2.88 -1.04  0.96  2.96  8.  ]
    optimal input distribution [0.25808017 0.14844798 0.18435587 0.15616804 0.25294793]
    optimal I(X;Z) 1.6483256381170606
    took 113.7390s
iter 1
    given input distribution [0.25808017 0.14844798 0.18435587 0.15616804 0.25294793]
    optimal quantizer [-8.   -2.88 -1.04  1.04  2.88  8.  ]
    optimal input distribution [0.25826699 0.14613733 0.19119137 0.14613733 0.25826699]
    optimal I(X;Z) 1.6496586404320022
    took 110.5926s
iter 2
    given input distribution [0.25826699 0.14613733 0.19119137 0.14613733 0.25826699]
    optimal quantizer [-8.   -2.88 -1.04  1.04  2.88  8.  ]
    optimal input distribution [0.25826699 0.14613733 0.19119137 0.14613733 0.25826699]
    optimal I(X;Z) 1.6496586404320022
    took 110.2199s
stopping criterion met