X=[-4 -2  0  2  4], N=200, M=5, Sigma=0.75
start=-8, end=8
max_iter=10, stop_thres=0.0001
mode=3

iter 0
    given input distribution [0.29518072 0.09638554 0.36144578 0.20481928 0.04216867]
    optimal quantizer [-8.   -2.8  -1.2   1.04  3.12  8.  ]
    optimal input distribution [0.26714516 0.13107167 0.19673903 0.15651466 0.24852949]
    optimal I(X;Z) 1.6398274315899295
    took 111.0378s
iter 1
    given input distribution [0.26714516 0.13107167 0.19673903 0.15651466 0.24852949]
    optimal quantizer [-8.   -2.88 -1.04  1.04  2.88  8.  ]
    optimal input distribution [0.25826699 0.14613733 0.19119137 0.14613733 0.25826699]
    optimal I(X;Z) 1.6496586404320022
    took 111.6781s
iter 2
    given input distribution [0.25826699 0.14613733 0.19119137 0.14613733 0.25826699]
    optimal quantizer [-8.   -2.88 -1.04  1.04  2.88  8.  ]
    optimal input distribution [0.25826699 0.14613733 0.19119137 0.14613733 0.25826699]
    optimal I(X;Z) 1.6496586404320022
    took 111.3058s
stopping criterion met