X=[-4 -2  0  2  4], N=200, M=5, Sigma=0.75
start=-8, end=8
max_iter=10, stop_thres=0.0001
mode=3

iter 0
    given input distribution [0.30833333 0.28333333 0.30416667 0.0375     0.06666667]
    optimal quantizer [-8.   -2.96 -1.04  1.2   2.8   8.  ]
    optimal input distribution [0.25588466 0.14851747 0.19952353 0.12988218 0.26619217]
    optimal I(X;Z) 1.6457145902346484
    took 108.6207s
iter 1
    given input distribution [0.25588466 0.14851747 0.19952353 0.12988218 0.26619217]
    optimal quantizer [-8.   -2.88 -1.04  1.04  2.88  8.  ]
    optimal input distribution [0.25826699 0.14613733 0.19119137 0.14613733 0.25826699]
    optimal I(X;Z) 1.6496586404320022
    took 109.1120s
iter 2
    given input distribution [0.25826699 0.14613733 0.19119137 0.14613733 0.25826699]
    optimal quantizer [-8.   -2.88 -1.04  1.04  2.88  8.  ]
    optimal input distribution [0.25826699 0.14613733 0.19119137 0.14613733 0.25826699]
    optimal I(X;Z) 1.6496586404320022
    took 108.7838s
stopping criterion met