X=[-4 -2  0  2  4], N=200, M=5, Sigma=0.75
start=-8, end=8
max_iter=10, stop_thres=0.0001
mode=3

iter 0
    given input distribution [0.37696335 0.04712042 0.09424084 0.46596859 0.01570681]
    optimal quantizer [-8.   -2.72 -1.12  0.8   3.44  8.  ]
    optimal input distribution [0.27372245 0.14170256 0.17719189 0.18022914 0.22715396]
    optimal I(X;Z) 1.5996562881302268
    took 111.3634s
iter 1
    given input distribution [0.27372245 0.14170256 0.17719189 0.18022914 0.22715396]
    optimal quantizer [-8.   -2.88 -1.04  1.04  2.96  8.  ]
    optimal input distribution [0.25828259 0.14658931 0.18905108 0.15143697 0.25464005]
    optimal I(X;Z) 1.6491913309807877
    took 110.4868s
iter 2
    given input distribution [0.25828259 0.14658931 0.18905108 0.15143697 0.25464005]
    optimal quantizer [-8.   -2.88 -1.04  1.04  2.88  8.  ]
    optimal input distribution [0.25826699 0.14613733 0.19119137 0.14613733 0.25826699]
    optimal I(X;Z) 1.6496586404320022
    took 110.6877s
iter 3
    given input distribution [0.25826699 0.14613733 0.19119137 0.14613733 0.25826699]
    optimal quantizer [-8.   -2.88 -1.04  1.04  2.88  8.  ]
    optimal input distribution [0.25826699 0.14613733 0.19119137 0.14613733 0.25826699]
    optimal I(X;Z) 1.6496586404320022
    took 111.8624s
stopping criterion met