X=[-4 -2  0  2  4], N=200, M=5, Sigma=0.75
start=-8, end=8
max_iter=10, stop_thres=0.0001
mode=3

iter 0
    given input distribution [0.19931271 0.26460481 0.19587629 0.04467354 0.29553265]
    optimal quantizer [-8.   -3.04 -0.96  1.2   2.64  8.  ]
    optimal input distribution [0.25155145 0.15788289 0.19903215 0.11853443 0.27299908]
    optimal I(X;Z) 1.6360480792876864
    took 108.4310s
iter 1
    given input distribution [0.25155145 0.15788289 0.19903215 0.11853443 0.27299908]
    optimal quantizer [-8.   -2.88 -1.04  1.12  2.88  8.  ]
    optimal input distribution [0.25866671 0.14465457 0.19538656 0.14099223 0.26029993]
    optimal I(X;Z) 1.64917133379122
    took 110.1353s
iter 2
    given input distribution [0.25866671 0.14465457 0.19538656 0.14099223 0.26029993]
    optimal quantizer [-8.   -2.88 -1.04  1.04  2.88  8.  ]
    optimal input distribution [0.25826699 0.14613733 0.19119137 0.14613733 0.25826699]
    optimal I(X;Z) 1.6496586404320022
    took 109.5961s
iter 3
    given input distribution [0.25826699 0.14613733 0.19119137 0.14613733 0.25826699]
    optimal quantizer [-8.   -2.88 -1.04  1.04  2.88  8.  ]
    optimal input distribution [0.25826699 0.14613733 0.19119137 0.14613733 0.25826699]
    optimal I(X;Z) 1.6496586404320022
    took 109.1826s
stopping criterion met