X=[-4 -2  0  2  4], N=200, M=5, Sigma=0.75
start=-8, end=8
max_iter=10, stop_thres=0.0001
mode=3

iter 0
    given input distribution [0.02272727 0.13068182 0.42613636 0.20454545 0.21590909]
    optimal quantizer [-8.   -3.12 -1.12  1.12  2.96  8.  ]
    optimal input distribution [0.25023444 0.15244511 0.19318187 0.14601681 0.25812176]
    optimal I(X;Z) 1.642376367838077
    took 111.4487s
iter 1
    given input distribution [0.25023444 0.15244511 0.19318187 0.14601681 0.25812176]
    optimal quantizer [-8.   -2.88 -1.04  1.04  2.88  8.  ]
    optimal input distribution [0.25826699 0.14613733 0.19119137 0.14613733 0.25826699]
    optimal I(X;Z) 1.6496586404320022
    took 110.9446s
iter 2
    given input distribution [0.25826699 0.14613733 0.19119137 0.14613733 0.25826699]
    optimal quantizer [-8.   -2.88 -1.04  1.04  2.88  8.  ]
    optimal input distribution [0.25826699 0.14613733 0.19119137 0.14613733 0.25826699]
    optimal I(X;Z) 1.6496586404320022
    took 109.9303s
stopping criterion met