X=[-4 -2  0  2  4], N=200, M=5, Sigma=0.75
start=-8, end=8
max_iter=10, stop_thres=0.0001
mode=3

iter 0
    given input distribution [0.14583333 0.375      0.32916667 0.09166667 0.05833333]
    optimal quantizer [-8.   -3.12 -0.96  1.12  2.96  8.  ]
    optimal input distribution [0.24561206 0.16363924 0.18332687 0.14993591 0.25748591]
    optimal I(X;Z) 1.6415221938401006
    took 110.7740s
iter 1
    given input distribution [0.24561206 0.16363924 0.18332687 0.14993591 0.25748591]
    optimal quantizer [-8.   -2.96 -1.04  1.04  2.88  8.  ]
    optimal input distribution [0.25464006 0.15143699 0.18905107 0.14658926 0.25828261]
    optimal I(X;Z) 1.6491913306100678
    took 111.1623s
iter 2
    given input distribution [0.25464006 0.15143699 0.18905107 0.14658926 0.25828261]
    optimal quantizer [-8.   -2.88 -1.04  1.04  2.88  8.  ]
    optimal input distribution [0.25826699 0.14613733 0.19119137 0.14613733 0.25826699]
    optimal I(X;Z) 1.6496586404320022
    took 109.9166s
iter 3
    given input distribution [0.25826699 0.14613733 0.19119137 0.14613733 0.25826699]
    optimal quantizer [-8.   -2.88 -1.04  1.04  2.88  8.  ]
    optimal input distribution [0.25826699 0.14613733 0.19119137 0.14613733 0.25826699]
    optimal I(X;Z) 1.6496586404320022
    took 109.9720s
stopping criterion met