X=[-4 -2  0  2  4], N=200, M=5, Sigma=0.75
start=-8, end=8
max_iter=10, stop_thres=0.0001
mode=3

iter 0
    given input distribution [0.02366864 0.31952663 0.15384615 0.         0.50295858]
    optimal quantizer [-8.   -3.36 -1.36 -0.56  1.84  8.  ]
    optimal input distribution [2.48771648e-01 1.66768928e-01 2.58491947e-01 1.28539444e-09
 3.25967475e-01]
    optimal I(X;Z) 1.5926395666676478
    took 118.0746s
iter 1
    given input distribution [2.48771648e-01 1.66768928e-01 2.58491947e-01 1.28539444e-09
 3.25967475e-01]
    optimal quantizer [-8.   -3.04 -1.76 -0.8   2.    8.  ]
    optimal input distribution [2.68218132e-01 1.49438461e-01 2.64391078e-01 1.27458243e-09
 3.17952326e-01]
    optimal I(X;Z) 1.619449766135133
    took 116.7105s
iter 2
    given input distribution [2.68218132e-01 1.49438461e-01 2.64391078e-01 1.27458243e-09
 3.17952326e-01]
    optimal quantizer [-8.   -3.04 -1.92 -0.88  2.    8.  ]
    optimal input distribution [2.71288137e-01 1.46611172e-01 2.64235130e-01 2.62785711e-10
 3.17865561e-01]
    optimal I(X;Z) 1.6196683401311995
    took 117.6922s
iter 3
    given input distribution [2.71288137e-01 1.46611172e-01 2.64235130e-01 2.62785711e-10
 3.17865561e-01]
    optimal quantizer [-8.   -3.12 -2.16 -0.96  2.    8.  ]
    optimal input distribution [2.73110550e-01 1.47053063e-01 2.61998410e-01 1.71438417e-10
 3.17837977e-01]
    optimal I(X;Z) 1.6197054764534844
    took 115.8541s
stopping criterion met