X=[-4 -2  0  2  4], N=200, M=5, Sigma=0.75
start=-8, end=8
max_iter=10, stop_thres=0.0001
mode=3

iter 0
    given input distribution [0.28671329 0.21328671 0.06993007 0.13286713 0.2972028 ]
    optimal quantizer [-8.   -2.96 -0.88  0.88  2.88  8.  ]
    optimal input distribution [0.25159993 0.16394265 0.17015828 0.15884142 0.25545772]
    optimal I(X;Z) 1.6434674789322192
    took 113.0287s
iter 1
    given input distribution [0.25159993 0.16394265 0.17015828 0.15884142 0.25545772]
    optimal quantizer [-8.   -2.96 -1.04  1.04  2.88  8.  ]
    optimal input distribution [0.25464006 0.15143699 0.18905107 0.14658926 0.25828261]
    optimal I(X;Z) 1.6491913306100678
    took 112.1289s
iter 2
    given input distribution [0.25464006 0.15143699 0.18905107 0.14658926 0.25828261]
    optimal quantizer [-8.   -2.88 -1.04  1.04  2.88  8.  ]
    optimal input distribution [0.25826699 0.14613733 0.19119137 0.14613733 0.25826699]
    optimal I(X;Z) 1.6496586404320022
    took 113.4513s
iter 3
    given input distribution [0.25826699 0.14613733 0.19119137 0.14613733 0.25826699]
    optimal quantizer [-8.   -2.88 -1.04  1.04  2.88  8.  ]
    optimal input distribution [0.25826699 0.14613733 0.19119137 0.14613733 0.25826699]
    optimal I(X;Z) 1.6496586404320022
    took 112.0470s
stopping criterion met