X=[-4 -2  0  2  4], N=200, M=5, Sigma=0.75
start=-8, end=8
max_iter=10, stop_thres=0.0001
mode=3

iter 0
    given input distribution [0.22823529 0.13647059 0.22117647 0.20705882 0.20705882]
    optimal quantizer [-8.   -2.88 -1.04  1.04  2.96  8.  ]
    optimal input distribution [0.25828259 0.14658931 0.18905108 0.15143697 0.25464005]
    optimal I(X;Z) 1.6491913309807877
    took 111.2428s
iter 1
    given input distribution [0.25828259 0.14658931 0.18905108 0.15143697 0.25464005]
    optimal quantizer [-8.   -2.88 -1.04  1.04  2.88  8.  ]
    optimal input distribution [0.25826699 0.14613733 0.19119137 0.14613733 0.25826699]
    optimal I(X;Z) 1.6496586404320022
    took 110.0947s
iter 2
    given input distribution [0.25826699 0.14613733 0.19119137 0.14613733 0.25826699]
    optimal quantizer [-8.   -2.88 -1.04  1.04  2.88  8.  ]
    optimal input distribution [0.25826699 0.14613733 0.19119137 0.14613733 0.25826699]
    optimal I(X;Z) 1.6496586404320022
    took 111.3814s
stopping criterion met