X=[-4 -2  0  2  4], N=200, M=5, Sigma=0.75
start=-8, end=8
max_iter=10, stop_thres=0.0001
mode=3

iter 0
    given input distribution [0.35344828 0.08189655 0.01724138 0.38793103 0.15948276]
    optimal quantizer [-8.   -2.72 -0.08  2.64  3.44  8.  ]
    optimal input distribution [2.61400730e-01 2.21036202e-01 5.54840809e-09 2.55862722e-01
 2.61700339e-01]
    optimal I(X;Z) 1.5645579178367783
    took 117.6366s
iter 1
    given input distribution [2.61400730e-01 2.21036202e-01 5.54840809e-09 2.55862722e-01
 2.61700339e-01]
    optimal quantizer [-8.   -2.96  0.    2.64  3.36  8.  ]
    optimal input distribution [2.50548206e-01 2.37357369e-01 2.41850874e-09 2.51595154e-01
 2.60499268e-01]
    optimal I(X;Z) 1.5768742762510617
    took 118.6234s
iter 2
    given input distribution [2.50548206e-01 2.37357369e-01 2.41850874e-09 2.51595154e-01
 2.60499268e-01]
    optimal quantizer [-8.   -2.96  0.    2.64  3.36  8.  ]
    optimal input distribution [2.50548206e-01 2.37357369e-01 2.41850874e-09 2.51595154e-01
 2.60499268e-01]
    optimal I(X;Z) 1.5768742762510617
    took 118.6768s
stopping criterion met