X=[-4 -2  0  2  4], N=200, M=5, Sigma=0.75
start=-8, end=8
max_iter=10, stop_thres=0.0001
mode=3

iter 0
    given input distribution [0.23928571 0.30714286 0.28928571 0.00714286 0.15714286]
    optimal quantizer [-8.   -3.12 -1.6  -0.72  2.08  8.  ]
    optimal input distribution [2.62505875e-01 1.55450397e-01 2.64793805e-01 1.31687560e-09
 3.17249921e-01]
    optimal I(X;Z) 1.6158079753582395
    took 110.5009s
iter 1
    given input distribution [2.62505875e-01 1.55450397e-01 2.64793805e-01 1.31687560e-09
 3.17249921e-01]
    optimal quantizer [-8.   -3.04 -1.84 -0.88  2.    8.  ]
    optimal input distribution [2.70034095e-01 1.46998363e-01 2.65100970e-01 1.19781643e-09
 3.17866570e-01]
    optimal I(X;Z) 1.619630083716294
    took 110.2335s
iter 2
    given input distribution [2.70034095e-01 1.46998363e-01 2.65100970e-01 1.19781643e-09
 3.17866570e-01]
    optimal quantizer [-8.   -3.04 -1.92 -0.88  2.    8.  ]
    optimal input distribution [2.71288137e-01 1.46611172e-01 2.64235130e-01 2.62785711e-10
 3.17865561e-01]
    optimal I(X;Z) 1.6196683401311995
    took 110.1481s
stopping criterion met