X=[-4 -2  0  2  4], N=200, M=5, Sigma=0.75
start=-8, end=8
max_iter=10, stop_thres=0.0001
mode=3

iter 0
    given input distribution [0.41904762 0.12380952 0.02380952 0.03333333 0.4       ]
    optimal quantizer [-8.   -2.8  -0.8   1.04  2.64  8.  ]
    optimal input distribution [0.26037728 0.15001181 0.18954677 0.13118294 0.2688812 ]
    optimal I(X;Z) 1.6351532225741598
    took 107.5781s
iter 1
    given input distribution [0.26037728 0.15001181 0.18954677 0.13118294 0.2688812 ]
    optimal quantizer [-8.   -2.88 -1.04  1.04  2.88  8.  ]
    optimal input distribution [0.25826699 0.14613733 0.19119137 0.14613733 0.25826699]
    optimal I(X;Z) 1.6496586404320022
    took 106.1279s
iter 2
    given input distribution [0.25826699 0.14613733 0.19119137 0.14613733 0.25826699]
    optimal quantizer [-8.   -2.88 -1.04  1.04  2.88  8.  ]
    optimal input distribution [0.25826699 0.14613733 0.19119137 0.14613733 0.25826699]
    optimal I(X;Z) 1.6496586404320022
    took 104.1073s
stopping criterion met