X=[-4 -2  0  2  4], N=200, M=5, Sigma=0.75
start=-8, end=8
max_iter=10, stop_thres=0.0001
mode=3

iter 0
    given input distribution [0.0625   0.24375  0.134375 0.253125 0.30625 ]
    optimal quantizer [-8.   -3.2  -0.88  0.88  2.96  8.  ]
    optimal input distribution [0.23946938 0.17680838 0.16314776 0.16715461 0.25341988]
    optimal I(X;Z) 1.6315290532262234
    took 112.7146s
iter 1
    given input distribution [0.23946938 0.17680838 0.16314776 0.16715461 0.25341988]
    optimal quantizer [-8.   -2.96 -0.96  1.04  2.96  8.  ]
    optimal input distribution [0.25295113 0.15662531 0.18222073 0.15375852 0.25444431]
    optimal I(X;Z) 1.6479528894173598
    took 112.0599s
iter 2
    given input distribution [0.25295113 0.15662531 0.18222073 0.15375852 0.25444431]
    optimal quantizer [-8.   -2.88 -1.04  1.04  2.88  8.  ]
    optimal input distribution [0.25826699 0.14613733 0.19119137 0.14613733 0.25826699]
    optimal I(X;Z) 1.6496586404320022
    took 111.6971s
iter 3
    given input distribution [0.25826699 0.14613733 0.19119137 0.14613733 0.25826699]
    optimal quantizer [-8.   -2.88 -1.04  1.04  2.88  8.  ]
    optimal input distribution [0.25826699 0.14613733 0.19119137 0.14613733 0.25826699]
    optimal I(X;Z) 1.6496586404320022
    took 111.3194s
stopping criterion met