X=[-4 -2  0  2  4], N=200, M=5, Sigma=0.75
start=-8, end=8
max_iter=10, stop_thres=0.0001
mode=3

iter 0
    given input distribution [0.24460432 0.30935252 0.11510791 0.28057554 0.05035971]
    optimal quantizer [-8.   -3.04 -0.88  0.8   3.2   8.  ]
    optimal input distribution [0.24969164 0.17474549 0.15519225 0.18183012 0.2385405 ]
    optimal I(X;Z) 1.6257262139127027
    took 112.7636s
iter 1
    given input distribution [0.24969164 0.17474549 0.15519225 0.18183012 0.2385405 ]
    optimal quantizer [-8.   -2.96 -0.96  0.96  2.96  8.  ]
    optimal input distribution [0.25278432 0.15840909 0.17761317 0.15840909 0.25278432]
    optimal I(X;Z) 1.647118279707636
    took 113.3987s
iter 2
    given input distribution [0.25278432 0.15840909 0.17761317 0.15840909 0.25278432]
    optimal quantizer [-8.   -2.88 -1.04  1.04  2.88  8.  ]
    optimal input distribution [0.25826699 0.14613733 0.19119137 0.14613733 0.25826699]
    optimal I(X;Z) 1.6496586404320022
    took 112.6280s
iter 3
    given input distribution [0.25826699 0.14613733 0.19119137 0.14613733 0.25826699]
    optimal quantizer [-8.   -2.88 -1.04  1.04  2.88  8.  ]
    optimal input distribution [0.25826699 0.14613733 0.19119137 0.14613733 0.25826699]
    optimal I(X;Z) 1.6496586404320022
    took 112.3550s
stopping criterion met