X=[-4 -2  0  2  4], N=200, M=5, Sigma=0.75
start=-8, end=8
max_iter=10, stop_thres=0.0001
mode=3

iter 0
    given input distribution [0.36046512 0.07364341 0.3875969  0.12015504 0.05813953]
    optimal quantizer [-8.   -2.72 -1.28  1.12  3.04  8.  ]
    optimal input distribution [0.27321952 0.11569365 0.20908438 0.14612645 0.255876  ]
    optimal I(X;Z) 1.6378758798897906
    took 108.5916s
iter 1
    given input distribution [0.27321952 0.11569365 0.20908438 0.14612645 0.255876  ]
    optimal quantizer [-8.   -2.88 -1.12  1.04  2.88  8.  ]
    optimal input distribution [0.26029993 0.14099223 0.19538656 0.14465457 0.25866671]
    optimal I(X;Z) 1.6491713337914158
    took 109.1770s
iter 2
    given input distribution [0.26029993 0.14099223 0.19538656 0.14465457 0.25866671]
    optimal quantizer [-8.   -2.88 -1.04  1.04  2.88  8.  ]
    optimal input distribution [0.25826699 0.14613733 0.19119137 0.14613733 0.25826699]
    optimal I(X;Z) 1.6496586404320022
    took 109.5365s
iter 3
    given input distribution [0.25826699 0.14613733 0.19119137 0.14613733 0.25826699]
    optimal quantizer [-8.   -2.88 -1.04  1.04  2.88  8.  ]
    optimal input distribution [0.25826699 0.14613733 0.19119137 0.14613733 0.25826699]
    optimal I(X;Z) 1.6496586404320022
    took 108.6802s
stopping criterion met