X=[-4 -2  0  2  4], N=200, M=5, Sigma=0.75
start=-8, end=8
max_iter=10, stop_thres=0.0001
mode=3

iter 0
    given input distribution [0.41428571 0.2047619  0.18095238 0.14761905 0.05238095]
    optimal quantizer [-8.   -2.88 -1.04  0.96  3.12  8.  ]
    optimal input distribution [0.25901401 0.14982454 0.18125065 0.16466573 0.24524507]
    optimal I(X;Z) 1.6423656985306962
    took 114.4150s
iter 1
    given input distribution [0.25901401 0.14982454 0.18125065 0.16466573 0.24524507]
    optimal quantizer [-8.   -2.88 -1.04  1.04  2.96  8.  ]
    optimal input distribution [0.25828259 0.14658931 0.18905108 0.15143697 0.25464005]
    optimal I(X;Z) 1.6491913309807877
    took 114.0427s
iter 2
    given input distribution [0.25828259 0.14658931 0.18905108 0.15143697 0.25464005]
    optimal quantizer [-8.   -2.88 -1.04  1.04  2.88  8.  ]
    optimal input distribution [0.25826699 0.14613733 0.19119137 0.14613733 0.25826699]
    optimal I(X;Z) 1.6496586404320022
    took 115.2266s
iter 3
    given input distribution [0.25826699 0.14613733 0.19119137 0.14613733 0.25826699]
    optimal quantizer [-8.   -2.88 -1.04  1.04  2.88  8.  ]
    optimal input distribution [0.25826699 0.14613733 0.19119137 0.14613733 0.25826699]
    optimal I(X;Z) 1.6496586404320022
    took 116.4456s
stopping criterion met