X=[-4 -2  0  2  4], N=200, M=5, Sigma=0.75
start=-8, end=8
max_iter=10, stop_thres=0.0001
mode=3

iter 0
    given input distribution [0.05699482 0.37305699 0.10362694 0.08290155 0.38341969]
    optimal quantizer [-8.   -3.28 -0.8   1.04  2.8   8.  ]
    optimal input distribution [0.23441797 0.17910688 0.1706005  0.15084863 0.26502602]
    optimal I(X;Z) 1.6218650078858257
    took 110.4461s
iter 1
    given input distribution [0.23441797 0.17910688 0.1706005  0.15084863 0.26502602]
    optimal quantizer [-8.   -2.96 -0.96  1.04  2.88  8.  ]
    optimal input distribution [0.25294793 0.15616804 0.18435587 0.14844798 0.25808017]
    optimal I(X;Z) 1.6483256381170233
    took 109.9394s
iter 2
    given input distribution [0.25294793 0.15616804 0.18435587 0.14844798 0.25808017]
    optimal quantizer [-8.   -2.88 -1.04  1.04  2.88  8.  ]
    optimal input distribution [0.25826699 0.14613733 0.19119137 0.14613733 0.25826699]
    optimal I(X;Z) 1.6496586404320022
    took 110.0560s
iter 3
    given input distribution [0.25826699 0.14613733 0.19119137 0.14613733 0.25826699]
    optimal quantizer [-8.   -2.88 -1.04  1.04  2.88  8.  ]
    optimal input distribution [0.25826699 0.14613733 0.19119137 0.14613733 0.25826699]
    optimal I(X;Z) 1.6496586404320022
    took 109.4778s
stopping criterion met