X=[-4 -2  0  2  4], N=200, M=5, Sigma=0.75
start=-8, end=8
max_iter=10, stop_thres=0.0001
mode=3

iter 0
    given input distribution [0.32423208 0.24573379 0.01706485 0.13993174 0.27303754]
    optimal quantizer [-8.   -3.28 -2.48  0.08  2.88  8.  ]
    optimal input distribution [2.62785801e-01 2.50684523e-01 4.82902283e-10 2.31557154e-01
 2.54972522e-01]
    optimal I(X;Z) 1.5737815538649818
    took 115.8114s
iter 1
    given input distribution [2.62785801e-01 2.50684523e-01 4.82902283e-10 2.31557154e-01
 2.54972522e-01]
    optimal quantizer [-8.   -3.36 -2.56  0.    2.96  8.  ]
    optimal input distribution [2.61248619e-01 2.50795896e-01 4.38199837e-09 2.37418872e-01
 2.50536607e-01]
    optimal I(X;Z) 1.5768717675573756
    took 115.2233s
iter 2
    given input distribution [2.61248619e-01 2.50795896e-01 4.38199837e-09 2.37418872e-01
 2.50536607e-01]
    optimal quantizer [-8.   -3.36 -2.64  0.    2.96  8.  ]
    optimal input distribution [2.60499268e-01 2.51595154e-01 2.41841618e-09 2.37357369e-01
 2.50548206e-01]
    optimal I(X;Z) 1.576874276251139
    took 113.9390s
stopping criterion met