X=[-4 -2  0  2  4], N=200, M=5, Sigma=0.75
start=-8, end=8
max_iter=10, stop_thres=0.0001
mode=3

iter 0
    given input distribution [0.19825073 0.2303207  0.2303207  0.18950437 0.1516035 ]
    optimal quantizer [-8.   -2.96 -0.96  1.04  3.04  8.  ]
    optimal input distribution [0.25323929 0.1572043  0.1805766  0.1582349  0.25074492]
    optimal I(X;Z) 1.6459952507565299
    took 109.8696s
iter 1
    given input distribution [0.25323929 0.1572043  0.1805766  0.1582349  0.25074492]
    optimal quantizer [-8.   -2.88 -1.04  1.04  2.88  8.  ]
    optimal input distribution [0.25826699 0.14613733 0.19119137 0.14613733 0.25826699]
    optimal I(X;Z) 1.6496586404320022
    took 109.7466s
iter 2
    given input distribution [0.25826699 0.14613733 0.19119137 0.14613733 0.25826699]
    optimal quantizer [-8.   -2.88 -1.04  1.04  2.88  8.  ]
    optimal input distribution [0.25826699 0.14613733 0.19119137 0.14613733 0.25826699]
    optimal I(X;Z) 1.6496586404320022
    took 109.9070s
stopping criterion met