X=[-4 -2  0  2  4], N=200, M=5, Sigma=0.75
start=-8, end=8
max_iter=10, stop_thres=0.0001
mode=3

iter 0
    given input distribution [0.0923913  0.4673913  0.05434783 0.03804348 0.34782609]
    optimal quantizer [-8.   -3.2  -0.72  1.04  2.64  8.  ]
    optimal input distribution [0.23919185 0.17985766 0.17157535 0.13831782 0.27105732]
    optimal I(X;Z) 1.6166608027797067
    took 108.9526s
iter 1
    given input distribution [0.23919185 0.17985766 0.17157535 0.13831782 0.27105732]
    optimal quantizer [-8.   -2.96 -1.04  1.04  2.88  8.  ]
    optimal input distribution [0.25464006 0.15143699 0.18905107 0.14658926 0.25828261]
    optimal I(X;Z) 1.6491913306100678
    took 109.1359s
iter 2
    given input distribution [0.25464006 0.15143699 0.18905107 0.14658926 0.25828261]
    optimal quantizer [-8.   -2.88 -1.04  1.04  2.88  8.  ]
    optimal input distribution [0.25826699 0.14613733 0.19119137 0.14613733 0.25826699]
    optimal I(X;Z) 1.6496586404320022
    took 109.4985s
iter 3
    given input distribution [0.25826699 0.14613733 0.19119137 0.14613733 0.25826699]
    optimal quantizer [-8.   -2.88 -1.04  1.04  2.88  8.  ]
    optimal input distribution [0.25826699 0.14613733 0.19119137 0.14613733 0.25826699]
    optimal I(X;Z) 1.6496586404320022
    took 108.7361s
stopping criterion met