X=[-4 -2  0  2  4], N=200, M=5, Sigma=0.75
start=-8, end=8
max_iter=10, stop_thres=0.0001
mode=3

iter 0
    given input distribution [0.26380368 0.28527607 0.1809816  0.         0.26993865]
    optimal quantizer [-8.   -3.36 -2.48 -0.88  1.92  8.  ]
    optimal input distribution [2.70577430e-01 1.58444362e-01 2.50869129e-01 2.08171042e-09
 3.20109075e-01]
    optimal I(X;Z) 1.6152103207264028
    took 116.9781s
iter 1
    given input distribution [2.70577430e-01 1.58444362e-01 2.50869129e-01 2.08171042e-09
 3.20109075e-01]
    optimal quantizer [-8.   -3.12 -2.16 -0.96  2.    8.  ]
    optimal input distribution [2.73110550e-01 1.47053063e-01 2.61998410e-01 1.71438417e-10
 3.17837977e-01]
    optimal I(X;Z) 1.6197054764534844
    took 115.9211s
iter 2
    given input distribution [2.73110550e-01 1.47053063e-01 2.61998410e-01 1.71438417e-10
 3.17837977e-01]
    optimal quantizer [-8.   -3.12 -2.16 -0.96  2.    8.  ]
    optimal input distribution [2.73110550e-01 1.47053063e-01 2.61998410e-01 1.71438417e-10
 3.17837977e-01]
    optimal I(X;Z) 1.6197054764534844
    took 116.3170s
stopping criterion met