X=[-4 -2  0  2  4], N=200, M=5, Sigma=0.75
start=-8, end=8
max_iter=10, stop_thres=0.0001
mode=3

iter 0
    given input distribution [0.35135135 0.12612613 0.05855856 0.03603604 0.42792793]
    optimal quantizer [-8.   -2.88 -0.96  1.12  2.64  8.  ]
    optimal input distribution [0.25862334 0.14860075 0.19971088 0.12273112 0.27033391]
    optimal I(X;Z) 1.6409186337997286
    took 115.9812s
iter 1
    given input distribution [0.25862334 0.14860075 0.19971088 0.12273112 0.27033391]
    optimal quantizer [-8.   -2.88 -1.04  1.12  2.88  8.  ]
    optimal input distribution [0.25866671 0.14465457 0.19538656 0.14099223 0.26029993]
    optimal I(X;Z) 1.64917133379122
    took 116.4422s
iter 2
    given input distribution [0.25866671 0.14465457 0.19538656 0.14099223 0.26029993]
    optimal quantizer [-8.   -2.88 -1.04  1.04  2.88  8.  ]
    optimal input distribution [0.25826699 0.14613733 0.19119137 0.14613733 0.25826699]
    optimal I(X;Z) 1.6496586404320022
    took 116.9773s
iter 3
    given input distribution [0.25826699 0.14613733 0.19119137 0.14613733 0.25826699]
    optimal quantizer [-8.   -2.88 -1.04  1.04  2.88  8.  ]
    optimal input distribution [0.25826699 0.14613733 0.19119137 0.14613733 0.25826699]
    optimal I(X;Z) 1.6496586404320022
    took 116.3825s
stopping criterion met