X=[-4 -2  0  2  4], N=200, M=5, Sigma=0.75
start=-8, end=8
max_iter=10, stop_thres=0.0001
mode=3

iter 0
    given input distribution [0.26368159 0.05970149 0.23383085 0.12437811 0.31840796]
    optimal quantizer [-8.   -2.72 -1.2   1.12  2.8   8.  ]
    optimal input distribution [0.27029677 0.1208032  0.2115294  0.1317544  0.26561622]
    optimal I(X;Z) 1.6424638834138192
    took 112.6360s
iter 1
    given input distribution [0.27029677 0.1208032  0.2115294  0.1317544  0.26561622]
    optimal quantizer [-8.   -2.88 -1.12  1.12  2.88  8.  ]
    optimal input distribution [0.26074449 0.13940618 0.19969866 0.13940618 0.26074449]
    optimal I(X;Z) 1.64863610876073
    took 113.7174s
iter 2
    given input distribution [0.26074449 0.13940618 0.19969866 0.13940618 0.26074449]
    optimal quantizer [-8.   -2.88 -1.04  1.04  2.88  8.  ]
    optimal input distribution [0.25826699 0.14613733 0.19119137 0.14613733 0.25826699]
    optimal I(X;Z) 1.6496586404320022
    took 111.5258s
iter 3
    given input distribution [0.25826699 0.14613733 0.19119137 0.14613733 0.25826699]
    optimal quantizer [-8.   -2.88 -1.04  1.04  2.88  8.  ]
    optimal input distribution [0.25826699 0.14613733 0.19119137 0.14613733 0.25826699]
    optimal I(X;Z) 1.6496586404320022
    took 112.6807s
stopping criterion met