X=[-4 -2  0  2  4], N=200, M=5, Sigma=0.75
start=-8, end=8
max_iter=10, stop_thres=0.0001
mode=3

iter 0
    given input distribution [0.14376997 0.30031949 0.30031949 0.17252396 0.08306709]
    optimal quantizer [-8.   -3.04 -0.96  1.04  3.04  8.  ]
    optimal input distribution [0.24940891 0.16187841 0.17878679 0.1588719  0.25105399]
    optimal I(X;Z) 1.6438546311193254
    took 109.8267s
iter 1
    given input distribution [0.24940891 0.16187841 0.17878679 0.1588719  0.25105399]
    optimal quantizer [-8.   -2.88 -1.04  1.04  2.88  8.  ]
    optimal input distribution [0.25826699 0.14613733 0.19119137 0.14613733 0.25826699]
    optimal I(X;Z) 1.6496586404320022
    took 109.7464s
iter 2
    given input distribution [0.25826699 0.14613733 0.19119137 0.14613733 0.25826699]
    optimal quantizer [-8.   -2.88 -1.04  1.04  2.88  8.  ]
    optimal input distribution [0.25826699 0.14613733 0.19119137 0.14613733 0.25826699]
    optimal I(X;Z) 1.6496586404320022
    took 110.7328s
stopping criterion met