X=[-4 -2  0  2  4], N=200, M=5, Sigma=0.75
start=-8, end=8
max_iter=10, stop_thres=0.0001
mode=3

iter 0
    given input distribution [0.24519231 0.09615385 0.20192308 0.34134615 0.11538462]
    optimal quantizer [-8.   -2.8  -1.12  0.96  3.12  8.  ]
    optimal input distribution [0.26451229 0.13879704 0.18783364 0.16296708 0.24588995]
    optimal I(X;Z) 1.6404890020547098
    took 115.2315s
iter 1
    given input distribution [0.26451229 0.13879704 0.18783364 0.16296708 0.24588995]
    optimal quantizer [-8.   -2.88 -1.04  1.04  2.96  8.  ]
    optimal input distribution [0.25828259 0.14658931 0.18905108 0.15143697 0.25464005]
    optimal I(X;Z) 1.6491913309807877
    took 115.0966s
iter 2
    given input distribution [0.25828259 0.14658931 0.18905108 0.15143697 0.25464005]
    optimal quantizer [-8.   -2.88 -1.04  1.04  2.88  8.  ]
    optimal input distribution [0.25826699 0.14613733 0.19119137 0.14613733 0.25826699]
    optimal I(X;Z) 1.6496586404320022
    took 114.6363s
iter 3
    given input distribution [0.25826699 0.14613733 0.19119137 0.14613733 0.25826699]
    optimal quantizer [-8.   -2.88 -1.04  1.04  2.88  8.  ]
    optimal input distribution [0.25826699 0.14613733 0.19119137 0.14613733 0.25826699]
    optimal I(X;Z) 1.6496586404320022
    took 114.8840s
stopping criterion met