X=[-4 -2  0  2  4], N=200, M=5, Sigma=0.75
start=-8, end=8
max_iter=10, stop_thres=0.0001
mode=3

iter 0
    given input distribution [0.06666667 0.16190476 0.18095238 0.28571429 0.3047619 ]
    optimal quantizer [-8.   -3.12 -0.96  0.96  2.96  8.  ]
    optimal input distribution [0.24505656 0.16692867 0.17450688 0.1598231  0.25368479]
    optimal I(X;Z) 1.64131113084557
    took 115.5261s
iter 1
    given input distribution [0.24505656 0.16692867 0.17450688 0.1598231  0.25368479]
    optimal quantizer [-8.   -2.96 -1.04  1.04  2.88  8.  ]
    optimal input distribution [0.25464006 0.15143699 0.18905107 0.14658926 0.25828261]
    optimal I(X;Z) 1.6491913306100678
    took 115.5153s
iter 2
    given input distribution [0.25464006 0.15143699 0.18905107 0.14658926 0.25828261]
    optimal quantizer [-8.   -2.88 -1.04  1.04  2.88  8.  ]
    optimal input distribution [0.25826699 0.14613733 0.19119137 0.14613733 0.25826699]
    optimal I(X;Z) 1.6496586404320022
    took 115.6645s
iter 3
    given input distribution [0.25826699 0.14613733 0.19119137 0.14613733 0.25826699]
    optimal quantizer [-8.   -2.88 -1.04  1.04  2.88  8.  ]
    optimal input distribution [0.25826699 0.14613733 0.19119137 0.14613733 0.25826699]
    optimal I(X;Z) 1.6496586404320022
    took 114.0503s
stopping criterion met