X=[-4 -2  0  2  4], N=200, M=5, Sigma=0.75
start=-8, end=8
max_iter=10, stop_thres=0.0001
mode=3

iter 0
    given input distribution [0.16460905 0.07407407 0.12757202 0.40740741 0.22633745]
    optimal quantizer [-8.   -2.88 -1.04  0.88  3.04  8.  ]
    optimal input distribution [0.25839481 0.15134583 0.17729932 0.16521437 0.24774567]
    optimal I(X;Z) 1.6438838294485847
    took 111.8804s
iter 1
    given input distribution [0.25839481 0.15134583 0.17729932 0.16521437 0.24774567]
    optimal quantizer [-8.   -2.88 -1.04  1.04  2.96  8.  ]
    optimal input distribution [0.25828259 0.14658931 0.18905108 0.15143697 0.25464005]
    optimal I(X;Z) 1.6491913309807877
    took 112.3821s
iter 2
    given input distribution [0.25828259 0.14658931 0.18905108 0.15143697 0.25464005]
    optimal quantizer [-8.   -2.88 -1.04  1.04  2.88  8.  ]
    optimal input distribution [0.25826699 0.14613733 0.19119137 0.14613733 0.25826699]
    optimal I(X;Z) 1.6496586404320022
    took 111.7304s
iter 3
    given input distribution [0.25826699 0.14613733 0.19119137 0.14613733 0.25826699]
    optimal quantizer [-8.   -2.88 -1.04  1.04  2.88  8.  ]
    optimal input distribution [0.25826699 0.14613733 0.19119137 0.14613733 0.25826699]
    optimal I(X;Z) 1.6496586404320022
    took 112.2120s
stopping criterion met