X=[-4 -2  0  2  4], N=200, M=5, Sigma=0.75
start=-8, end=8
max_iter=10, stop_thres=0.0001
mode=3

iter 0
    given input distribution [0.60689655 0.11034483 0.11724138 0.04827586 0.11724138]
    optimal quantizer [-8.   -2.8  -1.12  1.12  2.8   8.  ]
    optimal input distribution [0.26447724 0.13316567 0.20471419 0.13316567 0.26447724]
    optimal I(X;Z) 1.6465769965671146
    took 108.1216s
iter 1
    given input distribution [0.26447724 0.13316567 0.20471419 0.13316567 0.26447724]
    optimal quantizer [-8.   -2.88 -1.04  1.04  2.88  8.  ]
    optimal input distribution [0.25826699 0.14613733 0.19119137 0.14613733 0.25826699]
    optimal I(X;Z) 1.6496586404320022
    took 108.1446s
iter 2
    given input distribution [0.25826699 0.14613733 0.19119137 0.14613733 0.25826699]
    optimal quantizer [-8.   -2.88 -1.04  1.04  2.88  8.  ]
    optimal input distribution [0.25826699 0.14613733 0.19119137 0.14613733 0.25826699]
    optimal I(X;Z) 1.6496586404320022
    took 107.9813s
stopping criterion met