X=[-4 -2  0  2  4], N=200, M=5, Sigma=0.75
start=-8, end=8
max_iter=10, stop_thres=0.0001
mode=3

iter 0
    given input distribution [0.02867384 0.27956989 0.34767025 0.31541219 0.02867384]
    optimal quantizer [-8.   -3.28 -1.04  0.96  3.28  8.  ]
    optimal input distribution [0.24258433 0.16969401 0.17419242 0.17326591 0.24026333]
    optimal I(X;Z) 1.6127314708679263
    took 113.7742s
iter 1
    given input distribution [0.24258433 0.16969401 0.17419242 0.17326591 0.24026333]
    optimal quantizer [-8.   -2.96 -1.04  1.04  2.96  8.  ]
    optimal input distribution [0.25465419 0.15188494 0.18692174 0.15188494 0.25465419]
    optimal I(X;Z) 1.6487458924042844
    took 112.4616s
iter 2
    given input distribution [0.25465419 0.15188494 0.18692174 0.15188494 0.25465419]
    optimal quantizer [-8.   -2.88 -1.04  1.04  2.88  8.  ]
    optimal input distribution [0.25826699 0.14613733 0.19119137 0.14613733 0.25826699]
    optimal I(X;Z) 1.6496586404320022
    took 113.6475s
iter 3
    given input distribution [0.25826699 0.14613733 0.19119137 0.14613733 0.25826699]
    optimal quantizer [-8.   -2.88 -1.04  1.04  2.88  8.  ]
    optimal input distribution [0.25826699 0.14613733 0.19119137 0.14613733 0.25826699]
    optimal I(X;Z) 1.6496586404320022
    took 114.9042s
stopping criterion met