X=[-4 -2  0  2  4], N=200, M=5, Sigma=0.75
start=-8, end=8
max_iter=10, stop_thres=0.0001
mode=3

iter 0
    given input distribution [0.23574144 0.07224335 0.13307985 0.25095057 0.30798479]
    optimal quantizer [-8.   -2.8  -1.04  0.96  2.96  8.  ]
    optimal input distribution [0.26162826 0.14234982 0.18697573 0.15582513 0.25322105]
    optimal I(X;Z) 1.6471787203162385
    took 116.4217s
iter 1
    given input distribution [0.26162826 0.14234982 0.18697573 0.15582513 0.25322105]
    optimal quantizer [-8.   -2.88 -1.04  1.04  2.88  8.  ]
    optimal input distribution [0.25826699 0.14613733 0.19119137 0.14613733 0.25826699]
    optimal I(X;Z) 1.6496586404320022
    took 116.8609s
iter 2
    given input distribution [0.25826699 0.14613733 0.19119137 0.14613733 0.25826699]
    optimal quantizer [-8.   -2.88 -1.04  1.04  2.88  8.  ]
    optimal input distribution [0.25826699 0.14613733 0.19119137 0.14613733 0.25826699]
    optimal I(X;Z) 1.6496586404320022
    took 115.7035s
stopping criterion met