X=[-4 -2  0  2  4], N=200, M=5, Sigma=0.75
start=-8, end=8
max_iter=10, stop_thres=0.0001
mode=3

iter 0
    given input distribution [0.09583333 0.35       0.2        0.24166667 0.1125    ]
    optimal quantizer [-8.   -3.12 -0.88  0.96  3.12  8.  ]
    optimal input distribution [0.24439841 0.17295739 0.16602557 0.17067205 0.24594657]
    optimal I(X;Z) 1.6333036392513431
    took 108.1444s
iter 1
    given input distribution [0.24439841 0.17295739 0.16602557 0.17067205 0.24594657]
    optimal quantizer [-8.   -2.96 -0.96  1.04  2.96  8.  ]
    optimal input distribution [0.25295113 0.15662531 0.18222073 0.15375852 0.25444431]
    optimal I(X;Z) 1.6479528894173598
    took 108.8820s
iter 2
    given input distribution [0.25295113 0.15662531 0.18222073 0.15375852 0.25444431]
    optimal quantizer [-8.   -2.88 -1.04  1.04  2.88  8.  ]
    optimal input distribution [0.25826699 0.14613733 0.19119137 0.14613733 0.25826699]
    optimal I(X;Z) 1.6496586404320022
    took 107.6420s
iter 3
    given input distribution [0.25826699 0.14613733 0.19119137 0.14613733 0.25826699]
    optimal quantizer [-8.   -2.88 -1.04  1.04  2.88  8.  ]
    optimal input distribution [0.25826699 0.14613733 0.19119137 0.14613733 0.25826699]
    optimal I(X;Z) 1.6496586404320022
    took 108.2418s
stopping criterion met