X=[-4 -2  0  2  4], N=200, M=5, Sigma=0.75
start=-8, end=8
max_iter=10, stop_thres=0.0001
mode=3

iter 0
    given input distribution [0.18947368 0.04736842 0.41578947 0.11578947 0.23157895]
    optimal quantizer [-8.   -2.72 -1.28  1.2   2.88  8.  ]
    optimal input distribution [0.2735944  0.11331078 0.21689678 0.13067658 0.26552146]
    optimal I(X;Z) 1.63886765915294
    took 111.5296s
iter 1
    given input distribution [0.2735944  0.11331078 0.21689678 0.13067658 0.26552146]
    optimal quantizer [-8.   -2.88 -1.12  1.12  2.88  8.  ]
    optimal input distribution [0.26074449 0.13940618 0.19969866 0.13940618 0.26074449]
    optimal I(X;Z) 1.64863610876073
    took 111.8581s
iter 2
    given input distribution [0.26074449 0.13940618 0.19969866 0.13940618 0.26074449]
    optimal quantizer [-8.   -2.88 -1.04  1.04  2.88  8.  ]
    optimal input distribution [0.25826699 0.14613733 0.19119137 0.14613733 0.25826699]
    optimal I(X;Z) 1.6496586404320022
    took 111.7187s
iter 3
    given input distribution [0.25826699 0.14613733 0.19119137 0.14613733 0.25826699]
    optimal quantizer [-8.   -2.88 -1.04  1.04  2.88  8.  ]
    optimal input distribution [0.25826699 0.14613733 0.19119137 0.14613733 0.25826699]
    optimal I(X;Z) 1.6496586404320022
    took 112.8892s
stopping criterion met