X=[-4 -2  0  2  4], N=200, M=5, Sigma=0.75
start=-8, end=8
max_iter=10, stop_thres=0.0001
mode=3

iter 0
    given input distribution [0.37168142 0.13274336 0.01769912 0.03539823 0.44247788]
    optimal quantizer [-8.   -3.2  -2.4  -0.16  2.48  8.  ]
    optimal input distribution [0.28610961 0.16542557 0.17680377 0.06727432 0.30438673]
    optimal I(X;Z) 1.5359956521681961
    took 115.2949s
iter 1
    given input distribution [0.28610961 0.16542557 0.17680377 0.06727432 0.30438673]
    optimal quantizer [-8.   -2.88 -1.04  1.12  2.72  8.  ]
    optimal input distribution [0.25946177 0.14414212 0.20087799 0.12831691 0.2672012 ]
    optimal I(X;Z) 1.6455804879340041
    took 115.6878s
iter 2
    given input distribution [0.25946177 0.14414212 0.20087799 0.12831691 0.2672012 ]
    optimal quantizer [-8.   -2.88 -1.04  1.12  2.88  8.  ]
    optimal input distribution [0.25866671 0.14465457 0.19538656 0.14099223 0.26029993]
    optimal I(X;Z) 1.64917133379122
    took 117.5069s
iter 3
    given input distribution [0.25866671 0.14465457 0.19538656 0.14099223 0.26029993]
    optimal quantizer [-8.   -2.88 -1.04  1.04  2.88  8.  ]
    optimal input distribution [0.25826699 0.14613733 0.19119137 0.14613733 0.25826699]
    optimal I(X;Z) 1.6496586404320022
    took 119.2711s
iter 4
    given input distribution [0.25826699 0.14613733 0.19119137 0.14613733 0.25826699]
    optimal quantizer [-8.   -2.88 -1.04  1.04  2.88  8.  ]
    optimal input distribution [0.25826699 0.14613733 0.19119137 0.14613733 0.25826699]
    optimal I(X;Z) 1.6496586404320022
    took 118.5317s
stopping criterion met