X=[-4 -2  0  2  4], N=200, M=5, Sigma=0.75
start=-8, end=8
max_iter=10, stop_thres=0.0001
mode=3

iter 0
    given input distribution [0.10843373 0.18072289 0.26506024 0.03614458 0.40963855]
    optimal quantizer [-8.   -3.04 -1.04  1.36  2.64  8.  ]
    optimal input distribution [0.25500876 0.15135611 0.21085569 0.10352748 0.27925196]
    optimal I(X;Z) 1.6306463689223603
    took 113.3694s
iter 1
    given input distribution [0.25500876 0.15135611 0.21085569 0.10352748 0.27925196]
    optimal quantizer [-8.   -2.88 -1.04  1.12  2.8   8.  ]
    optimal input distribution [0.25893531 0.14435997 0.19789067 0.1350438  0.26377025]
    optimal I(X;Z) 1.648057793226702
    took 112.8524s
iter 2
    given input distribution [0.25893531 0.14435997 0.19789067 0.1350438  0.26377025]
    optimal quantizer [-8.   -2.88 -1.04  1.04  2.88  8.  ]
    optimal input distribution [0.25826699 0.14613733 0.19119137 0.14613733 0.25826699]
    optimal I(X;Z) 1.6496586404320022
    took 113.3262s
iter 3
    given input distribution [0.25826699 0.14613733 0.19119137 0.14613733 0.25826699]
    optimal quantizer [-8.   -2.88 -1.04  1.04  2.88  8.  ]
    optimal input distribution [0.25826699 0.14613733 0.19119137 0.14613733 0.25826699]
    optimal I(X;Z) 1.6496586404320022
    took 113.7787s
stopping criterion met