X=[-3 -1  1  3], N=200, M=4, Sigma=3.0
start=-8, end=8
max_iter=10, stop_thres=0.0001
mode=3

iter 0
    given input distribution [0.6984127  0.20634921 0.03968254 0.05555556]
    optimal quantizer [-8.   -2.8   0.24  3.12  8.  ]
    optimal input distribution [5.01001996e-01 4.33297242e-09 4.31092207e-09 4.98997994e-01]
    optimal I(X;Z) 0.40967905870809873
    took 68.5227s
iter 1
    given input distribution [5.01001996e-01 4.33297242e-09 4.31092207e-09 4.98997994e-01]
    optimal quantizer [-8.   -2.48  0.    2.48  8.  ]
    optimal input distribution [4.99999994e-01 5.63062747e-09 5.63062747e-09 4.99999994e-01]
    optimal I(X;Z) 0.41187271353576405
    took 68.8707s
iter 2
    given input distribution [4.99999994e-01 5.63062747e-09 5.63062747e-09 4.99999994e-01]
    optimal quantizer [-8.   -2.48  0.    2.48  8.  ]
    optimal input distribution [4.99999994e-01 5.63062747e-09 5.63062747e-09 4.99999994e-01]
    optimal I(X;Z) 0.41187271353576405
    took 68.8440s
stopping criterion met