X=[-3 -1  1  3], N=200, M=4, Sigma=3.0
start=-8, end=8
max_iter=10, stop_thres=0.0001
mode=3

iter 0
    given input distribution [0.28666667 0.12       0.15333333 0.44      ]
    optimal quantizer [-8.   -2.8  -0.08  2.64  8.  ]
    optimal input distribution [4.99595372e-01 5.91107334e-09 5.92071265e-09 5.00404615e-01]
    optimal I(X;Z) 0.4113253264418055
    took 68.3041s
iter 1
    given input distribution [4.99595372e-01 5.91107334e-09 5.92071265e-09 5.00404615e-01]
    optimal quantizer [-8.   -2.48  0.    2.48  8.  ]
    optimal input distribution [4.99999994e-01 5.63062747e-09 5.63062747e-09 4.99999994e-01]
    optimal I(X;Z) 0.41187271353576405
    took 68.0107s
iter 2
    given input distribution [4.99999994e-01 5.63062747e-09 5.63062747e-09 4.99999994e-01]
    optimal quantizer [-8.   -2.48  0.    2.48  8.  ]
    optimal input distribution [4.99999994e-01 5.63062747e-09 5.63062747e-09 4.99999994e-01]
    optimal I(X;Z) 0.41187271353576405
    took 67.6174s
stopping criterion met