X=[-3 -1  1  3], N=200, M=4, Sigma=3.0
start=-8, end=8
max_iter=10, stop_thres=0.0001
mode=3

iter 0
    given input distribution [0.13425926 0.43518519 0.12037037 0.31018519]
    optimal quantizer [-8.   -2.56  0.4   3.2   8.  ]
    optimal input distribution [5.01711830e-01 1.77559841e-09 1.76027276e-09 4.98288166e-01]
    optimal I(X;Z) 0.40995547049344583
    took 69.6324s
iter 1
    given input distribution [5.01711830e-01 1.77559841e-09 1.76027276e-09 4.98288166e-01]
    optimal quantizer [-8.   -2.48  0.    2.48  8.  ]
    optimal input distribution [4.99999994e-01 5.63062747e-09 5.63062747e-09 4.99999994e-01]
    optimal I(X;Z) 0.41187271353576405
    took 69.3170s
iter 2
    given input distribution [4.99999994e-01 5.63062747e-09 5.63062747e-09 4.99999994e-01]
    optimal quantizer [-8.   -2.48  0.    2.48  8.  ]
    optimal input distribution [4.99999994e-01 5.63062747e-09 5.63062747e-09 4.99999994e-01]
    optimal I(X;Z) 0.41187271353576405
    took 70.6576s
stopping criterion met