X=[-3 -1  1  3], N=200, M=4, Sigma=3.0
start=-8, end=8
max_iter=10, stop_thres=0.0001
mode=3

iter 0
    given input distribution [0.20809249 0.54913295 0.10982659 0.13294798]
    optimal quantizer [-8.   -2.88  0.24  3.2   8.  ]
    optimal input distribution [5.00972622e-01 4.23831278e-09 4.21726133e-09 4.99027368e-01]
    optimal I(X;Z) 0.4089990250685429
    took 67.3987s
iter 1
    given input distribution [5.00972622e-01 4.23831278e-09 4.21726133e-09 4.99027368e-01]
    optimal quantizer [-8.   -2.48  0.    2.48  8.  ]
    optimal input distribution [4.99999994e-01 5.63062747e-09 5.63062747e-09 4.99999994e-01]
    optimal I(X;Z) 0.41187271353576405
    took 67.1196s
iter 2
    given input distribution [4.99999994e-01 5.63062747e-09 5.63062747e-09 4.99999994e-01]
    optimal quantizer [-8.   -2.48  0.    2.48  8.  ]
    optimal input distribution [4.99999994e-01 5.63062747e-09 5.63062747e-09 4.99999994e-01]
    optimal I(X;Z) 0.41187271353576405
    took 67.0557s
stopping criterion met