X=[-3 -1  1  3], N=200, M=4, Sigma=3.0
start=-8, end=8
max_iter=10, stop_thres=0.0001
mode=3

iter 0
    given input distribution [0.10798122 0.3943662  0.22535211 0.27230047]
    optimal quantizer [-8.   -2.64  0.32  3.2   8.  ]
    optimal input distribution [5.01318802e-01 2.83897841e-09 2.82093631e-09 4.98681192e-01]
    optimal I(X;Z) 0.40986459649722473
    took 68.2702s
iter 1
    given input distribution [5.01318802e-01 2.83897841e-09 2.82093631e-09 4.98681192e-01]
    optimal quantizer [-8.   -2.48  0.    2.48  8.  ]
    optimal input distribution [4.99999994e-01 5.63062747e-09 5.63062747e-09 4.99999994e-01]
    optimal I(X;Z) 0.41187271353576405
    took 68.4437s
iter 2
    given input distribution [4.99999994e-01 5.63062747e-09 5.63062747e-09 4.99999994e-01]
    optimal quantizer [-8.   -2.48  0.    2.48  8.  ]
    optimal input distribution [4.99999994e-01 5.63062747e-09 5.63062747e-09 4.99999994e-01]
    optimal I(X;Z) 0.41187271353576405
    took 68.2964s
stopping criterion met