X=[-3 -1  1  3], N=200, M=4, Sigma=3.0
start=-8, end=8
max_iter=10, stop_thres=0.0001
mode=3

iter 0
    given input distribution [0.29515419 0.20704846 0.3876652  0.11013216]
    optimal quantizer [-8.   -3.2  -0.32  2.64  8.  ]
    optimal input distribution [4.98681192e-01 2.82128422e-09 2.83932288e-09 5.01318802e-01]
    optimal I(X;Z) 0.40986459649543194
    took 67.0685s
iter 1
    given input distribution [4.98681192e-01 2.82128422e-09 2.83932288e-09 5.01318802e-01]
    optimal quantizer [-8.   -2.48  0.    2.48  8.  ]
    optimal input distribution [4.99999994e-01 5.63062747e-09 5.63062747e-09 4.99999994e-01]
    optimal I(X;Z) 0.41187271353576405
    took 67.7948s
iter 2
    given input distribution [4.99999994e-01 5.63062747e-09 5.63062747e-09 4.99999994e-01]
    optimal quantizer [-8.   -2.48  0.    2.48  8.  ]
    optimal input distribution [4.99999994e-01 5.63062747e-09 5.63062747e-09 4.99999994e-01]
    optimal I(X;Z) 0.41187271353576405
    took 67.3712s
stopping criterion met