X=[-3 -1  1  3], N=200, M=4, Sigma=3.0
start=-8, end=8
max_iter=10, stop_thres=0.0001
mode=3

iter 0
    given input distribution [0.38271605 0.0781893  0.41152263 0.12757202]
    optimal quantizer [-8.   -3.12 -0.4   2.48  8.  ]
    optimal input distribution [4.98181356e-01 4.48199967e-09 4.52190131e-09 5.01818634e-01]
    optimal I(X;Z) 0.4104299548143122
    took 69.0588s
iter 1
    given input distribution [4.98181356e-01 4.48199967e-09 4.52190131e-09 5.01818634e-01]
    optimal quantizer [-8.   -2.48  0.    2.48  8.  ]
    optimal input distribution [4.99999994e-01 5.63062747e-09 5.63062747e-09 4.99999994e-01]
    optimal I(X;Z) 0.41187271353576405
    took 68.6027s
iter 2
    given input distribution [4.99999994e-01 5.63062747e-09 5.63062747e-09 4.99999994e-01]
    optimal quantizer [-8.   -2.48  0.    2.48  8.  ]
    optimal input distribution [4.99999994e-01 5.63062747e-09 5.63062747e-09 4.99999994e-01]
    optimal I(X;Z) 0.41187271353576405
    took 67.8631s
stopping criterion met