X=[-3 -1  1  3], N=200, M=4, Sigma=3.0
start=-8, end=8
max_iter=10, stop_thres=0.0001
mode=3

iter 0
    given input distribution [0.4   0.365 0.015 0.22 ]
    optimal quantizer [-8.   -2.64  0.32  3.12  8.  ]
    optimal input distribution [5.01373194e-01 1.73501175e-09 1.72288306e-09 4.98626802e-01]
    optimal I(X;Z) 0.4101328596046576
    took 69.7528s
iter 1
    given input distribution [5.01373194e-01 1.73501175e-09 1.72288306e-09 4.98626802e-01]
    optimal quantizer [-8.   -2.48  0.    2.48  8.  ]
    optimal input distribution [4.99999994e-01 5.63062747e-09 5.63062747e-09 4.99999994e-01]
    optimal I(X;Z) 0.41187271353576405
    took 69.4874s
iter 2
    given input distribution [4.99999994e-01 5.63062747e-09 5.63062747e-09 4.99999994e-01]
    optimal quantizer [-8.   -2.48  0.    2.48  8.  ]
    optimal input distribution [4.99999994e-01 5.63062747e-09 5.63062747e-09 4.99999994e-01]
    optimal I(X;Z) 0.41187271353576405
    took 69.1391s
stopping criterion met