X=[-3 -1  1  3], N=200, M=4, Sigma=3.0
start=-8, end=8
max_iter=10, stop_thres=0.0001
mode=3

iter 0
    given input distribution [0.46808511 0.09929078 0.41843972 0.0141844 ]
    optimal quantizer [-8.   -3.36 -0.72  2.    8.  ]
    optimal input distribution [4.96128372e-01 4.71865578e-09 4.81208373e-09 5.03871617e-01]
    optimal I(X;Z) 0.40950087748247443
    took 72.3689s
iter 1
    given input distribution [4.96128372e-01 4.71865578e-09 4.81208373e-09 5.03871617e-01]
    optimal quantizer [-8.   -2.48  0.    2.48  8.  ]
    optimal input distribution [4.99999994e-01 5.63062747e-09 5.63062747e-09 4.99999994e-01]
    optimal I(X;Z) 0.41187271353576405
    took 72.5300s
iter 2
    given input distribution [4.99999994e-01 5.63062747e-09 5.63062747e-09 4.99999994e-01]
    optimal quantizer [-8.   -2.48  0.    2.48  8.  ]
    optimal input distribution [4.99999994e-01 5.63062747e-09 5.63062747e-09 4.99999994e-01]
    optimal I(X;Z) 0.41187271353576405
    took 72.4372s
stopping criterion met