X=[-3 -1  1  3], N=200, M=4, Sigma=3.0
start=-8, end=8
max_iter=10, stop_thres=0.0001
mode=3

iter 0
    given input distribution [0.27717391 0.10869565 0.22826087 0.38586957]
    optimal quantizer [-8.   -2.88 -0.16  2.64  8.  ]
    optimal input distribution [4.99255614e-01 8.79476443e-09 8.82707076e-09 5.00744367e-01]
    optimal I(X;Z) 0.4110806518149188
    took 69.3353s
iter 1
    given input distribution [4.99255614e-01 8.79476443e-09 8.82707076e-09 5.00744367e-01]
    optimal quantizer [-8.   -2.48  0.    2.48  8.  ]
    optimal input distribution [4.99999994e-01 5.63062747e-09 5.63062747e-09 4.99999994e-01]
    optimal I(X;Z) 0.41187271353576405
    took 69.4029s
iter 2
    given input distribution [4.99999994e-01 5.63062747e-09 5.63062747e-09 4.99999994e-01]
    optimal quantizer [-8.   -2.48  0.    2.48  8.  ]
    optimal input distribution [4.99999994e-01 5.63062747e-09 5.63062747e-09 4.99999994e-01]
    optimal I(X;Z) 0.41187271353576405
    took 70.3865s
stopping criterion met