X=[-3 -1  1  3], N=200, M=4, Sigma=3.0
start=-8, end=8
max_iter=10, stop_thres=0.0001
mode=3

iter 0
    given input distribution [0.28911565 0.19387755 0.23809524 0.27891156]
    optimal quantizer [-8.   -2.88 -0.08  2.8   8.  ]
    optimal input distribution [4.99646783e-01 5.14227249e-09 5.15287413e-09 5.00353205e-01]
    optimal I(X;Z) 0.4106971281014038
    took 73.2186s
iter 1
    given input distribution [4.99646783e-01 5.14227249e-09 5.15287413e-09 5.00353205e-01]
    optimal quantizer [-8.   -2.48  0.    2.48  8.  ]
    optimal input distribution [4.99999994e-01 5.63062747e-09 5.63062747e-09 4.99999994e-01]
    optimal I(X;Z) 0.41187271353576405
    took 72.7851s
iter 2
    given input distribution [4.99999994e-01 5.63062747e-09 5.63062747e-09 4.99999994e-01]
    optimal quantizer [-8.   -2.48  0.    2.48  8.  ]
    optimal input distribution [4.99999994e-01 5.63062747e-09 5.63062747e-09 4.99999994e-01]
    optimal I(X;Z) 0.41187271353576405
    took 72.3060s
stopping criterion met