X=[-3 -1  1  3], N=200, M=4, Sigma=3.0
start=-8, end=8
max_iter=10, stop_thres=0.0001
mode=3

iter 0
    given input distribution [0.16470588 0.55882353 0.09411765 0.18235294]
    optimal quantizer [-8.   -2.64  0.4   3.28  8.  ]
    optimal input distribution [5.01614953e-01 7.32880544e-09 7.27191054e-09 4.98385031e-01]
    optimal I(X;Z) 0.4093832235003094
    took 69.9425s
iter 1
    given input distribution [5.01614953e-01 7.32880544e-09 7.27191054e-09 4.98385031e-01]
    optimal quantizer [-8.   -2.48  0.    2.48  8.  ]
    optimal input distribution [4.99999994e-01 5.63062747e-09 5.63062747e-09 4.99999994e-01]
    optimal I(X;Z) 0.41187271353576405
    took 69.3506s
iter 2
    given input distribution [4.99999994e-01 5.63062747e-09 5.63062747e-09 4.99999994e-01]
    optimal quantizer [-8.   -2.48  0.    2.48  8.  ]
    optimal input distribution [4.99999994e-01 5.63062747e-09 5.63062747e-09 4.99999994e-01]
    optimal I(X;Z) 0.41187271353576405
    took 69.3187s
stopping criterion met