X=[-3 -1  1  3], N=200, M=4, Sigma=3.0
start=-8, end=8
max_iter=10, stop_thres=0.0001
mode=3

iter 0
    given input distribution [0.15679443 0.32752613 0.32752613 0.18815331]
    optimal quantizer [-8.   -2.96  0.    2.96  8.  ]
    optimal input distribution [5.00000000e-01 4.57233871e-10 4.57233871e-10 4.99999999e-01]
    optimal I(X;Z) 0.4098741223395548
    took 71.2331s
iter 1
    given input distribution [5.00000000e-01 4.57233871e-10 4.57233871e-10 4.99999999e-01]
    optimal quantizer [-8.   -2.48  0.    2.48  8.  ]
    optimal input distribution [4.99999994e-01 5.63062747e-09 5.63062747e-09 4.99999994e-01]
    optimal I(X;Z) 0.41187271353576405
    took 71.1242s
iter 2
    given input distribution [4.99999994e-01 5.63062747e-09 5.63062747e-09 4.99999994e-01]
    optimal quantizer [-8.   -2.48  0.    2.48  8.  ]
    optimal input distribution [4.99999994e-01 5.63062747e-09 5.63062747e-09 4.99999994e-01]
    optimal I(X;Z) 0.41187271353576405
    took 71.2312s
stopping criterion met