X=[-3 -1  1  3], N=200, M=4, Sigma=3.0
start=-8, end=8
max_iter=10, stop_thres=0.0001
mode=3

iter 0
    given input distribution [0.09589041 0.23287671 0.26027397 0.4109589 ]
    optimal quantizer [-8.   -2.72  0.16  3.04  8.  ]
    optimal input distribution [5.00675972e-01 7.52995897e-09 7.50695614e-09 4.99324012e-01]
    optimal I(X;Z) 0.41037850452891167
    took 70.7628s
iter 1
    given input distribution [5.00675972e-01 7.52995897e-09 7.50695614e-09 4.99324012e-01]
    optimal quantizer [-8.   -2.48  0.    2.48  8.  ]
    optimal input distribution [4.99999994e-01 5.63062747e-09 5.63062747e-09 4.99999994e-01]
    optimal I(X;Z) 0.41187271353576405
    took 70.3903s
iter 2
    given input distribution [4.99999994e-01 5.63062747e-09 5.63062747e-09 4.99999994e-01]
    optimal quantizer [-8.   -2.48  0.    2.48  8.  ]
    optimal input distribution [4.99999994e-01 5.63062747e-09 5.63062747e-09 4.99999994e-01]
    optimal I(X;Z) 0.41187271353576405
    took 70.5674s
stopping criterion met