X=[-3 -1  1  3], N=200, M=4, Sigma=3.0
start=-8, end=8
max_iter=10, stop_thres=0.0001
mode=3

iter 0
    given input distribution [0.36134454 0.3907563  0.24789916 0.        ]
    optimal quantizer [-8.   -3.6  -0.8   2.08  8.  ]
    optimal input distribution [4.96309151e-01 2.48593999e-09 2.52853660e-09 5.03690843e-01]
    optimal I(X;Z) 0.40854328578715116
    took 70.0048s
iter 1
    given input distribution [4.96309151e-01 2.48593999e-09 2.52853660e-09 5.03690843e-01]
    optimal quantizer [-8.   -2.48  0.    2.48  8.  ]
    optimal input distribution [4.99999994e-01 5.63062747e-09 5.63062747e-09 4.99999994e-01]
    optimal I(X;Z) 0.41187271353576405
    took 70.3996s
iter 2
    given input distribution [4.99999994e-01 5.63062747e-09 5.63062747e-09 4.99999994e-01]
    optimal quantizer [-8.   -2.48  0.    2.48  8.  ]
    optimal input distribution [4.99999994e-01 5.63062747e-09 5.63062747e-09 4.99999994e-01]
    optimal I(X;Z) 0.41187271353576405
    took 72.8602s
stopping criterion met