X=[-3 -1  1  3], N=200, M=4, Sigma=3.0
start=-8, end=8
max_iter=10, stop_thres=0.0001
mode=3

iter 0
    given input distribution [0.04761905 0.64285714 0.30952381 0.        ]
    optimal quantizer [-8.   -3.12 -0.24  2.64  8.  ]
    optimal input distribution [4.98982609e-01 4.50268374e-09 4.52403583e-09 5.01017381e-01]
    optimal I(X;Z) 0.4102715414878575
    took 76.8793s
iter 1
    given input distribution [4.98982609e-01 4.50268374e-09 4.52403583e-09 5.01017381e-01]
    optimal quantizer [-8.   -2.48  0.    2.48  8.  ]
    optimal input distribution [4.99999994e-01 5.63062747e-09 5.63062747e-09 4.99999994e-01]
    optimal I(X;Z) 0.41187271353576405
    took 76.3478s
iter 2
    given input distribution [4.99999994e-01 5.63062747e-09 5.63062747e-09 4.99999994e-01]
    optimal quantizer [-8.   -2.48  0.    2.48  8.  ]
    optimal input distribution [4.99999994e-01 5.63062747e-09 5.63062747e-09 4.99999994e-01]
    optimal I(X;Z) 0.41187271353576405
    took 76.6199s
stopping criterion met