X=[-3 -1  1  3], N=200, M=4, Sigma=3.0
start=-8, end=8
max_iter=10, stop_thres=0.0001
mode=3

iter 0
    given input distribution [0.14166667 0.71666667 0.08333333 0.05833333]
    optimal quantizer [-8.   -2.96  0.24  3.28  8.  ]
    optimal input distribution [5.00948899e-01 2.63092537e-09 2.61789835e-09 4.99051095e-01]
    optimal I(X;Z) 0.40823224464251306
    took 69.4978s
iter 1
    given input distribution [5.00948899e-01 2.63092537e-09 2.61789835e-09 4.99051095e-01]
    optimal quantizer [-8.   -2.48  0.    2.48  8.  ]
    optimal input distribution [4.99999994e-01 5.63062747e-09 5.63062747e-09 4.99999994e-01]
    optimal I(X;Z) 0.41187271353576405
    took 69.0131s
iter 2
    given input distribution [4.99999994e-01 5.63062747e-09 5.63062747e-09 4.99999994e-01]
    optimal quantizer [-8.   -2.48  0.    2.48  8.  ]
    optimal input distribution [4.99999994e-01 5.63062747e-09 5.63062747e-09 4.99999994e-01]
    optimal I(X;Z) 0.41187271353576405
    took 68.8769s
stopping criterion met