X=[-3 -1  1  3], N=200, M=4, Sigma=3.0
start=-8, end=8
max_iter=10, stop_thres=0.0001
mode=3

iter 0
    given input distribution [0.32178218 0.14851485 0.2029703  0.32673267]
    optimal quantizer [-8.  -2.8  0.   2.8  8. ]
    optimal input distribution [4.99999999e-01 5.64797916e-10 5.64797916e-10 4.99999999e-01]
    optimal I(X;Z) 0.4109575955971274
    took 68.3603s
iter 1
    given input distribution [4.99999999e-01 5.64797916e-10 5.64797916e-10 4.99999999e-01]
    optimal quantizer [-8.   -2.48  0.    2.48  8.  ]
    optimal input distribution [4.99999994e-01 5.63062747e-09 5.63062747e-09 4.99999994e-01]
    optimal I(X;Z) 0.41187271353576405
    took 68.3346s
iter 2
    given input distribution [4.99999994e-01 5.63062747e-09 5.63062747e-09 4.99999994e-01]
    optimal quantizer [-8.   -2.48  0.    2.48  8.  ]
    optimal input distribution [4.99999994e-01 5.63062747e-09 5.63062747e-09 4.99999994e-01]
    optimal I(X;Z) 0.41187271353576405
    took 68.6093s
stopping criterion met