X=[-3 -1  1  3], N=200, M=4, Sigma=3.0
start=-8, end=8
max_iter=10, stop_thres=0.0001
mode=3

iter 0
    given input distribution [0.09009009 0.35135135 0.19369369 0.36486486]
    optimal quantizer [-8.   -2.56  0.32  3.12  8.  ]
    optimal input distribution [5.01416790e-01 4.13908030e-09 4.11141338e-09 4.98583201e-01]
    optimal I(X;Z) 0.41038963044276633
    took 67.7543s
iter 1
    given input distribution [5.01416790e-01 4.13908030e-09 4.11141338e-09 4.98583201e-01]
    optimal quantizer [-8.   -2.48  0.    2.48  8.  ]
    optimal input distribution [4.99999994e-01 5.63062747e-09 5.63062747e-09 4.99999994e-01]
    optimal I(X;Z) 0.41187271353576405
    took 68.1790s
iter 2
    given input distribution [4.99999994e-01 5.63062747e-09 5.63062747e-09 4.99999994e-01]
    optimal quantizer [-8.   -2.48  0.    2.48  8.  ]
    optimal input distribution [4.99999994e-01 5.63062747e-09 5.63062747e-09 4.99999994e-01]
    optimal I(X;Z) 0.41187271353576405
    took 68.1077s
stopping criterion met