X=[-3 -1  1  3], N=200, M=4, Sigma=3.0
start=-8, end=8
max_iter=10, stop_thres=0.0001
mode=3

iter 0
    given input distribution [0.10569106 0.40650407 0.38211382 0.10569106]
    optimal quantizer [-8.   -2.96  0.08  3.04  8.  ]
    optimal input distribution [5.00348963e-01 6.01761716e-09 6.00658227e-09 4.99651024e-01]
    optimal I(X;Z) 0.40951800020747653
    took 68.4875s
iter 1
    given input distribution [5.00348963e-01 6.01761716e-09 6.00658227e-09 4.99651024e-01]
    optimal quantizer [-8.   -2.48  0.    2.48  8.  ]
    optimal input distribution [4.99999994e-01 5.63062747e-09 5.63062747e-09 4.99999994e-01]
    optimal I(X;Z) 0.41187271353576405
    took 69.9554s
iter 2
    given input distribution [4.99999994e-01 5.63062747e-09 5.63062747e-09 4.99999994e-01]
    optimal quantizer [-8.   -2.48  0.    2.48  8.  ]
    optimal input distribution [4.99999994e-01 5.63062747e-09 5.63062747e-09 4.99999994e-01]
    optimal I(X;Z) 0.41187271353576405
    took 69.0111s
stopping criterion met