X=[-3 -1  1  3], N=200, M=4, Sigma=3.0
start=-8, end=8
max_iter=10, stop_thres=0.0001
mode=3

iter 0
    given input distribution [0.42682927 0.         0.11585366 0.45731707]
    optimal quantizer [-8.   -2.72 -0.16  2.48  8.  ]
    optimal input distribution [4.99168023e-01 3.26519115e-09 3.27887995e-09 5.00831969e-01]
    optimal I(X;Z) 0.41164754819158067
    took 69.0925s
iter 1
    given input distribution [4.99168023e-01 3.26519115e-09 3.27887995e-09 5.00831969e-01]
    optimal quantizer [-8.   -2.48  0.    2.48  8.  ]
    optimal input distribution [4.99999994e-01 5.63062747e-09 5.63062747e-09 4.99999994e-01]
    optimal I(X;Z) 0.41187271353576405
    took 68.8518s
iter 2
    given input distribution [4.99999994e-01 5.63062747e-09 5.63062747e-09 4.99999994e-01]
    optimal quantizer [-8.   -2.48  0.    2.48  8.  ]
    optimal input distribution [4.99999994e-01 5.63062747e-09 5.63062747e-09 4.99999994e-01]
    optimal I(X;Z) 0.41187271353576405
    took 68.4095s
stopping criterion met