X=[-3 -1  1  3], N=200, M=4, Sigma=3.0
start=-8, end=8
max_iter=10, stop_thres=0.0001
mode=3

iter 0
    given input distribution [0.66666667 0.23809524 0.03174603 0.06349206]
    optimal quantizer [-8.   -2.8   0.24  3.12  8.  ]
    optimal input distribution [5.01001996e-01 4.33297242e-09 4.31092207e-09 4.98997994e-01]
    optimal I(X;Z) 0.40967905870809873
    took 71.4593s
iter 1
    given input distribution [5.01001996e-01 4.33297242e-09 4.31092207e-09 4.98997994e-01]
    optimal quantizer [-8.   -2.48  0.    2.48  8.  ]
    optimal input distribution [4.99999994e-01 5.63062747e-09 5.63062747e-09 4.99999994e-01]
    optimal I(X;Z) 0.41187271353576405
    took 71.5138s
iter 2
    given input distribution [4.99999994e-01 5.63062747e-09 5.63062747e-09 4.99999994e-01]
    optimal quantizer [-8.   -2.48  0.    2.48  8.  ]
    optimal input distribution [4.99999994e-01 5.63062747e-09 5.63062747e-09 4.99999994e-01]
    optimal I(X;Z) 0.41187271353576405
    took 71.7440s
stopping criterion met