X=[-3 -1  1  3], N=200, M=4, Sigma=3.0
start=-8, end=8
max_iter=10, stop_thres=0.0001
mode=3

iter 0
    given input distribution [0.10714286 0.20833333 0.25595238 0.42857143]
    optimal quantizer [-8.   -2.8   0.08  2.96  8.  ]
    optimal input distribution [5.00337326e-01 6.27732633e-09 6.26800450e-09 4.99662660e-01]
    optimal I(X;Z) 0.4104425602722308
    took 70.0875s
iter 1
    given input distribution [5.00337326e-01 6.27732633e-09 6.26800450e-09 4.99662660e-01]
    optimal quantizer [-8.   -2.48  0.    2.48  8.  ]
    optimal input distribution [4.99999994e-01 5.63062747e-09 5.63062747e-09 4.99999994e-01]
    optimal I(X;Z) 0.41187271353576405
    took 70.4069s
iter 2
    given input distribution [4.99999994e-01 5.63062747e-09 5.63062747e-09 4.99999994e-01]
    optimal quantizer [-8.   -2.48  0.    2.48  8.  ]
    optimal input distribution [4.99999994e-01 5.63062747e-09 5.63062747e-09 4.99999994e-01]
    optimal I(X;Z) 0.41187271353576405
    took 70.2642s
stopping criterion met