X=[-3 -1  1  3], N=200, M=4, Sigma=3.0
start=-8, end=8
max_iter=10, stop_thres=0.0001
mode=3

iter 0
    given input distribution [0.42051282 0.0974359  0.02051282 0.46153846]
    optimal quantizer [-8.   -2.56  0.08  2.64  8.  ]
    optimal input distribution [5.00371451e-01 5.66507237e-09 5.65545559e-09 4.99628537e-01]
    optimal I(X;Z) 0.4117141086448566
    took 69.4876s
iter 1
    given input distribution [5.00371451e-01 5.66507237e-09 5.65545559e-09 4.99628537e-01]
    optimal quantizer [-8.   -2.48  0.    2.48  8.  ]
    optimal input distribution [4.99999994e-01 5.63062747e-09 5.63062747e-09 4.99999994e-01]
    optimal I(X;Z) 0.41187271353576405
    took 70.2288s
iter 2
    given input distribution [4.99999994e-01 5.63062747e-09 5.63062747e-09 4.99999994e-01]
    optimal quantizer [-8.   -2.48  0.    2.48  8.  ]
    optimal input distribution [4.99999994e-01 5.63062747e-09 5.63062747e-09 4.99999994e-01]
    optimal I(X;Z) 0.41187271353576405
    took 70.0589s
stopping criterion met