X=[-3 -1  1  3], N=200, M=4, Sigma=3.0
start=-8, end=8
max_iter=10, stop_thres=0.0001
mode=3

iter 0
    given input distribution [0.27960526 0.30921053 0.20723684 0.20394737]
    optimal quantizer [-8.   -2.88  0.08  2.96  8.  ]
    optimal input distribution [5.00350362e-01 6.85886870e-09 6.84666395e-09 4.99649622e-01]
    optimal I(X;Z) 0.41015438343237776
    took 72.7169s
iter 1
    given input distribution [5.00350362e-01 6.85886870e-09 6.84666395e-09 4.99649622e-01]
    optimal quantizer [-8.   -2.48  0.    2.48  8.  ]
    optimal input distribution [4.99999994e-01 5.63062747e-09 5.63062747e-09 4.99999994e-01]
    optimal I(X;Z) 0.41187271353576405
    took 73.2888s
iter 2
    given input distribution [4.99999994e-01 5.63062747e-09 5.63062747e-09 4.99999994e-01]
    optimal quantizer [-8.   -2.48  0.    2.48  8.  ]
    optimal input distribution [4.99999994e-01 5.63062747e-09 5.63062747e-09 4.99999994e-01]
    optimal I(X;Z) 0.41187271353576405
    took 72.9382s
stopping criterion met