X=[-3 -1  1  3], N=200, M=4, Sigma=3.0
start=-8, end=8
max_iter=10, stop_thres=0.0001
mode=3

iter 0
    given input distribution [0.30337079 0.34456929 0.31835206 0.03370787]
    optimal quantizer [-8.   -3.36 -0.48  2.4   8.  ]
    optimal input distribution [4.97929685e-01 2.74625153e-09 2.77349301e-09 5.02070309e-01]
    optimal I(X;Z) 0.40968951191458625
    took 69.6027s
iter 1
    given input distribution [4.97929685e-01 2.74625153e-09 2.77349301e-09 5.02070309e-01]
    optimal quantizer [-8.   -2.48  0.    2.48  8.  ]
    optimal input distribution [4.99999994e-01 5.63062747e-09 5.63062747e-09 4.99999994e-01]
    optimal I(X;Z) 0.41187271353576405
    took 69.1941s
iter 2
    given input distribution [4.99999994e-01 5.63062747e-09 5.63062747e-09 4.99999994e-01]
    optimal quantizer [-8.   -2.48  0.    2.48  8.  ]
    optimal input distribution [4.99999994e-01 5.63062747e-09 5.63062747e-09 4.99999994e-01]
    optimal I(X;Z) 0.41187271353576405
    took 69.0362s
stopping criterion met