X=[-3 -1  1  3], N=200, M=4, Sigma=3.0
start=-8, end=8
max_iter=10, stop_thres=0.0001
mode=3

iter 0
    given input distribution [0.22277228 0.27722772 0.03960396 0.46039604]
    optimal quantizer [-8.   -2.64  0.16  2.88  8.  ]
    optimal input distribution [5.00744367e-01 8.82641817e-09 8.79411336e-09 4.99255614e-01]
    optimal I(X;Z) 0.4110806518155319
    took 70.3194s
iter 1
    given input distribution [5.00744367e-01 8.82641817e-09 8.79411336e-09 4.99255614e-01]
    optimal quantizer [-8.   -2.48  0.    2.48  8.  ]
    optimal input distribution [4.99999994e-01 5.63062747e-09 5.63062747e-09 4.99999994e-01]
    optimal I(X;Z) 0.41187271353576405
    took 69.4376s
iter 2
    given input distribution [4.99999994e-01 5.63062747e-09 5.63062747e-09 4.99999994e-01]
    optimal quantizer [-8.   -2.48  0.    2.48  8.  ]
    optimal input distribution [4.99999994e-01 5.63062747e-09 5.63062747e-09 4.99999994e-01]
    optimal I(X;Z) 0.41187271353576405
    took 69.0747s
stopping criterion met