X=[-3 -1  1  3], N=200, M=4, Sigma=3.0
start=-8, end=8
max_iter=10, stop_thres=0.0001
mode=3

iter 0
    given input distribution [0.21086262 0.25559105 0.25559105 0.27795527]
    optimal quantizer [-8.   -2.88  0.    2.88  8.  ]
    optimal input distribution [4.99999999e-01 6.43062284e-10 6.43062284e-10 4.99999999e-01]
    optimal I(X;Z) 0.41046389355855717
    took 72.2831s
iter 1
    given input distribution [4.99999999e-01 6.43062284e-10 6.43062284e-10 4.99999999e-01]
    optimal quantizer [-8.   -2.48  0.    2.48  8.  ]
    optimal input distribution [4.99999994e-01 5.63062747e-09 5.63062747e-09 4.99999994e-01]
    optimal I(X;Z) 0.41187271353576405
    took 73.6842s
iter 2
    given input distribution [4.99999994e-01 5.63062747e-09 5.63062747e-09 4.99999994e-01]
    optimal quantizer [-8.   -2.48  0.    2.48  8.  ]
    optimal input distribution [4.99999994e-01 5.63062747e-09 5.63062747e-09 4.99999994e-01]
    optimal I(X;Z) 0.41187271353576405
    took 76.1073s
stopping criterion met