X=[-3 -1  1  3], N=200, M=4, Sigma=3.0
start=-8, end=8
max_iter=10, stop_thres=0.0001
mode=3

iter 0
    given input distribution [0.24657534 0.06164384 0.54109589 0.15068493]
    optimal quantizer [-8.   -3.28 -0.48  2.48  8.  ]
    optimal input distribution [4.97945753e-01 4.93862161e-09 4.99020163e-09 5.02054236e-01]
    optimal I(X;Z) 0.4097349721506187
    took 71.5038s
iter 1
    given input distribution [4.97945753e-01 4.93862161e-09 4.99020163e-09 5.02054236e-01]
    optimal quantizer [-8.   -2.48  0.    2.48  8.  ]
    optimal input distribution [4.99999994e-01 5.63062747e-09 5.63062747e-09 4.99999994e-01]
    optimal I(X;Z) 0.41187271353576405
    took 72.5659s
iter 2
    given input distribution [4.99999994e-01 5.63062747e-09 5.63062747e-09 4.99999994e-01]
    optimal quantizer [-8.   -2.48  0.    2.48  8.  ]
    optimal input distribution [4.99999994e-01 5.63062747e-09 5.63062747e-09 4.99999994e-01]
    optimal I(X;Z) 0.41187271353576405
    took 72.1855s
stopping criterion met