X=[-3 -1  1  3], N=200, M=4, Sigma=3.0
start=-8, end=8
max_iter=10, stop_thres=0.0001
mode=3

iter 0
    given input distribution [0.14893617 0.04255319 0.41843972 0.39007092]
    optimal quantizer [-8.   -3.12 -0.24  2.8   8.  ]
    optimal input distribution [4.98997994e-01 4.31075408e-09 4.33280644e-09 5.01001996e-01]
    optimal I(X;Z) 0.4096790587091932
    took 71.2767s
iter 1
    given input distribution [4.98997994e-01 4.31075408e-09 4.33280644e-09 5.01001996e-01]
    optimal quantizer [-8.   -2.48  0.    2.48  8.  ]
    optimal input distribution [4.99999994e-01 5.63062747e-09 5.63062747e-09 4.99999994e-01]
    optimal I(X;Z) 0.41187271353576405
    took 71.8899s
iter 2
    given input distribution [4.99999994e-01 5.63062747e-09 5.63062747e-09 4.99999994e-01]
    optimal quantizer [-8.   -2.48  0.    2.48  8.  ]
    optimal input distribution [4.99999994e-01 5.63062747e-09 5.63062747e-09 4.99999994e-01]
    optimal I(X;Z) 0.41187271353576405
    took 73.3815s
stopping criterion met