X=[-3 -1  1  3], N=200, M=4, Sigma=3.0
start=-8, end=8
max_iter=10, stop_thres=0.0001
mode=3

iter 0
    given input distribution [0.21973094 0.04484305 0.28699552 0.44843049]
    optimal quantizer [-8.   -3.04 -0.32  2.56  8.  ]
    optimal input distribution [4.98553475e-01 7.14889552e-09 7.20061527e-09 5.01446509e-01]
    optimal I(X;Z) 0.4106178143947039
    took 70.4212s
iter 1
    given input distribution [4.98553475e-01 7.14889552e-09 7.20061527e-09 5.01446509e-01]
    optimal quantizer [-8.   -2.48  0.    2.48  8.  ]
    optimal input distribution [4.99999994e-01 5.63062747e-09 5.63062747e-09 4.99999994e-01]
    optimal I(X;Z) 0.41187271353576405
    took 69.9575s
iter 2
    given input distribution [4.99999994e-01 5.63062747e-09 5.63062747e-09 4.99999994e-01]
    optimal quantizer [-8.   -2.48  0.    2.48  8.  ]
    optimal input distribution [4.99999994e-01 5.63062747e-09 5.63062747e-09 4.99999994e-01]
    optimal I(X;Z) 0.41187271353576405
    took 70.1061s
stopping criterion met