X=[-3 -1  1  3], N=200, M=4, Sigma=3.0
start=-8, end=8
max_iter=10, stop_thres=0.0001
mode=3

iter 0
    given input distribution [0.1657754  0.42780749 0.35828877 0.04812834]
    optimal quantizer [-8.   -3.28 -0.32  2.64  8.  ]
    optimal input distribution [4.98759257e-01 7.29004758e-09 7.33151837e-09 5.01240727e-01]
    optimal I(X;Z) 0.4095584742588012
    took 69.1376s
iter 1
    given input distribution [4.98759257e-01 7.29004758e-09 7.33151837e-09 5.01240727e-01]
    optimal quantizer [-8.   -2.48  0.    2.48  8.  ]
    optimal input distribution [4.99999994e-01 5.63062747e-09 5.63062747e-09 4.99999994e-01]
    optimal I(X;Z) 0.41187271353576405
    took 69.3746s
iter 2
    given input distribution [4.99999994e-01 5.63062747e-09 5.63062747e-09 4.99999994e-01]
    optimal quantizer [-8.   -2.48  0.    2.48  8.  ]
    optimal input distribution [4.99999994e-01 5.63062747e-09 5.63062747e-09 4.99999994e-01]
    optimal I(X;Z) 0.41187271353576405
    took 68.7482s
stopping criterion met