X=[-3 -1  1  3], N=200, M=4, Sigma=3.0
start=-8, end=8
max_iter=10, stop_thres=0.0001
mode=3

iter 0
    given input distribution [0.38297872 0.04787234 0.09574468 0.47340426]
    optimal quantizer [-8.   -2.72 -0.08  2.56  8.  ]
    optimal input distribution [4.99558442e-01 5.88508021e-09 5.89570460e-09 5.00441545e-01]
    optimal I(X;Z) 0.41161010748506266
    took 67.9062s
iter 1
    given input distribution [4.99558442e-01 5.88508021e-09 5.89570460e-09 5.00441545e-01]
    optimal quantizer [-8.   -2.48  0.    2.48  8.  ]
    optimal input distribution [4.99999994e-01 5.63062747e-09 5.63062747e-09 4.99999994e-01]
    optimal I(X;Z) 0.41187271353576405
    took 67.9135s
iter 2
    given input distribution [4.99999994e-01 5.63062747e-09 5.63062747e-09 4.99999994e-01]
    optimal quantizer [-8.   -2.48  0.    2.48  8.  ]
    optimal input distribution [4.99999994e-01 5.63062747e-09 5.63062747e-09 4.99999994e-01]
    optimal I(X;Z) 0.41187271353576405
    took 68.5015s
stopping criterion met