X=[-3 -1  1  3], N=200, M=4, Sigma=3.0
start=-8, end=8
max_iter=10, stop_thres=0.0001
mode=3

iter 0
    given input distribution [0.36111111 0.         0.02777778 0.61111111]
    optimal quantizer [-8.   -2.72 -0.24  2.32  8.  ]
    optimal input distribution [4.98616476e-01 6.44444007e-09 6.48405061e-09 5.01383510e-01]
    optimal I(X;Z) 0.41163327089780477
    took 73.6863s
iter 1
    given input distribution [4.98616476e-01 6.44444007e-09 6.48405061e-09 5.01383510e-01]
    optimal quantizer [-8.   -2.48  0.    2.48  8.  ]
    optimal input distribution [4.99999994e-01 5.63062747e-09 5.63062747e-09 4.99999994e-01]
    optimal I(X;Z) 0.41187271353576405
    took 72.9757s
iter 2
    given input distribution [4.99999994e-01 5.63062747e-09 5.63062747e-09 4.99999994e-01]
    optimal quantizer [-8.   -2.48  0.    2.48  8.  ]
    optimal input distribution [4.99999994e-01 5.63062747e-09 5.63062747e-09 4.99999994e-01]
    optimal I(X;Z) 0.41187271353576405
    took 73.1491s
stopping criterion met