X=[-3 -1  1  3], N=200, M=4, Sigma=3.0
start=-8, end=8
max_iter=10, stop_thres=0.0001
mode=3

iter 0
    given input distribution [0.03703704 0.4382716  0.37654321 0.14814815]
    optimal quantizer [-8.   -2.48  0.48  3.36  8.  ]
    optimal input distribution [5.01980720e-01 2.13618302e-09 2.11663732e-09 4.98019276e-01]
    optimal I(X;Z) 0.4094643292285838
    took 70.4520s
iter 1
    given input distribution [5.01980720e-01 2.13618302e-09 2.11663732e-09 4.98019276e-01]
    optimal quantizer [-8.   -2.48  0.    2.48  8.  ]
    optimal input distribution [4.99999994e-01 5.63062747e-09 5.63062747e-09 4.99999994e-01]
    optimal I(X;Z) 0.41187271353576405
    took 73.0890s
iter 2
    given input distribution [4.99999994e-01 5.63062747e-09 5.63062747e-09 4.99999994e-01]
    optimal quantizer [-8.   -2.48  0.    2.48  8.  ]
    optimal input distribution [4.99999994e-01 5.63062747e-09 5.63062747e-09 4.99999994e-01]
    optimal I(X;Z) 0.41187271353576405
    took 73.2388s
stopping criterion met