X=[-3 -1  1  3], N=200, M=4, Sigma=3.0
start=-8, end=8
max_iter=10, stop_thres=0.0001
mode=3

iter 0
    given input distribution [0.41059603 0.2384106  0.1589404  0.19205298]
    optimal quantizer [-8.   -2.8   0.08  2.88  8.  ]
    optimal input distribution [5.00353185e-01 1.50603176e-09 1.50262027e-09 4.99646811e-01]
    optimal I(X;Z) 0.41069712950376425
    took 68.4377s
iter 1
    given input distribution [5.00353185e-01 1.50603176e-09 1.50262027e-09 4.99646811e-01]
    optimal quantizer [-8.   -2.48  0.    2.48  8.  ]
    optimal input distribution [4.99999994e-01 5.63062747e-09 5.63062747e-09 4.99999994e-01]
    optimal I(X;Z) 0.41187271353576405
    took 68.7255s
iter 2
    given input distribution [4.99999994e-01 5.63062747e-09 5.63062747e-09 4.99999994e-01]
    optimal quantizer [-8.   -2.48  0.    2.48  8.  ]
    optimal input distribution [4.99999994e-01 5.63062747e-09 5.63062747e-09 4.99999994e-01]
    optimal I(X;Z) 0.41187271353576405
    took 68.5000s
stopping criterion met