X=[-3 -1  1  3], N=200, M=4, Sigma=3.0
start=-8, end=8
max_iter=10, stop_thres=0.0001
mode=3

iter 0
    given input distribution [0.15486726 0.39823009 0.34955752 0.09734513]
    optimal quantizer [-8.   -3.04 -0.08  2.88  8.  ]
    optimal input distribution [4.99692876e-01 3.31863378e-09 3.32313805e-09 5.00307116e-01]
    optimal I(X;Z) 0.4098544679239171
    took 69.3515s
iter 1
    given input distribution [4.99692876e-01 3.31863378e-09 3.32313805e-09 5.00307116e-01]
    optimal quantizer [-8.   -2.48  0.    2.48  8.  ]
    optimal input distribution [4.99999994e-01 5.63062747e-09 5.63062747e-09 4.99999994e-01]
    optimal I(X;Z) 0.41187271353576405
    took 68.9250s
iter 2
    given input distribution [4.99999994e-01 5.63062747e-09 5.63062747e-09 4.99999994e-01]
    optimal quantizer [-8.   -2.48  0.    2.48  8.  ]
    optimal input distribution [4.99999994e-01 5.63062747e-09 5.63062747e-09 4.99999994e-01]
    optimal I(X;Z) 0.41187271353576405
    took 69.0228s
stopping criterion met