X=[-3 -1  1  3], N=200, M=4, Sigma=3.0
start=-8, end=8
max_iter=10, stop_thres=0.0001
mode=3

iter 0
    given input distribution [0.43718593 0.2160804  0.19095477 0.15577889]
    optimal quantizer [-8.   -2.88  0.    2.8   8.  ]
    optimal input distribution [5.00000377e-01 6.75967587e-09 6.75663277e-09 4.99999608e-01]
    optimal I(X;Z) 0.41071074236061444
    took 70.6589s
iter 1
    given input distribution [5.00000377e-01 6.75967587e-09 6.75663277e-09 4.99999608e-01]
    optimal quantizer [-8.   -2.48  0.    2.48  8.  ]
    optimal input distribution [4.99999994e-01 5.63062747e-09 5.63062747e-09 4.99999994e-01]
    optimal I(X;Z) 0.41187271353576405
    took 69.9389s
iter 2
    given input distribution [4.99999994e-01 5.63062747e-09 5.63062747e-09 4.99999994e-01]
    optimal quantizer [-8.   -2.48  0.    2.48  8.  ]
    optimal input distribution [4.99999994e-01 5.63062747e-09 5.63062747e-09 4.99999994e-01]
    optimal I(X;Z) 0.41187271353576405
    took 70.0416s
stopping criterion met