X=[-3 -1  1  3], N=200, M=4, Sigma=3.0
start=-8, end=8
max_iter=10, stop_thres=0.0001
mode=3

iter 0
    given input distribution [0.29281768 0.37569061 0.08839779 0.24309392]
    optimal quantizer [-8.   -2.72  0.24  3.04  8.  ]
    optimal input distribution [5.01036975e-01 3.84680550e-09 3.82734022e-09 4.98963017e-01]
    optimal I(X;Z) 0.4102674598625744
    took 70.6853s
iter 1
    given input distribution [5.01036975e-01 3.84680550e-09 3.82734022e-09 4.98963017e-01]
    optimal quantizer [-8.   -2.48  0.    2.48  8.  ]
    optimal input distribution [4.99999994e-01 5.63062747e-09 5.63062747e-09 4.99999994e-01]
    optimal I(X;Z) 0.41187271353576405
    took 70.9338s
iter 2
    given input distribution [4.99999994e-01 5.63062747e-09 5.63062747e-09 4.99999994e-01]
    optimal quantizer [-8.   -2.48  0.    2.48  8.  ]
    optimal input distribution [4.99999994e-01 5.63062747e-09 5.63062747e-09 4.99999994e-01]
    optimal I(X;Z) 0.41187271353576405
    took 70.8095s
stopping criterion met