X=[-3 -1  1  3], N=200, M=4, Sigma=3.0
start=-8, end=8
max_iter=10, stop_thres=0.0001
mode=3

iter 0
    given input distribution [0.43165468 0.49640288 0.07194245 0.        ]
    optimal quantizer [-8.   -3.84 -1.04  1.84  8.  ]
    optimal input distribution [4.95021778e-01 2.54109673e-09 2.60157360e-09 5.04978216e-01]
    optimal I(X;Z) 0.406964073001036
    took 68.5291s
iter 1
    given input distribution [4.95021778e-01 2.54109673e-09 2.60157360e-09 5.04978216e-01]
    optimal quantizer [-8.   -2.48  0.    2.48  8.  ]
    optimal input distribution [4.99999994e-01 5.63062747e-09 5.63062747e-09 4.99999994e-01]
    optimal I(X;Z) 0.41187271353576405
    took 68.6952s
iter 2
    given input distribution [4.99999994e-01 5.63062747e-09 5.63062747e-09 4.99999994e-01]
    optimal quantizer [-8.   -2.48  0.    2.48  8.  ]
    optimal input distribution [4.99999994e-01 5.63062747e-09 5.63062747e-09 4.99999994e-01]
    optimal I(X;Z) 0.41187271353576405
    took 68.9073s
stopping criterion met