X=[-3 -1  1  3], N=200, M=4, Sigma=3.0
start=-8, end=8
max_iter=10, stop_thres=0.0001
mode=3

iter 0
    given input distribution [0.19163763 0.33449477 0.24390244 0.22996516]
    optimal quantizer [-8.   -2.8   0.16  3.04  8.  ]
    optimal input distribution [5.00671669e-01 6.61201586e-09 6.59079738e-09 4.99328317e-01]
    optimal I(X;Z) 0.41009883519698254
    took 68.3573s
iter 1
    given input distribution [5.00671669e-01 6.61201586e-09 6.59079738e-09 4.99328317e-01]
    optimal quantizer [-8.   -2.48  0.    2.48  8.  ]
    optimal input distribution [4.99999994e-01 5.63062747e-09 5.63062747e-09 4.99999994e-01]
    optimal I(X;Z) 0.41187271353576405
    took 68.6741s
iter 2
    given input distribution [4.99999994e-01 5.63062747e-09 5.63062747e-09 4.99999994e-01]
    optimal quantizer [-8.   -2.48  0.    2.48  8.  ]
    optimal input distribution [4.99999994e-01 5.63062747e-09 5.63062747e-09 4.99999994e-01]
    optimal I(X;Z) 0.41187271353576405
    took 68.5671s
stopping criterion met