X=[-3 -1  1  3], N=200, M=4, Sigma=3.0
start=-8, end=8
max_iter=10, stop_thres=0.0001
mode=3

iter 0
    given input distribution [0.39004149 0.33609959 0.10373444 0.17012448]
    optimal quantizer [-8.   -2.8   0.16  3.04  8.  ]
    optimal input distribution [5.00671669e-01 6.61201586e-09 6.59079738e-09 4.99328317e-01]
    optimal I(X;Z) 0.41009883519698254
    took 70.5273s
iter 1
    given input distribution [5.00671669e-01 6.61201586e-09 6.59079738e-09 4.99328317e-01]
    optimal quantizer [-8.   -2.48  0.    2.48  8.  ]
    optimal input distribution [4.99999994e-01 5.63062747e-09 5.63062747e-09 4.99999994e-01]
    optimal I(X;Z) 0.41187271353576405
    took 70.0467s
iter 2
    given input distribution [4.99999994e-01 5.63062747e-09 5.63062747e-09 4.99999994e-01]
    optimal quantizer [-8.   -2.48  0.    2.48  8.  ]
    optimal input distribution [4.99999994e-01 5.63062747e-09 5.63062747e-09 4.99999994e-01]
    optimal I(X;Z) 0.41187271353576405
    took 70.2362s
stopping criterion met