X=[-3 -1  1  3], N=200, M=4, Sigma=3.0
start=-8, end=8
max_iter=10, stop_thres=0.0001
mode=3

iter 0
    given input distribution [0.35135135 0.14594595 0.14054054 0.36216216]
    optimal quantizer [-8.   -2.72  0.    2.72  8.  ]
    optimal input distribution [4.99999993e-01 5.91402745e-09 5.91402745e-09 4.99999993e-01]
    optimal I(X;Z) 0.41135028229705384
    took 70.3133s
iter 1
    given input distribution [4.99999993e-01 5.91402745e-09 5.91402745e-09 4.99999993e-01]
    optimal quantizer [-8.   -2.48  0.    2.48  8.  ]
    optimal input distribution [4.99999994e-01 5.63062747e-09 5.63062747e-09 4.99999994e-01]
    optimal I(X;Z) 0.41187271353576405
    took 70.1572s
iter 2
    given input distribution [4.99999994e-01 5.63062747e-09 5.63062747e-09 4.99999994e-01]
    optimal quantizer [-8.   -2.48  0.    2.48  8.  ]
    optimal input distribution [4.99999994e-01 5.63062747e-09 5.63062747e-09 4.99999994e-01]
    optimal I(X;Z) 0.41187271353576405
    took 70.4879s
stopping criterion met