X=[-3 -1  1  3], N=200, M=4, Sigma=3.0
start=-8, end=8
max_iter=10, stop_thres=0.0001
mode=3

iter 0
    given input distribution [0.1884058  0.38405797 0.25362319 0.17391304]
    optimal quantizer [-8.   -2.88  0.08  3.04  8.  ]
    optimal input distribution [5.00307116e-01 3.32284474e-09 3.31834022e-09 4.99692876e-01]
    optimal I(X;Z) 0.4098544679249456
    took 68.3397s
iter 1
    given input distribution [5.00307116e-01 3.32284474e-09 3.31834022e-09 4.99692876e-01]
    optimal quantizer [-8.   -2.48  0.    2.48  8.  ]
    optimal input distribution [4.99999994e-01 5.63062747e-09 5.63062747e-09 4.99999994e-01]
    optimal I(X;Z) 0.41187271353576405
    took 68.7568s
iter 2
    given input distribution [4.99999994e-01 5.63062747e-09 5.63062747e-09 4.99999994e-01]
    optimal quantizer [-8.   -2.48  0.    2.48  8.  ]
    optimal input distribution [4.99999994e-01 5.63062747e-09 5.63062747e-09 4.99999994e-01]
    optimal I(X;Z) 0.41187271353576405
    took 67.6972s
stopping criterion met