X=[-3 -1  1  3], N=200, M=4, Sigma=3.0
start=-8, end=8
max_iter=10, stop_thres=0.0001
mode=3

iter 0
    given input distribution [0.17142857 0.18571429 0.34761905 0.2952381 ]
    optimal quantizer [-8.   -2.96 -0.08  2.88  8.  ]
    optimal input distribution [4.99649622e-01 6.84693404e-09 6.85913744e-09 5.00350362e-01]
    optimal I(X;Z) 0.41015438343046284
    took 69.8047s
iter 1
    given input distribution [4.99649622e-01 6.84693404e-09 6.85913744e-09 5.00350362e-01]
    optimal quantizer [-8.   -2.48  0.    2.48  8.  ]
    optimal input distribution [4.99999994e-01 5.63062747e-09 5.63062747e-09 4.99999994e-01]
    optimal I(X;Z) 0.41187271353576405
    took 69.7956s
iter 2
    given input distribution [4.99999994e-01 5.63062747e-09 5.63062747e-09 4.99999994e-01]
    optimal quantizer [-8.   -2.48  0.    2.48  8.  ]
    optimal input distribution [4.99999994e-01 5.63062747e-09 5.63062747e-09 4.99999994e-01]
    optimal I(X;Z) 0.41187271353576405
    took 69.9395s
stopping criterion met