X=[-3 -1  1  3], N=200, M=4, Sigma=3.0
start=-8, end=8
max_iter=10, stop_thres=0.0001
mode=3

iter 0
    given input distribution [0.43925234 0.1588785  0.1588785  0.24299065]
    optimal quantizer [-8.   -2.72  0.08  2.8   8.  ]
    optimal input distribution [5.00357825e-01 5.93638600e-09 5.92600828e-09 4.99642162e-01]
    optimal I(X;Z) 0.4111412981139104
    took 70.5331s
iter 1
    given input distribution [5.00357825e-01 5.93638600e-09 5.92600828e-09 4.99642162e-01]
    optimal quantizer [-8.   -2.48  0.    2.48  8.  ]
    optimal input distribution [4.99999994e-01 5.63062747e-09 5.63062747e-09 4.99999994e-01]
    optimal I(X;Z) 0.41187271353576405
    took 69.9478s
iter 2
    given input distribution [4.99999994e-01 5.63062747e-09 5.63062747e-09 4.99999994e-01]
    optimal quantizer [-8.   -2.48  0.    2.48  8.  ]
    optimal input distribution [4.99999994e-01 5.63062747e-09 5.63062747e-09 4.99999994e-01]
    optimal I(X;Z) 0.41187271353576405
    took 70.0340s
stopping criterion met