X=[-3 -1  1  3], N=200, M=4, Sigma=3.0
start=-8, end=8
max_iter=10, stop_thres=0.0001
mode=3

iter 0
    given input distribution [0.37596899 0.1124031  0.3372093  0.1744186 ]
    optimal quantizer [-8.   -3.04 -0.24  2.64  8.  ]
    optimal input distribution [4.98939866e-01 6.55546222e-09 6.58842324e-09 5.01060119e-01]
    optimal I(X;Z) 0.4105367020819921
    took 67.9147s
iter 1
    given input distribution [4.98939866e-01 6.55546222e-09 6.58842324e-09 5.01060119e-01]
    optimal quantizer [-8.   -2.48  0.    2.48  8.  ]
    optimal input distribution [4.99999994e-01 5.63062747e-09 5.63062747e-09 4.99999994e-01]
    optimal I(X;Z) 0.41187271353576405
    took 68.1320s
iter 2
    given input distribution [4.99999994e-01 5.63062747e-09 5.63062747e-09 4.99999994e-01]
    optimal quantizer [-8.   -2.48  0.    2.48  8.  ]
    optimal input distribution [4.99999994e-01 5.63062747e-09 5.63062747e-09 4.99999994e-01]
    optimal I(X;Z) 0.41187271353576405
    took 68.0029s
stopping criterion met