X=[-3 -1  1  3], N=200, M=4, Sigma=3.0
start=-8, end=8
max_iter=10, stop_thres=0.0001
mode=3

iter 0
    given input distribution [0.27439024 0.40853659 0.25609756 0.06097561]
    optimal quantizer [-8.   -3.2  -0.24  2.72  8.  ]
    optimal input distribution [4.99073752e-01 2.82068609e-09 2.83276912e-09 5.00926241e-01]
    optimal I(X;Z) 0.4096968842801214
    took 67.8051s
iter 1
    given input distribution [4.99073752e-01 2.82068609e-09 2.83276912e-09 5.00926241e-01]
    optimal quantizer [-8.   -2.48  0.    2.48  8.  ]
    optimal input distribution [4.99999994e-01 5.63062747e-09 5.63062747e-09 4.99999994e-01]
    optimal I(X;Z) 0.41187271353576405
    took 67.5466s
iter 2
    given input distribution [4.99999994e-01 5.63062747e-09 5.63062747e-09 4.99999994e-01]
    optimal quantizer [-8.   -2.48  0.    2.48  8.  ]
    optimal input distribution [4.99999994e-01 5.63062747e-09 5.63062747e-09 4.99999994e-01]
    optimal I(X;Z) 0.41187271353576405
    took 68.2695s
stopping criterion met