X=[-3 -1  1  3], N=200, M=4, Sigma=3.0
start=-8, end=8
max_iter=10, stop_thres=0.0001
mode=3

iter 0
    given input distribution [0.09550562 0.4494382  0.15168539 0.30337079]
    optimal quantizer [-8.   -2.48  0.48  3.28  8.  ]
    optimal input distribution [5.02054234e-01 4.99295596e-09 4.94137632e-09 4.97945755e-01]
    optimal I(X;Z) 0.40973497214483556
    took 67.9772s
iter 1
    given input distribution [5.02054234e-01 4.99295596e-09 4.94137632e-09 4.97945755e-01]
    optimal quantizer [-8.   -2.48  0.    2.48  8.  ]
    optimal input distribution [4.99999994e-01 5.63062747e-09 5.63062747e-09 4.99999994e-01]
    optimal I(X;Z) 0.41187271353576405
    took 67.9304s
iter 2
    given input distribution [4.99999994e-01 5.63062747e-09 5.63062747e-09 4.99999994e-01]
    optimal quantizer [-8.   -2.48  0.    2.48  8.  ]
    optimal input distribution [4.99999994e-01 5.63062747e-09 5.63062747e-09 4.99999994e-01]
    optimal I(X;Z) 0.41187271353576405
    took 67.7060s
stopping criterion met