X=[-3 -1  1  3], N=200, M=4, Sigma=3.0
start=-8, end=8
max_iter=10, stop_thres=0.0001
mode=3

iter 0
    given input distribution [0.43171806 0.40969163 0.07929515 0.07929515]
    optimal quantizer [-8.   -3.04  0.    2.96  8.  ]
    optimal input distribution [5.00056502e-01 6.03024748e-09 6.02649161e-09 4.99943485e-01]
    optimal I(X;Z) 0.4095336652808719
    took 68.1360s
iter 1
    given input distribution [5.00056502e-01 6.03024748e-09 6.02649161e-09 4.99943485e-01]
    optimal quantizer [-8.   -2.48  0.    2.48  8.  ]
    optimal input distribution [4.99999994e-01 5.63062747e-09 5.63062747e-09 4.99999994e-01]
    optimal I(X;Z) 0.41187271353576405
    took 68.0730s
iter 2
    given input distribution [4.99999994e-01 5.63062747e-09 5.63062747e-09 4.99999994e-01]
    optimal quantizer [-8.   -2.48  0.    2.48  8.  ]
    optimal input distribution [4.99999994e-01 5.63062747e-09 5.63062747e-09 4.99999994e-01]
    optimal I(X;Z) 0.41187271353576405
    took 68.1640s
stopping criterion met