X=[-3 -1  1  3], N=200, M=4, Sigma=3.0
start=-8, end=8
max_iter=10, stop_thres=0.0001
mode=3

iter 0
    given input distribution [0.0130719  0.33986928 0.21568627 0.43137255]
    optimal quantizer [-8.   -2.16  0.64  3.36  8.  ]
    optimal input distribution [5.03144183e-01 1.94208728e-09 1.91076631e-09 4.96855813e-01]
    optimal I(X;Z) 0.40969569025349695
    took 72.8212s
iter 1
    given input distribution [5.03144183e-01 1.94208728e-09 1.91076631e-09 4.96855813e-01]
    optimal quantizer [-8.   -2.48  0.    2.48  8.  ]
    optimal input distribution [4.99999994e-01 5.63062747e-09 5.63062747e-09 4.99999994e-01]
    optimal I(X;Z) 0.41187271353576405
    took 74.0721s
iter 2
    given input distribution [4.99999994e-01 5.63062747e-09 5.63062747e-09 4.99999994e-01]
    optimal quantizer [-8.   -2.48  0.    2.48  8.  ]
    optimal input distribution [4.99999994e-01 5.63062747e-09 5.63062747e-09 4.99999994e-01]
    optimal I(X;Z) 0.41187271353576405
    took 78.1308s
stopping criterion met