X=[-3 -1  1  3], N=200, M=4, Sigma=3.0
start=-8, end=8
max_iter=10, stop_thres=0.0001
mode=3

iter 0
    given input distribution [0.1547619  0.28968254 0.34920635 0.20634921]
    optimal quantizer [-8.   -2.96  0.    2.96  8.  ]
    optimal input distribution [5.00000000e-01 4.57233871e-10 4.57233871e-10 4.99999999e-01]
    optimal I(X;Z) 0.4098741223395548
    took 69.5788s
iter 1
    given input distribution [5.00000000e-01 4.57233871e-10 4.57233871e-10 4.99999999e-01]
    optimal quantizer [-8.   -2.48  0.    2.48  8.  ]
    optimal input distribution [4.99999994e-01 5.63062747e-09 5.63062747e-09 4.99999994e-01]
    optimal I(X;Z) 0.41187271353576405
    took 69.1674s
iter 2
    given input distribution [4.99999994e-01 5.63062747e-09 5.63062747e-09 4.99999994e-01]
    optimal quantizer [-8.   -2.48  0.    2.48  8.  ]
    optimal input distribution [4.99999994e-01 5.63062747e-09 5.63062747e-09 4.99999994e-01]
    optimal I(X;Z) 0.41187271353576405
    took 71.0693s
stopping criterion met