X=[-3 -1  1  3], N=200, M=4, Sigma=3.0
start=-8, end=8
max_iter=10, stop_thres=0.0001
mode=3

iter 0
    given input distribution [0.0295203  0.28782288 0.35793358 0.32472325]
    optimal quantizer [-8.   -2.4   0.48  3.36  8.  ]
    optimal input distribution [5.02070316e-01 4.37672762e-09 4.33402331e-09 4.97929674e-01]
    optimal I(X;Z) 0.4096895113628769
    took 71.9786s
iter 1
    given input distribution [5.02070316e-01 4.37672762e-09 4.33402331e-09 4.97929674e-01]
    optimal quantizer [-8.   -2.48  0.    2.48  8.  ]
    optimal input distribution [4.99999994e-01 5.63062747e-09 5.63062747e-09 4.99999994e-01]
    optimal I(X;Z) 0.41187271353576405
    took 70.4898s
iter 2
    given input distribution [4.99999994e-01 5.63062747e-09 5.63062747e-09 4.99999994e-01]
    optimal quantizer [-8.   -2.48  0.    2.48  8.  ]
    optimal input distribution [4.99999994e-01 5.63062747e-09 5.63062747e-09 4.99999994e-01]
    optimal I(X;Z) 0.41187271353576405
    took 70.6940s
stopping criterion met