X=[-3 -1  1  3], N=200, M=4, Sigma=3.0
start=-8, end=8
max_iter=10, stop_thres=0.0001
mode=3

iter 0
    given input distribution [0.14285714 0.41474654 0.05529954 0.38709677]
    optimal quantizer [-8.   -2.48  0.4   3.12  8.  ]
    optimal input distribution [5.01818634e-01 4.52211432e-09 4.48221480e-09 4.98181356e-01]
    optimal I(X;Z) 0.4104299548134178
    took 71.3494s
iter 1
    given input distribution [5.01818634e-01 4.52211432e-09 4.48221480e-09 4.98181356e-01]
    optimal quantizer [-8.   -2.48  0.    2.48  8.  ]
    optimal input distribution [4.99999994e-01 5.63062747e-09 5.63062747e-09 4.99999994e-01]
    optimal I(X;Z) 0.41187271353576405
    took 72.8873s
iter 2
    given input distribution [4.99999994e-01 5.63062747e-09 5.63062747e-09 4.99999994e-01]
    optimal quantizer [-8.   -2.48  0.    2.48  8.  ]
    optimal input distribution [4.99999994e-01 5.63062747e-09 5.63062747e-09 4.99999994e-01]
    optimal I(X;Z) 0.41187271353576405
    took 70.8931s
stopping criterion met