X=[-3 -1  1  3], N=200, M=4, Sigma=3.0
start=-8, end=8
max_iter=10, stop_thres=0.0001
mode=3

iter 0
    given input distribution [0.07446809 0.37765957 0.42553191 0.12234043]
    optimal quantizer [-8.   -2.88  0.16  3.12  8.  ]
    optimal input distribution [5.00641128e-01 1.57836267e-09 1.57337626e-09 4.99358868e-01]
    optimal I(X;Z) 0.4094646775750057
    took 67.6735s
iter 1
    given input distribution [5.00641128e-01 1.57836267e-09 1.57337626e-09 4.99358868e-01]
    optimal quantizer [-8.   -2.48  0.    2.48  8.  ]
    optimal input distribution [4.99999994e-01 5.63062747e-09 5.63062747e-09 4.99999994e-01]
    optimal I(X;Z) 0.41187271353576405
    took 67.9313s
iter 2
    given input distribution [4.99999994e-01 5.63062747e-09 5.63062747e-09 4.99999994e-01]
    optimal quantizer [-8.   -2.48  0.    2.48  8.  ]
    optimal input distribution [4.99999994e-01 5.63062747e-09 5.63062747e-09 4.99999994e-01]
    optimal I(X;Z) 0.41187271353576405
    took 66.9664s
stopping criterion met