X=[-3 -1  1  3], N=200, M=4, Sigma=3.0
start=-8, end=8
max_iter=10, stop_thres=0.0001
mode=3

iter 0
    given input distribution [0.3776824  0.27467811 0.21459227 0.13304721]
    optimal quantizer [-8.   -2.96 -0.08  2.8   8.  ]
    optimal input distribution [4.99662660e-01 6.26890652e-09 6.27822629e-09 5.00337326e-01]
    optimal I(X;Z) 0.41044256026800996
    took 69.5943s
iter 1
    given input distribution [4.99662660e-01 6.26890652e-09 6.27822629e-09 5.00337326e-01]
    optimal quantizer [-8.   -2.48  0.    2.48  8.  ]
    optimal input distribution [4.99999994e-01 5.63062747e-09 5.63062747e-09 4.99999994e-01]
    optimal I(X;Z) 0.41187271353576405
    took 69.9633s
iter 2
    given input distribution [4.99999994e-01 5.63062747e-09 5.63062747e-09 4.99999994e-01]
    optimal quantizer [-8.   -2.48  0.    2.48  8.  ]
    optimal input distribution [4.99999994e-01 5.63062747e-09 5.63062747e-09 4.99999994e-01]
    optimal I(X;Z) 0.41187271353576405
    took 70.0447s
stopping criterion met