X=[-3 -1  1  3], N=200, M=4, Sigma=3.0
start=-8, end=8
max_iter=10, stop_thres=0.0001
mode=3

iter 0
    given input distribution [0.18614719 0.2987013  0.17748918 0.33766234]
    optimal quantizer [-8.   -2.72  0.16  2.96  8.  ]
    optimal input distribution [5.00706082e-01 4.50507842e-10 4.48521323e-10 4.99293917e-01]
    optimal I(X;Z) 0.41063913916324535
    took 68.6635s
iter 1
    given input distribution [5.00706082e-01 4.50507842e-10 4.48521323e-10 4.99293917e-01]
    optimal quantizer [-8.   -2.48  0.    2.48  8.  ]
    optimal input distribution [4.99999994e-01 5.63062747e-09 5.63062747e-09 4.99999994e-01]
    optimal I(X;Z) 0.41187271353576405
    took 68.2308s
iter 2
    given input distribution [4.99999994e-01 5.63062747e-09 5.63062747e-09 4.99999994e-01]
    optimal quantizer [-8.   -2.48  0.    2.48  8.  ]
    optimal input distribution [4.99999994e-01 5.63062747e-09 5.63062747e-09 4.99999994e-01]
    optimal I(X;Z) 0.41187271353576405
    took 68.4464s
stopping criterion met