X=[-3 -1  1  3], N=200, M=4, Sigma=3.0
start=-8, end=8
max_iter=10, stop_thres=0.0001
mode=3

iter 0
    given input distribution [0.37089202 0.10328638 0.16901408 0.35680751]
    optimal quantizer [-8.   -2.8  -0.08  2.64  8.  ]
    optimal input distribution [4.99595372e-01 5.91107334e-09 5.92071265e-09 5.00404615e-01]
    optimal I(X;Z) 0.4113253264418055
    took 69.7151s
iter 1
    given input distribution [4.99595372e-01 5.91107334e-09 5.92071265e-09 5.00404615e-01]
    optimal quantizer [-8.   -2.48  0.    2.48  8.  ]
    optimal input distribution [4.99999994e-01 5.63062747e-09 5.63062747e-09 4.99999994e-01]
    optimal I(X;Z) 0.41187271353576405
    took 69.2739s
iter 2
    given input distribution [4.99999994e-01 5.63062747e-09 5.63062747e-09 4.99999994e-01]
    optimal quantizer [-8.   -2.48  0.    2.48  8.  ]
    optimal input distribution [4.99999994e-01 5.63062747e-09 5.63062747e-09 4.99999994e-01]
    optimal I(X;Z) 0.41187271353576405
    took 69.2607s
stopping criterion met