X=[-3 -1  1  3], N=200, M=4, Sigma=3.0
start=-8, end=8
max_iter=10, stop_thres=0.0001
mode=3

iter 0
    given input distribution [0.08737864 0.26213592 0.29126214 0.3592233 ]
    optimal quantizer [-8.   -2.72  0.24  3.12  8.  ]
    optimal input distribution [5.00994038e-01 1.72487961e-09 1.71640033e-09 4.99005959e-01]
    optimal I(X;Z) 0.4100023020534982
    took 69.7846s
iter 1
    given input distribution [5.00994038e-01 1.72487961e-09 1.71640033e-09 4.99005959e-01]
    optimal quantizer [-8.   -2.48  0.    2.48  8.  ]
    optimal input distribution [4.99999994e-01 5.63062747e-09 5.63062747e-09 4.99999994e-01]
    optimal I(X;Z) 0.41187271353576405
    took 68.7909s
iter 2
    given input distribution [4.99999994e-01 5.63062747e-09 5.63062747e-09 4.99999994e-01]
    optimal quantizer [-8.   -2.48  0.    2.48  8.  ]
    optimal input distribution [4.99999994e-01 5.63062747e-09 5.63062747e-09 4.99999994e-01]
    optimal I(X;Z) 0.41187271353576405
    took 69.2099s
stopping criterion met