X=[-3 -1  1  3], N=200, M=4, Sigma=3.0
start=-8, end=8
max_iter=10, stop_thres=0.0001
mode=3

iter 0
    given input distribution [0.03669725 0.3853211  0.20642202 0.37155963]
    optimal quantizer [-8.   -2.32  0.56  3.36  8.  ]
    optimal input distribution [5.02516689e-01 4.11928820e-09 4.07026425e-09 4.97483302e-01]
    optimal I(X;Z) 0.40967677821024084
    took 68.3746s
iter 1
    given input distribution [5.02516689e-01 4.11928820e-09 4.07026425e-09 4.97483302e-01]
    optimal quantizer [-8.   -2.48  0.    2.48  8.  ]
    optimal input distribution [4.99999994e-01 5.63062747e-09 5.63062747e-09 4.99999994e-01]
    optimal I(X;Z) 0.41187271353576405
    took 69.0199s
iter 2
    given input distribution [4.99999994e-01 5.63062747e-09 5.63062747e-09 4.99999994e-01]
    optimal quantizer [-8.   -2.48  0.    2.48  8.  ]
    optimal input distribution [4.99999994e-01 5.63062747e-09 5.63062747e-09 4.99999994e-01]
    optimal I(X;Z) 0.41187271353576405
    took 69.1277s
stopping criterion met