X=[-3 -1  1  3], N=200, M=4, Sigma=3.0
start=-8, end=8
max_iter=10, stop_thres=0.0001
mode=3

iter 0
    given input distribution [0.30827068 0.19924812 0.19548872 0.29699248]
    optimal quantizer [-8.  -2.8  0.   2.8  8. ]
    optimal input distribution [4.99999999e-01 5.64797916e-10 5.64797916e-10 4.99999999e-01]
    optimal I(X;Z) 0.4109575955971274
    took 72.3206s
iter 1
    given input distribution [4.99999999e-01 5.64797916e-10 5.64797916e-10 4.99999999e-01]
    optimal quantizer [-8.   -2.48  0.    2.48  8.  ]
    optimal input distribution [4.99999994e-01 5.63062747e-09 5.63062747e-09 4.99999994e-01]
    optimal I(X;Z) 0.41187271353576405
    took 71.6557s
iter 2
    given input distribution [4.99999994e-01 5.63062747e-09 5.63062747e-09 4.99999994e-01]
    optimal quantizer [-8.   -2.48  0.    2.48  8.  ]
    optimal input distribution [4.99999994e-01 5.63062747e-09 5.63062747e-09 4.99999994e-01]
    optimal I(X;Z) 0.41187271353576405
    took 71.9386s
stopping criterion met