X=[-3 -1  1  3], N=200, M=4, Sigma=3.0
start=-8, end=8
max_iter=10, stop_thres=0.0001
mode=3

iter 0
    given input distribution [0.552 0.072 0.    0.376]
    optimal quantizer [-8.   -2.32  0.24  2.72  8.  ]
    optimal input distribution [5.01383510e-01 6.48379118e-09 6.44418013e-09 4.98616476e-01]
    optimal I(X;Z) 0.4116332708984425
    took 73.5774s
iter 1
    given input distribution [5.01383510e-01 6.48379118e-09 6.44418013e-09 4.98616476e-01]
    optimal quantizer [-8.   -2.48  0.    2.48  8.  ]
    optimal input distribution [4.99999994e-01 5.63062747e-09 5.63062747e-09 4.99999994e-01]
    optimal I(X;Z) 0.41187271353576405
    took 72.2227s
iter 2
    given input distribution [4.99999994e-01 5.63062747e-09 5.63062747e-09 4.99999994e-01]
    optimal quantizer [-8.   -2.48  0.    2.48  8.  ]
    optimal input distribution [4.99999994e-01 5.63062747e-09 5.63062747e-09 4.99999994e-01]
    optimal I(X;Z) 0.41187271353576405
    took 72.3071s
stopping criterion met