X=[-3 -1  1  3], N=200, M=4, Sigma=3.0
start=-8, end=8
max_iter=10, stop_thres=0.0001
mode=3

iter 0
    given input distribution [0.22222222 0.03174603 0.22222222 0.52380952]
    optimal quantizer [-8.   -3.04 -0.32  2.48  8.  ]
    optimal input distribution [4.98476853e-01 3.59037961e-09 3.61764185e-09 5.01523139e-01]
    optimal I(X;Z) 0.41081492817481635
    took 71.1997s
iter 1
    given input distribution [4.98476853e-01 3.59037961e-09 3.61764185e-09 5.01523139e-01]
    optimal quantizer [-8.   -2.48  0.    2.48  8.  ]
    optimal input distribution [4.99999994e-01 5.63062747e-09 5.63062747e-09 4.99999994e-01]
    optimal I(X;Z) 0.41187271353576405
    took 70.8045s
iter 2
    given input distribution [4.99999994e-01 5.63062747e-09 5.63062747e-09 4.99999994e-01]
    optimal quantizer [-8.   -2.48  0.    2.48  8.  ]
    optimal input distribution [4.99999994e-01 5.63062747e-09 5.63062747e-09 4.99999994e-01]
    optimal I(X;Z) 0.41187271353576405
    took 70.8813s
stopping criterion met