X=[-3 -1  1  3], N=200, M=4, Sigma=3.0
start=-8, end=8
max_iter=10, stop_thres=0.0001
mode=3

iter 0
    given input distribution [0.28389831 0.36440678 0.34322034 0.00847458]
    optimal quantizer [-8.   -3.52 -0.72  2.16  8.  ]
    optimal input distribution [4.96711222e-01 2.84045323e-09 2.88812060e-09 5.03288772e-01]
    optimal I(X;Z) 0.4089692060706156
    took 70.9570s
iter 1
    given input distribution [4.96711222e-01 2.84045323e-09 2.88812060e-09 5.03288772e-01]
    optimal quantizer [-8.   -2.48  0.    2.48  8.  ]
    optimal input distribution [4.99999994e-01 5.63062747e-09 5.63062747e-09 4.99999994e-01]
    optimal I(X;Z) 0.41187271353576405
    took 70.6408s
iter 2
    given input distribution [4.99999994e-01 5.63062747e-09 5.63062747e-09 4.99999994e-01]
    optimal quantizer [-8.   -2.48  0.    2.48  8.  ]
    optimal input distribution [4.99999994e-01 5.63062747e-09 5.63062747e-09 4.99999994e-01]
    optimal I(X;Z) 0.41187271353576405
    took 69.9378s
stopping criterion met