X=[-3 -1  1  3], N=200, M=4, Sigma=3.0
start=-8, end=8
max_iter=10, stop_thres=0.0001
mode=3

iter 0
    given input distribution [0.14574899 0.40080972 0.34412955 0.10931174]
    optimal quantizer [-8.   -3.04 -0.08  2.96  8.  ]
    optimal input distribution [4.99651024e-01 6.00653506e-09 6.01757007e-09 5.00348963e-01]
    optimal I(X;Z) 0.40951800020770013
    took 68.7917s
iter 1
    given input distribution [4.99651024e-01 6.00653506e-09 6.01757007e-09 5.00348963e-01]
    optimal quantizer [-8.   -2.48  0.    2.48  8.  ]
    optimal input distribution [4.99999994e-01 5.63062747e-09 5.63062747e-09 4.99999994e-01]
    optimal I(X;Z) 0.41187271353576405
    took 68.7095s
iter 2
    given input distribution [4.99999994e-01 5.63062747e-09 5.63062747e-09 4.99999994e-01]
    optimal quantizer [-8.   -2.48  0.    2.48  8.  ]
    optimal input distribution [4.99999994e-01 5.63062747e-09 5.63062747e-09 4.99999994e-01]
    optimal I(X;Z) 0.41187271353576405
    took 68.5302s
stopping criterion met