X=[-3 -1  1  3], N=200, M=4, Sigma=3.0
start=-8, end=8
max_iter=10, stop_thres=0.0001
mode=3

iter 0
    given input distribution [0.18367347 0.30612245 0.44897959 0.06122449]
    optimal quantizer [-8.   -3.28 -0.4   2.56  8.  ]
    optimal input distribution [4.98352739e-01 4.10128478e-09 4.13356267e-09 5.01647252e-01]
    optimal I(X;Z) 0.4096854146311901
    took 72.2423s
iter 1
    given input distribution [4.98352739e-01 4.10128478e-09 4.13356267e-09 5.01647252e-01]
    optimal quantizer [-8.   -2.48  0.    2.48  8.  ]
    optimal input distribution [4.99999994e-01 5.63062747e-09 5.63062747e-09 4.99999994e-01]
    optimal I(X;Z) 0.41187271353576405
    took 73.7845s
iter 2
    given input distribution [4.99999994e-01 5.63062747e-09 5.63062747e-09 4.99999994e-01]
    optimal quantizer [-8.   -2.48  0.    2.48  8.  ]
    optimal input distribution [4.99999994e-01 5.63062747e-09 5.63062747e-09 4.99999994e-01]
    optimal I(X;Z) 0.41187271353576405
    took 73.5369s
stopping criterion met