X=[-3 -1  1  3], N=200, M=4, Sigma=3.0
start=-8, end=8
max_iter=10, stop_thres=0.0001
mode=3

iter 0
    given input distribution [0.12418301 0.09150327 0.18954248 0.59477124]
    optimal quantizer [-8.   -2.96 -0.16  2.72  8.  ]
    optimal input distribution [4.99293917e-01 4.62803574e-10 4.64740490e-10 5.00706082e-01]
    optimal I(X;Z) 0.4106391391063622
    took 67.7277s
iter 1
    given input distribution [4.99293917e-01 4.62803574e-10 4.64740490e-10 5.00706082e-01]
    optimal quantizer [-8.   -2.48  0.    2.48  8.  ]
    optimal input distribution [4.99999994e-01 5.63062747e-09 5.63062747e-09 4.99999994e-01]
    optimal I(X;Z) 0.41187271353576405
    took 68.3153s
iter 2
    given input distribution [4.99999994e-01 5.63062747e-09 5.63062747e-09 4.99999994e-01]
    optimal quantizer [-8.   -2.48  0.    2.48  8.  ]
    optimal input distribution [4.99999994e-01 5.63062747e-09 5.63062747e-09 4.99999994e-01]
    optimal I(X;Z) 0.41187271353576405
    took 68.3204s
stopping criterion met