X=[-3 -1  1  3], N=200, M=4, Sigma=3.0
start=-8, end=8
max_iter=10, stop_thres=0.0001
mode=3

iter 0
    given input distribution [0.56875 0.05625 0.1375  0.2375 ]
    optimal quantizer [-8.   -2.56  0.16  2.8   8.  ]
    optimal input distribution [5.00786331e-01 4.02353463e-09 4.00848718e-09 4.99213660e-01]
    optimal I(X;Z) 0.4114184402072907
    took 69.1267s
iter 1
    given input distribution [5.00786331e-01 4.02353463e-09 4.00848718e-09 4.99213660e-01]
    optimal quantizer [-8.   -2.48  0.    2.48  8.  ]
    optimal input distribution [4.99999994e-01 5.63062747e-09 5.63062747e-09 4.99999994e-01]
    optimal I(X;Z) 0.41187271353576405
    took 69.3843s
iter 2
    given input distribution [4.99999994e-01 5.63062747e-09 5.63062747e-09 4.99999994e-01]
    optimal quantizer [-8.   -2.48  0.    2.48  8.  ]
    optimal input distribution [4.99999994e-01 5.63062747e-09 5.63062747e-09 4.99999994e-01]
    optimal I(X;Z) 0.41187271353576405
    took 68.9861s
stopping criterion met