X=[-3 -1  1  3], N=200, M=4, Sigma=3.0
start=-8, end=8
max_iter=10, stop_thres=0.0001
mode=3

iter 0
    given input distribution [0.28292683 0.37560976 0.27804878 0.06341463]
    optimal quantizer [-8.   -3.2  -0.32  2.64  8.  ]
    optimal input distribution [4.98681192e-01 2.82128422e-09 2.83932288e-09 5.01318802e-01]
    optimal I(X;Z) 0.40986459649543194
    took 68.4232s
iter 1
    given input distribution [4.98681192e-01 2.82128422e-09 2.83932288e-09 5.01318802e-01]
    optimal quantizer [-8.   -2.48  0.    2.48  8.  ]
    optimal input distribution [4.99999994e-01 5.63062747e-09 5.63062747e-09 4.99999994e-01]
    optimal I(X;Z) 0.41187271353576405
    took 68.6949s
iter 2
    given input distribution [4.99999994e-01 5.63062747e-09 5.63062747e-09 4.99999994e-01]
    optimal quantizer [-8.   -2.48  0.    2.48  8.  ]
    optimal input distribution [4.99999994e-01 5.63062747e-09 5.63062747e-09 4.99999994e-01]
    optimal I(X;Z) 0.41187271353576405
    took 68.5373s
stopping criterion met