X=[-3 -1  1  3], N=200, M=4, Sigma=3.0
start=-8, end=8
max_iter=10, stop_thres=0.0001
mode=3

iter 0
    given input distribution [0.11612903 0.21290323 0.58064516 0.09032258]
    optimal quantizer [-8.   -3.36 -0.4   2.64  8.  ]
    optimal input distribution [4.98472272e-01 4.02012947e-09 4.04914528e-09 5.01527719e-01]
    optimal I(X;Z) 0.4090776234218947
    took 68.3991s
iter 1
    given input distribution [4.98472272e-01 4.02012947e-09 4.04914528e-09 5.01527719e-01]
    optimal quantizer [-8.   -2.48  0.    2.48  8.  ]
    optimal input distribution [4.99999994e-01 5.63062747e-09 5.63062747e-09 4.99999994e-01]
    optimal I(X;Z) 0.41187271353576405
    took 67.9586s
iter 2
    given input distribution [4.99999994e-01 5.63062747e-09 5.63062747e-09 4.99999994e-01]
    optimal quantizer [-8.   -2.48  0.    2.48  8.  ]
    optimal input distribution [4.99999994e-01 5.63062747e-09 5.63062747e-09 4.99999994e-01]
    optimal I(X;Z) 0.41187271353576405
    took 68.8415s
stopping criterion met