X=[-3 -1  1  3], N=200, M=4, Sigma=3.0
start=-8, end=8
max_iter=10, stop_thres=0.0001
mode=3

iter 0
    given input distribution [0.29850746 0.06716418 0.00746269 0.62686567]
    optimal quantizer [-8.   -2.8  -0.24  2.32  8.  ]
    optimal input distribution [4.98552056e-01 6.48843701e-09 6.52898525e-09 5.01447929e-01]
    optimal I(X;Z) 0.4115522173147159
    took 67.4625s
iter 1
    given input distribution [4.98552056e-01 6.48843701e-09 6.52898525e-09 5.01447929e-01]
    optimal quantizer [-8.   -2.48  0.    2.48  8.  ]
    optimal input distribution [4.99999994e-01 5.63062747e-09 5.63062747e-09 4.99999994e-01]
    optimal I(X;Z) 0.41187271353576405
    took 67.4339s
iter 2
    given input distribution [4.99999994e-01 5.63062747e-09 5.63062747e-09 4.99999994e-01]
    optimal quantizer [-8.   -2.48  0.    2.48  8.  ]
    optimal input distribution [4.99999994e-01 5.63062747e-09 5.63062747e-09 4.99999994e-01]
    optimal I(X;Z) 0.41187271353576405
    took 67.6918s
stopping criterion met