X=[-3  0  3], N=200, M=3, Sigma=3.0
start=-8, end=8
max_iter=10, stop_thres=0.0001
mode=3

iter 0
    given input distribution [0.51785714 0.25595238 0.22619048]
    optimal quantizer [-8.   -1.68  1.84  8.  ]
    optimal input distribution [5.00716045e-01 4.73782440e-09 4.99283949e-01]
    optimal I(X;Z) 0.3903976930149131
    took 35.6581s
iter 1
    given input distribution [5.00716045e-01 4.73782440e-09 4.99283949e-01]
    optimal quantizer [-8.   -1.52  1.6   8.  ]
    optimal input distribution [5.00464395e-01 4.60986952e-09 4.99535599e-01]
    optimal I(X;Z) 0.3913215173653588
    took 35.9926s
iter 2
    given input distribution [5.00464395e-01 4.60986952e-09 4.99535599e-01]
    optimal quantizer [-8.   -1.52  1.6   8.  ]
    optimal input distribution [5.00464395e-01 4.60986952e-09 4.99535599e-01]
    optimal I(X;Z) 0.3913215173653588
    took 36.0191s
stopping criterion met