X=[-3  0  3], N=200, M=3, Sigma=3.0
start=-8, end=8
max_iter=10, stop_thres=0.0001
mode=3

iter 0
    given input distribution [0.43809524 0.13333333 0.42857143]
    optimal quantizer [-8.   -1.68  1.68  8.  ]
    optimal input distribution [4.99999997e-01 4.67684749e-09 4.99999997e-01]
    optimal I(X;Z) 0.39103645383279595
    took 36.5840s
iter 1
    given input distribution [4.99999997e-01 4.67684749e-09 4.99999997e-01]
    optimal quantizer [-8.   -1.52  1.6   8.  ]
    optimal input distribution [5.00464395e-01 4.60986952e-09 4.99535599e-01]
    optimal I(X;Z) 0.3913215173653588
    took 37.1775s
iter 2
    given input distribution [5.00464395e-01 4.60986952e-09 4.99535599e-01]
    optimal quantizer [-8.   -1.52  1.6   8.  ]
    optimal input distribution [5.00464395e-01 4.60986952e-09 4.99535599e-01]
    optimal I(X;Z) 0.3913215173653588
    took 37.0862s
stopping criterion met