X=[-3  0  3], N=200, M=3, Sigma=3.0
start=-8, end=8
max_iter=10, stop_thres=0.0001
mode=3

iter 0
    given input distribution [0.11111111 0.77777778 0.11111111]
    optimal quantizer [-8.   -2.16  2.08  8.  ]
    optimal input distribution [4.99850331e-01 5.06993131e-09 5.00149663e-01]
    optimal I(X;Z) 0.3838719733927305
    took 37.2723s
iter 1
    given input distribution [4.99850331e-01 5.06993131e-09 5.00149663e-01]
    optimal quantizer [-8.   -1.6   1.52  8.  ]
    optimal input distribution [4.99535599e-01 4.61012840e-09 5.00464395e-01]
    optimal I(X;Z) 0.3913215173654059
    took 36.4800s
iter 2
    given input distribution [4.99535599e-01 4.61012840e-09 5.00464395e-01]
    optimal quantizer [-8.   -1.6   1.52  8.  ]
    optimal input distribution [4.99535599e-01 4.61012840e-09 5.00464395e-01]
    optimal I(X;Z) 0.3913215173654059
    took 36.9859s
stopping criterion met