X=[-3  0  3], N=200, M=3, Sigma=3.0
start=-8, end=8
max_iter=10, stop_thres=0.0001
mode=3

iter 0
    given input distribution [0.15044248 0.76106195 0.08849558]
    optimal quantizer [-8.   -2.4   1.76  8.  ]
    optimal input distribution [4.98571152e-01 5.04186291e-09 5.01428842e-01]
    optimal I(X;Z) 0.38449608765137677
    took 36.7241s
iter 1
    given input distribution [4.98571152e-01 5.04186291e-09 5.01428842e-01]
    optimal quantizer [-8.   -1.6   1.52  8.  ]
    optimal input distribution [4.99535599e-01 4.61012840e-09 5.00464395e-01]
    optimal I(X;Z) 0.3913215173654059
    took 37.3416s
iter 2
    given input distribution [4.99535599e-01 4.61012840e-09 5.00464395e-01]
    optimal quantizer [-8.   -1.6   1.52  8.  ]
    optimal input distribution [4.99535599e-01 4.61012840e-09 5.00464395e-01]
    optimal I(X;Z) 0.3913215173654059
    took 36.7491s
stopping criterion met