X=[-3  0  3], N=200, M=3, Sigma=3.0
start=-8, end=8
max_iter=10, stop_thres=0.0001
mode=3

iter 0
    given input distribution [0.71186441 0.25423729 0.03389831]
    optimal quantizer [-8.   -2.16  1.52  8.  ]
    optimal input distribution [4.97463511e-01 4.81525400e-09 5.02536483e-01]
    optimal I(X;Z) 0.3889162233582313
    took 36.9238s
iter 1
    given input distribution [4.97463511e-01 4.81525400e-09 5.02536483e-01]
    optimal quantizer [-8.   -1.6   1.52  8.  ]
    optimal input distribution [4.99535599e-01 4.61012840e-09 5.00464395e-01]
    optimal I(X;Z) 0.3913215173654059
    took 37.1758s
iter 2
    given input distribution [4.99535599e-01 4.61012840e-09 5.00464395e-01]
    optimal quantizer [-8.   -1.6   1.52  8.  ]
    optimal input distribution [4.99535599e-01 4.61012840e-09 5.00464395e-01]
    optimal I(X;Z) 0.3913215173654059
    took 36.9511s
stopping criterion met