X=[-3  0  3], N=200, M=3, Sigma=3.0
start=-8, end=8
max_iter=10, stop_thres=0.0001
mode=3

iter 0
    given input distribution [0.4009434  0.26886792 0.33018868]
    optimal quantizer [-8.   -1.76  1.76  8.  ]
    optimal input distribution [4.99999997e-01 4.73182806e-09 4.99999997e-01]
    optimal I(X;Z) 0.3904395310918014
    took 36.2186s
iter 1
    given input distribution [4.99999997e-01 4.73182806e-09 4.99999997e-01]
    optimal quantizer [-8.   -1.6   1.52  8.  ]
    optimal input distribution [4.99535599e-01 4.61012840e-09 5.00464395e-01]
    optimal I(X;Z) 0.3913215173654059
    took 36.7958s
iter 2
    given input distribution [4.99535599e-01 4.61012840e-09 5.00464395e-01]
    optimal quantizer [-8.   -1.6   1.52  8.  ]
    optimal input distribution [4.99535599e-01 4.61012840e-09 5.00464395e-01]
    optimal I(X;Z) 0.3913215173654059
    took 36.4874s
stopping criterion met