X=[-3  0  3], N=200, M=3, Sigma=3.0
start=-8, end=8
max_iter=10, stop_thres=0.0001
mode=3

iter 0
    given input distribution [0.43165468 0.49640288 0.07194245]
    optimal quantizer [-8.   -2.32  1.44  8.  ]
    optimal input distribution [4.96721524e-01 4.85560370e-09 5.03278470e-01]
    optimal I(X;Z) 0.38785396920601545
    took 37.7479s
iter 1
    given input distribution [4.96721524e-01 4.85560370e-09 5.03278470e-01]
    optimal quantizer [-8.   -1.6   1.52  8.  ]
    optimal input distribution [4.99535599e-01 4.61012840e-09 5.00464395e-01]
    optimal I(X;Z) 0.3913215173654059
    took 37.4035s
iter 2
    given input distribution [4.99535599e-01 4.61012840e-09 5.00464395e-01]
    optimal quantizer [-8.   -1.6   1.52  8.  ]
    optimal input distribution [4.99535599e-01 4.61012840e-09 5.00464395e-01]
    optimal I(X;Z) 0.3913215173654059
    took 37.3103s
stopping criterion met