X=[-3  0  3], N=200, M=3, Sigma=3.0
start=-8, end=8
max_iter=10, stop_thres=0.0001
mode=3

iter 0
    given input distribution [0.04371585 0.42622951 0.53005464]
    optimal quantizer [-8.   -1.28  2.4   8.  ]
    optimal input distribution [5.04543983e-01 4.83082962e-09 4.95456011e-01]
    optimal I(X;Z) 0.3876472786049099
    took 36.0656s
iter 1
    given input distribution [5.04543983e-01 4.83082962e-09 4.95456011e-01]
    optimal quantizer [-8.   -1.52  1.6   8.  ]
    optimal input distribution [5.00464395e-01 4.60986952e-09 4.99535599e-01]
    optimal I(X;Z) 0.3913215173653588
    took 36.0698s
iter 2
    given input distribution [5.00464395e-01 4.60986952e-09 4.99535599e-01]
    optimal quantizer [-8.   -1.52  1.6   8.  ]
    optimal input distribution [5.00464395e-01 4.60986952e-09 4.99535599e-01]
    optimal I(X;Z) 0.3913215173653588
    took 35.6856s
stopping criterion met