X=[-3  0  3], N=200, M=3, Sigma=3.0
start=-8, end=8
max_iter=10, stop_thres=0.0001
mode=3

iter 0
    given input distribution [0.29032258 0.07258065 0.63709677]
    optimal quantizer [-8.   -1.92  1.36  8.  ]
    optimal input distribution [4.97026787e-01 4.67337227e-09 5.02973207e-01]
    optimal I(X;Z) 0.3906341257937531
    took 37.0259s
iter 1
    given input distribution [4.97026787e-01 4.67337227e-09 5.02973207e-01]
    optimal quantizer [-8.   -1.6   1.52  8.  ]
    optimal input distribution [4.99535599e-01 4.61012840e-09 5.00464395e-01]
    optimal I(X;Z) 0.3913215173654059
    took 36.6044s
iter 2
    given input distribution [4.99535599e-01 4.61012840e-09 5.00464395e-01]
    optimal quantizer [-8.   -1.6   1.52  8.  ]
    optimal input distribution [4.99535599e-01 4.61012840e-09 5.00464395e-01]
    optimal I(X;Z) 0.3913215173654059
    took 36.5125s
stopping criterion met