X=[-3  0  3], N=200, M=3, Sigma=3.0
start=-8, end=8
max_iter=10, stop_thres=0.0001
mode=3

iter 0
    given input distribution [0.392 0.128 0.48 ]
    optimal quantizer [-8.   -1.76  1.6   8.  ]
    optimal input distribution [4.99197156e-01 4.68251019e-09 5.00802838e-01]
    optimal I(X;Z) 0.3909908741293189
    took 37.0535s
iter 1
    given input distribution [4.99197156e-01 4.68251019e-09 5.00802838e-01]
    optimal quantizer [-8.   -1.6   1.52  8.  ]
    optimal input distribution [4.99535599e-01 4.61012840e-09 5.00464395e-01]
    optimal I(X;Z) 0.3913215173654059
    took 37.5651s
iter 2
    given input distribution [4.99535599e-01 4.61012840e-09 5.00464395e-01]
    optimal quantizer [-8.   -1.6   1.52  8.  ]
    optimal input distribution [4.99535599e-01 4.61012840e-09 5.00464395e-01]
    optimal I(X;Z) 0.3913215173654059
    took 37.2781s
stopping criterion met