X=[-3  0  3], N=200, M=3, Sigma=3.0
start=-8, end=8
max_iter=10, stop_thres=0.0001
mode=3

iter 0
    given input distribution [0.38686131 0.49635036 0.11678832]
    optimal quantizer [-8.   -2.16  1.68  8.  ]
    optimal input distribution [4.98379177e-01 4.87843587e-09 5.01620817e-01]
    optimal I(X;Z) 0.38799101652121926
    took 36.4062s
iter 1
    given input distribution [4.98379177e-01 4.87843587e-09 5.01620817e-01]
    optimal quantizer [-8.   -1.6   1.52  8.  ]
    optimal input distribution [4.99535599e-01 4.61012840e-09 5.00464395e-01]
    optimal I(X;Z) 0.3913215173654059
    took 36.2373s
iter 2
    given input distribution [4.99535599e-01 4.61012840e-09 5.00464395e-01]
    optimal quantizer [-8.   -1.6   1.52  8.  ]
    optimal input distribution [4.99535599e-01 4.61012840e-09 5.00464395e-01]
    optimal I(X;Z) 0.3913215173654059
    took 36.1936s
stopping criterion met