X=[-3  0  3], N=200, M=3, Sigma=3.0
start=-8, end=8
max_iter=10, stop_thres=0.0001
mode=3

iter 0
    given input distribution [0.12765957 0.23404255 0.63829787]
    optimal quantizer [-8.   -1.92  1.68  8.  ]
    optimal input distribution [4.98991370e-01 4.76985641e-09 5.01008625e-01]
    optimal I(X;Z) 0.3899323176596481
    took 37.6958s
iter 1
    given input distribution [4.98991370e-01 4.76985641e-09 5.01008625e-01]
    optimal quantizer [-8.   -1.6   1.52  8.  ]
    optimal input distribution [4.99535599e-01 4.61012840e-09 5.00464395e-01]
    optimal I(X;Z) 0.3913215173654059
    took 37.9876s
iter 2
    given input distribution [4.99535599e-01 4.61012840e-09 5.00464395e-01]
    optimal quantizer [-8.   -1.6   1.52  8.  ]
    optimal input distribution [4.99535599e-01 4.61012840e-09 5.00464395e-01]
    optimal I(X;Z) 0.3913215173654059
    took 38.2757s
stopping criterion met