X=[-3  0  3], N=200, M=3, Sigma=3.0
start=-8, end=8
max_iter=10, stop_thres=0.0001
mode=3

iter 0
    given input distribution [0.03921569 0.2254902  0.73529412]
    optimal quantizer [-8.   -1.68  2.    8.  ]
    optimal input distribution [5.01257105e-01 4.80455975e-09 4.98742889e-01]
    optimal I(X;Z) 0.38937386496760995
    took 37.0748s
iter 1
    given input distribution [5.01257105e-01 4.80455975e-09 4.98742889e-01]
    optimal quantizer [-8.   -1.52  1.6   8.  ]
    optimal input distribution [5.00464395e-01 4.60986952e-09 4.99535599e-01]
    optimal I(X;Z) 0.3913215173653588
    took 37.4072s
iter 2
    given input distribution [5.00464395e-01 4.60986952e-09 4.99535599e-01]
    optimal quantizer [-8.   -1.52  1.6   8.  ]
    optimal input distribution [5.00464395e-01 4.60986952e-09 4.99535599e-01]
    optimal I(X;Z) 0.3913215173653588
    took 37.2477s
stopping criterion met