X=[-3  0  3], N=200, M=3, Sigma=3.0
start=-8, end=8
max_iter=10, stop_thres=0.0001
mode=3

iter 0
    given input distribution [0.72727273 0.1322314  0.14049587]
    optimal quantizer [-8.   -1.36  2.08  8.  ]
    optimal input distribution [5.03453264e-01 4.73078105e-09 4.96546730e-01]
    optimal I(X;Z) 0.3898901632863927
    took 36.1024s
iter 1
    given input distribution [5.03453264e-01 4.73078105e-09 4.96546730e-01]
    optimal quantizer [-8.   -1.52  1.6   8.  ]
    optimal input distribution [5.00464395e-01 4.60986952e-09 4.99535599e-01]
    optimal I(X;Z) 0.3913215173653588
    took 36.7053s
iter 2
    given input distribution [5.00464395e-01 4.60986952e-09 4.99535599e-01]
    optimal quantizer [-8.   -1.52  1.6   8.  ]
    optimal input distribution [5.00464395e-01 4.60986952e-09 4.99535599e-01]
    optimal I(X;Z) 0.3913215173653588
    took 36.6538s
stopping criterion met