X=[-3  0  3], N=200, M=3, Sigma=3.0
start=-8, end=8
max_iter=10, stop_thres=0.0001
mode=3

iter 0
    given input distribution [0.23308271 0.67669173 0.09022556]
    optimal quantizer [-8.  -2.4  1.6  8. ]
    optimal input distribution [4.97717550e-01 4.96262013e-09 5.02282444e-01]
    optimal I(X;Z) 0.3860025519964574
    took 37.1596s
iter 1
    given input distribution [4.97717550e-01 4.96262013e-09 5.02282444e-01]
    optimal quantizer [-8.   -1.6   1.52  8.  ]
    optimal input distribution [4.99535599e-01 4.61012840e-09 5.00464395e-01]
    optimal I(X;Z) 0.3913215173654059
    took 37.0949s
iter 2
    given input distribution [4.99535599e-01 4.61012840e-09 5.00464395e-01]
    optimal quantizer [-8.   -1.6   1.52  8.  ]
    optimal input distribution [4.99535599e-01 4.61012840e-09 5.00464395e-01]
    optimal I(X;Z) 0.3913215173654059
    took 36.7651s
stopping criterion met