X=[-3  0  3], N=200, M=3, Sigma=3.0
start=-8, end=8
max_iter=10, stop_thres=0.0001
mode=3

iter 0
    given input distribution [0.53448276 0.1637931  0.30172414]
    optimal quantizer [-8.   -1.6   1.84  8.  ]
    optimal input distribution [5.01140315e-01 4.71194011e-09 4.98859679e-01]
    optimal I(X;Z) 0.3906793177171761
    took 37.3729s
iter 1
    given input distribution [5.01140315e-01 4.71194011e-09 4.98859679e-01]
    optimal quantizer [-8.   -1.52  1.6   8.  ]
    optimal input distribution [5.00464395e-01 4.60986952e-09 4.99535599e-01]
    optimal I(X;Z) 0.3913215173653588
    took 36.2853s
iter 2
    given input distribution [5.00464395e-01 4.60986952e-09 4.99535599e-01]
    optimal quantizer [-8.   -1.52  1.6   8.  ]
    optimal input distribution [5.00464395e-01 4.60986952e-09 4.99535599e-01]
    optimal I(X;Z) 0.3913215173653588
    took 36.7620s
stopping criterion met