X=[-3  0  3], N=200, M=3, Sigma=3.0
start=-8, end=8
max_iter=10, stop_thres=0.0001
mode=3

iter 0
    given input distribution [0.24324324 0.26351351 0.49324324]
    optimal quantizer [-8.   -1.84  1.68  8.  ]
    optimal input distribution [4.99283949e-01 4.73684690e-09 5.00716045e-01]
    optimal I(X;Z) 0.3903976930173554
    took 36.4833s
iter 1
    given input distribution [4.99283949e-01 4.73684690e-09 5.00716045e-01]
    optimal quantizer [-8.   -1.6   1.52  8.  ]
    optimal input distribution [4.99535599e-01 4.61012840e-09 5.00464395e-01]
    optimal I(X;Z) 0.3913215173654059
    took 36.5786s
iter 2
    given input distribution [4.99535599e-01 4.61012840e-09 5.00464395e-01]
    optimal quantizer [-8.   -1.6   1.52  8.  ]
    optimal input distribution [4.99535599e-01 4.61012840e-09 5.00464395e-01]
    optimal I(X;Z) 0.3913215173654059
    took 36.5510s
stopping criterion met