X=[-3  0  3], N=200, M=3, Sigma=3.0
start=-8, end=8
max_iter=10, stop_thres=0.0001
mode=3

iter 0
    given input distribution [0.65546218 0.23529412 0.1092437 ]
    optimal quantizer [-8.   -1.76  1.92  8.  ]
    optimal input distribution [5.00627150e-01 4.79900806e-09 4.99372844e-01]
    optimal I(X;Z) 0.3894879535648639
    took 38.1643s
iter 1
    given input distribution [5.00627150e-01 4.79900806e-09 4.99372844e-01]
    optimal quantizer [-8.   -1.52  1.6   8.  ]
    optimal input distribution [5.00464395e-01 4.60986952e-09 4.99535599e-01]
    optimal I(X;Z) 0.3913215173653588
    took 37.8878s
iter 2
    given input distribution [5.00464395e-01 4.60986952e-09 4.99535599e-01]
    optimal quantizer [-8.   -1.52  1.6   8.  ]
    optimal input distribution [5.00464395e-01 4.60986952e-09 4.99535599e-01]
    optimal I(X;Z) 0.3913215173653588
    took 37.8065s
stopping criterion met