X=[-3  0  3], N=200, M=3, Sigma=3.0
start=-8, end=8
max_iter=10, stop_thres=0.0001
mode=3

iter 0
    given input distribution [0.06451613 0.49462366 0.44086022]
    optimal quantizer [-8.   -1.36  2.4   8.  ]
    optimal input distribution [5.03911656e-01 4.86072178e-09 4.96088338e-01]
    optimal I(X;Z) 0.3874148917527571
    took 37.4597s
iter 1
    given input distribution [5.03911656e-01 4.86072178e-09 4.96088338e-01]
    optimal quantizer [-8.   -1.52  1.6   8.  ]
    optimal input distribution [5.00464395e-01 4.60986952e-09 4.99535599e-01]
    optimal I(X;Z) 0.3913215173653588
    took 37.4260s
iter 2
    given input distribution [5.00464395e-01 4.60986952e-09 4.99535599e-01]
    optimal quantizer [-8.   -1.52  1.6   8.  ]
    optimal input distribution [5.00464395e-01 4.60986952e-09 4.99535599e-01]
    optimal I(X;Z) 0.3913215173653588
    took 37.7441s
stopping criterion met