X=[-3  0  3], N=200, M=3, Sigma=3.0
start=-8, end=8
max_iter=10, stop_thres=0.0001
mode=3

iter 0
    given input distribution [0.30088496 0.34955752 0.34955752]
    optimal quantizer [-8.   -1.84  1.84  8.  ]
    optimal input distribution [4.99999997e-01 4.79375680e-09 4.99999997e-01]
    optimal I(X;Z) 0.3895259543191878
    took 37.3713s
iter 1
    given input distribution [4.99999997e-01 4.79375680e-09 4.99999997e-01]
    optimal quantizer [-8.   -1.52  1.6   8.  ]
    optimal input distribution [5.00464395e-01 4.60986952e-09 4.99535599e-01]
    optimal I(X;Z) 0.3913215173653588
    took 37.3991s
iter 2
    given input distribution [5.00464395e-01 4.60986952e-09 4.99535599e-01]
    optimal quantizer [-8.   -1.52  1.6   8.  ]
    optimal input distribution [5.00464395e-01 4.60986952e-09 4.99535599e-01]
    optimal I(X;Z) 0.3913215173653588
    took 37.7970s
stopping criterion met