X=[-3  0  3], N=200, M=3, Sigma=3.0
start=-8, end=8
max_iter=10, stop_thres=0.0001
mode=3

iter 0
    given input distribution [0.40659341 0.21978022 0.37362637]
    optimal quantizer [-8.   -1.68  1.76  8.  ]
    optimal input distribution [5.00379701e-01 4.70571627e-09 4.99620293e-01]
    optimal I(X;Z) 0.39076677724759024
    took 36.5643s
iter 1
    given input distribution [5.00379701e-01 4.70571627e-09 4.99620293e-01]
    optimal quantizer [-8.   -1.52  1.6   8.  ]
    optimal input distribution [5.00464395e-01 4.60986952e-09 4.99535599e-01]
    optimal I(X;Z) 0.3913215173653588
    took 36.9903s
iter 2
    given input distribution [5.00464395e-01 4.60986952e-09 4.99535599e-01]
    optimal quantizer [-8.   -1.52  1.6   8.  ]
    optimal input distribution [5.00464395e-01 4.60986952e-09 4.99535599e-01]
    optimal I(X;Z) 0.3913215173653588
    took 37.7137s
stopping criterion met