X=[-3  0  3], N=200, M=3, Sigma=3.0
start=-8, end=8
max_iter=10, stop_thres=0.0001
mode=3

iter 0
    given input distribution [0.55232558 0.41860465 0.02906977]
    optimal quantizer [-8.   -2.48  1.12  8.  ]
    optimal input distribution [4.94027474e-01 5.08630464e-09 5.05972520e-01]
    optimal I(X;Z) 0.38710368972624143
    took 36.4409s
iter 1
    given input distribution [4.94027474e-01 5.08630464e-09 5.05972520e-01]
    optimal quantizer [-8.   -1.6   1.52  8.  ]
    optimal input distribution [4.99535599e-01 4.61012840e-09 5.00464395e-01]
    optimal I(X;Z) 0.3913215173654059
    took 35.9810s
iter 2
    given input distribution [4.99535599e-01 4.61012840e-09 5.00464395e-01]
    optimal quantizer [-8.   -1.6   1.52  8.  ]
    optimal input distribution [4.99535599e-01 4.61012840e-09 5.00464395e-01]
    optimal I(X;Z) 0.3913215173654059
    took 36.0083s
stopping criterion met