X=[-3  0  3], N=200, M=3, Sigma=3.0
start=-8, end=8
max_iter=10, stop_thres=0.0001
mode=3

iter 0
    given input distribution [0.24418605 0.06976744 0.68604651]
    optimal quantizer [-8.   -2.    1.28  8.  ]
    optimal input distribution [4.96164454e-01 4.68010469e-09 5.03835540e-01]
    optimal I(X;Z) 0.3902536705657311
    took 36.4632s
iter 1
    given input distribution [4.96164454e-01 4.68010469e-09 5.03835540e-01]
    optimal quantizer [-8.   -1.6   1.52  8.  ]
    optimal input distribution [4.99535599e-01 4.61012840e-09 5.00464395e-01]
    optimal I(X;Z) 0.3913215173654059
    took 36.7162s
iter 2
    given input distribution [4.99535599e-01 4.61012840e-09 5.00464395e-01]
    optimal quantizer [-8.   -1.6   1.52  8.  ]
    optimal input distribution [4.99535599e-01 4.61012840e-09 5.00464395e-01]
    optimal I(X;Z) 0.3913215173654059
    took 36.5771s
stopping criterion met