X=[-3  0  3], N=200, M=3, Sigma=3.0
start=-8, end=8
max_iter=10, stop_thres=0.0001
mode=3

iter 0
    given input distribution [0.43867925 0.08962264 0.47169811]
    optimal quantizer [-8.   -1.68  1.6   8.  ]
    optimal input distribution [4.99577412e-01 4.65407369e-09 5.00422582e-01]
    optimal I(X;Z) 0.3912037121184513
    took 38.5528s
iter 1
    given input distribution [4.99577412e-01 4.65407369e-09 5.00422582e-01]
    optimal quantizer [-8.   -1.6   1.52  8.  ]
    optimal input distribution [4.99535599e-01 4.61012840e-09 5.00464395e-01]
    optimal I(X;Z) 0.3913215173654059
    took 38.3322s
iter 2
    given input distribution [4.99535599e-01 4.61012840e-09 5.00464395e-01]
    optimal quantizer [-8.   -1.6   1.52  8.  ]
    optimal input distribution [4.99535599e-01 4.61012840e-09 5.00464395e-01]
    optimal I(X;Z) 0.3913215173654059
    took 38.1321s
stopping criterion met