X=[-3  0  3], N=200, M=3, Sigma=3.0
start=-8, end=8
max_iter=10, stop_thres=0.0001
mode=3

iter 0
    given input distribution [0.46889952 0.44497608 0.0861244 ]
    optimal quantizer [-8.   -2.24  1.52  8.  ]
    optimal input distribution [4.97339216e-01 4.85113168e-09 5.02660778e-01]
    optimal I(X;Z) 0.3882182237754781
    took 37.3058s
iter 1
    given input distribution [4.97339216e-01 4.85113168e-09 5.02660778e-01]
    optimal quantizer [-8.   -1.6   1.52  8.  ]
    optimal input distribution [4.99535599e-01 4.61012840e-09 5.00464395e-01]
    optimal I(X;Z) 0.3913215173654059
    took 37.1931s
iter 2
    given input distribution [4.99535599e-01 4.61012840e-09 5.00464395e-01]
    optimal quantizer [-8.   -1.6   1.52  8.  ]
    optimal input distribution [4.99535599e-01 4.61012840e-09 5.00464395e-01]
    optimal I(X;Z) 0.3913215173654059
    took 37.0116s
stopping criterion met