X=[-3  0  3], N=200, M=3, Sigma=3.0
start=-8, end=8
max_iter=10, stop_thres=0.0001
mode=3

iter 0
    given input distribution [0.39189189 0.         0.60810811]
    optimal quantizer [-8.   -1.76  1.36  8.  ]
    optimal input distribution [4.97673184e-01 4.62213075e-09 5.02326810e-01]
    optimal I(X;Z) 0.3910154103636334
    took 36.3690s
iter 1
    given input distribution [4.97673184e-01 4.62213075e-09 5.02326810e-01]
    optimal quantizer [-8.   -1.6   1.52  8.  ]
    optimal input distribution [4.99535599e-01 4.61012840e-09 5.00464395e-01]
    optimal I(X;Z) 0.3913215173654059
    took 36.0458s
iter 2
    given input distribution [4.99535599e-01 4.61012840e-09 5.00464395e-01]
    optimal quantizer [-8.   -1.6   1.52  8.  ]
    optimal input distribution [4.99535599e-01 4.61012840e-09 5.00464395e-01]
    optimal I(X;Z) 0.3913215173654059
    took 36.1181s
stopping criterion met