X=[-3  0  3], N=200, M=3, Sigma=3.0
start=-8, end=8
max_iter=10, stop_thres=0.0001
mode=3

iter 0
    given input distribution [0.47368421 0.4        0.12631579]
    optimal quantizer [-8.   -2.    1.76  8.  ]
    optimal input distribution [4.99126192e-01 4.83569511e-09 5.00873802e-01]
    optimal I(X;Z) 0.38887006205804675
    took 36.5719s
iter 1
    given input distribution [4.99126192e-01 4.83569511e-09 5.00873802e-01]
    optimal quantizer [-8.   -1.6   1.52  8.  ]
    optimal input distribution [4.99535599e-01 4.61012840e-09 5.00464395e-01]
    optimal I(X;Z) 0.3913215173654059
    took 35.5585s
iter 2
    given input distribution [4.99535599e-01 4.61012840e-09 5.00464395e-01]
    optimal quantizer [-8.   -1.6   1.52  8.  ]
    optimal input distribution [4.99535599e-01 4.61012840e-09 5.00464395e-01]
    optimal I(X;Z) 0.3913215173654059
    took 35.4552s
stopping criterion met