X=[-3  0  3], N=200, M=3, Sigma=3.0
start=-8, end=8
max_iter=10, stop_thres=0.0001
mode=3

iter 0
    given input distribution [0.34418605 0.31627907 0.33953488]
    optimal quantizer [-8.   -1.76  1.84  8.  ]
    optimal input distribution [5.00335761e-01 4.76431661e-09 4.99664233e-01]
    optimal I(X;Z) 0.3900121995902388
    took 37.5976s
iter 1
    given input distribution [5.00335761e-01 4.76431661e-09 4.99664233e-01]
    optimal quantizer [-8.   -1.52  1.6   8.  ]
    optimal input distribution [5.00464395e-01 4.60986952e-09 4.99535599e-01]
    optimal I(X;Z) 0.3913215173653588
    took 37.3552s
iter 2
    given input distribution [5.00464395e-01 4.60986952e-09 4.99535599e-01]
    optimal quantizer [-8.   -1.52  1.6   8.  ]
    optimal input distribution [5.00464395e-01 4.60986952e-09 4.99535599e-01]
    optimal I(X;Z) 0.3913215173653588
    took 38.2454s
stopping criterion met