X=[-3  0  3], N=200, M=3, Sigma=3.0
start=-8, end=8
max_iter=10, stop_thres=0.0001
mode=3

iter 0
    given input distribution [0.8  0.18 0.02]
    optimal quantizer [-8.   -2.08  1.52  8.  ]
    optimal input distribution [4.97631028e-01 4.78081056e-09 5.02368966e-01]
    optimal I(X;Z) 0.389532109696747
    took 37.6296s
iter 1
    given input distribution [4.97631028e-01 4.78081056e-09 5.02368966e-01]
    optimal quantizer [-8.   -1.6   1.52  8.  ]
    optimal input distribution [4.99535599e-01 4.61012840e-09 5.00464395e-01]
    optimal I(X;Z) 0.3913215173654059
    took 37.6160s
iter 2
    given input distribution [4.99535599e-01 4.61012840e-09 5.00464395e-01]
    optimal quantizer [-8.   -1.6   1.52  8.  ]
    optimal input distribution [4.99535599e-01 4.61012840e-09 5.00464395e-01]
    optimal I(X;Z) 0.3913215173654059
    took 37.3573s
stopping criterion met