X=[-3  0  3], N=200, M=3, Sigma=3.0
start=-8, end=8
max_iter=10, stop_thres=0.0001
mode=3

iter 0
    given input distribution [0.10679612 0.69902913 0.19417476]
    optimal quantizer [-8.   -1.76  2.32  8.  ]
    optimal input distribution [5.01408537e-01 4.99735103e-09 4.98591457e-01]
    optimal I(X;Z) 0.3855303600900515
    took 37.4955s
iter 1
    given input distribution [5.01408537e-01 4.99735103e-09 4.98591457e-01]
    optimal quantizer [-8.   -1.52  1.6   8.  ]
    optimal input distribution [5.00464395e-01 4.60986952e-09 4.99535599e-01]
    optimal I(X;Z) 0.3913215173653588
    took 37.1724s
iter 2
    given input distribution [5.00464395e-01 4.60986952e-09 4.99535599e-01]
    optimal quantizer [-8.   -1.52  1.6   8.  ]
    optimal input distribution [5.00464395e-01 4.60986952e-09 4.99535599e-01]
    optimal I(X;Z) 0.3913215173653588
    took 37.4327s
stopping criterion met