X=[-3  0  3], N=200, M=3, Sigma=3.0
start=-8, end=8
max_iter=10, stop_thres=0.0001
mode=3

iter 0
    given input distribution [0.88461538 0.11538462 0.        ]
    optimal quantizer [-8.   -2.32  1.12  8.  ]
    optimal input distribution [4.94139270e-01 5.02626601e-09 5.05860723e-01]
    optimal I(X;Z) 0.38830120889738384
    took 36.3742s
iter 1
    given input distribution [4.94139270e-01 5.02626601e-09 5.05860723e-01]
    optimal quantizer [-8.   -1.6   1.52  8.  ]
    optimal input distribution [4.99535599e-01 4.61012840e-09 5.00464395e-01]
    optimal I(X;Z) 0.3913215173654059
    took 36.2046s
iter 2
    given input distribution [4.99535599e-01 4.61012840e-09 5.00464395e-01]
    optimal quantizer [-8.   -1.6   1.52  8.  ]
    optimal input distribution [4.99535599e-01 4.61012840e-09 5.00464395e-01]
    optimal I(X;Z) 0.3913215173654059
    took 36.1778s
stopping criterion met