X=[-3  0  3], N=200, M=3, Sigma=3.0
start=-8, end=8
max_iter=10, stop_thres=0.0001
mode=3

iter 0
    given input distribution [0.24       0.63333333 0.12666667]
    optimal quantizer [-8.   -2.24  1.76  8.  ]
    optimal input distribution [4.98657111e-01 4.95363536e-09 5.01342883e-01]
    optimal I(X;Z) 0.38648849140274266
    took 36.6563s
iter 1
    given input distribution [4.98657111e-01 4.95363536e-09 5.01342883e-01]
    optimal quantizer [-8.   -1.6   1.52  8.  ]
    optimal input distribution [4.99535599e-01 4.61012840e-09 5.00464395e-01]
    optimal I(X;Z) 0.3913215173654059
    took 37.1544s
iter 2
    given input distribution [4.99535599e-01 4.61012840e-09 5.00464395e-01]
    optimal quantizer [-8.   -1.6   1.52  8.  ]
    optimal input distribution [4.99535599e-01 4.61012840e-09 5.00464395e-01]
    optimal I(X;Z) 0.3913215173654059
    took 36.6215s
stopping criterion met