X=[-3  0  3], N=200, M=3, Sigma=3.0
start=-8, end=8
max_iter=10, stop_thres=0.0001
mode=3

iter 0
    given input distribution [0.13709677 0.64516129 0.21774194]
    optimal quantizer [-8.   -1.84  2.16  8.  ]
    optimal input distribution [5.00889665e-01 4.94855218e-09 4.99110329e-01]
    optimal I(X;Z) 0.3866393848931644
    took 36.0955s
iter 1
    given input distribution [5.00889665e-01 4.94855218e-09 4.99110329e-01]
    optimal quantizer [-8.   -1.52  1.6   8.  ]
    optimal input distribution [5.00464395e-01 4.60986952e-09 4.99535599e-01]
    optimal I(X;Z) 0.3913215173653588
    took 35.5815s
iter 2
    given input distribution [5.00464395e-01 4.60986952e-09 4.99535599e-01]
    optimal quantizer [-8.   -1.52  1.6   8.  ]
    optimal input distribution [5.00464395e-01 4.60986952e-09 4.99535599e-01]
    optimal I(X;Z) 0.3913215173653588
    took 36.5393s
stopping criterion met