X=[-3  0  3], N=200, M=3, Sigma=3.0
start=-8, end=8
max_iter=10, stop_thres=0.0001
mode=3

iter 0
    given input distribution [0.14184397 0.55319149 0.30496454]
    optimal quantizer [-8.   -1.76  2.16  8.  ]
    optimal input distribution [5.01231834e-01 4.91234376e-09 4.98768160e-01]
    optimal I(X;Z) 0.3873668565752011
    took 37.4211s
iter 1
    given input distribution [5.01231834e-01 4.91234376e-09 4.98768160e-01]
    optimal quantizer [-8.   -1.52  1.6   8.  ]
    optimal input distribution [5.00464395e-01 4.60986952e-09 4.99535599e-01]
    optimal I(X;Z) 0.3913215173653588
    took 37.7016s
iter 2
    given input distribution [5.00464395e-01 4.60986952e-09 4.99535599e-01]
    optimal quantizer [-8.   -1.52  1.6   8.  ]
    optimal input distribution [5.00464395e-01 4.60986952e-09 4.99535599e-01]
    optimal I(X;Z) 0.3913215173653588
    took 37.6635s
stopping criterion met