X=[-3  0  3], N=200, M=3, Sigma=3.0
start=-8, end=8
max_iter=10, stop_thres=0.0001
mode=3

iter 0
    given input distribution [0.19463087 0.63087248 0.17449664]
    optimal quantizer [-8.   -2.08  2.    8.  ]
    optimal input distribution [4.99802280e-01 4.98201443e-09 5.00197714e-01]
    optimal I(X;Z) 0.3858681397727455
    took 37.0046s
iter 1
    given input distribution [4.99802280e-01 4.98201443e-09 5.00197714e-01]
    optimal quantizer [-8.   -1.6   1.52  8.  ]
    optimal input distribution [4.99535599e-01 4.61012840e-09 5.00464395e-01]
    optimal I(X;Z) 0.3913215173654059
    took 36.9302s
iter 2
    given input distribution [4.99535599e-01 4.61012840e-09 5.00464395e-01]
    optimal quantizer [-8.   -1.6   1.52  8.  ]
    optimal input distribution [4.99535599e-01 4.61012840e-09 5.00464395e-01]
    optimal I(X;Z) 0.3913215173654059
    took 37.6365s
stopping criterion met