X=[-3  0  3], N=200, M=3, Sigma=3.0
start=-8, end=8
max_iter=10, stop_thres=0.0001
mode=3

iter 0
    given input distribution [0.47  0.405 0.125]
    optimal quantizer [-8.   -2.08  1.68  8.  ]
    optimal input distribution [4.98538766e-01 4.84106723e-09 5.01461228e-01]
    optimal I(X;Z) 0.38872563726281806
    took 37.1967s
iter 1
    given input distribution [4.98538766e-01 4.84106723e-09 5.01461228e-01]
    optimal quantizer [-8.   -1.6   1.52  8.  ]
    optimal input distribution [4.99535599e-01 4.61012840e-09 5.00464395e-01]
    optimal I(X;Z) 0.3913215173654059
    took 36.8566s
iter 2
    given input distribution [4.99535599e-01 4.61012840e-09 5.00464395e-01]
    optimal quantizer [-8.   -1.6   1.52  8.  ]
    optimal input distribution [4.99535599e-01 4.61012840e-09 5.00464395e-01]
    optimal I(X;Z) 0.3913215173654059
    took 37.0055s
stopping criterion met