X=[-3  0  3], N=200, M=3, Sigma=3.0
start=-8, end=8
max_iter=10, stop_thres=0.0001
mode=3

iter 0
    given input distribution [0.57664234 0.16058394 0.26277372]
    optimal quantizer [-8.   -1.52  1.92  8.  ]
    optimal input distribution [5.01904540e-01 4.71744156e-09 4.98095454e-01]
    optimal I(X;Z) 0.3905042632846192
    took 37.3726s
iter 1
    given input distribution [5.01904540e-01 4.71744156e-09 4.98095454e-01]
    optimal quantizer [-8.   -1.52  1.6   8.  ]
    optimal input distribution [5.00464395e-01 4.60986952e-09 4.99535599e-01]
    optimal I(X;Z) 0.3913215173653588
    took 37.4605s
iter 2
    given input distribution [5.00464395e-01 4.60986952e-09 4.99535599e-01]
    optimal quantizer [-8.   -1.52  1.6   8.  ]
    optimal input distribution [5.00464395e-01 4.60986952e-09 4.99535599e-01]
    optimal I(X;Z) 0.3913215173653588
    took 37.5608s
stopping criterion met