X=[-3  0  3], N=200, M=3, Sigma=3.0
start=-8, end=8
max_iter=10, stop_thres=0.0001
mode=3

iter 0
    given input distribution [0.39837398 0.08130081 0.5203252 ]
    optimal quantizer [-8.   -1.76  1.52  8.  ]
    optimal input distribution [4.98731157e-01 4.65990257e-09 5.01268837e-01]
    optimal I(X;Z) 0.39110887322234067
    took 35.3337s
iter 1
    given input distribution [4.98731157e-01 4.65990257e-09 5.01268837e-01]
    optimal quantizer [-8.   -1.6   1.52  8.  ]
    optimal input distribution [4.99535599e-01 4.61012840e-09 5.00464395e-01]
    optimal I(X;Z) 0.3913215173654059
    took 35.1356s
iter 2
    given input distribution [4.99535599e-01 4.61012840e-09 5.00464395e-01]
    optimal quantizer [-8.   -1.6   1.52  8.  ]
    optimal input distribution [4.99535599e-01 4.61012840e-09 5.00464395e-01]
    optimal I(X;Z) 0.3913215173654059
    took 35.1733s
stopping criterion met