X=[-3  0  3], N=200, M=3, Sigma=3.0
start=-8, end=8
max_iter=10, stop_thres=0.0001
mode=3

iter 0
    given input distribution [0.51282051 0.46794872 0.01923077]
    optimal quantizer [-8.   -2.72  0.8   8.  ]
    optimal input distribution [4.90722553e-01 5.07853979e-09 5.09277440e-01]
    optimal I(X;Z) 0.38429487637616977
    took 37.5162s
iter 1
    given input distribution [4.90722553e-01 5.07853979e-09 5.09277440e-01]
    optimal quantizer [-8.   -1.6   1.52  8.  ]
    optimal input distribution [4.99535599e-01 4.61012840e-09 5.00464395e-01]
    optimal I(X;Z) 0.3913215173654059
    took 37.0951s
iter 2
    given input distribution [4.99535599e-01 4.61012840e-09 5.00464395e-01]
    optimal quantizer [-8.   -1.6   1.52  8.  ]
    optimal input distribution [4.99535599e-01 4.61012840e-09 5.00464395e-01]
    optimal I(X;Z) 0.3913215173654059
    took 37.8757s
stopping criterion met