X=[-3  0  3], N=200, M=3, Sigma=3.0
start=-8, end=8
max_iter=10, stop_thres=0.0001
mode=3

iter 0
    given input distribution [0.04347826 0.51449275 0.44202899]
    optimal quantizer [-8.   -1.12  2.56  8.  ]
    optimal input distribution [5.05969773e-01 5.11634244e-09 4.94030221e-01]
    optimal I(X;Z) 0.38640259430195645
    took 35.8297s
iter 1
    given input distribution [5.05969773e-01 5.11634244e-09 4.94030221e-01]
    optimal quantizer [-8.   -1.52  1.6   8.  ]
    optimal input distribution [5.00464395e-01 4.60986952e-09 4.99535599e-01]
    optimal I(X;Z) 0.3913215173653588
    took 35.8663s
iter 2
    given input distribution [5.00464395e-01 4.60986952e-09 4.99535599e-01]
    optimal quantizer [-8.   -1.52  1.6   8.  ]
    optimal input distribution [5.00464395e-01 4.60986952e-09 4.99535599e-01]
    optimal I(X;Z) 0.3913215173653588
    took 36.3830s
stopping criterion met