X=[-3  0  3], N=200, M=3, Sigma=3.0
start=-8, end=8
max_iter=10, stop_thres=0.0001
mode=3

iter 0
    given input distribution [0.19753086 0.46296296 0.33950617]
    optimal quantizer [-8.   -1.84  2.    8.  ]
    optimal input distribution [5.00536176e-01 4.86740255e-09 4.99463818e-01]
    optimal I(X;Z) 0.38826420673846496
    took 35.9374s
iter 1
    given input distribution [5.00536176e-01 4.86740255e-09 4.99463818e-01]
    optimal quantizer [-8.   -1.52  1.6   8.  ]
    optimal input distribution [5.00464395e-01 4.60986952e-09 4.99535599e-01]
    optimal I(X;Z) 0.3913215173653588
    took 35.7924s
iter 2
    given input distribution [5.00464395e-01 4.60986952e-09 4.99535599e-01]
    optimal quantizer [-8.   -1.52  1.6   8.  ]
    optimal input distribution [5.00464395e-01 4.60986952e-09 4.99535599e-01]
    optimal I(X;Z) 0.3913215173653588
    took 35.8444s
stopping criterion met