X=[-3  0  3], N=200, M=3, Sigma=3.0
start=-8, end=8
max_iter=10, stop_thres=0.0001
mode=3

iter 0
    given input distribution [0.41284404 0.51376147 0.0733945 ]
    optimal quantizer [-8.   -2.4   1.36  8.  ]
    optimal input distribution [4.96088338e-01 4.86048945e-09 5.03911656e-01]
    optimal I(X;Z) 0.3874148917536564
    took 36.3631s
iter 1
    given input distribution [4.96088338e-01 4.86048945e-09 5.03911656e-01]
    optimal quantizer [-8.   -1.6   1.52  8.  ]
    optimal input distribution [4.99535599e-01 4.61012840e-09 5.00464395e-01]
    optimal I(X;Z) 0.3913215173654059
    took 37.3640s
iter 2
    given input distribution [4.99535599e-01 4.61012840e-09 5.00464395e-01]
    optimal quantizer [-8.   -1.6   1.52  8.  ]
    optimal input distribution [4.99535599e-01 4.61012840e-09 5.00464395e-01]
    optimal I(X;Z) 0.3913215173654059
    took 36.5537s
stopping criterion met