X=[-3  0  3], N=200, M=3, Sigma=3.0
start=-8, end=8
max_iter=10, stop_thres=0.0001
mode=3

iter 0
    given input distribution [0.04761905 0.64285714 0.30952381]
    optimal quantizer [-8.   -1.12  2.64  8.  ]
    optimal input distribution [5.05928470e-01 5.14840925e-09 4.94071523e-01]
    optimal I(X;Z) 0.3856376106250232
    took 35.5490s
iter 1
    given input distribution [5.05928470e-01 5.14840925e-09 4.94071523e-01]
    optimal quantizer [-8.   -1.52  1.6   8.  ]
    optimal input distribution [5.00464395e-01 4.60986952e-09 4.99535599e-01]
    optimal I(X;Z) 0.3913215173653588
    took 35.7938s
iter 2
    given input distribution [5.00464395e-01 4.60986952e-09 4.99535599e-01]
    optimal quantizer [-8.   -1.52  1.6   8.  ]
    optimal input distribution [5.00464395e-01 4.60986952e-09 4.99535599e-01]
    optimal I(X;Z) 0.3913215173653588
    took 35.8609s
stopping criterion met