X=[-3  0  3], N=200, M=3, Sigma=3.0
start=-8, end=8
max_iter=10, stop_thres=0.0001
mode=3

iter 0
    given input distribution [0.78651685 0.         0.21348315]
    optimal quantizer [-8.   -0.96  2.24  8.  ]
    optimal input distribution [5.07267744e-01 4.96095471e-09 4.92732249e-01]
    optimal I(X;Z) 0.388148743690927
    took 37.1986s
iter 1
    given input distribution [5.07267744e-01 4.96095471e-09 4.92732249e-01]
    optimal quantizer [-8.   -1.52  1.6   8.  ]
    optimal input distribution [5.00464395e-01 4.60986952e-09 4.99535599e-01]
    optimal I(X;Z) 0.3913215173653588
    took 37.4115s
iter 2
    given input distribution [5.00464395e-01 4.60986952e-09 4.99535599e-01]
    optimal quantizer [-8.   -1.52  1.6   8.  ]
    optimal input distribution [5.00464395e-01 4.60986952e-09 4.99535599e-01]
    optimal I(X;Z) 0.3913215173653588
    took 37.6475s
stopping criterion met