X=[-3  0  3], N=200, M=3, Sigma=3.0
start=-8, end=8
max_iter=10, stop_thres=0.0001
mode=3

iter 0
    given input distribution [0.3655914  0.46236559 0.17204301]
    optimal quantizer [-8.   -2.    1.84  8.  ]
    optimal input distribution [4.99463818e-01 4.86793712e-09 5.00536176e-01]
    optimal I(X;Z) 0.3882642067369759
    took 37.2428s
iter 1
    given input distribution [4.99463818e-01 4.86793712e-09 5.00536176e-01]
    optimal quantizer [-8.   -1.6   1.52  8.  ]
    optimal input distribution [4.99535599e-01 4.61012840e-09 5.00464395e-01]
    optimal I(X;Z) 0.3913215173654059
    took 37.0468s
iter 2
    given input distribution [4.99535599e-01 4.61012840e-09 5.00464395e-01]
    optimal quantizer [-8.   -1.6   1.52  8.  ]
    optimal input distribution [4.99535599e-01 4.61012840e-09 5.00464395e-01]
    optimal I(X;Z) 0.3913215173654059
    took 37.0385s
stopping criterion met