X=[-3  0  3], N=50, M=3, Sigma=1
start=-8, end=8
max_iter=10, stop_thres=0.0001
mode=3

iter 0
    given input distribution [0.19565217 0.32608696 0.47826087]
    optimal quantizer [-8.   -1.6   1.28  8.  ]
    optimal input distribution [0.37247938 0.24429437 0.38322625]
    optimal I(X;Z) 1.1257203567088672
    took 0.5883s
iter 1
    given input distribution [0.37247938 0.24429437 0.38322625]
    optimal quantizer [-8.   -1.28  1.28  8.  ]
    optimal input distribution [0.38735337 0.22529325 0.38735337]
    optimal I(X;Z) 1.1289331250942378
    took 0.6190s
iter 2
    given input distribution [0.38735337 0.22529325 0.38735337]
    optimal quantizer [-8.   -1.28  1.28  8.  ]
    optimal input distribution [0.38735337 0.22529325 0.38735337]
    optimal I(X;Z) 1.1289331250942378
    took 0.6089s
stopping criterion met