X=[-3  0  3], N=50, M=3, Sigma=1
start=-8, end=8
max_iter=10, stop_thres=0.0001
mode=3

iter 0
    given input distribution [0.39837398 0.08130081 0.5203252 ]
    optimal quantizer [-8.   -1.28  0.96  8.  ]
    optimal input distribution [0.39996558 0.19820396 0.40183046]
    optimal I(X;Z) 1.109963677225125
    took 0.5950s
iter 1
    given input distribution [0.39996558 0.19820396 0.40183046]
    optimal quantizer [-8.   -1.28  1.28  8.  ]
    optimal input distribution [0.38735337 0.22529325 0.38735337]
    optimal I(X;Z) 1.1289331250942378
    took 0.5981s
iter 2
    given input distribution [0.38735337 0.22529325 0.38735337]
    optimal quantizer [-8.   -1.28  1.28  8.  ]
    optimal input distribution [0.38735337 0.22529325 0.38735337]
    optimal I(X;Z) 1.1289331250942378
    took 0.6169s
stopping criterion met