X=[-3  0  3], N=50, M=3, Sigma=1
start=-8, end=8
max_iter=10, stop_thres=0.0001
mode=3

iter 0
    given input distribution [0.92857143 0.         0.07142857]
    optimal quantizer [-8.    0.    0.64  8.  ]
    optimal input distribution [0.49605514 0.00957262 0.49437224]
    optimal I(X;Z) 0.989675095341224
    took 0.6022s
iter 1
    given input distribution [0.49605514 0.00957262 0.49437224]
    optimal quantizer [-8.   -0.64  0.64  8.  ]
    optimal input distribution [0.45012074 0.09975852 0.45012074]
    optimal I(X;Z) 1.034486959825355
    took 0.5848s
iter 2
    given input distribution [0.45012074 0.09975852 0.45012074]
    optimal quantizer [-8.   -1.28  1.28  8.  ]
    optimal input distribution [0.38735337 0.22529325 0.38735337]
    optimal I(X;Z) 1.1289331250942378
    took 0.6035s
iter 3
    given input distribution [0.38735337 0.22529325 0.38735337]
    optimal quantizer [-8.   -1.28  1.28  8.  ]
    optimal input distribution [0.38735337 0.22529325 0.38735337]
    optimal I(X;Z) 1.1289331250942378
    took 0.5935s
stopping criterion met