X=[-3  0  3], N=50, M=3, Sigma=1
start=-8, end=8
max_iter=10, stop_thres=0.0001
mode=3

iter 0
    given input distribution [0.43181818 0.02272727 0.54545455]
    optimal quantizer [-8.   -0.96  0.96  8.  ]
    optimal input distribution [0.41431481 0.17137038 0.41431481]
    optimal I(X;Z) 1.0922550739926893
    took 0.5868s
iter 1
    given input distribution [0.41431481 0.17137038 0.41431481]
    optimal quantizer [-8.   -1.28  1.28  8.  ]
    optimal input distribution [0.38735337 0.22529325 0.38735337]
    optimal I(X;Z) 1.1289331250942378
    took 0.5847s
iter 2
    given input distribution [0.38735337 0.22529325 0.38735337]
    optimal quantizer [-8.   -1.28  1.28  8.  ]
    optimal input distribution [0.38735337 0.22529325 0.38735337]
    optimal I(X;Z) 1.1289331250942378
    took 0.6238s
stopping criterion met