X=[-3  0  3], N=50, M=3, Sigma=1
start=-8, end=8
max_iter=10, stop_thres=0.0001
mode=3

iter 0
    given input distribution [0.88461538 0.11538462 0.        ]
    optimal quantizer [-8.   -1.6  -0.64  8.  ]
    optimal input distribution [4.91558059e-01 1.19955325e-08 5.08441927e-01]
    optimal I(X;Z) 0.961906516598053
    took 0.6097s
iter 1
    given input distribution [4.91558059e-01 1.19955325e-08 5.08441927e-01]
    optimal quantizer [-8.   -0.32  0.32  8.  ]
    optimal input distribution [0.49244721 0.01510557 0.49244721]
    optimal I(X;Z) 0.9929422531184587
    took 0.6016s
iter 2
    given input distribution [0.49244721 0.01510557 0.49244721]
    optimal quantizer [-8.   -0.96  0.64  8.  ]
    optimal input distribution [0.43347146 0.13655973 0.42996881]
    optimal I(X;Z) 1.0608031918115985
    took 0.6014s
iter 3
    given input distribution [0.43347146 0.13655973 0.42996881]
    optimal quantizer [-8.   -1.28  1.28  8.  ]
    optimal input distribution [0.38735337 0.22529325 0.38735337]
    optimal I(X;Z) 1.1289331250942378
    took 0.6108s
iter 4
    given input distribution [0.38735337 0.22529325 0.38735337]
    optimal quantizer [-8.   -1.28  1.28  8.  ]
    optimal input distribution [0.38735337 0.22529325 0.38735337]
    optimal I(X;Z) 1.1289331250942378
    took 0.6356s
stopping criterion met