X=[-3  0  3], N=50, M=3, Sigma=1
start=-8, end=8
max_iter=10, stop_thres=0.0001
mode=3

iter 0
    given input distribution [0.78651685 0.         0.21348315]
    optimal quantizer [-8.   -0.32  0.64  8.  ]
    optimal input distribution [0.47090496 0.05590802 0.47318701]
    optimal I(X;Z) 1.0072852251391553
    took 0.6026s
iter 1
    given input distribution [0.47090496 0.05590802 0.47318701]
    optimal quantizer [-8.   -0.96  0.96  8.  ]
    optimal input distribution [0.41431481 0.17137038 0.41431481]
    optimal I(X;Z) 1.0922550739926893
    took 0.6235s
iter 2
    given input distribution [0.41431481 0.17137038 0.41431481]
    optimal quantizer [-8.   -1.28  1.28  8.  ]
    optimal input distribution [0.38735337 0.22529325 0.38735337]
    optimal I(X;Z) 1.1289331250942378
    took 0.6563s
iter 3
    given input distribution [0.38735337 0.22529325 0.38735337]
    optimal quantizer [-8.   -1.28  1.28  8.  ]
    optimal input distribution [0.38735337 0.22529325 0.38735337]
    optimal I(X;Z) 1.1289331250942378
    took 0.6169s
stopping criterion met