X=[-3  0  3], N=50, M=3, Sigma=1
start=-8, end=8
max_iter=10, stop_thres=0.0001
mode=3

iter 0
    given input distribution [0.04371585 0.42622951 0.53005464]
    optimal quantizer [-8.   -1.92  1.6   8.  ]
    optimal input distribution [0.35089393 0.27837789 0.37072818]
    optimal I(X;Z) 1.0922662275433437
    took 0.6308s
iter 1
    given input distribution [0.35089393 0.27837789 0.37072818]
    optimal quantizer [-8.   -1.6   1.28  8.  ]
    optimal input distribution [0.37247938 0.24429437 0.38322625]
    optimal I(X;Z) 1.1257203567088672
    took 0.6030s
iter 2
    given input distribution [0.37247938 0.24429437 0.38322625]
    optimal quantizer [-8.   -1.28  1.28  8.  ]
    optimal input distribution [0.38735337 0.22529325 0.38735337]
    optimal I(X;Z) 1.1289331250942378
    took 0.5789s
iter 3
    given input distribution [0.38735337 0.22529325 0.38735337]
    optimal quantizer [-8.   -1.28  1.28  8.  ]
    optimal input distribution [0.38735337 0.22529325 0.38735337]
    optimal I(X;Z) 1.1289331250942378
    took 0.6198s
stopping criterion met