X=[-3  0  3], N=50, M=3, Sigma=1
start=-8, end=8
max_iter=10, stop_thres=0.0001
mode=3

iter 0
    given input distribution [0.195 0.365 0.44 ]
    optimal quantizer [-8.  -1.6  1.6  8. ]
    optimal input distribution [0.36718832 0.26562335 0.36718832]
    optimal I(X;Z) 1.1213896771324774
    took 0.6494s
iter 1
    given input distribution [0.36718832 0.26562335 0.36718832]
    optimal quantizer [-8.   -1.28  1.28  8.  ]
    optimal input distribution [0.38735337 0.22529325 0.38735337]
    optimal I(X;Z) 1.1289331250942378
    took 0.6102s
iter 2
    given input distribution [0.38735337 0.22529325 0.38735337]
    optimal quantizer [-8.   -1.28  1.28  8.  ]
    optimal input distribution [0.38735337 0.22529325 0.38735337]
    optimal I(X;Z) 1.1289331250942378
    took 0.6057s
stopping criterion met