X=[-3  0  3], N=50, M=3, Sigma=1
start=-8, end=8
max_iter=10, stop_thres=0.0001
mode=3

iter 0
    given input distribution [0.71186441 0.25423729 0.03389831]
    optimal quantizer [-8.   -1.28  1.92  8.  ]
    optimal input distribution [0.38783934 0.25360619 0.35855447]
    optimal I(X;Z) 1.0989750369567373
    took 0.6431s
iter 1
    given input distribution [0.38783934 0.25360619 0.35855447]
    optimal quantizer [-8.   -1.28  1.28  8.  ]
    optimal input distribution [0.38735337 0.22529325 0.38735337]
    optimal I(X;Z) 1.1289331250942378
    took 0.5938s
iter 2
    given input distribution [0.38735337 0.22529325 0.38735337]
    optimal quantizer [-8.   -1.28  1.28  8.  ]
    optimal input distribution [0.38735337 0.22529325 0.38735337]
    optimal I(X;Z) 1.1289331250942378
    took 0.5832s
stopping criterion met