X=[-3 -1  1  3], N=50, M=4, Sigma=1
start=-8, end=8
max_iter=10, stop_thres=0.0001
mode=3

iter 0
    given input distribution [0.03703704 0.4382716  0.37654321 0.14814815]
    optimal quantizer [-8.   -0.96  0.32  2.24  8.  ]
    optimal input distribution [4.33688109e-01 1.90051291e-08 2.41004659e-01 3.25307211e-01]
    optimal I(X;Z) 1.122863798310968
    took 1.0354s
iter 1
    given input distribution [4.33688109e-01 1.90051291e-08 2.41004659e-01 3.25307211e-01]
    optimal quantizer [-8.   -0.96  1.28  2.56  8.  ]
    optimal input distribution [4.23119981e-01 1.62800682e-09 2.48806008e-01 3.28074008e-01]
    optimal I(X;Z) 1.131442487190405
    took 1.0468s
iter 2
    given input distribution [4.23119981e-01 1.62800682e-09 2.48806008e-01 3.28074008e-01]
    optimal quantizer [-8.   -0.96  1.28  2.56  8.  ]
    optimal input distribution [4.23119981e-01 1.62800682e-09 2.48806008e-01 3.28074008e-01]
    optimal I(X;Z) 1.131442487190405
    took 1.0695s
stopping criterion met