X=[-3 -1  1  3], N=50, M=4, Sigma=1
start=-8, end=8
max_iter=10, stop_thres=0.0001
mode=3

iter 0
    given input distribution [0.03669725 0.3853211  0.20642202 0.37155963]
    optimal quantizer [-8.   -1.92  0.32  1.92  8.  ]
    optimal input distribution [0.34093832 0.17673753 0.10413143 0.37819271]
    optimal I(X;Z) 1.1279364861931147
    took 1.0636s
iter 1
    given input distribution [0.34093832 0.17673753 0.10413143 0.37819271]
    optimal quantizer [-8.   -1.92  0.    1.6   8.  ]
    optimal input distribution [0.34749379 0.17059997 0.10450638 0.37739986]
    optimal I(X;Z) 1.1313166573025066
    took 1.1039s
iter 2
    given input distribution [0.34749379 0.17059997 0.10450638 0.37739986]
    optimal quantizer [-8.   -1.92  0.    1.6   8.  ]
    optimal input distribution [0.34749379 0.17059997 0.10450638 0.37739986]
    optimal I(X;Z) 1.1313166573025066
    took 1.0598s
stopping criterion met