X=[-3 -1  1  3], N=50, M=4, Sigma=1
start=-8, end=8
max_iter=10, stop_thres=0.0001
mode=3

iter 0
    given input distribution [0.0295203  0.28782288 0.35793358 0.32472325]
    optimal quantizer [-8.   -0.64  0.64  2.24  8.  ]
    optimal input distribution [4.38588518e-01 4.67567765e-09 2.18903508e-01 3.42507968e-01]
    optimal I(X;Z) 1.1132379242777999
    took 1.0646s
iter 1
    given input distribution [4.38588518e-01 4.67567765e-09 2.18903508e-01 3.42507968e-01]
    optimal quantizer [-8.   -0.96  1.28  2.56  8.  ]
    optimal input distribution [4.23119981e-01 1.62800682e-09 2.48806008e-01 3.28074008e-01]
    optimal I(X;Z) 1.131442487190405
    took 1.2026s
iter 2
    given input distribution [4.23119981e-01 1.62800682e-09 2.48806008e-01 3.28074008e-01]
    optimal quantizer [-8.   -0.96  1.28  2.56  8.  ]
    optimal input distribution [4.23119981e-01 1.62800682e-09 2.48806008e-01 3.28074008e-01]
    optimal I(X;Z) 1.131442487190405
    took 1.1841s
stopping criterion met