X=[-3 -1  1  3], N=50, M=4, Sigma=1
start=-8, end=8
max_iter=10, stop_thres=0.0001
mode=3

iter 0
    given input distribution [0.21973094 0.04484305 0.28699552 0.44843049]
    optimal quantizer [-8.   -1.28  0.96  2.24  8.  ]
    optimal input distribution [4.17641195e-01 1.21575104e-07 2.51499273e-01 3.30859409e-01]
    optimal I(X;Z) 1.1209158884888928
    took 1.0971s
iter 1
    given input distribution [4.17641195e-01 1.21575104e-07 2.51499273e-01 3.30859409e-01]
    optimal quantizer [-8.   -0.96  1.28  2.56  8.  ]
    optimal input distribution [4.23119981e-01 1.62800682e-09 2.48806008e-01 3.28074008e-01]
    optimal I(X;Z) 1.131442487190405
    took 1.0502s
iter 2
    given input distribution [4.23119981e-01 1.62800682e-09 2.48806008e-01 3.28074008e-01]
    optimal quantizer [-8.   -0.96  1.28  2.56  8.  ]
    optimal input distribution [4.23119981e-01 1.62800682e-09 2.48806008e-01 3.28074008e-01]
    optimal I(X;Z) 1.131442487190405
    took 1.0447s
stopping criterion met