X=[-3 -1  1  3], N=50, M=4, Sigma=1
start=-8, end=8
max_iter=10, stop_thres=0.0001
mode=3

iter 0
    given input distribution [0.09243697 0.60504202 0.16806723 0.13445378]
    optimal quantizer [-8.   -2.24  0.32  1.92  8.  ]
    optimal input distribution [0.32478396 0.20450887 0.07884089 0.39186628]
    optimal I(X;Z) 1.1169142956712945
    took 1.0932s
iter 1
    given input distribution [0.32478396 0.20450887 0.07884089 0.39186628]
    optimal quantizer [-8.   -1.92  0.    1.6   8.  ]
    optimal input distribution [0.34749379 0.17059997 0.10450638 0.37739986]
    optimal I(X;Z) 1.1313166573025066
    took 1.0446s
iter 2
    given input distribution [0.34749379 0.17059997 0.10450638 0.37739986]
    optimal quantizer [-8.   -1.92  0.    1.6   8.  ]
    optimal input distribution [0.34749379 0.17059997 0.10450638 0.37739986]
    optimal I(X;Z) 1.1313166573025066
    took 1.0473s
stopping criterion met