X=[-3 -1  1  3], N=50, M=4, Sigma=1
start=-8, end=8
max_iter=10, stop_thres=0.0001
mode=3

iter 0
    given input distribution [0.29515419 0.20704846 0.3876652  0.11013216]
    optimal quantizer [-8.   -1.92 -0.32  1.92  8.  ]
    optimal input distribution [0.37819271 0.10413143 0.17673753 0.34093832]
    optimal I(X;Z) 1.1279364861931225
    took 1.1034s
iter 1
    given input distribution [0.37819271 0.10413143 0.17673753 0.34093832]
    optimal quantizer [-8.   -1.6   0.    1.92  8.  ]
    optimal input distribution [0.37739986 0.10450638 0.17059997 0.34749379]
    optimal I(X;Z) 1.1313166573025175
    took 1.0595s
iter 2
    given input distribution [0.37739986 0.10450638 0.17059997 0.34749379]
    optimal quantizer [-8.   -1.6   0.    1.92  8.  ]
    optimal input distribution [0.37739986 0.10450638 0.17059997 0.34749379]
    optimal I(X;Z) 1.1313166573025175
    took 1.1002s
stopping criterion met