X=[-3 -1  1  3], N=50, M=4, Sigma=1
start=-8, end=8
max_iter=10, stop_thres=0.0001
mode=3

iter 0
    given input distribution [0.36111111 0.         0.02777778 0.61111111]
    optimal quantizer [-8.   -0.64  0.64  1.92  8.  ]
    optimal input distribution [4.40198645e-01 5.38117764e-09 2.09057637e-01 3.50743711e-01]
    optimal I(X;Z) 1.110293474952348
    took 1.0933s
iter 1
    given input distribution [4.40198645e-01 5.38117764e-09 2.09057637e-01 3.50743711e-01]
    optimal quantizer [-8.   -0.96  0.96  2.24  8.  ]
    optimal input distribution [4.26063792e-01 3.21653250e-09 2.41629051e-01 3.32307154e-01]
    optimal I(X;Z) 1.1306073768274885
    took 1.0446s
iter 2
    given input distribution [4.26063792e-01 3.21653250e-09 2.41629051e-01 3.32307154e-01]
    optimal quantizer [-8.   -0.96  1.28  2.56  8.  ]
    optimal input distribution [4.23119981e-01 1.62800682e-09 2.48806008e-01 3.28074008e-01]
    optimal I(X;Z) 1.131442487190405
    took 1.0815s
iter 3
    given input distribution [4.23119981e-01 1.62800682e-09 2.48806008e-01 3.28074008e-01]
    optimal quantizer [-8.   -0.96  1.28  2.56  8.  ]
    optimal input distribution [4.23119981e-01 1.62800682e-09 2.48806008e-01 3.28074008e-01]
    optimal I(X;Z) 1.131442487190405
    took 1.0545s
stopping criterion met