X=[-3 -1  1  3], N=50, M=4, Sigma=1
start=-8, end=8
max_iter=10, stop_thres=0.0001
mode=3

iter 0
    given input distribution [0.33035714 0.30357143 0.32589286 0.04017857]
    optimal quantizer [-8.   -1.92 -0.32  1.28  8.  ]
    optimal input distribution [0.34755089 0.18904656 0.06833726 0.39506529]
    optimal I(X;Z) 1.1261698910538933
    took 1.0841s
iter 1
    given input distribution [0.34755089 0.18904656 0.06833726 0.39506529]
    optimal quantizer [-8.   -1.92  0.    1.6   8.  ]
    optimal input distribution [0.34749379 0.17059997 0.10450638 0.37739986]
    optimal I(X;Z) 1.1313166573025066
    took 1.0457s
iter 2
    given input distribution [0.34749379 0.17059997 0.10450638 0.37739986]
    optimal quantizer [-8.   -1.92  0.    1.6   8.  ]
    optimal input distribution [0.34749379 0.17059997 0.10450638 0.37739986]
    optimal I(X;Z) 1.1313166573025066
    took 1.0368s
stopping criterion met