X=[-3 -1  1  3], N=50, M=4, Sigma=1
start=-8, end=8
max_iter=10, stop_thres=0.0001
mode=3

iter 0
    given input distribution [0.18367347 0.30612245 0.44897959 0.06122449]
    optimal quantizer [-8.   -1.92  0.    2.24  8.  ]
    optimal input distribution [0.36725922 0.12382732 0.16463148 0.34428197]
    optimal I(X;Z) 1.120033874398867
    took 1.1222s
iter 1
    given input distribution [0.36725922 0.12382732 0.16463148 0.34428197]
    optimal quantizer [-8.   -1.6   0.    1.92  8.  ]
    optimal input distribution [0.37739986 0.10450638 0.17059997 0.34749379]
    optimal I(X;Z) 1.1313166573025175
    took 1.1202s
iter 2
    given input distribution [0.37739986 0.10450638 0.17059997 0.34749379]
    optimal quantizer [-8.   -1.6   0.    1.92  8.  ]
    optimal input distribution [0.37739986 0.10450638 0.17059997 0.34749379]
    optimal I(X;Z) 1.1313166573025175
    took 1.0979s
stopping criterion met