X=[-3 -1  1  3], N=50, M=4, Sigma=1
start=-8, end=8
max_iter=10, stop_thres=0.0001
mode=3

iter 0
    given input distribution [0.1657754  0.42780749 0.35828877 0.04812834]
    optimal quantizer [-8.   -2.24 -0.32  1.28  8.  ]
    optimal input distribution [0.33332985 0.21359812 0.04917467 0.40389735]
    optimal I(X;Z) 1.1240942637824771
    took 1.1101s
iter 1
    given input distribution [0.33332985 0.21359812 0.04917467 0.40389735]
    optimal quantizer [-8.   -1.92  0.32  1.6   8.  ]
    optimal input distribution [0.33363017 0.20103382 0.0683515  0.39698451]
    optimal I(X;Z) 1.1281920858509165
    took 1.1139s
iter 2
    given input distribution [0.33363017 0.20103382 0.0683515  0.39698451]
    optimal quantizer [-8.   -1.92  0.    1.6   8.  ]
    optimal input distribution [0.34749379 0.17059997 0.10450638 0.37739986]
    optimal I(X;Z) 1.1313166573025066
    took 1.0705s
iter 3
    given input distribution [0.34749379 0.17059997 0.10450638 0.37739986]
    optimal quantizer [-8.   -1.92  0.    1.6   8.  ]
    optimal input distribution [0.34749379 0.17059997 0.10450638 0.37739986]
    optimal I(X;Z) 1.1313166573025066
    took 1.1162s
stopping criterion met