X=[-3 -1  1  3], N=50, M=4, Sigma=1
start=-8, end=8
max_iter=10, stop_thres=0.0001
mode=3

iter 0
    given input distribution [0.11612903 0.21290323 0.58064516 0.09032258]
    optimal quantizer [-8.   -1.92  0.    2.24  8.  ]
    optimal input distribution [0.36725922 0.12382732 0.16463148 0.34428197]
    optimal I(X;Z) 1.120033874398867
    took 1.0547s
iter 1
    given input distribution [0.36725922 0.12382732 0.16463148 0.34428197]
    optimal quantizer [-8.   -1.6   0.    1.92  8.  ]
    optimal input distribution [0.37739986 0.10450638 0.17059997 0.34749379]
    optimal I(X;Z) 1.1313166573025175
    took 1.0919s
iter 2
    given input distribution [0.37739986 0.10450638 0.17059997 0.34749379]
    optimal quantizer [-8.   -1.6   0.    1.92  8.  ]
    optimal input distribution [0.37739986 0.10450638 0.17059997 0.34749379]
    optimal I(X;Z) 1.1313166573025175
    took 1.0736s
stopping criterion met