X=[-3 -1  1  3], N=50, M=4, Sigma=1
start=-8, end=8
max_iter=10, stop_thres=0.0001
mode=3

iter 0
    given input distribution [0.10798122 0.3943662  0.22535211 0.27230047]
    optimal quantizer [-8.   -2.24  0.    1.92  8.  ]
    optimal input distribution [0.34428197 0.16463148 0.12382732 0.36725922]
    optimal I(X;Z) 1.1200338743988756
    took 1.0671s
iter 1
    given input distribution [0.34428197 0.16463148 0.12382732 0.36725922]
    optimal quantizer [-8.   -1.92  0.    1.6   8.  ]
    optimal input distribution [0.34749379 0.17059997 0.10450638 0.37739986]
    optimal I(X;Z) 1.1313166573025066
    took 1.1008s
iter 2
    given input distribution [0.34749379 0.17059997 0.10450638 0.37739986]
    optimal quantizer [-8.   -1.92  0.    1.6   8.  ]
    optimal input distribution [0.34749379 0.17059997 0.10450638 0.37739986]
    optimal I(X;Z) 1.1313166573025066
    took 1.0620s
stopping criterion met