X=[-3 -1  1  3], N=50, M=4, Sigma=1
start=-8, end=8
max_iter=10, stop_thres=0.0001
mode=3

iter 0
    given input distribution [0.20555556 0.11111111 0.18888889 0.49444444]
    optimal quantizer [-8.   -1.6   0.32  1.92  8.  ]
    optimal input distribution [0.36282632 0.13279833 0.14066378 0.36371157]
    optimal I(X;Z) 1.1296036379632388
    took 1.0832s
iter 1
    given input distribution [0.36282632 0.13279833 0.14066378 0.36371157]
    optimal quantizer [-8.   -1.92  0.    1.92  8.  ]
    optimal input distribution [0.35743646 0.14256354 0.14256354 0.35743646]
    optimal I(X;Z) 1.1301895293972795
    took 1.0368s
iter 2
    given input distribution [0.35743646 0.14256354 0.14256354 0.35743646]
    optimal quantizer [-8.   -1.92  0.    1.92  8.  ]
    optimal input distribution [0.35743646 0.14256354 0.14256354 0.35743646]
    optimal I(X;Z) 1.1301895293972795
    took 1.0338s
stopping criterion met