X=[-3 -1  1  3], N=50, M=4, Sigma=1
start=-8, end=8
max_iter=10, stop_thres=0.0001
mode=3

iter 0
    given input distribution [0.29850746 0.06716418 0.00746269 0.62686567]
    optimal quantizer [-8.   -1.92 -0.32  0.96  8.  ]
    optimal input distribution [3.35324344e-01 2.30203682e-01 1.45681898e-08 4.34471959e-01]
    optimal I(X;Z) 1.1224859974325325
    took 1.0920s
iter 1
    given input distribution [3.35324344e-01 2.30203682e-01 1.45681898e-08 4.34471959e-01]
    optimal quantizer [-8.   -2.56 -1.28  0.96  8.  ]
    optimal input distribution [3.28074006e-01 2.48806010e-01 1.63344432e-09 4.23119982e-01]
    optimal I(X;Z) 1.1314424871882478
    took 1.0968s
iter 2
    given input distribution [3.28074006e-01 2.48806010e-01 1.63344432e-09 4.23119982e-01]
    optimal quantizer [-8.   -2.56 -1.28  0.96  8.  ]
    optimal input distribution [3.28074006e-01 2.48806010e-01 1.63344432e-09 4.23119982e-01]
    optimal I(X;Z) 1.1314424871882478
    took 1.0861s
stopping criterion met