X=[-3 -1  1  3], N=50, M=4, Sigma=1
start=-8, end=8
max_iter=10, stop_thres=0.0001
mode=3

iter 0
    given input distribution [0.552 0.072 0.    0.376]
    optimal quantizer [-8.   -2.24 -0.96  0.64  8.  ]
    optimal input distribution [3.44346267e-01 2.20076577e-01 4.24964336e-09 4.35577151e-01]
    optimal I(X;Z) 1.1188036413115525
    took 1.0836s
iter 1
    given input distribution [3.44346267e-01 2.20076577e-01 4.24964336e-09 4.35577151e-01]
    optimal quantizer [-8.   -2.56 -1.28  0.96  8.  ]
    optimal input distribution [3.28074006e-01 2.48806010e-01 1.63344432e-09 4.23119982e-01]
    optimal I(X;Z) 1.1314424871882478
    took 1.1012s
iter 2
    given input distribution [3.28074006e-01 2.48806010e-01 1.63344432e-09 4.23119982e-01]
    optimal quantizer [-8.   -2.56 -1.28  0.96  8.  ]
    optimal input distribution [3.28074006e-01 2.48806010e-01 1.63344432e-09 4.23119982e-01]
    optimal I(X;Z) 1.1314424871882478
    took 1.0872s
stopping criterion met