X=[-3 -1  1  3], N=50, M=4, Sigma=1
start=-8, end=8
max_iter=10, stop_thres=0.0001
mode=3

iter 0
    given input distribution [0.37596899 0.1124031  0.3372093  0.1744186 ]
    optimal quantizer [-8.   -1.6   0.    2.24  8.  ]
    optimal input distribution [0.38709645 0.08570277 0.19399399 0.33320678]
    optimal I(X;Z) 1.1236778407641448
    took 1.0816s
iter 1
    given input distribution [0.38709645 0.08570277 0.19399399 0.33320678]
    optimal quantizer [-8.   -1.6   0.    1.92  8.  ]
    optimal input distribution [0.37739986 0.10450638 0.17059997 0.34749379]
    optimal I(X;Z) 1.1313166573025175
    took 1.1238s
iter 2
    given input distribution [0.37739986 0.10450638 0.17059997 0.34749379]
    optimal quantizer [-8.   -1.6   0.    1.92  8.  ]
    optimal input distribution [0.37739986 0.10450638 0.17059997 0.34749379]
    optimal I(X;Z) 1.1313166573025175
    took 1.1262s
stopping criterion met