X=[-3 -1  1  3], N=50, M=4, Sigma=1
start=-8, end=8
max_iter=10, stop_thres=0.0001
mode=3

iter 0
    given input distribution [0.02898551 0.16666667 0.54347826 0.26086957]
    optimal quantizer [-8.   -0.96  0.64  2.24  8.  ]
    optimal input distribution [4.29738909e-01 9.86817969e-09 2.40550217e-01 3.29710863e-01]
    optimal I(X;Z) 1.1272371313086955
    took 1.1056s
iter 1
    given input distribution [4.29738909e-01 9.86817969e-09 2.40550217e-01 3.29710863e-01]
    optimal quantizer [-8.   -0.96  1.28  2.56  8.  ]
    optimal input distribution [4.23119981e-01 1.62800682e-09 2.48806008e-01 3.28074008e-01]
    optimal I(X;Z) 1.131442487190405
    took 1.0557s
iter 2
    given input distribution [4.23119981e-01 1.62800682e-09 2.48806008e-01 3.28074008e-01]
    optimal quantizer [-8.   -0.96  1.28  2.56  8.  ]
    optimal input distribution [4.23119981e-01 1.62800682e-09 2.48806008e-01 3.28074008e-01]
    optimal I(X;Z) 1.131442487190405
    took 1.1201s
stopping criterion met