X=[-3 -1  1  3], N=50, M=4, Sigma=1
start=-8, end=8
max_iter=10, stop_thres=0.0001
mode=3

iter 0
    given input distribution [0.38297872 0.04787234 0.09574468 0.47340426]
    optimal quantizer [-8.   -1.28  0.32  1.92  8.  ]
    optimal input distribution [0.3950653  0.06833725 0.18904656 0.34755089]
    optimal I(X;Z) 1.1261698912282534
    took 1.1207s
iter 1
    given input distribution [0.3950653  0.06833725 0.18904656 0.34755089]
    optimal quantizer [-8.   -1.6   0.    1.92  8.  ]
    optimal input distribution [0.37739986 0.10450638 0.17059997 0.34749379]
    optimal I(X;Z) 1.1313166573025175
    took 1.0770s
iter 2
    given input distribution [0.37739986 0.10450638 0.17059997 0.34749379]
    optimal quantizer [-8.   -1.6   0.    1.92  8.  ]
    optimal input distribution [0.37739986 0.10450638 0.17059997 0.34749379]
    optimal I(X;Z) 1.1313166573025175
    took 1.1298s
stopping criterion met