X=[-3 -1  1  3], N=50, M=4, Sigma=1
start=-8, end=8
max_iter=10, stop_thres=0.0001
mode=3

iter 0
    given input distribution [0.43171806 0.40969163 0.07929515 0.07929515]
    optimal quantizer [-8.   -2.24 -0.64  1.28  8.  ]
    optimal input distribution [0.33883617 0.21424408 0.04440917 0.40251058]
    optimal I(X;Z) 1.1229385090800474
    took 1.1048s
iter 1
    given input distribution [0.33883617 0.21424408 0.04440917 0.40251058]
    optimal quantizer [-8.   -1.92  0.32  1.6   8.  ]
    optimal input distribution [0.33363017 0.20103382 0.0683515  0.39698451]
    optimal I(X;Z) 1.1281920858509165
    took 1.0677s
iter 2
    given input distribution [0.33363017 0.20103382 0.0683515  0.39698451]
    optimal quantizer [-8.   -1.92  0.    1.6   8.  ]
    optimal input distribution [0.34749379 0.17059997 0.10450638 0.37739986]
    optimal I(X;Z) 1.1313166573025066
    took 1.0656s
iter 3
    given input distribution [0.34749379 0.17059997 0.10450638 0.37739986]
    optimal quantizer [-8.   -1.92  0.    1.6   8.  ]
    optimal input distribution [0.34749379 0.17059997 0.10450638 0.37739986]
    optimal I(X;Z) 1.1313166573025066
    took 1.1093s
stopping criterion met