X=[-3 -1  1  3], N=50, M=4, Sigma=1
start=-8, end=8
max_iter=10, stop_thres=0.0001
mode=3

iter 0
    given input distribution [0.19753086 0.46296296 0.33950617 0.        ]
    optimal quantizer [-8.   -2.24 -0.64  0.64  8.  ]
    optimal input distribution [3.42507968e-01 2.18903508e-01 4.67545688e-09 4.38588518e-01]
    optimal I(X;Z) 1.113237924278135
    took 1.1102s
iter 1
    given input distribution [3.42507968e-01 2.18903508e-01 4.67545688e-09 4.38588518e-01]
    optimal quantizer [-8.   -2.56 -1.28  0.96  8.  ]
    optimal input distribution [3.28074006e-01 2.48806010e-01 1.63344432e-09 4.23119982e-01]
    optimal I(X;Z) 1.1314424871882478
    took 1.1244s
iter 2
    given input distribution [3.28074006e-01 2.48806010e-01 1.63344432e-09 4.23119982e-01]
    optimal quantizer [-8.   -2.56 -1.28  0.96  8.  ]
    optimal input distribution [3.28074006e-01 2.48806010e-01 1.63344432e-09 4.23119982e-01]
    optimal I(X;Z) 1.1314424871882478
    took 1.0687s
stopping criterion met