X=[-3 -1  1  3], N=50, M=4, Sigma=1
start=-8, end=8
max_iter=10, stop_thres=0.0001
mode=3

iter 0
    given input distribution [0.29444444 0.20555556 0.42777778 0.07222222]
    optimal quantizer [-8.   -1.92 -0.32  2.24  8.  ]
    optimal input distribution [0.39186621 0.07884094 0.20450879 0.32478406]
    optimal I(X;Z) 1.1169142955558544
    took 1.0672s
iter 1
    given input distribution [0.39186621 0.07884094 0.20450879 0.32478406]
    optimal quantizer [-8.   -1.6   0.    1.92  8.  ]
    optimal input distribution [0.37739986 0.10450638 0.17059997 0.34749379]
    optimal I(X;Z) 1.1313166573025175
    took 1.0686s
iter 2
    given input distribution [0.37739986 0.10450638 0.17059997 0.34749379]
    optimal quantizer [-8.   -1.6   0.    1.92  8.  ]
    optimal input distribution [0.37739986 0.10450638 0.17059997 0.34749379]
    optimal I(X;Z) 1.1313166573025175
    took 1.0623s
stopping criterion met