X=[-3 -1  1  3], N=50, M=4, Sigma=1
start=-8, end=8
max_iter=10, stop_thres=0.0001
mode=3

iter 0
    given input distribution [0.43165468 0.49640288 0.07194245 0.        ]
    optimal quantizer [-8.   -2.56 -1.6   0.32  8.  ]
    optimal input distribution [3.59122525e-01 1.97939919e-01 2.77007426e-09 4.42937552e-01]
    optimal I(X;Z) 1.0910846484311236
    took 1.0531s
iter 1
    given input distribution [3.59122525e-01 1.97939919e-01 2.77007426e-09 4.42937552e-01]
    optimal quantizer [-8.   -2.24 -0.96  0.96  8.  ]
    optimal input distribution [3.32307154e-01 2.41629051e-01 3.21658425e-09 4.26063792e-01]
    optimal I(X;Z) 1.1306073768274496
    took 1.0524s
iter 2
    given input distribution [3.32307154e-01 2.41629051e-01 3.21658425e-09 4.26063792e-01]
    optimal quantizer [-8.   -2.56 -1.28  0.96  8.  ]
    optimal input distribution [3.28074006e-01 2.48806010e-01 1.63344432e-09 4.23119982e-01]
    optimal I(X;Z) 1.1314424871882478
    took 1.0647s
iter 3
    given input distribution [3.28074006e-01 2.48806010e-01 1.63344432e-09 4.23119982e-01]
    optimal quantizer [-8.   -2.56 -1.28  0.96  8.  ]
    optimal input distribution [3.28074006e-01 2.48806010e-01 1.63344432e-09 4.23119982e-01]
    optimal I(X;Z) 1.1314424871882478
    took 1.0789s
stopping criterion met