X=[-3 -1  1  3], N=50, M=4, Sigma=1
start=-8, end=8
max_iter=10, stop_thres=0.0001
mode=3

iter 0
    given input distribution [0.12418301 0.09150327 0.18954248 0.59477124]
    optimal quantizer [-8.   -1.6   0.32  1.92  8.  ]
    optimal input distribution [0.36282632 0.13279833 0.14066378 0.36371157]
    optimal I(X;Z) 1.1296036379632388
    took 1.0960s
iter 1
    given input distribution [0.36282632 0.13279833 0.14066378 0.36371157]
    optimal quantizer [-8.   -1.92  0.    1.92  8.  ]
    optimal input distribution [0.35743646 0.14256354 0.14256354 0.35743646]
    optimal I(X;Z) 1.1301895293972795
    took 1.1072s
iter 2
    given input distribution [0.35743646 0.14256354 0.14256354 0.35743646]
    optimal quantizer [-8.   -1.92  0.    1.92  8.  ]
    optimal input distribution [0.35743646 0.14256354 0.14256354 0.35743646]
    optimal I(X;Z) 1.1301895293972795
    took 1.0949s
stopping criterion met