X=[-3 -1  1  3], N=50, M=4, Sigma=1
start=-8, end=8
max_iter=10, stop_thres=0.0001
mode=3

iter 0
    given input distribution [0.04761905 0.64285714 0.30952381 0.        ]
    optimal quantizer [-8.   -2.24 -0.32  0.64  8.  ]
    optimal input distribution [3.39055861e-01 2.19123586e-01 5.75742318e-09 4.41820546e-01]
    optimal I(X;Z) 1.1063357789371193
    took 1.0902s
iter 1
    given input distribution [3.39055861e-01 2.19123586e-01 5.75742318e-09 4.41820546e-01]
    optimal quantizer [-8.   -2.56 -1.28  0.96  8.  ]
    optimal input distribution [3.28074006e-01 2.48806010e-01 1.63344432e-09 4.23119982e-01]
    optimal I(X;Z) 1.1314424871882478
    took 1.0646s
iter 2
    given input distribution [3.28074006e-01 2.48806010e-01 1.63344432e-09 4.23119982e-01]
    optimal quantizer [-8.   -2.56 -1.28  0.96  8.  ]
    optimal input distribution [3.28074006e-01 2.48806010e-01 1.63344432e-09 4.23119982e-01]
    optimal I(X;Z) 1.1314424871882478
    took 1.1250s
stopping criterion met