X=[-3 -1  1  3], N=50, M=4, Sigma=1
start=-8, end=8
max_iter=10, stop_thres=0.0001
mode=3

iter 0
    given input distribution [0.44600939 0.33802817 0.02347418 0.19248826]
    optimal quantizer [-8.   -2.24 -0.96  1.28  8.  ]
    optimal input distribution [3.30859408e-01 2.51499272e-01 1.21574544e-07 4.17641196e-01]
    optimal I(X;Z) 1.1209158884886299
    took 1.0776s
iter 1
    given input distribution [3.30859408e-01 2.51499272e-01 1.21574544e-07 4.17641196e-01]
    optimal quantizer [-8.   -2.56 -1.28  0.96  8.  ]
    optimal input distribution [3.28074006e-01 2.48806010e-01 1.63344432e-09 4.23119982e-01]
    optimal I(X;Z) 1.1314424871882478
    took 1.0629s
iter 2
    given input distribution [3.28074006e-01 2.48806010e-01 1.63344432e-09 4.23119982e-01]
    optimal quantizer [-8.   -2.56 -1.28  0.96  8.  ]
    optimal input distribution [3.28074006e-01 2.48806010e-01 1.63344432e-09 4.23119982e-01]
    optimal I(X;Z) 1.1314424871882478
    took 1.0553s
stopping criterion met