X=[-3 -1  1  3], N=50, M=4, Sigma=1
start=-8, end=8
max_iter=10, stop_thres=0.0001
mode=3

iter 0
    given input distribution [0.56875 0.05625 0.1375  0.2375 ]
    optimal quantizer [-8.   -1.6  -0.32  1.92  8.  ]
    optimal input distribution [0.39698451 0.0683515  0.20103382 0.33363017]
    optimal I(X;Z) 1.1281920858509915
    took 1.0818s
iter 1
    given input distribution [0.39698451 0.0683515  0.20103382 0.33363017]
    optimal quantizer [-8.   -1.6   0.    1.92  8.  ]
    optimal input distribution [0.37739986 0.10450638 0.17059997 0.34749379]
    optimal I(X;Z) 1.1313166573025175
    took 1.0603s
iter 2
    given input distribution [0.37739986 0.10450638 0.17059997 0.34749379]
    optimal quantizer [-8.   -1.6   0.    1.92  8.  ]
    optimal input distribution [0.37739986 0.10450638 0.17059997 0.34749379]
    optimal I(X;Z) 1.1313166573025175
    took 1.0742s
stopping criterion met