X=[-3 -1  1  3], N=50, M=4, Sigma=1
start=-8, end=8
max_iter=10, stop_thres=0.0001
mode=3

iter 0
    given input distribution [0.4   0.365 0.015 0.22 ]
    optimal quantizer [-8.   -2.56 -1.28  1.28  8.  ]
    optimal input distribution [3.26649346e-01 2.60021284e-01 1.94588265e-09 4.13329368e-01]
    optimal I(X;Z) 1.1187243794299557
    took 1.0595s
iter 1
    given input distribution [3.26649346e-01 2.60021284e-01 1.94588265e-09 4.13329368e-01]
    optimal quantizer [-8.   -2.56 -1.28  0.96  8.  ]
    optimal input distribution [3.28074006e-01 2.48806010e-01 1.63344432e-09 4.23119982e-01]
    optimal I(X;Z) 1.1314424871882478
    took 1.0601s
iter 2
    given input distribution [3.28074006e-01 2.48806010e-01 1.63344432e-09 4.23119982e-01]
    optimal quantizer [-8.   -2.56 -1.28  0.96  8.  ]
    optimal input distribution [3.28074006e-01 2.48806010e-01 1.63344432e-09 4.23119982e-01]
    optimal I(X;Z) 1.1314424871882478
    took 1.0709s
stopping criterion met