X=[-3 -1  1  3], N=50, M=4, Sigma=1
start=-8, end=8
max_iter=10, stop_thres=0.0001
mode=3

iter 0
    given input distribution [0.17085427 0.44723618 0.35175879 0.03015075]
    optimal quantizer [-8.   -2.24 -0.32  0.96  8.  ]
    optimal input distribution [3.25307211e-01 2.41004659e-01 1.90058928e-08 4.33688110e-01]
    optimal I(X;Z) 1.1228637983110787
    took 1.0852s
iter 1
    given input distribution [3.25307211e-01 2.41004659e-01 1.90058928e-08 4.33688110e-01]
    optimal quantizer [-8.   -2.56 -1.28  0.96  8.  ]
    optimal input distribution [3.28074006e-01 2.48806010e-01 1.63344432e-09 4.23119982e-01]
    optimal I(X;Z) 1.1314424871882478
    took 1.1038s
iter 2
    given input distribution [3.28074006e-01 2.48806010e-01 1.63344432e-09 4.23119982e-01]
    optimal quantizer [-8.   -2.56 -1.28  0.96  8.  ]
    optimal input distribution [3.28074006e-01 2.48806010e-01 1.63344432e-09 4.23119982e-01]
    optimal I(X;Z) 1.1314424871882478
    took 1.0586s
stopping criterion met