X=[-3 -1  1  3], N=50, M=4, Sigma=1
start=-8, end=8
max_iter=10, stop_thres=0.0001
mode=3

iter 0
    given input distribution [0.42682927 0.         0.11585366 0.45731707]
    optimal quantizer [-8.   -0.96  0.96  2.24  8.  ]
    optimal input distribution [4.26063792e-01 3.21653250e-09 2.41629051e-01 3.32307154e-01]
    optimal I(X;Z) 1.1306073768274885
    took 1.0527s
iter 1
    given input distribution [4.26063792e-01 3.21653250e-09 2.41629051e-01 3.32307154e-01]
    optimal quantizer [-8.   -0.96  1.28  2.56  8.  ]
    optimal input distribution [4.23119981e-01 1.62800682e-09 2.48806008e-01 3.28074008e-01]
    optimal I(X;Z) 1.131442487190405
    took 1.0380s
iter 2
    given input distribution [4.23119981e-01 1.62800682e-09 2.48806008e-01 3.28074008e-01]
    optimal quantizer [-8.   -0.96  1.28  2.56  8.  ]
    optimal input distribution [4.23119981e-01 1.62800682e-09 2.48806008e-01 3.28074008e-01]
    optimal I(X;Z) 1.131442487190405
    took 1.0369s
stopping criterion met